#-----------------------------------------------------------
# Webtalk v2017.1 (64-bit)
# SW Build 1846317 on Fri Apr 14 18:55:03 MDT 2017
# 
# Start of session at: Sun Apr 29 15:31:25 2018
# Process ID: 14044
# Current directory: U:/Desktop/MP-4/Cpre488/Final_Project/Xilinx/premade_sha256.sdk/webtalk
# Command line: wbtcv.exe -mode batch -source sdk_webtalk.tcl
# Log file: U:/Desktop/MP-4/Cpre488/Final_Project/Xilinx/premade_sha256.sdk/webtalk/webtalk.log
# Journal file: U:/Desktop/MP-4/Cpre488/Final_Project/Xilinx/premade_sha256.sdk/webtalk\webtalk.jou
#-----------------------------------------------------------
source sdk_webtalk.tcl
# webtalk_init -webtalk_dir U:\\Desktop\\MP-4\\Cpre488\\Final_Project\\Xilinx\\premade_sha256.sdk\\webtalk
# webtalk_register_client -client project
# webtalk_add_data -client project -key date_generated -value "2018-04-29 15:31:24" -context "software_version_and_target_device"
# webtalk_add_data -client project -key product_version -value "SDK v2017.1" -context "software_version_and_target_device"
# webtalk_add_data -client project -key build_version -value "2017.1" -context "software_version_and_target_device"
# webtalk_add_data -client project -key os_platform -value "amd64" -context "software_version_and_target_device"
# webtalk_add_data -client project -key registration_id -value "174156856_174156857_210589608_946" -context "software_version_and_target_device"
# webtalk_add_data -client project -key tool_flow -value "SDK" -context "software_version_and_target_device"
# webtalk_add_data -client project -key beta -value "false" -context "software_version_and_target_device"
# webtalk_add_data -client project -key route_design -value "NA" -context "software_version_and_target_device"
# webtalk_add_data -client project -key target_family -value "NA" -context "software_version_and_target_device"
# webtalk_add_data -client project -key target_device -value "NA" -context "software_version_and_target_device"
# webtalk_add_data -client project -key target_package -value "NA" -context "software_version_and_target_device"
# webtalk_add_data -client project -key target_speed -value "NA" -context "software_version_and_target_device"
# webtalk_add_data -client project -key random_id -value "ub6umn1879unant0dtuqj67ted" -context "software_version_and_target_device"
# webtalk_add_data -client project -key project_id -value "2017.1_3" -context "software_version_and_target_device"
# webtalk_add_data -client project -key project_iteration -value "3" -context "software_version_and_target_device"
# webtalk_add_data -client project -key os_name -value "Microsoft Windows 8 or later , 64-bit" -context "user_environment"
# webtalk_add_data -client project -key os_release -value "major release  (build 9200)" -context "user_environment"
# webtalk_add_data -client project -key cpu_name -value "Intel(R) Xeon(R) CPU E3-1240 v5 @ 3.50GHz" -context "user_environment"
# webtalk_add_data -client project -key cpu_speed -value "3504 MHz" -context "user_environment"
# webtalk_add_data -client project -key total_processors -value "1" -context "user_environment"
# webtalk_add_data -client project -key system_ram -value "17.000 GB" -context "user_environment"
# webtalk_register_client -client sdk
# webtalk_add_data -client sdk -key uid -value "1525031141473" -context "sdk\\\\bsp/1525031141473"
# webtalk_add_data -client sdk -key hwid -value "1525031012618" -context "sdk\\\\bsp/1525031141473"
# webtalk_add_data -client sdk -key os -value "standalone" -context "sdk\\\\bsp/1525031141473"
# webtalk_add_data -client sdk -key apptemplate -value "zynq_fsbl" -context "sdk\\\\bsp/1525031141473"
# webtalk_add_data -client sdk -key RecordType -value "BSPCreation" -context "sdk\\\\bsp/1525031141473"
# webtalk_add_data -client sdk -key uid -value "1525031157640" -context "sdk\\\\application/1525031157640"
# webtalk_add_data -client sdk -key hwid -value "1525031012618" -context "sdk\\\\application/1525031157640"
# webtalk_add_data -client sdk -key bspid -value "1525031141473" -context "sdk\\\\application/1525031157640"
# webtalk_add_data -client sdk -key newbsp -value "true" -context "sdk\\\\application/1525031157640"
# webtalk_add_data -client sdk -key os -value "standalone" -context "sdk\\\\application/1525031157640"
# webtalk_add_data -client sdk -key apptemplate -value "zynq_fsbl" -context "sdk\\\\application/1525031157640"
# webtalk_add_data -client sdk -key RecordType -value "APPCreation" -context "sdk\\\\application/1525031157640"
# webtalk_add_data -client sdk -key LangUsed -value "C" -context "sdk\\\\application/1525031157640"
# webtalk_add_data -client sdk -key Procused -value "ps7_cortexa9" -context "sdk\\\\application/1525031157640"
# webtalk_add_data -client sdk -key projSize -value "348.25" -context "sdk\\\\application/1525031157640"
# webtalk_add_data -client sdk -key uid -value "NA" -context "sdk\\\\bsp/1525033884524"
# webtalk_add_data -client sdk -key RecordType -value "ToolUsage" -context "sdk\\\\bsp/1525033884524"
# webtalk_add_data -client sdk -key BootgenCount -value "2" -context "sdk\\\\bsp/1525033884524"
# webtalk_add_data -client sdk -key DebugCount -value "3" -context "sdk\\\\bsp/1525033884524"
# webtalk_add_data -client sdk -key PerfCount -value "0" -context "sdk\\\\bsp/1525033884524"
# webtalk_add_data -client sdk -key FlashCount -value "0" -context "sdk\\\\bsp/1525033884524"
# webtalk_add_data -client sdk -key CrossTriggCount -value "0" -context "sdk\\\\bsp/1525033884524"
# webtalk_add_data -client sdk -key QemuDebugCount -value "0" -context "sdk\\\\bsp/1525033884524"
# webtalk_transmit -clientid 1179932534 -regid "174156856_174156857_210589608_946" -xml U:\\Desktop\\MP-4\\Cpre488\\Final_Project\\Xilinx\\premade_sha256.sdk\\webtalk\\usage_statistics_ext_sdk.xml -html U:\\Desktop\\MP-4\\Cpre488\\Final_Project\\Xilinx\\premade_sha256.sdk\\webtalk\\usage_statistics_ext_sdk.html -wdm U:\\Desktop\\MP-4\\Cpre488\\Final_Project\\Xilinx\\premade_sha256.sdk\\webtalk\\sdk_webtalk.wdm -intro "<H3>SDK Usage Report</H3><BR>"
INFO: [Common 17-186] 'U:\Desktop\MP-4\Cpre488\Final_Project\Xilinx\premade_sha256.sdk\webtalk\usage_statistics_ext_sdk.xml' has been successfully sent to Xilinx on Sun Apr 29 15:31:28 2018. For additional details about this file, please refer to the WebTalk help file at C:/Xilinx/SDK/2017.1/doc/webtalk_introduction.html.
# webtalk_terminate
INFO: [Common 17-206] Exiting Webtalk at Sun Apr 29 15:31:28 2018...
