Copyright 1986-2017 Xilinx, Inc. All Rights Reserved.
----------------------------------------------------------------------------------------------------------------------------------------------------------------------------------
| Tool Version     : Vivado v.2017.1 (win64) Build 1846317 Fri Apr 14 18:55:03 MDT 2017
| Date             : Fri Jan 26 18:09:30 2018
| Host             : CO2041-04 running 64-bit major release  (build 9200)
| Command          : report_power -file MP0_design_1_wrapper_power_routed.rpt -pb MP0_design_1_wrapper_power_summary_routed.pb -rpx MP0_design_1_wrapper_power_routed.rpx
| Design           : MP0_design_1_wrapper
| Device           : xc7z020clg484-1
| Design State     : routed
| Grade            : commercial
| Process          : typical
| Characterization : Production
----------------------------------------------------------------------------------------------------------------------------------------------------------------------------------

Power Report

Table of Contents
-----------------
1. Summary
1.1 On-Chip Components
1.2 Power Supply Summary
1.3 Confidence Level
2. Settings
2.1 Environment
2.2 Clock Constraints
3. Detailed Reports
3.1 By Hierarchy

1. Summary
----------

+--------------------------+-------+
| Total On-Chip Power (W)  | 1.711 |
| Dynamic (W)              | 1.560 |
| Device Static (W)        | 0.152 |
| Effective TJA (C/W)      | 11.5  |
| Max Ambient (C)          | 65.3  |
| Junction Temperature (C) | 44.7  |
| Confidence Level         | Low   |
| Setting File             | ---   |
| Simulation Activity File | ---   |
| Design Nets Matched      | NA    |
+--------------------------+-------+


1.1 On-Chip Components
----------------------

+--------------------------+-----------+----------+-----------+-----------------+
| On-Chip                  | Power (W) | Used     | Available | Utilization (%) |
+--------------------------+-----------+----------+-----------+-----------------+
| Clocks                   |     0.016 |        4 |       --- |             --- |
| Slice Logic              |     0.004 |     9295 |       --- |             --- |
|   LUT as Logic           |     0.003 |     2722 |     53200 |            5.12 |
|   Register               |    <0.001 |     4929 |    106400 |            4.63 |
|   CARRY4                 |    <0.001 |      126 |     13300 |            0.95 |
|   LUT as Distributed RAM |    <0.001 |       96 |     17400 |            0.55 |
|   F7/F8 Muxes            |    <0.001 |      114 |     53200 |            0.21 |
|   LUT as Shift Register  |    <0.001 |      133 |     17400 |            0.76 |
|   Others                 |     0.000 |      491 |       --- |             --- |
| Signals                  |     0.005 |     6684 |       --- |             --- |
| Block RAM                |     0.002 |      3.5 |       140 |            2.50 |
| I/O                      |    <0.001 |       35 |       200 |           17.50 |
| PS7                      |     1.533 |        1 |       --- |             --- |
| Static Power             |     0.152 |          |           |                 |
| Total                    |     1.711 |          |           |                 |
+--------------------------+-----------+----------+-----------+-----------------+


1.2 Power Supply Summary
------------------------

+-----------+-------------+-----------+-------------+------------+
| Source    | Voltage (V) | Total (A) | Dynamic (A) | Static (A) |
+-----------+-------------+-----------+-------------+------------+
| Vccint    |       1.000 |     0.041 |       0.026 |      0.015 |
| Vccaux    |       1.800 |     0.021 |       0.000 |      0.021 |
| Vcco33    |       3.300 |     0.000 |       0.000 |      0.000 |
| Vcco25    |       2.500 |     0.000 |       0.000 |      0.000 |
| Vcco18    |       1.800 |     0.000 |       0.000 |      0.000 |
| Vcco15    |       1.500 |     0.000 |       0.000 |      0.000 |
| Vcco135   |       1.350 |     0.000 |       0.000 |      0.000 |
| Vcco12    |       1.200 |     0.000 |       0.000 |      0.000 |
| Vccaux_io |       1.800 |     0.000 |       0.000 |      0.000 |
| Vccbram   |       1.000 |     0.001 |       0.000 |      0.001 |
| MGTAVcc   |       1.000 |     0.000 |       0.000 |      0.000 |
| MGTAVtt   |       1.200 |     0.000 |       0.000 |      0.000 |
| MGTVccaux |       1.800 |     0.000 |       0.000 |      0.000 |
| Vccpint   |       1.000 |     0.753 |       0.722 |      0.030 |
| Vccpaux   |       1.800 |     0.061 |       0.051 |      0.010 |
| Vccpll    |       1.800 |     0.017 |       0.014 |      0.003 |
| Vcco_ddr  |       1.500 |     0.459 |       0.457 |      0.002 |
| Vcco_mio0 |       3.300 |     0.003 |       0.002 |      0.001 |
| Vcco_mio1 |       1.800 |     0.003 |       0.002 |      0.001 |
| Vccadc    |       1.800 |     0.020 |       0.000 |      0.020 |
+-----------+-------------+-----------+-------------+------------+


1.3 Confidence Level
--------------------

+-----------------------------+------------+--------------------------------------------------------+------------------------------------------------------------------------------------------------------------+
| User Input Data             | Confidence | Details                                                | Action                                                                                                     |
+-----------------------------+------------+--------------------------------------------------------+------------------------------------------------------------------------------------------------------------+
| Design implementation state | High       | Design is routed                                       |                                                                                                            |
| Clock nodes activity        | High       | User specified more than 95% of clocks                 |                                                                                                            |
| I/O nodes activity          | Low        | More than 75% of inputs are missing user specification | Provide missing input activity with simulation results or by editing the "By Resource Type -> I/Os" view   |
| Internal nodes activity     | Medium     | User specified less than 25% of internal nodes         | Provide missing internal nodes activity with simulation results or by editing the "By Resource Type" views |
| Device models               | High       | Device models are Production                           |                                                                                                            |
|                             |            |                                                        |                                                                                                            |
| Overall confidence level    | Low        |                                                        |                                                                                                            |
+-----------------------------+------------+--------------------------------------------------------+------------------------------------------------------------------------------------------------------------+


2. Settings
-----------

2.1 Environment
---------------

+-----------------------+------------------------+
| Ambient Temp (C)      | 25.0                   |
| ThetaJA (C/W)         | 11.5                   |
| Airflow (LFM)         | 250                    |
| Heat Sink             | none                   |
| ThetaSA (C/W)         | 0.0                    |
| Board Selection       | medium (10"x10")       |
| # of Board Layers     | 8to11 (8 to 11 Layers) |
| Board Temperature (C) | 25.0                   |
+-----------------------+------------------------+


2.2 Clock Constraints
---------------------

+------------+-----------------------------------------------------------------+-----------------+
| Clock      | Domain                                                          | Constraint (ns) |
+------------+-----------------------------------------------------------------+-----------------+
| clk_fpga_0 | MP0_design_1_i/processing_system7_0/inst/FCLK_CLK_unbuffered[0] |            10.0 |
| clk_fpga_1 | MP0_design_1_i/processing_system7_0/inst/FCLK_CLK_unbuffered[1] |            40.0 |
+------------+-----------------------------------------------------------------+-----------------+


3. Detailed Reports
-------------------

3.1 By Hierarchy
----------------

+--------------------------------------------------------------------------------+-----------+
| Name                                                                           | Power (W) |
+--------------------------------------------------------------------------------+-----------+
| MP0_design_1_wrapper                                                           |     1.560 |
|   MP0_design_1_i                                                               |     1.559 |
|     axi_gpio_0                                                                 |    <0.001 |
|       U0                                                                       |    <0.001 |
|         AXI_LITE_IPIF_I                                                        |    <0.001 |
|           I_SLAVE_ATTACHMENT                                                   |    <0.001 |
|             I_DECODER                                                          |    <0.001 |
|         gpio_core_1                                                            |    <0.001 |
|     axi_gpio_1                                                                 |    <0.001 |
|       U0                                                                       |    <0.001 |
|         AXI_LITE_IPIF_I                                                        |    <0.001 |
|           I_SLAVE_ATTACHMENT                                                   |    <0.001 |
|             I_DECODER                                                          |    <0.001 |
|         gpio_core_1                                                            |    <0.001 |
|           Not_Dual.INPUT_DOUBLE_REGS3                                          |    <0.001 |
|     axi_gpio_2                                                                 |    <0.001 |
|       U0                                                                       |    <0.001 |
|         AXI_LITE_IPIF_I                                                        |    <0.001 |
|           I_SLAVE_ATTACHMENT                                                   |    <0.001 |
|             I_DECODER                                                          |    <0.001 |
|         gpio_core_1                                                            |    <0.001 |
|           Not_Dual.INPUT_DOUBLE_REGS3                                          |    <0.001 |
|     axi_vdma_0                                                                 |     0.007 |
|       U0                                                                       |     0.007 |
|         AXI_LITE_REG_INTERFACE_I                                               |    <0.001 |
|           GEN_AXI_LITE_IF.AXI_LITE_IF_I                                        |    <0.001 |
|         GEN_SPRT_FOR_MM2S.ADDR32.I_MM2S_DMA_MNGR                               |     0.001 |
|           I_CMDSTS                                                             |    <0.001 |
|           I_SM                                                                 |    <0.001 |
|           I_STS_MNGR                                                           |    <0.001 |
|           VIDEO_GENLOCK_I                                                      |    <0.001 |
|           VIDEO_REG_I                                                          |    <0.001 |
|             GEN_REGISTER_DIRECT.GEN_REGDIRECT_DRES.VIDREGISTER_I               |    <0.001 |
|         GEN_SPRT_FOR_MM2S.MM2S_FSYNC_I                                         |    <0.001 |
|         GEN_SPRT_FOR_MM2S.MM2S_LINEBUFFER_I                                    |    <0.001 |
|           GEN_LINEBUF_NO_SOF.GEN_LINEBUFFER.GEN_SYNC_FIFO.I_LINEBUFFER_FIFO    |    <0.001 |
|             fg_inst                                                            |    <0.001 |
|               inst_fifo_gen                                                    |    <0.001 |
|                 gconvfifo.rf                                                   |    <0.001 |
|                   grf.rf                                                       |    <0.001 |
|                     gntv_or_sync_fifo.gl0.rd                                   |    <0.001 |
|                       gr1.gr1_int.rfwft                                        |    <0.001 |
|                       grss.rsts                                                |    <0.001 |
|                         c1                                                     |    <0.001 |
|                         c2                                                     |    <0.001 |
|                       rpntr                                                    |    <0.001 |
|                     gntv_or_sync_fifo.gl0.wr                                   |    <0.001 |
|                       gwss.wsts                                                |    <0.001 |
|                         c0                                                     |    <0.001 |
|                         c1                                                     |    <0.001 |
|                       wpntr                                                    |    <0.001 |
|                     gntv_or_sync_fifo.mem                                      |    <0.001 |
|                       gbm.gbmg.gbmgb.ngecc.bmg                                 |    <0.001 |
|                         inst_blk_mem_gen                                       |    <0.001 |
|                           gnbram.gnativebmg.native_blk_mem_gen                 |    <0.001 |
|                             valid.cstr                                         |    <0.001 |
|                               ramloop[0].ram.r                                 |    <0.001 |
|                                 prim_noinit.ram                                |    <0.001 |
|                               ramloop[1].ram.r                                 |    <0.001 |
|                                 prim_noinit.ram                                |    <0.001 |
|           GEN_LINEBUF_NO_SOF.GEN_LINEBUFFER.I_MSTR_SKID                        |    <0.001 |
|         GEN_SPRT_FOR_MM2S.MM2S_REGISTER_MODULE_I                               |    <0.001 |
|           GEN_REG_DIRECT_MODE.REGDIRECT_I                                      |    <0.001 |
|           I_DMA_REGISTER                                                       |    <0.001 |
|           LITE_READ_MUX_I                                                      |    <0.001 |
|         GEN_SPRT_FOR_MM2S.MM2S_SOF_I                                           |    <0.001 |
|         I_AXI_DMA_INTRPT                                                       |    <0.001 |
|         I_PRMRY_DATAMOVER                                                      |     0.004 |
|           GEN_MM2S_FULL.I_MM2S_FULL_WRAPPER                                    |     0.004 |
|             GEN_INCLUDE_MM2S_SF.I_RD_SF                                        |     0.002 |
|               I_DATA_FIFO                                                      |     0.002 |
|                 BLK_MEM.I_SYNC_FIFOGEN_FIFO                                    |     0.002 |
|                   FAMILY_SUPPORTED.I_SYNC_FIFO_BRAM                            |     0.002 |
|                     inst_fifo_gen                                              |     0.002 |
|                       gconvfifo.rf                                             |     0.002 |
|                         grf.rf                                                 |     0.002 |
|                           gntv_or_sync_fifo.gl0.rd                             |    <0.001 |
|                             gr1.gr1_int.rfwft                                  |    <0.001 |
|                             grss.gdc.dc                                        |    <0.001 |
|                               gsym_dc.dc                                       |    <0.001 |
|                             grss.rsts                                          |    <0.001 |
|                             rpntr                                              |    <0.001 |
|                           gntv_or_sync_fifo.gl0.wr                             |    <0.001 |
|                             gwss.wsts                                          |    <0.001 |
|                             wpntr                                              |    <0.001 |
|                           gntv_or_sync_fifo.mem                                |     0.002 |
|                             gbm.gbmg.gbmgb.ngecc.bmg                           |     0.002 |
|                               inst_blk_mem_gen                                 |     0.002 |
|                                 gnbram.gnativebmg.native_blk_mem_gen           |     0.002 |
|                                   valid.cstr                                   |     0.002 |
|                                     ramloop[0].ram.r                           |     0.002 |
|                                       prim_noinit.ram                          |     0.002 |
|               OMIT_DRE_CNTL.I_DRE_CNTL_FIFO                                    |    <0.001 |
|                 USE_SRL_FIFO.I_SYNC_FIFO                                       |    <0.001 |
|                   I_SRL_FIFO_RBU_F                                             |    <0.001 |
|                     CNTR_INCR_DECR_ADDN_F_I                                    |    <0.001 |
|                     DYNSHREG_F_I                                               |    <0.001 |
|             I_ADDR_CNTL                                                        |    <0.001 |
|               GEN_ADDR_FIFO.I_ADDR_QUAL_FIFO                                   |    <0.001 |
|                 USE_SRL_FIFO.I_SYNC_FIFO                                       |    <0.001 |
|                   I_SRL_FIFO_RBU_F                                             |    <0.001 |
|                     CNTR_INCR_DECR_ADDN_F_I                                    |    <0.001 |
|                     DYNSHREG_F_I                                               |    <0.001 |
|             I_CMD_STATUS                                                       |    <0.001 |
|               GEN_INCLUDE_STATUS_FIFO.I_STS_FIFO                               |    <0.001 |
|                 USE_SRL_FIFO.I_SYNC_FIFO                                       |    <0.001 |
|                   I_SRL_FIFO_RBU_F                                             |    <0.001 |
|                     CNTR_INCR_DECR_ADDN_F_I                                    |    <0.001 |
|                     DYNSHREG_F_I                                               |    <0.001 |
|               I_CMD_FIFO                                                       |    <0.001 |
|                 USE_SRL_FIFO.I_SYNC_FIFO                                       |    <0.001 |
|                   I_SRL_FIFO_RBU_F                                             |    <0.001 |
|                     CNTR_INCR_DECR_ADDN_F_I                                    |    <0.001 |
|                     DYNSHREG_F_I                                               |    <0.001 |
|             I_MSTR_PCC                                                         |    <0.001 |
|             I_RD_DATA_CNTL                                                     |    <0.001 |
|               GEN_DATA_CNTL_FIFO.I_DATA_CNTL_FIFO                              |    <0.001 |
|                 USE_SRL_FIFO.I_SYNC_FIFO                                       |    <0.001 |
|                   I_SRL_FIFO_RBU_F                                             |    <0.001 |
|                     CNTR_INCR_DECR_ADDN_F_I                                    |    <0.001 |
|                     DYNSHREG_F_I                                               |    <0.001 |
|             I_RD_STATUS_CNTLR                                                  |    <0.001 |
|             I_RESET                                                            |    <0.001 |
|         I_RST_MODULE                                                           |    <0.001 |
|           GEN_RESET_FOR_MM2S.RESET_I                                           |    <0.001 |
|     proc_sys_reset_0                                                           |    <0.001 |
|       U0                                                                       |    <0.001 |
|         EXT_LPF                                                                |    <0.001 |
|           ACTIVE_LOW_EXT.ACT_LO_EXT                                            |    <0.001 |
|         SEQ                                                                    |    <0.001 |
|           SEQ_COUNTER                                                          |    <0.001 |
|     processing_system7_0                                                       |     1.534 |
|       inst                                                                     |     1.534 |
|     ps7_0_axi_periph                                                           |     0.006 |
|       s00_couplers                                                             |     0.005 |
|         auto_pc                                                                |     0.005 |
|           inst                                                                 |     0.005 |
|             gen_axilite.gen_b2s_conv.axilite_b2s                               |     0.005 |
|               RD.ar_channel_0                                                  |    <0.001 |
|                 ar_cmd_fsm_0                                                   |    <0.001 |
|                 cmd_translator_0                                               |    <0.001 |
|                   incr_cmd_0                                                   |    <0.001 |
|                   wrap_cmd_0                                                   |    <0.001 |
|               RD.r_channel_0                                                   |    <0.001 |
|                 rd_data_fifo_0                                                 |    <0.001 |
|                 transaction_fifo_0                                             |    <0.001 |
|               SI_REG                                                           |     0.002 |
|                 ar_pipe                                                        |    <0.001 |
|                 aw_pipe                                                        |    <0.001 |
|                 b_pipe                                                         |    <0.001 |
|                 r_pipe                                                         |    <0.001 |
|               WR.aw_channel_0                                                  |     0.001 |
|                 aw_cmd_fsm_0                                                   |    <0.001 |
|                 cmd_translator_0                                               |    <0.001 |
|                   incr_cmd_0                                                   |    <0.001 |
|                   wrap_cmd_0                                                   |    <0.001 |
|               WR.b_channel_0                                                   |    <0.001 |
|                 bid_fifo_0                                                     |    <0.001 |
|                 bresp_fifo_0                                                   |    <0.001 |
|       xbar                                                                     |    <0.001 |
|         inst                                                                   |    <0.001 |
|           gen_sasd.crossbar_sasd_0                                             |    <0.001 |
|             addr_arbiter_inst                                                  |    <0.001 |
|             gen_decerr.decerr_slave_inst                                       |    <0.001 |
|             reg_slice_r                                                        |    <0.001 |
|             splitter_ar                                                        |    <0.001 |
|             splitter_aw                                                        |    <0.001 |
|     rst_ps7_0_100M                                                             |    <0.001 |
|       U0                                                                       |    <0.001 |
|         EXT_LPF                                                                |    <0.001 |
|           ACTIVE_LOW_EXT.ACT_LO_EXT                                            |    <0.001 |
|         SEQ                                                                    |    <0.001 |
|           SEQ_COUNTER                                                          |    <0.001 |
|     smartconnect_0                                                             |     0.006 |
|       inst                                                                     |     0.006 |
|         clk_map                                                                |    <0.001 |
|           psr_aclk                                                             |    <0.001 |
|             U0                                                                 |    <0.001 |
|               EXT_LPF                                                          |    <0.001 |
|                 ACTIVE_LOW_AUX.ACT_LO_AUX                                      |    <0.001 |
|               SEQ                                                              |    <0.001 |
|                 SEQ_COUNTER                                                    |    <0.001 |
|         m00_exit_pipeline                                                      |     0.003 |
|           m00_exit                                                             |     0.003 |
|             inst                                                               |     0.003 |
|               ar_reg                                                           |    <0.001 |
|               exit_inst                                                        |    <0.001 |
|                 r_cmd_fifo                                                     |    <0.001 |
|                   gen_srls[10].srl_nx1                                         |    <0.001 |
|                   gen_srls[12].srl_nx1                                         |    <0.001 |
|                   gen_srls[13].srl_nx1                                         |    <0.001 |
|                   gen_srls[14].srl_nx1                                         |    <0.001 |
|                   gen_srls[15].srl_nx1                                         |    <0.001 |
|                   gen_srls[3].srl_nx1                                          |    <0.001 |
|                 r_cmd_split                                                    |    <0.001 |
|               r_reg                                                            |     0.001 |
|               splitter_inst                                                    |    <0.001 |
|                 gen_axi3.axi3_conv_inst                                        |    <0.001 |
|                   USE_READ.USE_SPLIT_R.read_addr_inst                          |    <0.001 |
|                     USE_R_CHANNEL.cmd_queue                                    |    <0.001 |
|                       gen_srls[0].srl_nx1                                      |    <0.001 |
|                   USE_WRITE.write_addr_inst                                    |    <0.001 |
|         s00_entry_pipeline                                                     |     0.002 |
|           s00_mmu                                                              |     0.002 |
|             inst                                                               |     0.002 |
|               ar_reg_stall                                                     |    <0.001 |
|               ar_sreg                                                          |    <0.001 |
|               gen_endpoint.decerr_slave_inst                                   |    <0.001 |
|               r_sreg                                                           |    <0.001 |
|           s00_si_converter                                                     |    <0.001 |
|             inst                                                               |    <0.001 |
|         s00_nodes                                                              |     0.002 |
|           s00_ar_node                                                          |    <0.001 |
|             inst                                                               |    <0.001 |
|               inst_mi_handler                                                  |    <0.001 |
|                 gen_normal_area.inst_fifo_node_payld                           |    <0.001 |
|                   gen_xpm_memory_fifo.inst_fifo                                |    <0.001 |
|                     gen_mem_rep[0].inst_rd_addrb                               |    <0.001 |
|                     gen_mem_rep[0].inst_wr_addra                               |    <0.001 |
|                     gen_mem_rep[0].inst_xpm_memory                             |    <0.001 |
|                       gen_wr_a.gen_word_narrow.mem_reg_0_31_0_5                |    <0.001 |
|                       gen_wr_a.gen_word_narrow.mem_reg_0_31_102_107            |    <0.001 |
|                       gen_wr_a.gen_word_narrow.mem_reg_0_31_108_113            |    <0.001 |
|                       gen_wr_a.gen_word_narrow.mem_reg_0_31_114_119            |    <0.001 |
|                       gen_wr_a.gen_word_narrow.mem_reg_0_31_120_125            |    <0.001 |
|                       gen_wr_a.gen_word_narrow.mem_reg_0_31_126_131            |    <0.001 |
|                       gen_wr_a.gen_word_narrow.mem_reg_0_31_132_137            |    <0.001 |
|                       gen_wr_a.gen_word_narrow.mem_reg_0_31_6_11               |    <0.001 |
|                       gen_wr_a.gen_word_narrow.mem_reg_0_31_84_89              |    <0.001 |
|                       gen_wr_a.gen_word_narrow.mem_reg_0_31_90_95              |    <0.001 |
|                       gen_wr_a.gen_word_narrow.mem_reg_0_31_96_101             |    <0.001 |
|                     gen_wr.inst_wr_addra_p1                                    |    <0.001 |
|               inst_si_handler                                                  |    <0.001 |
|                 inst_arb_stall_late                                            |    <0.001 |
|           s00_r_node                                                           |     0.001 |
|             inst                                                               |     0.001 |
|               inst_mi_handler                                                  |     0.001 |
|                 gen_normal_area.gen_downsizer.inst_downsizer                   |    <0.001 |
|                 gen_normal_area.inst_fifo_node_payld                           |     0.001 |
|                   gen_xpm_memory_fifo.inst_fifo                                |     0.001 |
|                     gen_mem_rep[0].inst_rd_addrb                               |    <0.001 |
|                     gen_mem_rep[0].inst_wr_addra                               |    <0.001 |
|                     gen_mem_rep[0].inst_xpm_memory                             |    <0.001 |
|                       gen_wr_a.gen_word_narrow.mem_reg_0_31_12_17              |    <0.001 |
|                       gen_wr_a.gen_word_narrow.mem_reg_0_31_18_23              |    <0.001 |
|                       gen_wr_a.gen_word_narrow.mem_reg_0_31_24_29              |    <0.001 |
|                       gen_wr_a.gen_word_narrow.mem_reg_0_31_30_35              |    <0.001 |
|                       gen_wr_a.gen_word_narrow.mem_reg_0_31_36_41              |    <0.001 |
|                       gen_wr_a.gen_word_narrow.mem_reg_0_31_42_47              |    <0.001 |
|                       gen_wr_a.gen_word_narrow.mem_reg_0_31_48_53              |    <0.001 |
|                       gen_wr_a.gen_word_narrow.mem_reg_0_31_54_59              |    <0.001 |
|                       gen_wr_a.gen_word_narrow.mem_reg_0_31_60_65              |    <0.001 |
|                       gen_wr_a.gen_word_narrow.mem_reg_0_31_66_71              |    <0.001 |
|                       gen_wr_a.gen_word_narrow.mem_reg_0_31_72_77              |    <0.001 |
|                       gen_wr_a.gen_word_narrow.mem_reg_0_31_78_83              |    <0.001 |
|                       gen_wr_a.gen_word_narrow.mem_reg_0_31_84_89              |    <0.001 |
|                     gen_wr.inst_wr_addra_p1                                    |    <0.001 |
|               inst_si_handler                                                  |    <0.001 |
|                 inst_arb_stall_late                                            |    <0.001 |
|     v_axi4s_vid_out_0                                                          |     0.001 |
|       inst                                                                     |     0.001 |
|         COUPLER_INST                                                           |    <0.001 |
|           FIFO_INST                                                            |    <0.001 |
|             FIFO_INST                                                          |    <0.001 |
|               inst_fifo_gen                                                    |    <0.001 |
|                 gconvfifo.rf                                                   |    <0.001 |
|                   grf.rf                                                       |    <0.001 |
|                     gntv_or_sync_fifo.gcx.clkx                                 |    <0.001 |
|                       gnxpm_cdc.gsync_stage[1].rd_stg_inst                     |    <0.001 |
|                       gnxpm_cdc.gsync_stage[1].wr_stg_inst                     |    <0.001 |
|                       gnxpm_cdc.gsync_stage[2].rd_stg_inst                     |    <0.001 |
|                       gnxpm_cdc.gsync_stage[2].wr_stg_inst                     |    <0.001 |
|                     gntv_or_sync_fifo.gl0.rd                                   |    <0.001 |
|                       gr1.gr1_int.rfwft                                        |    <0.001 |
|                       gr1.grdc2.rdc                                            |    <0.001 |
|                       gras.rsts                                                |    <0.001 |
|                         c0                                                     |    <0.001 |
|                         c1                                                     |    <0.001 |
|                       rpntr                                                    |    <0.001 |
|                     gntv_or_sync_fifo.gl0.wr                                   |    <0.001 |
|                       gwas.wsts                                                |    <0.001 |
|                         c1                                                     |    <0.001 |
|                         c2                                                     |    <0.001 |
|                       wpntr                                                    |    <0.001 |
|                     gntv_or_sync_fifo.mem                                      |    <0.001 |
|                       gbm.gbmg.gbmgb.ngecc.bmg                                 |    <0.001 |
|                         inst_blk_mem_gen                                       |    <0.001 |
|                           gnbram.gnativebmg.native_blk_mem_gen                 |    <0.001 |
|                             valid.cstr                                         |    <0.001 |
|                               ramloop[0].ram.r                                 |    <0.001 |
|                                 prim_noinit.ram                                |    <0.001 |
|                     rstblk                                                     |    <0.001 |
|                       ngwrdrst.grst.g7serrst.gwrrd_rst_sync_stage[1].rrst_inst |    <0.001 |
|                       ngwrdrst.grst.g7serrst.gwrrd_rst_sync_stage[1].wrst_inst |    <0.001 |
|                       ngwrdrst.grst.g7serrst.gwrrd_rst_sync_stage[2].rrst_inst |    <0.001 |
|                       ngwrdrst.grst.g7serrst.gwrrd_rst_sync_stage[2].wrst_inst |    <0.001 |
|         FORMATTER_INST                                                         |    <0.001 |
|         SYNC_INST                                                              |    <0.001 |
|     v_tc_0                                                                     |     0.004 |
|       U0                                                                       |     0.004 |
|         U_TC_TOP                                                               |    <0.001 |
|           GEN_GENERATOR.U_TC_GEN                                               |    <0.001 |
|         U_VIDEO_CTRL                                                           |     0.004 |
|           AXI4_LITE_INTERFACE.AXI_LITE_IPIF_I                                  |    <0.001 |
|             I_SLAVE_ATTACHMENT                                                 |    <0.001 |
|               I_DECODER                                                        |    <0.001 |
|           AXI4_LITE_INTERFACE.CORE_MUX0                                        |    <0.001 |
|           AXI4_LITE_INTERFACE.GENR_MUX0                                        |    <0.001 |
|           AXI4_LITE_INTERFACE.SYNC2PROCCLK_I                                   |    <0.001 |
|           AXI4_LITE_INTERFACE.SYNC2VIDCLK_I                                    |    <0.001 |
|     xlconstant_0                                                               |     0.000 |
|     xlconstant_1                                                               |     0.000 |
|     xlslice_0                                                                  |     0.000 |
+--------------------------------------------------------------------------------+-----------+


