Copyright 1986-2017 Xilinx, Inc. All Rights Reserved.
----------------------------------------------------------------------------------------
| Tool Version : Vivado v.2017.1_sdx (win64) Build 1915620 Thu Jun 22 17:54:58 MDT 2017
| Date         : Sun Feb 11 19:57:46 2018
| Host         : CO2041-07 running 64-bit major release  (build 9200)
| Command      : upgrade_ip
| Device       : xc7z020clg484-1
----------------------------------------------------------------------------------------

Upgrade Log for IP 'MP_1_Design_1_axi_ppm_0_0'

1. Summary
----------

SUCCESS in the upgrade of MP_1_Design_1_axi_ppm_0_0 (iastate.edu:user:axi_ppm:1.0) from (Rev. 8) to (Rev. 9)






Copyright 1986-2017 Xilinx, Inc. All Rights Reserved.
----------------------------------------------------------------------------------------
| Tool Version : Vivado v.2017.1_sdx (win64) Build 1915620 Thu Jun 22 17:54:58 MDT 2017
| Date         : Sun Feb 11 19:55:01 2018
| Host         : CO2041-07 running 64-bit major release  (build 9200)
| Command      : upgrade_ip
| Device       : xc7z020clg484-1
----------------------------------------------------------------------------------------

Upgrade Log for IP 'MP_1_Design_1_axi_ppm_0_0'

1. Summary
----------

SUCCESS in the upgrade of MP_1_Design_1_axi_ppm_0_0 (iastate.edu:user:axi_ppm:1.0) from (Rev. 7) to (Rev. 8)






Copyright 1986-2017 Xilinx, Inc. All Rights Reserved.
----------------------------------------------------------------------------------------
| Tool Version : Vivado v.2017.1_sdx (win64) Build 1915620 Thu Jun 22 17:54:58 MDT 2017
| Date         : Sun Feb 11 18:10:52 2018
| Host         : CO2041-07 running 64-bit major release  (build 9200)
| Command      : upgrade_ip
| Device       : xc7z020clg484-1
----------------------------------------------------------------------------------------

Upgrade Log for IP 'MP_1_Design_1_axi_ppm_0_0'

1. Summary
----------

SUCCESS in the upgrade of MP_1_Design_1_axi_ppm_0_0 (iastate.edu:user:axi_ppm:1.0) from (Rev. 6) to (Rev. 7)






Copyright 1986-2017 Xilinx, Inc. All Rights Reserved.
----------------------------------------------------------------------------------------
| Tool Version : Vivado v.2017.1_sdx (win64) Build 1915620 Thu Jun 22 17:54:58 MDT 2017
| Date         : Sun Feb 11 17:53:45 2018
| Host         : CO2041-07 running 64-bit major release  (build 9200)
| Command      : upgrade_ip
| Device       : xc7z020clg484-1
----------------------------------------------------------------------------------------

Upgrade Log for IP 'MP_1_Design_1_axi_ppm_0_0'

1. Summary
----------

CAUTION (success, with warnings) in the upgrade of MP_1_Design_1_axi_ppm_0_0 (iastate.edu:user:axi_ppm:1.0) from (Rev. 5) to (Rev. 6)

After upgrade, an IP may have parameter and port differences compared to the original customization. Please review the parameters within the IP customization GUI to ensure proper functionality. Also, please review the updated IP instantiation template to ensure proper connectivity, and update your design if required.

2. Connection Warnings
----------------------

Detected external port differences while upgrading 'MP_1_Design_1_axi_ppm_0_0'. These changes may impact your design.


-Upgrade has added port 'PPM_OUT'







Copyright 1986-2017 Xilinx, Inc. All Rights Reserved.
----------------------------------------------------------------------------------------
| Tool Version : Vivado v.2017.1_sdx (win64) Build 1915620 Thu Jun 22 17:54:58 MDT 2017
| Date         : Sun Feb 11 17:51:29 2018
| Host         : CO2041-07 running 64-bit major release  (build 9200)
| Command      : upgrade_ip
| Device       : xc7z020clg484-1
----------------------------------------------------------------------------------------

Upgrade Log for IP 'MP_1_Design_1_rst_ps7_0_100M_0'

1. Summary
----------

SUCCESS in the upgrade of MP_1_Design_1_rst_ps7_0_100M_0 (xilinx.com:ip:proc_sys_reset:5.0) from (Rev. 11) to (Rev. 10)






Copyright 1986-2017 Xilinx, Inc. All Rights Reserved.
----------------------------------------------------------------------------------------
| Tool Version : Vivado v.2017.1_sdx (win64) Build 1915620 Thu Jun 22 17:54:58 MDT 2017
| Date         : Sun Feb 11 17:51:29 2018
| Host         : CO2041-07 running 64-bit major release  (build 9200)
| Command      : upgrade_ip
| Device       : xc7z020clg484-1
----------------------------------------------------------------------------------------

Upgrade Log for IP 'MP_1_Design_1_axi_ppm_0_0'

1. Summary
----------

SUCCESS in the upgrade of MP_1_Design_1_axi_ppm_0_0 (iastate.edu:user:axi_ppm:1.0) from (Rev. 2) to (Rev. 5)

