
*** Running vivado
    with args -log design_1_v_tc_0_0.vds -m64 -product Vivado -mode batch -messageDb vivado.pb -notrace -source design_1_v_tc_0_0.tcl


****** Vivado v2017.1 (64-bit)
  **** SW Build 1846317 on Fri Apr 14 18:55:03 MDT 2017
  **** IP Build 1846188 on Fri Apr 14 20:52:08 MDT 2017
    ** Copyright 1986-2017 Xilinx, Inc. All Rights Reserved.

source design_1_v_tc_0_0.tcl -notrace
Starting RTL Elaboration : Time (s): cpu = 00:00:05 ; elapsed = 00:00:06 . Memory (MB): peak = 381.262 ; gain = 82.422
INFO: [Synth 8-638] synthesizing module 'design_1_v_tc_0_0' [u:/Desktop/MP-2/hw/design_1/ip/design_1_v_tc_0_0/synth/design_1_v_tc_0_0.vhd:96]
INFO: [Synth 8-638] synthesizing module 'axi_lite_ipif' [u:/Desktop/MP-2/hw/design_1/ipshared/0ba0/hdl/axi_lite_ipif_v3_0_vh_rfs.vhd:2948]
INFO: [Synth 8-638] synthesizing module 'slave_attachment' [u:/Desktop/MP-2/hw/design_1/ipshared/0ba0/hdl/axi_lite_ipif_v3_0_vh_rfs.vhd:2341]
INFO: [Synth 8-638] synthesizing module 'address_decoder' [u:/Desktop/MP-2/hw/design_1/ipshared/0ba0/hdl/axi_lite_ipif_v3_0_vh_rfs.vhd:1775]
INFO: [Synth 8-638] synthesizing module 'pselect_f' [u:/Desktop/MP-2/hw/design_1/ipshared/0ba0/hdl/axi_lite_ipif_v3_0_vh_rfs.vhd:1534]
INFO: [Synth 8-256] done synthesizing module 'pselect_f' (1#1) [u:/Desktop/MP-2/hw/design_1/ipshared/0ba0/hdl/axi_lite_ipif_v3_0_vh_rfs.vhd:1534]
INFO: [Synth 8-638] synthesizing module 'pselect_f__parameterized0' [u:/Desktop/MP-2/hw/design_1/ipshared/0ba0/hdl/axi_lite_ipif_v3_0_vh_rfs.vhd:1534]
INFO: [Synth 8-256] done synthesizing module 'pselect_f__parameterized0' (1#1) [u:/Desktop/MP-2/hw/design_1/ipshared/0ba0/hdl/axi_lite_ipif_v3_0_vh_rfs.vhd:1534]
INFO: [Synth 8-256] done synthesizing module 'address_decoder' (2#1) [u:/Desktop/MP-2/hw/design_1/ipshared/0ba0/hdl/axi_lite_ipif_v3_0_vh_rfs.vhd:1775]
INFO: [Synth 8-256] done synthesizing module 'slave_attachment' (3#1) [u:/Desktop/MP-2/hw/design_1/ipshared/0ba0/hdl/axi_lite_ipif_v3_0_vh_rfs.vhd:2341]
INFO: [Synth 8-256] done synthesizing module 'axi_lite_ipif' (4#1) [u:/Desktop/MP-2/hw/design_1/ipshared/0ba0/hdl/axi_lite_ipif_v3_0_vh_rfs.vhd:2948]
INFO: [Synth 8-256] done synthesizing module 'design_1_v_tc_0_0' (11#1) [u:/Desktop/MP-2/hw/design_1/ip/design_1_v_tc_0_0/synth/design_1_v_tc_0_0.vhd:96]
Finished RTL Elaboration : Time (s): cpu = 00:00:14 ; elapsed = 00:00:17 . Memory (MB): peak = 543.324 ; gain = 244.484
Finished RTL Optimization Phase 1 : Time (s): cpu = 00:00:15 ; elapsed = 00:00:22 . Memory (MB): peak = 543.324 ; gain = 244.484
INFO: [Device 21-403] Loading part xc7z020clg484-1
Constraint Validation Runtime : Time (s): cpu = 00:00:00 ; elapsed = 00:00:00.121 . Memory (MB): peak = 785.836 ; gain = 0.000
Finished Constraint Validation : Time (s): cpu = 00:00:31 ; elapsed = 00:00:43 . Memory (MB): peak = 785.836 ; gain = 486.996
Finished Loading Part and Timing Information : Time (s): cpu = 00:00:31 ; elapsed = 00:00:43 . Memory (MB): peak = 785.836 ; gain = 486.996
Finished applying 'set_property' XDC Constraints : Time (s): cpu = 00:00:31 ; elapsed = 00:00:43 . Memory (MB): peak = 785.836 ; gain = 486.996
Finished RTL Optimization Phase 2 : Time (s): cpu = 00:00:36 ; elapsed = 00:00:48 . Memory (MB): peak = 785.836 ; gain = 486.996
Finished Cross Boundary and Area Optimization : Time (s): cpu = 00:00:44 ; elapsed = 00:00:57 . Memory (MB): peak = 785.836 ; gain = 486.996
Finished Applying XDC Timing Constraints : Time (s): cpu = 00:01:00 ; elapsed = 00:01:13 . Memory (MB): peak = 785.836 ; gain = 486.996
Finished Timing Optimization : Time (s): cpu = 00:01:01 ; elapsed = 00:01:14 . Memory (MB): peak = 785.836 ; gain = 486.996
Finished Technology Mapping : Time (s): cpu = 00:01:04 ; elapsed = 00:01:17 . Memory (MB): peak = 785.836 ; gain = 486.996
Finished IO Insertion : Time (s): cpu = 00:01:05 ; elapsed = 00:01:18 . Memory (MB): peak = 785.836 ; gain = 486.996
Finished Renaming Generated Instances : Time (s): cpu = 00:01:05 ; elapsed = 00:01:18 . Memory (MB): peak = 785.836 ; gain = 486.996
Finished Rebuilding User Hierarchy : Time (s): cpu = 00:01:06 ; elapsed = 00:01:19 . Memory (MB): peak = 785.836 ; gain = 486.996
Finished Renaming Generated Ports : Time (s): cpu = 00:01:06 ; elapsed = 00:01:19 . Memory (MB): peak = 785.836 ; gain = 486.996
Finished Handling Custom Attributes : Time (s): cpu = 00:01:06 ; elapsed = 00:01:19 . Memory (MB): peak = 785.836 ; gain = 486.996
Finished Renaming Generated Nets : Time (s): cpu = 00:01:06 ; elapsed = 00:01:19 . Memory (MB): peak = 785.836 ; gain = 486.996

Report Cell Usage: 
+------+-------+------+
|      |Cell   |Count |
+------+-------+------+
|1     |CARRY4 |    31|
|2     |LUT1   |    84|
|3     |LUT2   |    47|
|4     |LUT3   |   540|
|5     |LUT4   |    78|
|6     |LUT5   |    99|
|7     |LUT6   |   424|
|8     |MUXF7  |   134|
|9     |SRL16E |     6|
|10    |FDRE   |  2736|
|11    |FDSE   |   188|
+------+-------+------+
Finished Writing Synthesis Report : Time (s): cpu = 00:01:06 ; elapsed = 00:01:19 . Memory (MB): peak = 785.836 ; gain = 486.996
synth_design: Time (s): cpu = 00:01:10 ; elapsed = 00:01:24 . Memory (MB): peak = 785.836 ; gain = 487.824
