09:58:56 INFO  : Registering command handlers for SDK TCF services
09:58:57 INFO  : Launching XSCT server: xsct.bat -interactive U:\Desktop\MP-2\hw\project_1\project_1.sdk\temp_xsdb_launch_script.tcl
09:58:59 INFO  : XSCT server has started successfully.
09:59:00 INFO  : Successfully done setting XSCT server connection channel  
09:59:00 INFO  : Processing command line option -hwspec U:/Desktop/MP-2/hw/project_1/project_1.sdk/design_1_wrapper.hdf.
09:59:00 INFO  : Successfully done setting SDK workspace  
10:01:53 WARN  : Ignoring the file \\my.files.iastate.edu\Users\gfoudree\Desktop\MP-2\sw\camera_app\src\camera_app.h, as it is not a valid Hardware Specification file
10:01:53 WARN  : Ignoring the file \\my.files.iastate.edu\Users\gfoudree\Desktop\MP-2\sw\camera_app\src\fmc_imageon_utils.c, as it is not a valid Hardware Specification file
10:01:53 WARN  : Ignoring the file \\my.files.iastate.edu\Users\gfoudree\Desktop\MP-2\sw\camera_app\src\video_detector.c, as it is not a valid Hardware Specification file
10:01:53 WARN  : Ignoring the file \\my.files.iastate.edu\Users\gfoudree\Desktop\MP-2\sw\camera_app\src\video_frame_buffer.c, as it is not a valid Hardware Specification file
10:01:53 WARN  : Ignoring the file \\my.files.iastate.edu\Users\gfoudree\Desktop\MP-2\sw\camera_app\src\video_generator.c, as it is not a valid Hardware Specification file
10:01:53 WARN  : Ignoring the file \\my.files.iastate.edu\Users\gfoudree\Desktop\MP-2\sw\camera_app\src\video_resolution.c, as it is not a valid Hardware Specification file
10:01:53 WARN  : Ignoring the file \\my.files.iastate.edu\Users\gfoudree\Desktop\MP-2\sw\camera_app\src\xtpg_app.c, as it is not a valid Hardware Specification file
10:01:53 WARN  : Ignoring the file \\my.files.iastate.edu\Users\gfoudree\Desktop\MP-2\sw\camera_app\src\xtpg_app.h, as it is not a valid Hardware Specification file
10:01:53 WARN  : Ignoring the file \\my.files.iastate.edu\Users\gfoudree\Desktop\MP-2\sw\camera_app\src\camera_app.c, as it is not a valid Hardware Specification file
10:02:19 WARN  : Ignoring the file \\my.files.iastate.edu\Users\gfoudree\Desktop\MP-2\sw\camera_app\src\video_generator.c, as it is not a valid Hardware Specification file
10:02:19 WARN  : Ignoring the file \\my.files.iastate.edu\Users\gfoudree\Desktop\MP-2\sw\camera_app\src\video_resolution.c, as it is not a valid Hardware Specification file
10:02:19 WARN  : Ignoring the file \\my.files.iastate.edu\Users\gfoudree\Desktop\MP-2\sw\camera_app\src\xtpg_app.c, as it is not a valid Hardware Specification file
10:02:19 WARN  : Ignoring the file \\my.files.iastate.edu\Users\gfoudree\Desktop\MP-2\sw\camera_app\src\xtpg_app.h, as it is not a valid Hardware Specification file
10:02:19 WARN  : Ignoring the file \\my.files.iastate.edu\Users\gfoudree\Desktop\MP-2\sw\camera_app\src\camera_app.c, as it is not a valid Hardware Specification file
10:02:19 WARN  : Ignoring the file \\my.files.iastate.edu\Users\gfoudree\Desktop\MP-2\sw\camera_app\src\camera_app.h, as it is not a valid Hardware Specification file
10:02:19 WARN  : Ignoring the file \\my.files.iastate.edu\Users\gfoudree\Desktop\MP-2\sw\camera_app\src\fmc_imageon_utils.c, as it is not a valid Hardware Specification file
10:02:19 WARN  : Ignoring the file \\my.files.iastate.edu\Users\gfoudree\Desktop\MP-2\sw\camera_app\src\video_detector.c, as it is not a valid Hardware Specification file
10:02:19 WARN  : Ignoring the file \\my.files.iastate.edu\Users\gfoudree\Desktop\MP-2\sw\camera_app\src\video_frame_buffer.c, as it is not a valid Hardware Specification file
10:05:11 INFO  : Saving repository preferences.
10:05:11 INFO  : Reading in cores from local repositories: 
		 \\my.files.iastate.edu\Users\gfoudree\Desktop\MP-2\sw\ip_repo_sw
10:05:12 INFO  : Cleaning BSP projects in the workspace.
10:06:06 INFO  : Saving repository preferences.
10:06:06 INFO  : Reading in cores from local repositories: 
		 U:\Desktop\MP-2\sw\ip_repo_sw
10:06:06 INFO  : Cleaning BSP projects in the workspace.
10:06:11 INFO  : Saving repository preferences.
10:07:25 INFO  : Refreshed build settings on project MP2-TPG
10:20:32 INFO  : Connected to target on host '127.0.0.1' and port '3121'.
10:21:02 INFO  : Connected to target on host '127.0.0.1' and port '3121'.
10:24:59 INFO  : Connected to target on host '127.0.0.1' and port '3121'.
10:26:29 INFO  : Connected to target on host '127.0.0.1' and port '3121'.
10:27:20 INFO  : Connected to target on host '127.0.0.1' and port '3121'.
10:28:02 INFO  : Connected to target on host '127.0.0.1' and port '3121'.
10:29:41 INFO  : Launching XSCT server: xsct.bat -interactive U:\Desktop\MP-2\hw\project_1\project_1.sdk\temp_xsdb_launch_script.tcl
10:29:42 INFO  : XSCT server has started successfully.
10:29:42 INFO  : Successfully done setting XSCT server connection channel  
10:29:43 INFO  : Successfully done setting SDK workspace  
10:29:43 INFO  : Restoring local repository preferences: 
		 U:\Desktop\MP-2\sw\ip_repo_sw
10:29:49 INFO  : Registering command handlers for SDK TCF services
10:29:49 INFO  : Processing command line option -hwspec U:/Desktop/MP-2/hw/project_1/project_1.sdk/design_1_wrapper.hdf.
10:29:49 INFO  : Checking for hwspec changes in the project design_1_wrapper_hw_platform_0.
10:30:06 INFO  : Connected to target on host '127.0.0.1' and port '3121'.
10:32:17 INFO  : Connected to target on host '127.0.0.1' and port '3121'.
10:32:17 INFO  : 'targets -set -filter {jtag_cable_name =~ "Platform Cable USB II 000018cd4b8001" && level==0} -index 1' command is executed.
10:32:29 INFO  : FPGA configured successfully with bitstream "U:/Desktop/MP-2/hw/project_1/project_1.sdk/design_1_wrapper_hw_platform_0/design_1_wrapper.bit"
10:33:02 INFO  : 'targets -set -filter {jtag_cable_name =~ "Platform Cable USB II 000018cd4b8001" && level==0} -index 1' command is executed.
10:33:02 INFO  : 'fpga -state' command is executed.
10:33:02 INFO  : Connected to target on host '127.0.0.1' and port '3121'.
10:33:02 INFO  : Jtag cable 'Platform Cable USB II 000018cd4b8001' is selected.
10:33:02 INFO  : 'jtag frequency' command is executed.
10:33:02 INFO  : Sourcing of 'U:/Desktop/MP-2/hw/project_1/project_1.sdk/design_1_wrapper_hw_platform_0/ps7_init.tcl' is done.
10:33:02 INFO  : Context for 'APU' is selected.
10:33:02 INFO  : 'stop' command is executed.
10:33:03 INFO  : 'ps7_init' command is executed.
10:33:03 INFO  : 'ps7_post_config' command is executed.
10:33:03 INFO  : Context for processor 'ps7_cortexa9_0' is selected.
10:33:03 INFO  : Processor reset is completed for 'ps7_cortexa9_0'.
10:33:03 INFO  : Context for processor 'ps7_cortexa9_0' is selected.
10:33:05 INFO  : The application 'U:/Desktop/MP-2/hw/project_1/project_1.sdk/MP2-TPG/Debug/MP2-TPG.elf' is downloaded to processor 'ps7_cortexa9_0'.
10:33:05 INFO  : ----------------XSDB Script----------------
connect -url tcp:127.0.0.1:3121
source U:/Desktop/MP-2/hw/project_1/project_1.sdk/design_1_wrapper_hw_platform_0/ps7_init.tcl
targets -set -nocase -filter {name =~"APU*" && jtag_cable_name =~ "Platform Cable USB II 000018cd4b8001"} -index 0
stop
ps7_init
ps7_post_config
targets -set -nocase -filter {name =~ "ARM*#0" && jtag_cable_name =~ "Platform Cable USB II 000018cd4b8001"} -index 0
rst -processor
targets -set -nocase -filter {name =~ "ARM*#0" && jtag_cable_name =~ "Platform Cable USB II 000018cd4b8001"} -index 0
dow U:/Desktop/MP-2/hw/project_1/project_1.sdk/MP2-TPG/Debug/MP2-TPG.elf
----------------End of Script----------------

10:33:05 INFO  : Memory regions updated for context APU
10:33:05 INFO  : Context for processor 'ps7_cortexa9_0' is selected.
10:33:05 INFO  : 'con' command is executed.
10:33:05 INFO  : ----------------XSDB Script (After Launch)----------------
targets -set -nocase -filter {name =~ "ARM*#0" && jtag_cable_name =~ "Platform Cable USB II 000018cd4b8001"} -index 0
con
----------------End of Script----------------

10:33:05 INFO  : Launch script is exported to file 'U:\Desktop\MP-2\hw\project_1\project_1.sdk\.sdk\launch_scripts\xilinx_c-c++_application_(system_debugger)\system_debugger_using_debug_mp2-tpg.elf_on_local.tcl'
10:34:43 INFO  : Disconnected from the channel tcfchan#1.
10:34:44 INFO  : 'targets -set -filter {jtag_cable_name =~ "Platform Cable USB II 000018cd4b8001" && level==0} -index 1' command is executed.
10:34:44 INFO  : 'fpga -state' command is executed.
10:34:44 INFO  : Connected to target on host '127.0.0.1' and port '3121'.
10:34:44 INFO  : Jtag cable 'Platform Cable USB II 000018cd4b8001' is selected.
10:34:44 INFO  : 'jtag frequency' command is executed.
10:34:45 INFO  : Sourcing of 'U:/Desktop/MP-2/hw/project_1/project_1.sdk/design_1_wrapper_hw_platform_0/ps7_init.tcl' is done.
10:34:45 INFO  : Context for 'APU' is selected.
10:34:45 INFO  : 'stop' command is executed.
10:34:46 INFO  : 'ps7_init' command is executed.
10:34:46 INFO  : 'ps7_post_config' command is executed.
10:34:46 INFO  : Context for processor 'ps7_cortexa9_0' is selected.
10:34:46 INFO  : Processor reset is completed for 'ps7_cortexa9_0'.
10:34:46 INFO  : Context for processor 'ps7_cortexa9_0' is selected.
10:34:48 INFO  : The application 'U:/Desktop/MP-2/hw/project_1/project_1.sdk/MP2-TPG/Debug/MP2-TPG.elf' is downloaded to processor 'ps7_cortexa9_0'.
10:34:48 INFO  : ----------------XSDB Script----------------
connect -url tcp:127.0.0.1:3121
source U:/Desktop/MP-2/hw/project_1/project_1.sdk/design_1_wrapper_hw_platform_0/ps7_init.tcl
targets -set -nocase -filter {name =~"APU*" && jtag_cable_name =~ "Platform Cable USB II 000018cd4b8001"} -index 0
stop
ps7_init
ps7_post_config
targets -set -nocase -filter {name =~ "ARM*#0" && jtag_cable_name =~ "Platform Cable USB II 000018cd4b8001"} -index 0
rst -processor
targets -set -nocase -filter {name =~ "ARM*#0" && jtag_cable_name =~ "Platform Cable USB II 000018cd4b8001"} -index 0
dow U:/Desktop/MP-2/hw/project_1/project_1.sdk/MP2-TPG/Debug/MP2-TPG.elf
----------------End of Script----------------

10:34:48 INFO  : Memory regions updated for context APU
10:34:48 INFO  : Context for processor 'ps7_cortexa9_0' is selected.
10:34:48 INFO  : 'con' command is executed.
10:34:48 INFO  : ----------------XSDB Script (After Launch)----------------
targets -set -nocase -filter {name =~ "ARM*#0" && jtag_cable_name =~ "Platform Cable USB II 000018cd4b8001"} -index 0
con
----------------End of Script----------------

10:34:48 INFO  : Launch script is exported to file 'U:\Desktop\MP-2\hw\project_1\project_1.sdk\.sdk\launch_scripts\xilinx_c-c++_application_(system_debugger)\system_debugger_using_debug_mp2-tpg.elf_on_local.tcl'
10:35:20 INFO  : Disconnected from the channel tcfchan#2.
10:35:21 INFO  : 'targets -set -filter {jtag_cable_name =~ "Platform Cable USB II 000018cd4b8001" && level==0} -index 1' command is executed.
10:35:21 INFO  : 'fpga -state' command is executed.
10:35:21 INFO  : Connected to target on host '127.0.0.1' and port '3121'.
10:35:21 INFO  : Jtag cable 'Platform Cable USB II 000018cd4b8001' is selected.
10:35:21 INFO  : 'jtag frequency' command is executed.
10:35:21 INFO  : Sourcing of 'U:/Desktop/MP-2/hw/project_1/project_1.sdk/design_1_wrapper_hw_platform_0/ps7_init.tcl' is done.
10:35:21 INFO  : Context for 'APU' is selected.
10:35:21 INFO  : 'stop' command is executed.
10:35:22 INFO  : 'ps7_init' command is executed.
10:35:22 INFO  : 'ps7_post_config' command is executed.
10:35:22 INFO  : Context for processor 'ps7_cortexa9_0' is selected.
10:35:22 INFO  : Processor reset is completed for 'ps7_cortexa9_0'.
10:35:22 INFO  : Context for processor 'ps7_cortexa9_0' is selected.
10:35:24 INFO  : The application 'U:/Desktop/MP-2/hw/project_1/project_1.sdk/MP2-TPG/Debug/MP2-TPG.elf' is downloaded to processor 'ps7_cortexa9_0'.
10:35:24 INFO  : ----------------XSDB Script----------------
connect -url tcp:127.0.0.1:3121
source U:/Desktop/MP-2/hw/project_1/project_1.sdk/design_1_wrapper_hw_platform_0/ps7_init.tcl
targets -set -nocase -filter {name =~"APU*" && jtag_cable_name =~ "Platform Cable USB II 000018cd4b8001"} -index 0
stop
ps7_init
ps7_post_config
targets -set -nocase -filter {name =~ "ARM*#0" && jtag_cable_name =~ "Platform Cable USB II 000018cd4b8001"} -index 0
rst -processor
targets -set -nocase -filter {name =~ "ARM*#0" && jtag_cable_name =~ "Platform Cable USB II 000018cd4b8001"} -index 0
dow U:/Desktop/MP-2/hw/project_1/project_1.sdk/MP2-TPG/Debug/MP2-TPG.elf
----------------End of Script----------------

10:35:24 INFO  : Memory regions updated for context APU
10:35:25 INFO  : Context for processor 'ps7_cortexa9_0' is selected.
10:35:25 INFO  : 'con' command is executed.
10:35:25 INFO  : ----------------XSDB Script (After Launch)----------------
targets -set -nocase -filter {name =~ "ARM*#0" && jtag_cable_name =~ "Platform Cable USB II 000018cd4b8001"} -index 0
con
----------------End of Script----------------

10:35:25 INFO  : Launch script is exported to file 'U:\Desktop\MP-2\hw\project_1\project_1.sdk\.sdk\launch_scripts\xilinx_c-c++_application_(system_debugger)\system_debugger_using_debug_mp2-tpg.elf_on_local.tcl'
10:36:21 INFO  : Disconnected from the channel tcfchan#3.
10:36:33 INFO  : 'targets -set -filter {jtag_cable_name =~ "Platform Cable USB II 000018cd4b8001" && level==0} -index 1' command is executed.
10:36:33 INFO  : 'fpga -state' command is executed.
10:36:33 INFO  : Connected to target on host '127.0.0.1' and port '3121'.
10:36:33 INFO  : Jtag cable 'Platform Cable USB II 000018cd4b8001' is selected.
10:36:33 INFO  : 'jtag frequency' command is executed.
10:36:33 INFO  : Sourcing of 'U:/Desktop/MP-2/hw/project_1/project_1.sdk/design_1_wrapper_hw_platform_0/ps7_init.tcl' is done.
10:36:33 INFO  : Context for 'APU' is selected.
10:36:33 INFO  : 'stop' command is executed.
10:36:34 INFO  : 'ps7_init' command is executed.
10:36:35 INFO  : 'ps7_post_config' command is executed.
10:36:35 INFO  : Context for processor 'ps7_cortexa9_0' is selected.
10:36:35 INFO  : Processor reset is completed for 'ps7_cortexa9_0'.
10:36:35 INFO  : Context for processor 'ps7_cortexa9_0' is selected.
10:36:36 INFO  : The application 'U:/Desktop/MP-2/hw/project_1/project_1.sdk/MP2-TPG/Debug/MP2-TPG.elf' is downloaded to processor 'ps7_cortexa9_0'.
10:36:36 INFO  : ----------------XSDB Script----------------
connect -url tcp:127.0.0.1:3121
source U:/Desktop/MP-2/hw/project_1/project_1.sdk/design_1_wrapper_hw_platform_0/ps7_init.tcl
targets -set -nocase -filter {name =~"APU*" && jtag_cable_name =~ "Platform Cable USB II 000018cd4b8001"} -index 0
stop
ps7_init
ps7_post_config
targets -set -nocase -filter {name =~ "ARM*#0" && jtag_cable_name =~ "Platform Cable USB II 000018cd4b8001"} -index 0
rst -processor
targets -set -nocase -filter {name =~ "ARM*#0" && jtag_cable_name =~ "Platform Cable USB II 000018cd4b8001"} -index 0
dow U:/Desktop/MP-2/hw/project_1/project_1.sdk/MP2-TPG/Debug/MP2-TPG.elf
----------------End of Script----------------

10:36:36 INFO  : Memory regions updated for context APU
10:36:37 INFO  : Context for processor 'ps7_cortexa9_0' is selected.
10:36:37 INFO  : 'con' command is executed.
10:36:37 INFO  : ----------------XSDB Script (After Launch)----------------
targets -set -nocase -filter {name =~ "ARM*#0" && jtag_cable_name =~ "Platform Cable USB II 000018cd4b8001"} -index 0
con
----------------End of Script----------------

10:36:37 INFO  : Launch script is exported to file 'U:\Desktop\MP-2\hw\project_1\project_1.sdk\.sdk\launch_scripts\xilinx_c-c++_application_(system_debugger)\system_debugger_using_debug_mp2-tpg.elf_on_local.tcl'
10:36:47 INFO  : Disconnected from the channel tcfchan#4.
10:37:20 INFO  : Connected to target on host '127.0.0.1' and port '3121'.
10:37:20 INFO  : 'targets -set -filter {jtag_cable_name =~ "Platform Cable USB II 000018cd4b8001" && level==0} -index 1' command is executed.
10:37:32 INFO  : FPGA configured successfully with bitstream "U:/Desktop/MP-2/hw/project_1/project_1.sdk/design_1_wrapper_hw_platform_0/design_1_wrapper.bit"
10:37:43 INFO  : 'targets -set -filter {jtag_cable_name =~ "Platform Cable USB II 000018cd4b8001" && level==0} -index 1' command is executed.
10:37:43 INFO  : 'fpga -state' command is executed.
10:37:43 INFO  : Connected to target on host '127.0.0.1' and port '3121'.
10:37:43 INFO  : Jtag cable 'Platform Cable USB II 000018cd4b8001' is selected.
10:37:43 INFO  : 'jtag frequency' command is executed.
10:37:43 INFO  : Sourcing of 'U:/Desktop/MP-2/hw/project_1/project_1.sdk/design_1_wrapper_hw_platform_0/ps7_init.tcl' is done.
10:37:43 INFO  : Context for 'APU' is selected.
10:37:43 INFO  : 'stop' command is executed.
10:37:44 INFO  : 'ps7_init' command is executed.
10:37:44 INFO  : 'ps7_post_config' command is executed.
10:37:44 INFO  : Context for processor 'ps7_cortexa9_0' is selected.
10:37:44 INFO  : Processor reset is completed for 'ps7_cortexa9_0'.
10:37:44 INFO  : Context for processor 'ps7_cortexa9_0' is selected.
10:37:46 INFO  : The application 'U:/Desktop/MP-2/hw/project_1/project_1.sdk/MP2-TPG/Debug/MP2-TPG.elf' is downloaded to processor 'ps7_cortexa9_0'.
10:37:46 INFO  : ----------------XSDB Script----------------
connect -url tcp:127.0.0.1:3121
source U:/Desktop/MP-2/hw/project_1/project_1.sdk/design_1_wrapper_hw_platform_0/ps7_init.tcl
targets -set -nocase -filter {name =~"APU*" && jtag_cable_name =~ "Platform Cable USB II 000018cd4b8001"} -index 0
stop
ps7_init
ps7_post_config
targets -set -nocase -filter {name =~ "ARM*#0" && jtag_cable_name =~ "Platform Cable USB II 000018cd4b8001"} -index 0
rst -processor
targets -set -nocase -filter {name =~ "ARM*#0" && jtag_cable_name =~ "Platform Cable USB II 000018cd4b8001"} -index 0
dow U:/Desktop/MP-2/hw/project_1/project_1.sdk/MP2-TPG/Debug/MP2-TPG.elf
----------------End of Script----------------

10:37:46 INFO  : Memory regions updated for context APU
10:37:46 INFO  : Context for processor 'ps7_cortexa9_0' is selected.
10:37:46 INFO  : 'con' command is executed.
10:37:46 INFO  : ----------------XSDB Script (After Launch)----------------
targets -set -nocase -filter {name =~ "ARM*#0" && jtag_cable_name =~ "Platform Cable USB II 000018cd4b8001"} -index 0
con
----------------End of Script----------------

10:37:46 INFO  : Launch script is exported to file 'U:\Desktop\MP-2\hw\project_1\project_1.sdk\.sdk\launch_scripts\xilinx_c-c++_application_(system_debugger)\system_debugger_using_debug_mp2-tpg.elf_on_local.tcl'
11:46:12 INFO  : Disconnected from the channel tcfchan#5.
11:46:37 INFO  : Registering command handlers for SDK TCF services
11:46:37 INFO  : Launching XSCT server: xsct.bat -interactive U:\Desktop\MP-2\hw\project_1\project_1.sdk\temp_xsdb_launch_script.tcl
11:46:38 INFO  : XSCT server has started successfully.
11:46:38 INFO  : Successfully done setting XSCT server connection channel  
11:46:39 INFO  : Successfully done setting SDK workspace  
11:46:39 INFO  : Restoring local repository preferences: 
		 U:\Desktop\MP-2\sw\ip_repo_sw
11:46:39 INFO  : Processing command line option -hwspec U:/Desktop/MP-2/hw/project_1/project_1.sdk/design_1_wrapper.hdf.
11:46:39 INFO  : Checking for hwspec changes in the project design_1_wrapper_hw_platform_0.
11:46:43 INFO  : SDK has detected change in the last modified timestamps for source hardware specification file Source:1520012733715,  Project:1520006120391
11:46:43 INFO  : The hardware specification for project 'design_1_wrapper_hw_platform_0' is different from U:/Desktop/MP-2/hw/project_1/project_1.sdk/design_1_wrapper.hdf.
11:46:43 INFO  : Copied contents of U:/Desktop/MP-2/hw/project_1/project_1.sdk/design_1_wrapper.hdf into \design_1_wrapper_hw_platform_0\system.hdf.
11:46:49 INFO  : Synchronizing projects in the workspace with the hardware platform specification changes.
11:47:25 INFO  : 
11:47:26 INFO  : Updating hardware inferred compiler options for MP2-TPG.
11:47:26 INFO  : Clearing existing target manager status.
11:48:00 ERROR : Unexpected error while parsing XMD response ?: com.google.gson.JsonSyntaxException: com.google.gson.stream.MalformedJsonException: invalid number or unquoted string near 
11:48:15 INFO  : Registering command handlers for SDK TCF services
11:48:15 INFO  : Launching XSCT server: xsct.bat -interactive U:\Desktop\MP-2\hw\project_1\project_1.sdk\temp_xsdb_launch_script.tcl
11:48:16 INFO  : XSCT server has started successfully.
11:48:16 INFO  : Successfully done setting XSCT server connection channel  
11:48:17 INFO  : Successfully done setting SDK workspace  
11:48:17 INFO  : Restoring local repository preferences: 
		 U:\Desktop\MP-2\sw\ip_repo_sw
11:48:17 INFO  : Processing command line option -hwspec U:/Desktop/MP-2/hw/project_1/project_1.sdk/design_1_wrapper.hdf.
11:48:17 INFO  : Checking for hwspec changes in the project design_1_wrapper_hw_platform_0.
11:53:38 INFO  : Connected to target on host '127.0.0.1' and port '3121'.
11:53:38 INFO  : 'targets -set -filter {jtag_cable_name =~ "Platform Cable USB II 000018cd4b8001" && level==0} -index 1' command is executed.
11:53:49 INFO  : FPGA configured successfully with bitstream "U:/Desktop/MP-2/hw/project_1/project_1.sdk/design_1_wrapper_hw_platform_0/design_1_wrapper.bit"
11:53:59 INFO  : 'targets -set -filter {jtag_cable_name =~ "Platform Cable USB II 000018cd4b8001" && level==0} -index 1' command is executed.
11:53:59 INFO  : 'fpga -state' command is executed.
11:53:59 INFO  : Connected to target on host '127.0.0.1' and port '3121'.
11:54:00 INFO  : Jtag cable 'Platform Cable USB II 000018cd4b8001' is selected.
11:54:00 INFO  : 'jtag frequency' command is executed.
11:54:00 INFO  : Sourcing of 'U:/Desktop/MP-2/hw/project_1/project_1.sdk/design_1_wrapper_hw_platform_0/ps7_init.tcl' is done.
11:54:00 INFO  : Context for 'APU' is selected.
11:54:00 INFO  : 'stop' command is executed.
11:54:01 INFO  : 'ps7_init' command is executed.
11:54:01 INFO  : 'ps7_post_config' command is executed.
11:54:01 INFO  : Context for processor 'ps7_cortexa9_0' is selected.
11:54:01 INFO  : Processor reset is completed for 'ps7_cortexa9_0'.
11:54:01 INFO  : Context for processor 'ps7_cortexa9_0' is selected.
11:54:03 INFO  : The application 'U:/Desktop/MP-2/hw/project_1/project_1.sdk/MP2-TPG/Debug/MP2-TPG.elf' is downloaded to processor 'ps7_cortexa9_0'.
11:54:03 INFO  : ----------------XSDB Script----------------
connect -url tcp:127.0.0.1:3121
source U:/Desktop/MP-2/hw/project_1/project_1.sdk/design_1_wrapper_hw_platform_0/ps7_init.tcl
targets -set -nocase -filter {name =~"APU*" && jtag_cable_name =~ "Platform Cable USB II 000018cd4b8001"} -index 0
stop
ps7_init
ps7_post_config
targets -set -nocase -filter {name =~ "ARM*#0" && jtag_cable_name =~ "Platform Cable USB II 000018cd4b8001"} -index 0
rst -processor
targets -set -nocase -filter {name =~ "ARM*#0" && jtag_cable_name =~ "Platform Cable USB II 000018cd4b8001"} -index 0
dow U:/Desktop/MP-2/hw/project_1/project_1.sdk/MP2-TPG/Debug/MP2-TPG.elf
----------------End of Script----------------

11:54:03 INFO  : Memory regions updated for context APU
11:54:03 INFO  : Context for processor 'ps7_cortexa9_0' is selected.
11:54:03 INFO  : 'con' command is executed.
11:54:03 INFO  : ----------------XSDB Script (After Launch)----------------
targets -set -nocase -filter {name =~ "ARM*#0" && jtag_cable_name =~ "Platform Cable USB II 000018cd4b8001"} -index 0
con
----------------End of Script----------------

11:54:03 INFO  : Launch script is exported to file 'U:\Desktop\MP-2\hw\project_1\project_1.sdk\.sdk\launch_scripts\xilinx_c-c++_application_(system_debugger)\system_debugger_using_debug_mp2-tpg.elf_on_local.tcl'
11:56:12 INFO  : Connected to target on host '127.0.0.1' and port '3121'.
11:56:12 INFO  : 'targets -set -filter {jtag_cable_name =~ "Platform Cable USB II 000018cd4b8001" && level==0} -index 1' command is executed.
11:56:23 INFO  : FPGA configured successfully with bitstream "U:/Desktop/MP-2/hw/project_1/project_1.sdk/design_1_wrapper_hw_platform_0/design_1_wrapper.bit"
11:57:00 INFO  : Disconnected from the channel tcfchan#1.
11:57:01 INFO  : 'targets -set -filter {jtag_cable_name =~ "Platform Cable USB II 000018cd4b8001" && level==0} -index 1' command is executed.
11:57:01 INFO  : 'fpga -state' command is executed.
11:57:01 INFO  : Connected to target on host '127.0.0.1' and port '3121'.
11:57:02 INFO  : Jtag cable 'Platform Cable USB II 000018cd4b8001' is selected.
11:57:02 INFO  : 'jtag frequency' command is executed.
11:57:02 INFO  : Sourcing of 'U:/Desktop/MP-2/hw/project_1/project_1.sdk/design_1_wrapper_hw_platform_0/ps7_init.tcl' is done.
11:57:02 INFO  : Context for 'APU' is selected.
11:57:02 INFO  : 'stop' command is executed.
11:57:03 INFO  : 'ps7_init' command is executed.
11:57:03 INFO  : 'ps7_post_config' command is executed.
11:57:03 INFO  : Context for processor 'ps7_cortexa9_0' is selected.
11:57:03 INFO  : Processor reset is completed for 'ps7_cortexa9_0'.
11:57:03 INFO  : Context for processor 'ps7_cortexa9_0' is selected.
11:57:04 INFO  : The application 'U:/Desktop/MP-2/hw/project_1/project_1.sdk/MP2-TPG/Debug/MP2-TPG.elf' is downloaded to processor 'ps7_cortexa9_0'.
11:57:05 INFO  : ----------------XSDB Script----------------
connect -url tcp:127.0.0.1:3121
source U:/Desktop/MP-2/hw/project_1/project_1.sdk/design_1_wrapper_hw_platform_0/ps7_init.tcl
targets -set -nocase -filter {name =~"APU*" && jtag_cable_name =~ "Platform Cable USB II 000018cd4b8001"} -index 0
stop
ps7_init
ps7_post_config
targets -set -nocase -filter {name =~ "ARM*#0" && jtag_cable_name =~ "Platform Cable USB II 000018cd4b8001"} -index 0
rst -processor
targets -set -nocase -filter {name =~ "ARM*#0" && jtag_cable_name =~ "Platform Cable USB II 000018cd4b8001"} -index 0
dow U:/Desktop/MP-2/hw/project_1/project_1.sdk/MP2-TPG/Debug/MP2-TPG.elf
----------------End of Script----------------

11:57:05 INFO  : Memory regions updated for context APU
11:57:05 INFO  : Context for processor 'ps7_cortexa9_0' is selected.
11:57:05 INFO  : 'con' command is executed.
11:57:05 INFO  : ----------------XSDB Script (After Launch)----------------
targets -set -nocase -filter {name =~ "ARM*#0" && jtag_cable_name =~ "Platform Cable USB II 000018cd4b8001"} -index 0
con
----------------End of Script----------------

11:57:05 INFO  : Launch script is exported to file 'U:\Desktop\MP-2\hw\project_1\project_1.sdk\.sdk\launch_scripts\xilinx_c-c++_application_(system_debugger)\system_debugger_using_debug_mp2-tpg.elf_on_local.tcl'
11:58:35 INFO  : Disconnected from the channel tcfchan#2.
13:43:23 INFO  : Registering command handlers for SDK TCF services
13:43:23 INFO  : Launching XSCT server: xsct.bat -interactive U:\Desktop\MP-2\hw\project_1\project_1.sdk\temp_xsdb_launch_script.tcl
13:43:25 INFO  : XSCT server has started successfully.
13:43:27 INFO  : Successfully done setting XSCT server connection channel  
13:43:27 INFO  : Restoring local repository preferences: 
		 U:\Desktop\MP-2\sw\ip_repo_sw
13:43:27 INFO  : Successfully done setting SDK workspace  
13:43:27 INFO  : Processing command line option -hwspec U:/Desktop/MP-2/hw/project_1/project_1.sdk/design_1_wrapper.hdf.
13:43:27 INFO  : Checking for hwspec changes in the project design_1_wrapper_hw_platform_0.
