
*** Running vivado
    with args -log MP4_design1_auto_pc_1.vds -m64 -product Vivado -mode batch -messageDb vivado.pb -notrace -source MP4_design1_auto_pc_1.tcl



****** Vivado v2017.1_sdx (64-bit)
  **** SW Build 1915620 on Thu Jun 22 17:54:58 MDT 2017
  **** IP Build 1908669 on Thu Jun 22 19:20:41 MDT 2017
    ** Copyright 1986-2017 Xilinx, Inc. All Rights Reserved.

INFO: [Common 17-1460] Use of init.tcl in C:/Xilinx/SDx/2017.1/Vivado/scripts/init.tcl is deprecated. Please use Vivado_init.tcl 
Sourcing tcl script 'C:/Xilinx/SDx/2017.1/Vivado/scripts/init.tcl'
16 Beta devices matching pattern found, 0 enabled.
Loaded SDSoC Platform Tcl Library
source MP4_design1_auto_pc_1.tcl -notrace
Starting RTL Elaboration : Time (s): cpu = 00:00:05 ; elapsed = 00:00:05 . Memory (MB): peak = 332.332 ; gain = 83.277
INFO: [Synth 8-638] synthesizing module 'MP4_design1_auto_pc_1' [c:/Cpre488/MP-4/MP-4.srcs/sources_1/bd/MP4_design1/ip/MP4_design1_auto_pc_1/synth/MP4_design1_auto_pc_1.v:58]
INFO: [Synth 8-638] synthesizing module 'axi_protocol_converter_v2_1_12_axi_protocol_converter' [c:/Cpre488/MP-4/MP-4.srcs/sources_1/bd/MP4_design1/ipshared/138d/hdl/axi_protocol_converter_v2_1_vl_rfs.v:4811]
INFO: [Synth 8-638] synthesizing module 'axi_protocol_converter_v2_1_12_b2s' [c:/Cpre488/MP-4/MP-4.srcs/sources_1/bd/MP4_design1/ipshared/138d/hdl/axi_protocol_converter_v2_1_vl_rfs.v:4229]
INFO: [Synth 8-638] synthesizing module 'axi_protocol_converter_v2_1_12_b2s_aw_channel' [c:/Cpre488/MP-4/MP-4.srcs/sources_1/bd/MP4_design1/ipshared/138d/hdl/axi_protocol_converter_v2_1_vl_rfs.v:3974]
INFO: [Synth 8-638] synthesizing module 'axi_protocol_converter_v2_1_12_b2s_cmd_translator' [c:/Cpre488/MP-4/MP-4.srcs/sources_1/bd/MP4_design1/ipshared/138d/hdl/axi_protocol_converter_v2_1_vl_rfs.v:3467]
INFO: [Synth 8-638] synthesizing module 'axi_protocol_converter_v2_1_12_b2s_incr_cmd' [c:/Cpre488/MP-4/MP-4.srcs/sources_1/bd/MP4_design1/ipshared/138d/hdl/axi_protocol_converter_v2_1_vl_rfs.v:3093]
INFO: [Synth 8-256] done synthesizing module 'axi_protocol_converter_v2_1_12_b2s_incr_cmd' (1#1) [c:/Cpre488/MP-4/MP-4.srcs/sources_1/bd/MP4_design1/ipshared/138d/hdl/axi_protocol_converter_v2_1_vl_rfs.v:3093]
INFO: [Synth 8-638] synthesizing module 'axi_protocol_converter_v2_1_12_b2s_wrap_cmd' [c:/Cpre488/MP-4/MP-4.srcs/sources_1/bd/MP4_design1/ipshared/138d/hdl/axi_protocol_converter_v2_1_vl_rfs.v:2903]
INFO: [Synth 8-256] done synthesizing module 'axi_protocol_converter_v2_1_12_b2s_wrap_cmd' (2#1) [c:/Cpre488/MP-4/MP-4.srcs/sources_1/bd/MP4_design1/ipshared/138d/hdl/axi_protocol_converter_v2_1_vl_rfs.v:2903]
INFO: [Synth 8-256] done synthesizing module 'axi_protocol_converter_v2_1_12_b2s_cmd_translator' (3#1) [c:/Cpre488/MP-4/MP-4.srcs/sources_1/bd/MP4_design1/ipshared/138d/hdl/axi_protocol_converter_v2_1_vl_rfs.v:3467]
INFO: [Synth 8-638] synthesizing module 'axi_protocol_converter_v2_1_12_b2s_wr_cmd_fsm' [c:/Cpre488/MP-4/MP-4.srcs/sources_1/bd/MP4_design1/ipshared/138d/hdl/axi_protocol_converter_v2_1_vl_rfs.v:3225]
INFO: [Synth 8-256] done synthesizing module 'axi_protocol_converter_v2_1_12_b2s_wr_cmd_fsm' (4#1) [c:/Cpre488/MP-4/MP-4.srcs/sources_1/bd/MP4_design1/ipshared/138d/hdl/axi_protocol_converter_v2_1_vl_rfs.v:3225]
INFO: [Synth 8-256] done synthesizing module 'axi_protocol_converter_v2_1_12_b2s_aw_channel' (5#1) [c:/Cpre488/MP-4/MP-4.srcs/sources_1/bd/MP4_design1/ipshared/138d/hdl/axi_protocol_converter_v2_1_vl_rfs.v:3974]
INFO: [Synth 8-638] synthesizing module 'axi_protocol_converter_v2_1_12_b2s_b_channel' [c:/Cpre488/MP-4/MP-4.srcs/sources_1/bd/MP4_design1/ipshared/138d/hdl/axi_protocol_converter_v2_1_vl_rfs.v:3609]
INFO: [Synth 8-638] synthesizing module 'axi_protocol_converter_v2_1_12_b2s_simple_fifo' [c:/Cpre488/MP-4/MP-4.srcs/sources_1/bd/MP4_design1/ipshared/138d/hdl/axi_protocol_converter_v2_1_vl_rfs.v:2816]
INFO: [Synth 8-256] done synthesizing module 'axi_protocol_converter_v2_1_12_b2s_simple_fifo' (6#1) [c:/Cpre488/MP-4/MP-4.srcs/sources_1/bd/MP4_design1/ipshared/138d/hdl/axi_protocol_converter_v2_1_vl_rfs.v:2816]
INFO: [Synth 8-638] synthesizing module 'axi_protocol_converter_v2_1_12_b2s_simple_fifo__parameterized0' [c:/Cpre488/MP-4/MP-4.srcs/sources_1/bd/MP4_design1/ipshared/138d/hdl/axi_protocol_converter_v2_1_vl_rfs.v:2816]
INFO: [Synth 8-256] done synthesizing module 'axi_protocol_converter_v2_1_12_b2s_simple_fifo__parameterized0' (6#1) [c:/Cpre488/MP-4/MP-4.srcs/sources_1/bd/MP4_design1/ipshared/138d/hdl/axi_protocol_converter_v2_1_vl_rfs.v:2816]
INFO: [Synth 8-256] done synthesizing module 'axi_protocol_converter_v2_1_12_b2s_b_channel' (7#1) [c:/Cpre488/MP-4/MP-4.srcs/sources_1/bd/MP4_design1/ipshared/138d/hdl/axi_protocol_converter_v2_1_vl_rfs.v:3609]
INFO: [Synth 8-638] synthesizing module 'axi_protocol_converter_v2_1_12_b2s_ar_channel' [c:/Cpre488/MP-4/MP-4.srcs/sources_1/bd/MP4_design1/ipshared/138d/hdl/axi_protocol_converter_v2_1_vl_rfs.v:4085]
INFO: [Synth 8-638] synthesizing module 'axi_protocol_converter_v2_1_12_b2s_rd_cmd_fsm' [c:/Cpre488/MP-4/MP-4.srcs/sources_1/bd/MP4_design1/ipshared/138d/hdl/axi_protocol_converter_v2_1_vl_rfs.v:3336]
INFO: [Synth 8-256] done synthesizing module 'axi_protocol_converter_v2_1_12_b2s_rd_cmd_fsm' (8#1) [c:/Cpre488/MP-4/MP-4.srcs/sources_1/bd/MP4_design1/ipshared/138d/hdl/axi_protocol_converter_v2_1_vl_rfs.v:3336]
INFO: [Synth 8-256] done synthesizing module 'axi_protocol_converter_v2_1_12_b2s_ar_channel' (9#1) [c:/Cpre488/MP-4/MP-4.srcs/sources_1/bd/MP4_design1/ipshared/138d/hdl/axi_protocol_converter_v2_1_vl_rfs.v:4085]
INFO: [Synth 8-638] synthesizing module 'axi_protocol_converter_v2_1_12_b2s_r_channel' [c:/Cpre488/MP-4/MP-4.srcs/sources_1/bd/MP4_design1/ipshared/138d/hdl/axi_protocol_converter_v2_1_vl_rfs.v:3814]
INFO: [Synth 8-638] synthesizing module 'axi_protocol_converter_v2_1_12_b2s_simple_fifo__parameterized1' [c:/Cpre488/MP-4/MP-4.srcs/sources_1/bd/MP4_design1/ipshared/138d/hdl/axi_protocol_converter_v2_1_vl_rfs.v:2816]
INFO: [Synth 8-256] done synthesizing module 'axi_protocol_converter_v2_1_12_b2s_simple_fifo__parameterized1' (9#1) [c:/Cpre488/MP-4/MP-4.srcs/sources_1/bd/MP4_design1/ipshared/138d/hdl/axi_protocol_converter_v2_1_vl_rfs.v:2816]
INFO: [Synth 8-638] synthesizing module 'axi_protocol_converter_v2_1_12_b2s_simple_fifo__parameterized2' [c:/Cpre488/MP-4/MP-4.srcs/sources_1/bd/MP4_design1/ipshared/138d/hdl/axi_protocol_converter_v2_1_vl_rfs.v:2816]
INFO: [Synth 8-256] done synthesizing module 'axi_protocol_converter_v2_1_12_b2s_simple_fifo__parameterized2' (9#1) [c:/Cpre488/MP-4/MP-4.srcs/sources_1/bd/MP4_design1/ipshared/138d/hdl/axi_protocol_converter_v2_1_vl_rfs.v:2816]
INFO: [Synth 8-256] done synthesizing module 'axi_protocol_converter_v2_1_12_b2s_r_channel' (10#1) [c:/Cpre488/MP-4/MP-4.srcs/sources_1/bd/MP4_design1/ipshared/138d/hdl/axi_protocol_converter_v2_1_vl_rfs.v:3814]
INFO: [Synth 8-638] synthesizing module 'axi_register_slice_v2_1_12_axi_register_slice' [c:/Cpre488/MP-4/MP-4.srcs/sources_1/bd/MP4_design1/ipshared/0e33/hdl/axi_register_slice_v2_1_vl_rfs.v:791]
INFO: [Synth 8-638] synthesizing module 'axi_infrastructure_v1_1_0_axi2vector' [c:/Cpre488/MP-4/MP-4.srcs/sources_1/bd/MP4_design1/ipshared/7e3a/hdl/axi_infrastructure_v1_1_vl_rfs.v:60]
INFO: [Synth 8-256] done synthesizing module 'axi_infrastructure_v1_1_0_axi2vector' (11#1) [c:/Cpre488/MP-4/MP-4.srcs/sources_1/bd/MP4_design1/ipshared/7e3a/hdl/axi_infrastructure_v1_1_vl_rfs.v:60]
INFO: [Synth 8-638] synthesizing module 'axi_register_slice_v2_1_12_axic_register_slice' [c:/Cpre488/MP-4/MP-4.srcs/sources_1/bd/MP4_design1/ipshared/0e33/hdl/axi_register_slice_v2_1_vl_rfs.v:85]
INFO: [Synth 8-256] done synthesizing module 'axi_register_slice_v2_1_12_axic_register_slice' (12#1) [c:/Cpre488/MP-4/MP-4.srcs/sources_1/bd/MP4_design1/ipshared/0e33/hdl/axi_register_slice_v2_1_vl_rfs.v:85]
INFO: [Synth 8-638] synthesizing module 'axi_register_slice_v2_1_12_axic_register_slice__parameterized0' [c:/Cpre488/MP-4/MP-4.srcs/sources_1/bd/MP4_design1/ipshared/0e33/hdl/axi_register_slice_v2_1_vl_rfs.v:85]
INFO: [Synth 8-256] done synthesizing module 'axi_register_slice_v2_1_12_axic_register_slice__parameterized0' (12#1) [c:/Cpre488/MP-4/MP-4.srcs/sources_1/bd/MP4_design1/ipshared/0e33/hdl/axi_register_slice_v2_1_vl_rfs.v:85]
INFO: [Synth 8-638] synthesizing module 'axi_register_slice_v2_1_12_axic_register_slice__parameterized1' [c:/Cpre488/MP-4/MP-4.srcs/sources_1/bd/MP4_design1/ipshared/0e33/hdl/axi_register_slice_v2_1_vl_rfs.v:85]
INFO: [Synth 8-256] done synthesizing module 'axi_register_slice_v2_1_12_axic_register_slice__parameterized1' (12#1) [c:/Cpre488/MP-4/MP-4.srcs/sources_1/bd/MP4_design1/ipshared/0e33/hdl/axi_register_slice_v2_1_vl_rfs.v:85]
INFO: [Synth 8-638] synthesizing module 'axi_register_slice_v2_1_12_axic_register_slice__parameterized2' [c:/Cpre488/MP-4/MP-4.srcs/sources_1/bd/MP4_design1/ipshared/0e33/hdl/axi_register_slice_v2_1_vl_rfs.v:85]
INFO: [Synth 8-256] done synthesizing module 'axi_register_slice_v2_1_12_axic_register_slice__parameterized2' (12#1) [c:/Cpre488/MP-4/MP-4.srcs/sources_1/bd/MP4_design1/ipshared/0e33/hdl/axi_register_slice_v2_1_vl_rfs.v:85]
INFO: [Synth 8-638] synthesizing module 'axi_infrastructure_v1_1_0_vector2axi' [c:/Cpre488/MP-4/MP-4.srcs/sources_1/bd/MP4_design1/ipshared/7e3a/hdl/axi_infrastructure_v1_1_vl_rfs.v:474]
INFO: [Synth 8-256] done synthesizing module 'axi_infrastructure_v1_1_0_vector2axi' (13#1) [c:/Cpre488/MP-4/MP-4.srcs/sources_1/bd/MP4_design1/ipshared/7e3a/hdl/axi_infrastructure_v1_1_vl_rfs.v:474]
INFO: [Synth 8-256] done synthesizing module 'axi_register_slice_v2_1_12_axi_register_slice' (14#1) [c:/Cpre488/MP-4/MP-4.srcs/sources_1/bd/MP4_design1/ipshared/0e33/hdl/axi_register_slice_v2_1_vl_rfs.v:791]
INFO: [Synth 8-638] synthesizing module 'axi_register_slice_v2_1_12_axi_register_slice__parameterized0' [c:/Cpre488/MP-4/MP-4.srcs/sources_1/bd/MP4_design1/ipshared/0e33/hdl/axi_register_slice_v2_1_vl_rfs.v:791]
INFO: [Synth 8-638] synthesizing module 'axi_infrastructure_v1_1_0_axi2vector__parameterized0' [c:/Cpre488/MP-4/MP-4.srcs/sources_1/bd/MP4_design1/ipshared/7e3a/hdl/axi_infrastructure_v1_1_vl_rfs.v:60]
INFO: [Synth 8-256] done synthesizing module 'axi_infrastructure_v1_1_0_axi2vector__parameterized0' (14#1) [c:/Cpre488/MP-4/MP-4.srcs/sources_1/bd/MP4_design1/ipshared/7e3a/hdl/axi_infrastructure_v1_1_vl_rfs.v:60]
INFO: [Synth 8-638] synthesizing module 'axi_register_slice_v2_1_12_axic_register_slice__parameterized3' [c:/Cpre488/MP-4/MP-4.srcs/sources_1/bd/MP4_design1/ipshared/0e33/hdl/axi_register_slice_v2_1_vl_rfs.v:85]
INFO: [Synth 8-256] done synthesizing module 'axi_register_slice_v2_1_12_axic_register_slice__parameterized3' (14#1) [c:/Cpre488/MP-4/MP-4.srcs/sources_1/bd/MP4_design1/ipshared/0e33/hdl/axi_register_slice_v2_1_vl_rfs.v:85]
INFO: [Synth 8-638] synthesizing module 'axi_register_slice_v2_1_12_axic_register_slice__parameterized4' [c:/Cpre488/MP-4/MP-4.srcs/sources_1/bd/MP4_design1/ipshared/0e33/hdl/axi_register_slice_v2_1_vl_rfs.v:85]
INFO: [Synth 8-256] done synthesizing module 'axi_register_slice_v2_1_12_axic_register_slice__parameterized4' (14#1) [c:/Cpre488/MP-4/MP-4.srcs/sources_1/bd/MP4_design1/ipshared/0e33/hdl/axi_register_slice_v2_1_vl_rfs.v:85]
INFO: [Synth 8-638] synthesizing module 'axi_register_slice_v2_1_12_axic_register_slice__parameterized5' [c:/Cpre488/MP-4/MP-4.srcs/sources_1/bd/MP4_design1/ipshared/0e33/hdl/axi_register_slice_v2_1_vl_rfs.v:85]
INFO: [Synth 8-256] done synthesizing module 'axi_register_slice_v2_1_12_axic_register_slice__parameterized5' (14#1) [c:/Cpre488/MP-4/MP-4.srcs/sources_1/bd/MP4_design1/ipshared/0e33/hdl/axi_register_slice_v2_1_vl_rfs.v:85]
INFO: [Synth 8-638] synthesizing module 'axi_register_slice_v2_1_12_axic_register_slice__parameterized6' [c:/Cpre488/MP-4/MP-4.srcs/sources_1/bd/MP4_design1/ipshared/0e33/hdl/axi_register_slice_v2_1_vl_rfs.v:85]
INFO: [Synth 8-256] done synthesizing module 'axi_register_slice_v2_1_12_axic_register_slice__parameterized6' (14#1) [c:/Cpre488/MP-4/MP-4.srcs/sources_1/bd/MP4_design1/ipshared/0e33/hdl/axi_register_slice_v2_1_vl_rfs.v:85]
INFO: [Synth 8-638] synthesizing module 'axi_infrastructure_v1_1_0_vector2axi__parameterized0' [c:/Cpre488/MP-4/MP-4.srcs/sources_1/bd/MP4_design1/ipshared/7e3a/hdl/axi_infrastructure_v1_1_vl_rfs.v:474]
INFO: [Synth 8-256] done synthesizing module 'axi_infrastructure_v1_1_0_vector2axi__parameterized0' (14#1) [c:/Cpre488/MP-4/MP-4.srcs/sources_1/bd/MP4_design1/ipshared/7e3a/hdl/axi_infrastructure_v1_1_vl_rfs.v:474]
INFO: [Synth 8-256] done synthesizing module 'axi_register_slice_v2_1_12_axi_register_slice__parameterized0' (14#1) [c:/Cpre488/MP-4/MP-4.srcs/sources_1/bd/MP4_design1/ipshared/0e33/hdl/axi_register_slice_v2_1_vl_rfs.v:791]
INFO: [Synth 8-256] done synthesizing module 'axi_protocol_converter_v2_1_12_b2s' (15#1) [c:/Cpre488/MP-4/MP-4.srcs/sources_1/bd/MP4_design1/ipshared/138d/hdl/axi_protocol_converter_v2_1_vl_rfs.v:4229]
INFO: [Synth 8-256] done synthesizing module 'axi_protocol_converter_v2_1_12_axi_protocol_converter' (16#1) [c:/Cpre488/MP-4/MP-4.srcs/sources_1/bd/MP4_design1/ipshared/138d/hdl/axi_protocol_converter_v2_1_vl_rfs.v:4811]
INFO: [Synth 8-256] done synthesizing module 'MP4_design1_auto_pc_1' (17#1) [c:/Cpre488/MP-4/MP-4.srcs/sources_1/bd/MP4_design1/ip/MP4_design1_auto_pc_1/synth/MP4_design1_auto_pc_1.v:58]
Finished RTL Elaboration : Time (s): cpu = 00:00:34 ; elapsed = 00:00:34 . Memory (MB): peak = 452.355 ; gain = 203.301
Finished RTL Optimization Phase 1 : Time (s): cpu = 00:00:34 ; elapsed = 00:00:34 . Memory (MB): peak = 452.355 ; gain = 203.301
INFO: [Device 21-403] Loading part xc7z020clg484-1
Constraint Validation Runtime : Time (s): cpu = 00:00:00 ; elapsed = 00:00:00.051 . Memory (MB): peak = 702.656 ; gain = 0.000
Finished Constraint Validation : Time (s): cpu = 00:00:42 ; elapsed = 00:00:42 . Memory (MB): peak = 702.656 ; gain = 453.602
Finished Loading Part and Timing Information : Time (s): cpu = 00:00:42 ; elapsed = 00:00:42 . Memory (MB): peak = 702.656 ; gain = 453.602
Finished applying 'set_property' XDC Constraints : Time (s): cpu = 00:00:42 ; elapsed = 00:00:42 . Memory (MB): peak = 702.656 ; gain = 453.602
Finished RTL Optimization Phase 2 : Time (s): cpu = 00:00:42 ; elapsed = 00:00:43 . Memory (MB): peak = 702.656 ; gain = 453.602
Finished Cross Boundary and Area Optimization : Time (s): cpu = 00:00:44 ; elapsed = 00:00:44 . Memory (MB): peak = 702.656 ; gain = 453.602
Finished Applying XDC Timing Constraints : Time (s): cpu = 00:00:53 ; elapsed = 00:00:54 . Memory (MB): peak = 702.656 ; gain = 453.602
Finished Timing Optimization : Time (s): cpu = 00:00:55 ; elapsed = 00:00:55 . Memory (MB): peak = 717.906 ; gain = 468.852
Finished Technology Mapping : Time (s): cpu = 00:00:55 ; elapsed = 00:00:56 . Memory (MB): peak = 717.906 ; gain = 468.852
Finished IO Insertion : Time (s): cpu = 00:00:56 ; elapsed = 00:00:56 . Memory (MB): peak = 717.906 ; gain = 468.852
Finished Renaming Generated Instances : Time (s): cpu = 00:00:56 ; elapsed = 00:00:56 . Memory (MB): peak = 717.906 ; gain = 468.852
Finished Rebuilding User Hierarchy : Time (s): cpu = 00:00:56 ; elapsed = 00:00:56 . Memory (MB): peak = 717.906 ; gain = 468.852
Finished Renaming Generated Ports : Time (s): cpu = 00:00:56 ; elapsed = 00:00:56 . Memory (MB): peak = 717.906 ; gain = 468.852
Finished Handling Custom Attributes : Time (s): cpu = 00:00:56 ; elapsed = 00:00:57 . Memory (MB): peak = 717.906 ; gain = 468.852
Finished Renaming Generated Nets : Time (s): cpu = 00:00:56 ; elapsed = 00:00:57 . Memory (MB): peak = 717.906 ; gain = 468.852

Report Cell Usage: 
+------+--------+------+
|      |Cell    |Count |
+------+--------+------+
|1     |CARRY4  |    18|
|2     |LUT1    |    53|
|3     |LUT2    |    21|
|4     |LUT3    |   252|
|5     |LUT4    |    41|
|6     |LUT5    |    59|
|7     |LUT6    |   114|
|8     |SRL16E  |    22|
|9     |SRLC32E |    47|
|10    |FDRE    |   570|
|11    |FDSE    |    49|
+------+--------+------+
Finished Writing Synthesis Report : Time (s): cpu = 00:00:56 ; elapsed = 00:00:57 . Memory (MB): peak = 717.906 ; gain = 468.852
synth_design: Time (s): cpu = 00:00:57 ; elapsed = 00:00:58 . Memory (MB): peak = 717.906 ; gain = 468.852
