
*** Running vivado
    with args -log MP0_design_1_axi_vdma_0_0.vds -m64 -product Vivado -mode batch -messageDb vivado.pb -notrace -source MP0_design_1_axi_vdma_0_0.tcl



****** Vivado v2017.1_sdx (64-bit)
  **** SW Build 1915620 on Thu Jun 22 17:54:58 MDT 2017
  **** IP Build 1908669 on Thu Jun 22 19:20:41 MDT 2017
    ** Copyright 1986-2017 Xilinx, Inc. All Rights Reserved.

INFO: [Common 17-1460] Use of init.tcl in C:/Xilinx/SDx/2017.1/Vivado/scripts/init.tcl is deprecated. Please use Vivado_init.tcl 
Sourcing tcl script 'C:/Xilinx/SDx/2017.1/Vivado/scripts/init.tcl'
16 Beta devices matching pattern found, 0 enabled.
Loaded SDSoC Platform Tcl Library
source MP0_design_1_axi_vdma_0_0.tcl -notrace
Starting RTL Elaboration : Time (s): cpu = 00:00:06 ; elapsed = 00:00:13 . Memory (MB): peak = 334.965 ; gain = 83.426
INFO: [Synth 8-638] synthesizing module 'MP0_design_1_axi_vdma_0_0' [u:/CPR E 488 git/MP-0/MP-0.srcs/sources_1/bd/MP0_design_1/ip/MP0_design_1_axi_vdma_0_0/synth/MP0_design_1_axi_vdma_0_0.vhd:131]
INFO: [Synth 8-638] synthesizing module 'axi_vdma' [u:/CPR E 488 git/MP-0/MP-0.srcs/sources_1/bd/MP0_design_1/ipshared/47ae/hdl/axi_vdma_v6_3_rfs.vhd:69480]
INFO: [Synth 8-638] synthesizing module 'axi_vdma_rst_module' [u:/CPR E 488 git/MP-0/MP-0.srcs/sources_1/bd/MP0_design_1/ipshared/47ae/hdl/axi_vdma_v6_3_rfs.vhd:16457]
INFO: [Synth 8-638] synthesizing module 'axi_vdma_reset' [u:/CPR E 488 git/MP-0/MP-0.srcs/sources_1/bd/MP0_design_1/ipshared/47ae/hdl/axi_vdma_v6_3_rfs.vhd:14862]
INFO: [Synth 8-256] done synthesizing module 'axi_vdma_reset' (1#1) [u:/CPR E 488 git/MP-0/MP-0.srcs/sources_1/bd/MP0_design_1/ipshared/47ae/hdl/axi_vdma_v6_3_rfs.vhd:14862]
INFO: [Synth 8-256] done synthesizing module 'axi_vdma_rst_module' (2#1) [u:/CPR E 488 git/MP-0/MP-0.srcs/sources_1/bd/MP0_design_1/ipshared/47ae/hdl/axi_vdma_v6_3_rfs.vhd:16457]
INFO: [Synth 8-638] synthesizing module 'axi_vdma_reg_if' [u:/CPR E 488 git/MP-0/MP-0.srcs/sources_1/bd/MP0_design_1/ipshared/47ae/hdl/axi_vdma_v6_3_rfs.vhd:39644]
INFO: [Synth 8-638] synthesizing module 'axi_vdma_lite_if' [u:/CPR E 488 git/MP-0/MP-0.srcs/sources_1/bd/MP0_design_1/ipshared/47ae/hdl/axi_vdma_v6_3_rfs.vhd:16952]
INFO: [Synth 8-256] done synthesizing module 'axi_vdma_lite_if' (3#1) [u:/CPR E 488 git/MP-0/MP-0.srcs/sources_1/bd/MP0_design_1/ipshared/47ae/hdl/axi_vdma_v6_3_rfs.vhd:16952]
INFO: [Synth 8-256] done synthesizing module 'axi_vdma_reg_if' (4#1) [u:/CPR E 488 git/MP-0/MP-0.srcs/sources_1/bd/MP0_design_1/ipshared/47ae/hdl/axi_vdma_v6_3_rfs.vhd:39644]
INFO: [Synth 8-638] synthesizing module 'axi_vdma_intrpt' [u:/CPR E 488 git/MP-0/MP-0.srcs/sources_1/bd/MP0_design_1/ipshared/47ae/hdl/axi_vdma_v6_3_rfs.vhd:40370]
INFO: [Synth 8-256] done synthesizing module 'axi_vdma_intrpt' (5#1) [u:/CPR E 488 git/MP-0/MP-0.srcs/sources_1/bd/MP0_design_1/ipshared/47ae/hdl/axi_vdma_v6_3_rfs.vhd:40370]
INFO: [Synth 8-638] synthesizing module 'axi_vdma_reg_module' [u:/CPR E 488 git/MP-0/MP-0.srcs/sources_1/bd/MP0_design_1/ipshared/47ae/hdl/axi_vdma_v6_3_rfs.vhd:38829]
INFO: [Synth 8-638] synthesizing module 'axi_vdma_register' [u:/CPR E 488 git/MP-0/MP-0.srcs/sources_1/bd/MP0_design_1/ipshared/47ae/hdl/axi_vdma_v6_3_rfs.vhd:18712]
INFO: [Synth 8-256] done synthesizing module 'axi_vdma_register' (6#1) [u:/CPR E 488 git/MP-0/MP-0.srcs/sources_1/bd/MP0_design_1/ipshared/47ae/hdl/axi_vdma_v6_3_rfs.vhd:18712]
INFO: [Synth 8-638] synthesizing module 'axi_vdma_regdirect' [u:/CPR E 488 git/MP-0/MP-0.srcs/sources_1/bd/MP0_design_1/ipshared/47ae/hdl/axi_vdma_v6_3_rfs.vhd:20526]
INFO: [Synth 8-256] done synthesizing module 'axi_vdma_regdirect' (7#1) [u:/CPR E 488 git/MP-0/MP-0.srcs/sources_1/bd/MP0_design_1/ipshared/47ae/hdl/axi_vdma_v6_3_rfs.vhd:20526]
INFO: [Synth 8-638] synthesizing module 'axi_vdma_reg_mux' [u:/CPR E 488 git/MP-0/MP-0.srcs/sources_1/bd/MP0_design_1/ipshared/47ae/hdl/axi_vdma_v6_3_rfs.vhd:29591]
INFO: [Synth 8-256] done synthesizing module 'axi_vdma_reg_mux' (8#1) [u:/CPR E 488 git/MP-0/MP-0.srcs/sources_1/bd/MP0_design_1/ipshared/47ae/hdl/axi_vdma_v6_3_rfs.vhd:29591]
INFO: [Synth 8-256] done synthesizing module 'axi_vdma_reg_module' (9#1) [u:/CPR E 488 git/MP-0/MP-0.srcs/sources_1/bd/MP0_design_1/ipshared/47ae/hdl/axi_vdma_v6_3_rfs.vhd:38829]
INFO: [Synth 8-638] synthesizing module 'axi_vdma_mngr' [u:/CPR E 488 git/MP-0/MP-0.srcs/sources_1/bd/MP0_design_1/ipshared/47ae/hdl/axi_vdma_v6_3_rfs.vhd:63815]
INFO: [Synth 8-638] synthesizing module 'axi_vdma_sm' [u:/CPR E 488 git/MP-0/MP-0.srcs/sources_1/bd/MP0_design_1/ipshared/47ae/hdl/axi_vdma_v6_3_rfs.vhd:61558]
INFO: [Synth 8-256] done synthesizing module 'axi_vdma_sm' (10#1) [u:/CPR E 488 git/MP-0/MP-0.srcs/sources_1/bd/MP0_design_1/ipshared/47ae/hdl/axi_vdma_v6_3_rfs.vhd:61558]
INFO: [Synth 8-638] synthesizing module 'axi_vdma_cmdsts_if' [u:/CPR E 488 git/MP-0/MP-0.srcs/sources_1/bd/MP0_design_1/ipshared/47ae/hdl/axi_vdma_v6_3_rfs.vhd:62697]
INFO: [Synth 8-256] done synthesizing module 'axi_vdma_cmdsts_if' (11#1) [u:/CPR E 488 git/MP-0/MP-0.srcs/sources_1/bd/MP0_design_1/ipshared/47ae/hdl/axi_vdma_v6_3_rfs.vhd:62697]
INFO: [Synth 8-638] synthesizing module 'axi_vdma_sts_mngr' [u:/CPR E 488 git/MP-0/MP-0.srcs/sources_1/bd/MP0_design_1/ipshared/47ae/hdl/axi_vdma_v6_3_rfs.vhd:63204]
INFO: [Synth 8-256] done synthesizing module 'axi_vdma_sts_mngr' (12#1) [u:/CPR E 488 git/MP-0/MP-0.srcs/sources_1/bd/MP0_design_1/ipshared/47ae/hdl/axi_vdma_v6_3_rfs.vhd:63204]
INFO: [Synth 8-638] synthesizing module 'axi_vdma_vidreg_module' [u:/CPR E 488 git/MP-0/MP-0.srcs/sources_1/bd/MP0_design_1/ipshared/47ae/hdl/axi_vdma_v6_3_rfs.vhd:55739]
INFO: [Synth 8-638] synthesizing module 'axi_vdma_vregister' [u:/CPR E 488 git/MP-0/MP-0.srcs/sources_1/bd/MP0_design_1/ipshared/47ae/hdl/axi_vdma_v6_3_rfs.vhd:53625]
INFO: [Synth 8-256] done synthesizing module 'axi_vdma_vregister' (13#1) [u:/CPR E 488 git/MP-0/MP-0.srcs/sources_1/bd/MP0_design_1/ipshared/47ae/hdl/axi_vdma_v6_3_rfs.vhd:53625]
INFO: [Synth 8-638] synthesizing module 'axi_vdma_vaddrreg_mux' [u:/CPR E 488 git/MP-0/MP-0.srcs/sources_1/bd/MP0_design_1/ipshared/47ae/hdl/axi_vdma_v6_3_rfs.vhd:55216]
INFO: [Synth 8-256] done synthesizing module 'axi_vdma_vaddrreg_mux' (14#1) [u:/CPR E 488 git/MP-0/MP-0.srcs/sources_1/bd/MP0_design_1/ipshared/47ae/hdl/axi_vdma_v6_3_rfs.vhd:55216]
INFO: [Synth 8-256] done synthesizing module 'axi_vdma_vidreg_module' (15#1) [u:/CPR E 488 git/MP-0/MP-0.srcs/sources_1/bd/MP0_design_1/ipshared/47ae/hdl/axi_vdma_v6_3_rfs.vhd:55739]
INFO: [Synth 8-638] synthesizing module 'axi_vdma_genlock_mngr' [u:/CPR E 488 git/MP-0/MP-0.srcs/sources_1/bd/MP0_design_1/ipshared/47ae/hdl/axi_vdma_v6_3_rfs.vhd:58282]
INFO: [Synth 8-638] synthesizing module 'axi_vdma_genlock_mux' [u:/CPR E 488 git/MP-0/MP-0.srcs/sources_1/bd/MP0_design_1/ipshared/47ae/hdl/axi_vdma_v6_3_rfs.vhd:57020]
INFO: [Synth 8-256] done synthesizing module 'axi_vdma_genlock_mux' (16#1) [u:/CPR E 488 git/MP-0/MP-0.srcs/sources_1/bd/MP0_design_1/ipshared/47ae/hdl/axi_vdma_v6_3_rfs.vhd:57020]
INFO: [Synth 8-638] synthesizing module 'axi_vdma_greycoder' [u:/CPR E 488 git/MP-0/MP-0.srcs/sources_1/bd/MP0_design_1/ipshared/47ae/hdl/axi_vdma_v6_3_rfs.vhd:57995]
INFO: [Synth 8-256] done synthesizing module 'axi_vdma_greycoder' (17#1) [u:/CPR E 488 git/MP-0/MP-0.srcs/sources_1/bd/MP0_design_1/ipshared/47ae/hdl/axi_vdma_v6_3_rfs.vhd:57995]
INFO: [Synth 8-638] synthesizing module 'axi_vdma_greycoder__parameterized0' [u:/CPR E 488 git/MP-0/MP-0.srcs/sources_1/bd/MP0_design_1/ipshared/47ae/hdl/axi_vdma_v6_3_rfs.vhd:57995]
INFO: [Synth 8-256] done synthesizing module 'axi_vdma_greycoder__parameterized0' (17#1) [u:/CPR E 488 git/MP-0/MP-0.srcs/sources_1/bd/MP0_design_1/ipshared/47ae/hdl/axi_vdma_v6_3_rfs.vhd:57995]
INFO: [Synth 8-256] done synthesizing module 'axi_vdma_genlock_mngr' (18#1) [u:/CPR E 488 git/MP-0/MP-0.srcs/sources_1/bd/MP0_design_1/ipshared/47ae/hdl/axi_vdma_v6_3_rfs.vhd:58282]
INFO: [Synth 8-256] done synthesizing module 'axi_vdma_mngr' (19#1) [u:/CPR E 488 git/MP-0/MP-0.srcs/sources_1/bd/MP0_design_1/ipshared/47ae/hdl/axi_vdma_v6_3_rfs.vhd:63815]
INFO: [Synth 8-638] synthesizing module 'axi_vdma_fsync_gen' [u:/CPR E 488 git/MP-0/MP-0.srcs/sources_1/bd/MP0_design_1/ipshared/47ae/hdl/axi_vdma_v6_3_rfs.vhd:52754]
INFO: [Synth 8-256] done synthesizing module 'axi_vdma_fsync_gen' (20#1) [u:/CPR E 488 git/MP-0/MP-0.srcs/sources_1/bd/MP0_design_1/ipshared/47ae/hdl/axi_vdma_v6_3_rfs.vhd:52754]
INFO: [Synth 8-638] synthesizing module 'axi_vdma_vid_cdc' [u:/CPR E 488 git/MP-0/MP-0.srcs/sources_1/bd/MP0_design_1/ipshared/47ae/hdl/axi_vdma_v6_3_rfs.vhd:13249]
INFO: [Synth 8-256] done synthesizing module 'axi_vdma_vid_cdc' (21#1) [u:/CPR E 488 git/MP-0/MP-0.srcs/sources_1/bd/MP0_design_1/ipshared/47ae/hdl/axi_vdma_v6_3_rfs.vhd:13249]
INFO: [Synth 8-638] synthesizing module 'axi_vdma_sof_gen' [u:/CPR E 488 git/MP-0/MP-0.srcs/sources_1/bd/MP0_design_1/ipshared/47ae/hdl/axi_vdma_v6_3_rfs.vhd:40980]
INFO: [Synth 8-256] done synthesizing module 'axi_vdma_sof_gen' (22#1) [u:/CPR E 488 git/MP-0/MP-0.srcs/sources_1/bd/MP0_design_1/ipshared/47ae/hdl/axi_vdma_v6_3_rfs.vhd:40980]
INFO: [Synth 8-638] synthesizing module 'axi_vdma_mm2s_linebuf' [u:/CPR E 488 git/MP-0/MP-0.srcs/sources_1/bd/MP0_design_1/ipshared/47ae/hdl/axi_vdma_v6_3_rfs.vhd:45948]
INFO: [Synth 8-638] synthesizing module 'axi_vdma_sfifo' [u:/CPR E 488 git/MP-0/MP-0.srcs/sources_1/bd/MP0_design_1/ipshared/47ae/hdl/axi_vdma_v6_3_rfs.vhd:41782]
INFO: [Synth 8-256] done synthesizing module 'axi_vdma_sfifo' (49#1) [u:/CPR E 488 git/MP-0/MP-0.srcs/sources_1/bd/MP0_design_1/ipshared/47ae/hdl/axi_vdma_v6_3_rfs.vhd:41782]
INFO: [Synth 8-638] synthesizing module 'axi_vdma_skid_buf' [u:/CPR E 488 git/MP-0/MP-0.srcs/sources_1/bd/MP0_design_1/ipshared/47ae/hdl/axi_vdma_v6_3_rfs.vhd:41227]
INFO: [Synth 8-256] done synthesizing module 'axi_vdma_skid_buf' (50#1) [u:/CPR E 488 git/MP-0/MP-0.srcs/sources_1/bd/MP0_design_1/ipshared/47ae/hdl/axi_vdma_v6_3_rfs.vhd:41227]
INFO: [Synth 8-256] done synthesizing module 'axi_vdma_mm2s_linebuf' (51#1) [u:/CPR E 488 git/MP-0/MP-0.srcs/sources_1/bd/MP0_design_1/ipshared/47ae/hdl/axi_vdma_v6_3_rfs.vhd:45948]
INFO: [Synth 8-638] synthesizing module 'axi_vdma_skid_buf__parameterized0' [u:/CPR E 488 git/MP-0/MP-0.srcs/sources_1/bd/MP0_design_1/ipshared/47ae/hdl/axi_vdma_v6_3_rfs.vhd:41227]
INFO: [Synth 8-256] done synthesizing module 'axi_vdma_skid_buf__parameterized0' (51#1) [u:/CPR E 488 git/MP-0/MP-0.srcs/sources_1/bd/MP0_design_1/ipshared/47ae/hdl/axi_vdma_v6_3_rfs.vhd:41227]
INFO: [Synth 8-638] synthesizing module 'axi_vdma_reg_module__parameterized0' [u:/CPR E 488 git/MP-0/MP-0.srcs/sources_1/bd/MP0_design_1/ipshared/47ae/hdl/axi_vdma_v6_3_rfs.vhd:38829]
INFO: [Synth 8-638] synthesizing module 'axi_vdma_register__parameterized0' [u:/CPR E 488 git/MP-0/MP-0.srcs/sources_1/bd/MP0_design_1/ipshared/47ae/hdl/axi_vdma_v6_3_rfs.vhd:18712]
INFO: [Synth 8-256] done synthesizing module 'axi_vdma_register__parameterized0' (51#1) [u:/CPR E 488 git/MP-0/MP-0.srcs/sources_1/bd/MP0_design_1/ipshared/47ae/hdl/axi_vdma_v6_3_rfs.vhd:18712]
INFO: [Synth 8-638] synthesizing module 'axi_vdma_regdirect__parameterized0' [u:/CPR E 488 git/MP-0/MP-0.srcs/sources_1/bd/MP0_design_1/ipshared/47ae/hdl/axi_vdma_v6_3_rfs.vhd:20526]
INFO: [Synth 8-256] done synthesizing module 'axi_vdma_regdirect__parameterized0' (51#1) [u:/CPR E 488 git/MP-0/MP-0.srcs/sources_1/bd/MP0_design_1/ipshared/47ae/hdl/axi_vdma_v6_3_rfs.vhd:20526]
INFO: [Synth 8-638] synthesizing module 'axi_vdma_reg_mux__parameterized0' [u:/CPR E 488 git/MP-0/MP-0.srcs/sources_1/bd/MP0_design_1/ipshared/47ae/hdl/axi_vdma_v6_3_rfs.vhd:29591]
INFO: [Synth 8-256] done synthesizing module 'axi_vdma_reg_mux__parameterized0' (51#1) [u:/CPR E 488 git/MP-0/MP-0.srcs/sources_1/bd/MP0_design_1/ipshared/47ae/hdl/axi_vdma_v6_3_rfs.vhd:29591]
INFO: [Synth 8-256] done synthesizing module 'axi_vdma_reg_module__parameterized0' (51#1) [u:/CPR E 488 git/MP-0/MP-0.srcs/sources_1/bd/MP0_design_1/ipshared/47ae/hdl/axi_vdma_v6_3_rfs.vhd:38829]
INFO: [Synth 8-638] synthesizing module 'axi_vdma_mngr__parameterized0' [u:/CPR E 488 git/MP-0/MP-0.srcs/sources_1/bd/MP0_design_1/ipshared/47ae/hdl/axi_vdma_v6_3_rfs.vhd:63815]
INFO: [Synth 8-638] synthesizing module 'axi_vdma_sm__parameterized0' [u:/CPR E 488 git/MP-0/MP-0.srcs/sources_1/bd/MP0_design_1/ipshared/47ae/hdl/axi_vdma_v6_3_rfs.vhd:61558]
INFO: [Synth 8-256] done synthesizing module 'axi_vdma_sm__parameterized0' (51#1) [u:/CPR E 488 git/MP-0/MP-0.srcs/sources_1/bd/MP0_design_1/ipshared/47ae/hdl/axi_vdma_v6_3_rfs.vhd:61558]
INFO: [Synth 8-638] synthesizing module 'axi_vdma_cmdsts_if__parameterized0' [u:/CPR E 488 git/MP-0/MP-0.srcs/sources_1/bd/MP0_design_1/ipshared/47ae/hdl/axi_vdma_v6_3_rfs.vhd:62697]
INFO: [Synth 8-256] done synthesizing module 'axi_vdma_cmdsts_if__parameterized0' (51#1) [u:/CPR E 488 git/MP-0/MP-0.srcs/sources_1/bd/MP0_design_1/ipshared/47ae/hdl/axi_vdma_v6_3_rfs.vhd:62697]
INFO: [Synth 8-638] synthesizing module 'axi_vdma_genlock_mngr__parameterized0' [u:/CPR E 488 git/MP-0/MP-0.srcs/sources_1/bd/MP0_design_1/ipshared/47ae/hdl/axi_vdma_v6_3_rfs.vhd:58282]
INFO: [Synth 8-256] done synthesizing module 'axi_vdma_genlock_mngr__parameterized0' (51#1) [u:/CPR E 488 git/MP-0/MP-0.srcs/sources_1/bd/MP0_design_1/ipshared/47ae/hdl/axi_vdma_v6_3_rfs.vhd:58282]
INFO: [Synth 8-256] done synthesizing module 'axi_vdma_mngr__parameterized0' (51#1) [u:/CPR E 488 git/MP-0/MP-0.srcs/sources_1/bd/MP0_design_1/ipshared/47ae/hdl/axi_vdma_v6_3_rfs.vhd:63815]
INFO: [Synth 8-638] synthesizing module 'axi_vdma_fsync_gen__parameterized0' [u:/CPR E 488 git/MP-0/MP-0.srcs/sources_1/bd/MP0_design_1/ipshared/47ae/hdl/axi_vdma_v6_3_rfs.vhd:52754]
INFO: [Synth 8-256] done synthesizing module 'axi_vdma_fsync_gen__parameterized0' (51#1) [u:/CPR E 488 git/MP-0/MP-0.srcs/sources_1/bd/MP0_design_1/ipshared/47ae/hdl/axi_vdma_v6_3_rfs.vhd:52754]
INFO: [Synth 8-638] synthesizing module 'axi_vdma_s2mm_linebuf' [u:/CPR E 488 git/MP-0/MP-0.srcs/sources_1/bd/MP0_design_1/ipshared/47ae/hdl/axi_vdma_v6_3_rfs.vhd:48936]
INFO: [Synth 8-638] synthesizing module 'axi_vdma_sfifo__parameterized0' [u:/CPR E 488 git/MP-0/MP-0.srcs/sources_1/bd/MP0_design_1/ipshared/47ae/hdl/axi_vdma_v6_3_rfs.vhd:41782]
INFO: [Synth 8-256] done synthesizing module 'axi_vdma_sfifo__parameterized0' (51#1) [u:/CPR E 488 git/MP-0/MP-0.srcs/sources_1/bd/MP0_design_1/ipshared/47ae/hdl/axi_vdma_v6_3_rfs.vhd:41782]
INFO: [Synth 8-256] done synthesizing module 'axi_vdma_s2mm_linebuf' (52#1) [u:/CPR E 488 git/MP-0/MP-0.srcs/sources_1/bd/MP0_design_1/ipshared/47ae/hdl/axi_vdma_v6_3_rfs.vhd:48936]
INFO: [Synth 8-638] synthesizing module 'axi_datamover' [u:/CPR E 488 git/MP-0/MP-0.srcs/sources_1/bd/MP0_design_1/ipshared/9afd/hdl/axi_datamover_v5_1_vh_rfs.vhd:55410]
INFO: [Synth 8-638] synthesizing module 'axi_datamover_mm2s_full_wrap' [u:/CPR E 488 git/MP-0/MP-0.srcs/sources_1/bd/MP0_design_1/ipshared/9afd/hdl/axi_datamover_v5_1_vh_rfs.vhd:53548]
INFO: [Synth 8-638] synthesizing module 'axi_datamover_reset' [u:/CPR E 488 git/MP-0/MP-0.srcs/sources_1/bd/MP0_design_1/ipshared/9afd/hdl/axi_datamover_v5_1_vh_rfs.vhd:153]
INFO: [Synth 8-256] done synthesizing module 'axi_datamover_reset' (53#1) [u:/CPR E 488 git/MP-0/MP-0.srcs/sources_1/bd/MP0_design_1/ipshared/9afd/hdl/axi_datamover_v5_1_vh_rfs.vhd:153]
INFO: [Synth 8-638] synthesizing module 'axi_datamover_cmd_status' [u:/CPR E 488 git/MP-0/MP-0.srcs/sources_1/bd/MP0_design_1/ipshared/9afd/hdl/axi_datamover_v5_1_vh_rfs.vhd:2693]
INFO: [Synth 8-638] synthesizing module 'axi_datamover_fifo' [u:/CPR E 488 git/MP-0/MP-0.srcs/sources_1/bd/MP0_design_1/ipshared/9afd/hdl/axi_datamover_v5_1_vh_rfs.vhd:1881]
INFO: [Synth 8-638] synthesizing module 'srl_fifo_f' [u:/CPR E 488 git/MP-0/MP-0.srcs/sources_1/bd/MP0_design_1/ipshared/6039/hdl/lib_srl_fifo_v1_0_rfs.vhd:1000]
INFO: [Synth 8-638] synthesizing module 'srl_fifo_rbu_f' [u:/CPR E 488 git/MP-0/MP-0.srcs/sources_1/bd/MP0_design_1/ipshared/6039/hdl/lib_srl_fifo_v1_0_rfs.vhd:697]
INFO: [Synth 8-638] synthesizing module 'cntr_incr_decr_addn_f' [u:/CPR E 488 git/MP-0/MP-0.srcs/sources_1/bd/MP0_design_1/ipshared/6039/hdl/lib_srl_fifo_v1_0_rfs.vhd:143]
INFO: [Synth 8-256] done synthesizing module 'cntr_incr_decr_addn_f' (54#1) [u:/CPR E 488 git/MP-0/MP-0.srcs/sources_1/bd/MP0_design_1/ipshared/6039/hdl/lib_srl_fifo_v1_0_rfs.vhd:143]
INFO: [Synth 8-638] synthesizing module 'dynshreg_f' [u:/CPR E 488 git/MP-0/MP-0.srcs/sources_1/bd/MP0_design_1/ipshared/6039/hdl/lib_srl_fifo_v1_0_rfs.vhd:397]
INFO: [Synth 8-256] done synthesizing module 'dynshreg_f' (55#1) [u:/CPR E 488 git/MP-0/MP-0.srcs/sources_1/bd/MP0_design_1/ipshared/6039/hdl/lib_srl_fifo_v1_0_rfs.vhd:397]
INFO: [Synth 8-256] done synthesizing module 'srl_fifo_rbu_f' (56#1) [u:/CPR E 488 git/MP-0/MP-0.srcs/sources_1/bd/MP0_design_1/ipshared/6039/hdl/lib_srl_fifo_v1_0_rfs.vhd:697]
INFO: [Synth 8-256] done synthesizing module 'srl_fifo_f' (57#1) [u:/CPR E 488 git/MP-0/MP-0.srcs/sources_1/bd/MP0_design_1/ipshared/6039/hdl/lib_srl_fifo_v1_0_rfs.vhd:1000]
INFO: [Synth 8-256] done synthesizing module 'axi_datamover_fifo' (58#1) [u:/CPR E 488 git/MP-0/MP-0.srcs/sources_1/bd/MP0_design_1/ipshared/9afd/hdl/axi_datamover_v5_1_vh_rfs.vhd:1881]
INFO: [Synth 8-638] synthesizing module 'axi_datamover_fifo__parameterized0' [u:/CPR E 488 git/MP-0/MP-0.srcs/sources_1/bd/MP0_design_1/ipshared/9afd/hdl/axi_datamover_v5_1_vh_rfs.vhd:1881]
INFO: [Synth 8-638] synthesizing module 'srl_fifo_f__parameterized0' [u:/CPR E 488 git/MP-0/MP-0.srcs/sources_1/bd/MP0_design_1/ipshared/6039/hdl/lib_srl_fifo_v1_0_rfs.vhd:1000]
INFO: [Synth 8-638] synthesizing module 'srl_fifo_rbu_f__parameterized0' [u:/CPR E 488 git/MP-0/MP-0.srcs/sources_1/bd/MP0_design_1/ipshared/6039/hdl/lib_srl_fifo_v1_0_rfs.vhd:697]
INFO: [Synth 8-638] synthesizing module 'dynshreg_f__parameterized0' [u:/CPR E 488 git/MP-0/MP-0.srcs/sources_1/bd/MP0_design_1/ipshared/6039/hdl/lib_srl_fifo_v1_0_rfs.vhd:397]
INFO: [Synth 8-256] done synthesizing module 'dynshreg_f__parameterized0' (58#1) [u:/CPR E 488 git/MP-0/MP-0.srcs/sources_1/bd/MP0_design_1/ipshared/6039/hdl/lib_srl_fifo_v1_0_rfs.vhd:397]
INFO: [Synth 8-256] done synthesizing module 'srl_fifo_rbu_f__parameterized0' (58#1) [u:/CPR E 488 git/MP-0/MP-0.srcs/sources_1/bd/MP0_design_1/ipshared/6039/hdl/lib_srl_fifo_v1_0_rfs.vhd:697]
INFO: [Synth 8-256] done synthesizing module 'srl_fifo_f__parameterized0' (58#1) [u:/CPR E 488 git/MP-0/MP-0.srcs/sources_1/bd/MP0_design_1/ipshared/6039/hdl/lib_srl_fifo_v1_0_rfs.vhd:1000]
INFO: [Synth 8-256] done synthesizing module 'axi_datamover_fifo__parameterized0' (58#1) [u:/CPR E 488 git/MP-0/MP-0.srcs/sources_1/bd/MP0_design_1/ipshared/9afd/hdl/axi_datamover_v5_1_vh_rfs.vhd:1881]
INFO: [Synth 8-256] done synthesizing module 'axi_datamover_cmd_status' (59#1) [u:/CPR E 488 git/MP-0/MP-0.srcs/sources_1/bd/MP0_design_1/ipshared/9afd/hdl/axi_datamover_v5_1_vh_rfs.vhd:2693]
INFO: [Synth 8-638] synthesizing module 'axi_datamover_rd_status_cntl' [u:/CPR E 488 git/MP-0/MP-0.srcs/sources_1/bd/MP0_design_1/ipshared/9afd/hdl/axi_datamover_v5_1_vh_rfs.vhd:13741]
INFO: [Synth 8-256] done synthesizing module 'axi_datamover_rd_status_cntl' (60#1) [u:/CPR E 488 git/MP-0/MP-0.srcs/sources_1/bd/MP0_design_1/ipshared/9afd/hdl/axi_datamover_v5_1_vh_rfs.vhd:13741]
INFO: [Synth 8-638] synthesizing module 'axi_datamover_pcc' [u:/CPR E 488 git/MP-0/MP-0.srcs/sources_1/bd/MP0_design_1/ipshared/9afd/hdl/axi_datamover_v5_1_vh_rfs.vhd:7411]
INFO: [Synth 8-638] synthesizing module 'axi_datamover_strb_gen2' [u:/CPR E 488 git/MP-0/MP-0.srcs/sources_1/bd/MP0_design_1/ipshared/9afd/hdl/axi_datamover_v5_1_vh_rfs.vhd:4337]
INFO: [Synth 8-256] done synthesizing module 'axi_datamover_strb_gen2' (61#1) [u:/CPR E 488 git/MP-0/MP-0.srcs/sources_1/bd/MP0_design_1/ipshared/9afd/hdl/axi_datamover_v5_1_vh_rfs.vhd:4337]
INFO: [Synth 8-638] synthesizing module 'axi_datamover_strb_gen2__parameterized0' [u:/CPR E 488 git/MP-0/MP-0.srcs/sources_1/bd/MP0_design_1/ipshared/9afd/hdl/axi_datamover_v5_1_vh_rfs.vhd:4337]
INFO: [Synth 8-256] done synthesizing module 'axi_datamover_strb_gen2__parameterized0' (61#1) [u:/CPR E 488 git/MP-0/MP-0.srcs/sources_1/bd/MP0_design_1/ipshared/9afd/hdl/axi_datamover_v5_1_vh_rfs.vhd:4337]
INFO: [Synth 8-256] done synthesizing module 'axi_datamover_pcc' (62#1) [u:/CPR E 488 git/MP-0/MP-0.srcs/sources_1/bd/MP0_design_1/ipshared/9afd/hdl/axi_datamover_v5_1_vh_rfs.vhd:7411]
INFO: [Synth 8-638] synthesizing module 'axi_datamover_addr_cntl' [u:/CPR E 488 git/MP-0/MP-0.srcs/sources_1/bd/MP0_design_1/ipshared/9afd/hdl/axi_datamover_v5_1_vh_rfs.vhd:9995]
INFO: [Synth 8-638] synthesizing module 'axi_datamover_fifo__parameterized1' [u:/CPR E 488 git/MP-0/MP-0.srcs/sources_1/bd/MP0_design_1/ipshared/9afd/hdl/axi_datamover_v5_1_vh_rfs.vhd:1881]
INFO: [Synth 8-638] synthesizing module 'srl_fifo_f__parameterized1' [u:/CPR E 488 git/MP-0/MP-0.srcs/sources_1/bd/MP0_design_1/ipshared/6039/hdl/lib_srl_fifo_v1_0_rfs.vhd:1000]
INFO: [Synth 8-638] synthesizing module 'srl_fifo_rbu_f__parameterized1' [u:/CPR E 488 git/MP-0/MP-0.srcs/sources_1/bd/MP0_design_1/ipshared/6039/hdl/lib_srl_fifo_v1_0_rfs.vhd:697]
INFO: [Synth 8-638] synthesizing module 'dynshreg_f__parameterized1' [u:/CPR E 488 git/MP-0/MP-0.srcs/sources_1/bd/MP0_design_1/ipshared/6039/hdl/lib_srl_fifo_v1_0_rfs.vhd:397]
INFO: [Synth 8-256] done synthesizing module 'dynshreg_f__parameterized1' (62#1) [u:/CPR E 488 git/MP-0/MP-0.srcs/sources_1/bd/MP0_design_1/ipshared/6039/hdl/lib_srl_fifo_v1_0_rfs.vhd:397]
INFO: [Synth 8-256] done synthesizing module 'srl_fifo_rbu_f__parameterized1' (62#1) [u:/CPR E 488 git/MP-0/MP-0.srcs/sources_1/bd/MP0_design_1/ipshared/6039/hdl/lib_srl_fifo_v1_0_rfs.vhd:697]
INFO: [Synth 8-256] done synthesizing module 'srl_fifo_f__parameterized1' (62#1) [u:/CPR E 488 git/MP-0/MP-0.srcs/sources_1/bd/MP0_design_1/ipshared/6039/hdl/lib_srl_fifo_v1_0_rfs.vhd:1000]
INFO: [Synth 8-256] done synthesizing module 'axi_datamover_fifo__parameterized1' (62#1) [u:/CPR E 488 git/MP-0/MP-0.srcs/sources_1/bd/MP0_design_1/ipshared/9afd/hdl/axi_datamover_v5_1_vh_rfs.vhd:1881]
INFO: [Synth 8-256] done synthesizing module 'axi_datamover_addr_cntl' (63#1) [u:/CPR E 488 git/MP-0/MP-0.srcs/sources_1/bd/MP0_design_1/ipshared/9afd/hdl/axi_datamover_v5_1_vh_rfs.vhd:9995]
INFO: [Synth 8-638] synthesizing module 'axi_datamover_rddata_cntl' [u:/CPR E 488 git/MP-0/MP-0.srcs/sources_1/bd/MP0_design_1/ipshared/9afd/hdl/axi_datamover_v5_1_vh_rfs.vhd:12180]
INFO: [Synth 8-638] synthesizing module 'axi_datamover_rdmux' [u:/CPR E 488 git/MP-0/MP-0.srcs/sources_1/bd/MP0_design_1/ipshared/9afd/hdl/axi_datamover_v5_1_vh_rfs.vhd:10676]
INFO: [Synth 8-256] done synthesizing module 'axi_datamover_rdmux' (64#1) [u:/CPR E 488 git/MP-0/MP-0.srcs/sources_1/bd/MP0_design_1/ipshared/9afd/hdl/axi_datamover_v5_1_vh_rfs.vhd:10676]
INFO: [Synth 8-638] synthesizing module 'axi_datamover_fifo__parameterized2' [u:/CPR E 488 git/MP-0/MP-0.srcs/sources_1/bd/MP0_design_1/ipshared/9afd/hdl/axi_datamover_v5_1_vh_rfs.vhd:1881]
INFO: [Synth 8-638] synthesizing module 'srl_fifo_f__parameterized2' [u:/CPR E 488 git/MP-0/MP-0.srcs/sources_1/bd/MP0_design_1/ipshared/6039/hdl/lib_srl_fifo_v1_0_rfs.vhd:1000]
INFO: [Synth 8-638] synthesizing module 'srl_fifo_rbu_f__parameterized2' [u:/CPR E 488 git/MP-0/MP-0.srcs/sources_1/bd/MP0_design_1/ipshared/6039/hdl/lib_srl_fifo_v1_0_rfs.vhd:697]
INFO: [Synth 8-638] synthesizing module 'dynshreg_f__parameterized2' [u:/CPR E 488 git/MP-0/MP-0.srcs/sources_1/bd/MP0_design_1/ipshared/6039/hdl/lib_srl_fifo_v1_0_rfs.vhd:397]
INFO: [Synth 8-256] done synthesizing module 'dynshreg_f__parameterized2' (64#1) [u:/CPR E 488 git/MP-0/MP-0.srcs/sources_1/bd/MP0_design_1/ipshared/6039/hdl/lib_srl_fifo_v1_0_rfs.vhd:397]
INFO: [Synth 8-256] done synthesizing module 'srl_fifo_rbu_f__parameterized2' (64#1) [u:/CPR E 488 git/MP-0/MP-0.srcs/sources_1/bd/MP0_design_1/ipshared/6039/hdl/lib_srl_fifo_v1_0_rfs.vhd:697]
INFO: [Synth 8-256] done synthesizing module 'srl_fifo_f__parameterized2' (64#1) [u:/CPR E 488 git/MP-0/MP-0.srcs/sources_1/bd/MP0_design_1/ipshared/6039/hdl/lib_srl_fifo_v1_0_rfs.vhd:1000]
INFO: [Synth 8-256] done synthesizing module 'axi_datamover_fifo__parameterized2' (64#1) [u:/CPR E 488 git/MP-0/MP-0.srcs/sources_1/bd/MP0_design_1/ipshared/9afd/hdl/axi_datamover_v5_1_vh_rfs.vhd:1881]
INFO: [Synth 8-256] done synthesizing module 'axi_datamover_rddata_cntl' (65#1) [u:/CPR E 488 git/MP-0/MP-0.srcs/sources_1/bd/MP0_design_1/ipshared/9afd/hdl/axi_datamover_v5_1_vh_rfs.vhd:12180]
INFO: [Synth 8-638] synthesizing module 'axi_datamover_rd_sf' [u:/CPR E 488 git/MP-0/MP-0.srcs/sources_1/bd/MP0_design_1/ipshared/9afd/hdl/axi_datamover_v5_1_vh_rfs.vhd:20200]
INFO: [Synth 8-638] synthesizing module 'axi_datamover_fifo__parameterized3' [u:/CPR E 488 git/MP-0/MP-0.srcs/sources_1/bd/MP0_design_1/ipshared/9afd/hdl/axi_datamover_v5_1_vh_rfs.vhd:1881]
INFO: [Synth 8-638] synthesizing module 'srl_fifo_f__parameterized3' [u:/CPR E 488 git/MP-0/MP-0.srcs/sources_1/bd/MP0_design_1/ipshared/6039/hdl/lib_srl_fifo_v1_0_rfs.vhd:1000]
INFO: [Synth 8-638] synthesizing module 'srl_fifo_rbu_f__parameterized3' [u:/CPR E 488 git/MP-0/MP-0.srcs/sources_1/bd/MP0_design_1/ipshared/6039/hdl/lib_srl_fifo_v1_0_rfs.vhd:697]
INFO: [Synth 8-638] synthesizing module 'dynshreg_f__parameterized3' [u:/CPR E 488 git/MP-0/MP-0.srcs/sources_1/bd/MP0_design_1/ipshared/6039/hdl/lib_srl_fifo_v1_0_rfs.vhd:397]
INFO: [Synth 8-256] done synthesizing module 'dynshreg_f__parameterized3' (65#1) [u:/CPR E 488 git/MP-0/MP-0.srcs/sources_1/bd/MP0_design_1/ipshared/6039/hdl/lib_srl_fifo_v1_0_rfs.vhd:397]
INFO: [Synth 8-256] done synthesizing module 'srl_fifo_rbu_f__parameterized3' (65#1) [u:/CPR E 488 git/MP-0/MP-0.srcs/sources_1/bd/MP0_design_1/ipshared/6039/hdl/lib_srl_fifo_v1_0_rfs.vhd:697]
INFO: [Synth 8-256] done synthesizing module 'srl_fifo_f__parameterized3' (65#1) [u:/CPR E 488 git/MP-0/MP-0.srcs/sources_1/bd/MP0_design_1/ipshared/6039/hdl/lib_srl_fifo_v1_0_rfs.vhd:1000]
INFO: [Synth 8-256] done synthesizing module 'axi_datamover_fifo__parameterized3' (65#1) [u:/CPR E 488 git/MP-0/MP-0.srcs/sources_1/bd/MP0_design_1/ipshared/9afd/hdl/axi_datamover_v5_1_vh_rfs.vhd:1881]
INFO: [Synth 8-638] synthesizing module 'axi_datamover_sfifo_autord' [u:/CPR E 488 git/MP-0/MP-0.srcs/sources_1/bd/MP0_design_1/ipshared/9afd/hdl/axi_datamover_v5_1_vh_rfs.vhd:1294]
INFO: [Synth 8-638] synthesizing module 'sync_fifo_fg' [u:/CPR E 488 git/MP-0/MP-0.srcs/sources_1/bd/MP0_design_1/ipshared/c387/hdl/lib_fifo_v1_0_rfs.vhd:2097]
INFO: [Synth 8-256] done synthesizing module 'sync_fifo_fg' (69#1) [u:/CPR E 488 git/MP-0/MP-0.srcs/sources_1/bd/MP0_design_1/ipshared/c387/hdl/lib_fifo_v1_0_rfs.vhd:2097]
INFO: [Synth 8-256] done synthesizing module 'axi_datamover_sfifo_autord' (70#1) [u:/CPR E 488 git/MP-0/MP-0.srcs/sources_1/bd/MP0_design_1/ipshared/9afd/hdl/axi_datamover_v5_1_vh_rfs.vhd:1294]
INFO: [Synth 8-256] done synthesizing module 'axi_datamover_rd_sf' (71#1) [u:/CPR E 488 git/MP-0/MP-0.srcs/sources_1/bd/MP0_design_1/ipshared/9afd/hdl/axi_datamover_v5_1_vh_rfs.vhd:20200]
INFO: [Synth 8-256] done synthesizing module 'axi_datamover_mm2s_full_wrap' (72#1) [u:/CPR E 488 git/MP-0/MP-0.srcs/sources_1/bd/MP0_design_1/ipshared/9afd/hdl/axi_datamover_v5_1_vh_rfs.vhd:53548]
INFO: [Synth 8-638] synthesizing module 'axi_datamover_s2mm_full_wrap' [u:/CPR E 488 git/MP-0/MP-0.srcs/sources_1/bd/MP0_design_1/ipshared/9afd/hdl/axi_datamover_v5_1_vh_rfs.vhd:49982]
INFO: [Synth 8-638] synthesizing module 'axi_datamover_cmd_status__parameterized0' [u:/CPR E 488 git/MP-0/MP-0.srcs/sources_1/bd/MP0_design_1/ipshared/9afd/hdl/axi_datamover_v5_1_vh_rfs.vhd:2693]
INFO: [Synth 8-638] synthesizing module 'axi_datamover_fifo__parameterized4' [u:/CPR E 488 git/MP-0/MP-0.srcs/sources_1/bd/MP0_design_1/ipshared/9afd/hdl/axi_datamover_v5_1_vh_rfs.vhd:1881]
INFO: [Synth 8-638] synthesizing module 'srl_fifo_f__parameterized4' [u:/CPR E 488 git/MP-0/MP-0.srcs/sources_1/bd/MP0_design_1/ipshared/6039/hdl/lib_srl_fifo_v1_0_rfs.vhd:1000]
INFO: [Synth 8-638] synthesizing module 'srl_fifo_rbu_f__parameterized4' [u:/CPR E 488 git/MP-0/MP-0.srcs/sources_1/bd/MP0_design_1/ipshared/6039/hdl/lib_srl_fifo_v1_0_rfs.vhd:697]
INFO: [Synth 8-638] synthesizing module 'dynshreg_f__parameterized4' [u:/CPR E 488 git/MP-0/MP-0.srcs/sources_1/bd/MP0_design_1/ipshared/6039/hdl/lib_srl_fifo_v1_0_rfs.vhd:397]
INFO: [Synth 8-256] done synthesizing module 'dynshreg_f__parameterized4' (72#1) [u:/CPR E 488 git/MP-0/MP-0.srcs/sources_1/bd/MP0_design_1/ipshared/6039/hdl/lib_srl_fifo_v1_0_rfs.vhd:397]
INFO: [Synth 8-256] done synthesizing module 'srl_fifo_rbu_f__parameterized4' (72#1) [u:/CPR E 488 git/MP-0/MP-0.srcs/sources_1/bd/MP0_design_1/ipshared/6039/hdl/lib_srl_fifo_v1_0_rfs.vhd:697]
INFO: [Synth 8-256] done synthesizing module 'srl_fifo_f__parameterized4' (72#1) [u:/CPR E 488 git/MP-0/MP-0.srcs/sources_1/bd/MP0_design_1/ipshared/6039/hdl/lib_srl_fifo_v1_0_rfs.vhd:1000]
INFO: [Synth 8-256] done synthesizing module 'axi_datamover_fifo__parameterized4' (72#1) [u:/CPR E 488 git/MP-0/MP-0.srcs/sources_1/bd/MP0_design_1/ipshared/9afd/hdl/axi_datamover_v5_1_vh_rfs.vhd:1881]
INFO: [Synth 8-256] done synthesizing module 'axi_datamover_cmd_status__parameterized0' (72#1) [u:/CPR E 488 git/MP-0/MP-0.srcs/sources_1/bd/MP0_design_1/ipshared/9afd/hdl/axi_datamover_v5_1_vh_rfs.vhd:2693]
INFO: [Synth 8-638] synthesizing module 'axi_datamover_wr_status_cntl' [u:/CPR E 488 git/MP-0/MP-0.srcs/sources_1/bd/MP0_design_1/ipshared/9afd/hdl/axi_datamover_v5_1_vh_rfs.vhd:17697]
INFO: [Synth 8-638] synthesizing module 'axi_datamover_fifo__parameterized5' [u:/CPR E 488 git/MP-0/MP-0.srcs/sources_1/bd/MP0_design_1/ipshared/9afd/hdl/axi_datamover_v5_1_vh_rfs.vhd:1881]
INFO: [Synth 8-638] synthesizing module 'srl_fifo_f__parameterized5' [u:/CPR E 488 git/MP-0/MP-0.srcs/sources_1/bd/MP0_design_1/ipshared/6039/hdl/lib_srl_fifo_v1_0_rfs.vhd:1000]
INFO: [Synth 8-638] synthesizing module 'srl_fifo_rbu_f__parameterized5' [u:/CPR E 488 git/MP-0/MP-0.srcs/sources_1/bd/MP0_design_1/ipshared/6039/hdl/lib_srl_fifo_v1_0_rfs.vhd:697]
INFO: [Synth 8-638] synthesizing module 'cntr_incr_decr_addn_f__parameterized0' [u:/CPR E 488 git/MP-0/MP-0.srcs/sources_1/bd/MP0_design_1/ipshared/6039/hdl/lib_srl_fifo_v1_0_rfs.vhd:143]
INFO: [Synth 8-256] done synthesizing module 'cntr_incr_decr_addn_f__parameterized0' (72#1) [u:/CPR E 488 git/MP-0/MP-0.srcs/sources_1/bd/MP0_design_1/ipshared/6039/hdl/lib_srl_fifo_v1_0_rfs.vhd:143]
INFO: [Synth 8-638] synthesizing module 'dynshreg_f__parameterized5' [u:/CPR E 488 git/MP-0/MP-0.srcs/sources_1/bd/MP0_design_1/ipshared/6039/hdl/lib_srl_fifo_v1_0_rfs.vhd:397]
INFO: [Synth 8-256] done synthesizing module 'dynshreg_f__parameterized5' (72#1) [u:/CPR E 488 git/MP-0/MP-0.srcs/sources_1/bd/MP0_design_1/ipshared/6039/hdl/lib_srl_fifo_v1_0_rfs.vhd:397]
INFO: [Synth 8-256] done synthesizing module 'srl_fifo_rbu_f__parameterized5' (72#1) [u:/CPR E 488 git/MP-0/MP-0.srcs/sources_1/bd/MP0_design_1/ipshared/6039/hdl/lib_srl_fifo_v1_0_rfs.vhd:697]
INFO: [Synth 8-256] done synthesizing module 'srl_fifo_f__parameterized5' (72#1) [u:/CPR E 488 git/MP-0/MP-0.srcs/sources_1/bd/MP0_design_1/ipshared/6039/hdl/lib_srl_fifo_v1_0_rfs.vhd:1000]
INFO: [Synth 8-256] done synthesizing module 'axi_datamover_fifo__parameterized5' (72#1) [u:/CPR E 488 git/MP-0/MP-0.srcs/sources_1/bd/MP0_design_1/ipshared/9afd/hdl/axi_datamover_v5_1_vh_rfs.vhd:1881]
INFO: [Synth 8-638] synthesizing module 'axi_datamover_fifo__parameterized6' [u:/CPR E 488 git/MP-0/MP-0.srcs/sources_1/bd/MP0_design_1/ipshared/9afd/hdl/axi_datamover_v5_1_vh_rfs.vhd:1881]
INFO: [Synth 8-638] synthesizing module 'srl_fifo_f__parameterized6' [u:/CPR E 488 git/MP-0/MP-0.srcs/sources_1/bd/MP0_design_1/ipshared/6039/hdl/lib_srl_fifo_v1_0_rfs.vhd:1000]
INFO: [Synth 8-638] synthesizing module 'srl_fifo_rbu_f__parameterized6' [u:/CPR E 488 git/MP-0/MP-0.srcs/sources_1/bd/MP0_design_1/ipshared/6039/hdl/lib_srl_fifo_v1_0_rfs.vhd:697]
INFO: [Synth 8-638] synthesizing module 'dynshreg_f__parameterized6' [u:/CPR E 488 git/MP-0/MP-0.srcs/sources_1/bd/MP0_design_1/ipshared/6039/hdl/lib_srl_fifo_v1_0_rfs.vhd:397]
INFO: [Synth 8-256] done synthesizing module 'dynshreg_f__parameterized6' (72#1) [u:/CPR E 488 git/MP-0/MP-0.srcs/sources_1/bd/MP0_design_1/ipshared/6039/hdl/lib_srl_fifo_v1_0_rfs.vhd:397]
INFO: [Synth 8-256] done synthesizing module 'srl_fifo_rbu_f__parameterized6' (72#1) [u:/CPR E 488 git/MP-0/MP-0.srcs/sources_1/bd/MP0_design_1/ipshared/6039/hdl/lib_srl_fifo_v1_0_rfs.vhd:697]
INFO: [Synth 8-256] done synthesizing module 'srl_fifo_f__parameterized6' (72#1) [u:/CPR E 488 git/MP-0/MP-0.srcs/sources_1/bd/MP0_design_1/ipshared/6039/hdl/lib_srl_fifo_v1_0_rfs.vhd:1000]
INFO: [Synth 8-256] done synthesizing module 'axi_datamover_fifo__parameterized6' (72#1) [u:/CPR E 488 git/MP-0/MP-0.srcs/sources_1/bd/MP0_design_1/ipshared/9afd/hdl/axi_datamover_v5_1_vh_rfs.vhd:1881]
INFO: [Synth 8-256] done synthesizing module 'axi_datamover_wr_status_cntl' (73#1) [u:/CPR E 488 git/MP-0/MP-0.srcs/sources_1/bd/MP0_design_1/ipshared/9afd/hdl/axi_datamover_v5_1_vh_rfs.vhd:17697]
INFO: [Synth 8-638] synthesizing module 'axi_datamover_ibttcc' [u:/CPR E 488 git/MP-0/MP-0.srcs/sources_1/bd/MP0_design_1/ipshared/9afd/hdl/axi_datamover_v5_1_vh_rfs.vhd:25723]
INFO: [Synth 8-256] done synthesizing module 'axi_datamover_ibttcc' (74#1) [u:/CPR E 488 git/MP-0/MP-0.srcs/sources_1/bd/MP0_design_1/ipshared/9afd/hdl/axi_datamover_v5_1_vh_rfs.vhd:25723]
INFO: [Synth 8-638] synthesizing module 'axi_datamover_s2mm_realign' [u:/CPR E 488 git/MP-0/MP-0.srcs/sources_1/bd/MP0_design_1/ipshared/9afd/hdl/axi_datamover_v5_1_vh_rfs.vhd:46998]
INFO: [Synth 8-638] synthesizing module 'axi_datamover_fifo__parameterized7' [u:/CPR E 488 git/MP-0/MP-0.srcs/sources_1/bd/MP0_design_1/ipshared/9afd/hdl/axi_datamover_v5_1_vh_rfs.vhd:1881]
INFO: [Synth 8-638] synthesizing module 'srl_fifo_f__parameterized7' [u:/CPR E 488 git/MP-0/MP-0.srcs/sources_1/bd/MP0_design_1/ipshared/6039/hdl/lib_srl_fifo_v1_0_rfs.vhd:1000]
INFO: [Synth 8-638] synthesizing module 'srl_fifo_rbu_f__parameterized7' [u:/CPR E 488 git/MP-0/MP-0.srcs/sources_1/bd/MP0_design_1/ipshared/6039/hdl/lib_srl_fifo_v1_0_rfs.vhd:697]
INFO: [Synth 8-638] synthesizing module 'dynshreg_f__parameterized7' [u:/CPR E 488 git/MP-0/MP-0.srcs/sources_1/bd/MP0_design_1/ipshared/6039/hdl/lib_srl_fifo_v1_0_rfs.vhd:397]
INFO: [Synth 8-256] done synthesizing module 'dynshreg_f__parameterized7' (74#1) [u:/CPR E 488 git/MP-0/MP-0.srcs/sources_1/bd/MP0_design_1/ipshared/6039/hdl/lib_srl_fifo_v1_0_rfs.vhd:397]
INFO: [Synth 8-256] done synthesizing module 'srl_fifo_rbu_f__parameterized7' (74#1) [u:/CPR E 488 git/MP-0/MP-0.srcs/sources_1/bd/MP0_design_1/ipshared/6039/hdl/lib_srl_fifo_v1_0_rfs.vhd:697]
INFO: [Synth 8-256] done synthesizing module 'srl_fifo_f__parameterized7' (74#1) [u:/CPR E 488 git/MP-0/MP-0.srcs/sources_1/bd/MP0_design_1/ipshared/6039/hdl/lib_srl_fifo_v1_0_rfs.vhd:1000]
INFO: [Synth 8-256] done synthesizing module 'axi_datamover_fifo__parameterized7' (74#1) [u:/CPR E 488 git/MP-0/MP-0.srcs/sources_1/bd/MP0_design_1/ipshared/9afd/hdl/axi_datamover_v5_1_vh_rfs.vhd:1881]
INFO: [Synth 8-638] synthesizing module 'axi_datamover_s2mm_scatter' [u:/CPR E 488 git/MP-0/MP-0.srcs/sources_1/bd/MP0_design_1/ipshared/9afd/hdl/axi_datamover_v5_1_vh_rfs.vhd:45105]
INFO: [Synth 8-638] synthesizing module 'axi_datamover_mssai_skid_buf' [u:/CPR E 488 git/MP-0/MP-0.srcs/sources_1/bd/MP0_design_1/ipshared/9afd/hdl/axi_datamover_v5_1_vh_rfs.vhd:44155]
INFO: [Synth 8-638] synthesizing module 'axi_datamover_ms_strb_set' [u:/CPR E 488 git/MP-0/MP-0.srcs/sources_1/bd/MP0_design_1/ipshared/9afd/hdl/axi_datamover_v5_1_vh_rfs.vhd:42595]
INFO: [Synth 8-256] done synthesizing module 'axi_datamover_ms_strb_set' (75#1) [u:/CPR E 488 git/MP-0/MP-0.srcs/sources_1/bd/MP0_design_1/ipshared/9afd/hdl/axi_datamover_v5_1_vh_rfs.vhd:42595]
INFO: [Synth 8-256] done synthesizing module 'axi_datamover_mssai_skid_buf' (76#1) [u:/CPR E 488 git/MP-0/MP-0.srcs/sources_1/bd/MP0_design_1/ipshared/9afd/hdl/axi_datamover_v5_1_vh_rfs.vhd:44155]
INFO: [Synth 8-638] synthesizing module 'axi_datamover_strb_gen2__parameterized1' [u:/CPR E 488 git/MP-0/MP-0.srcs/sources_1/bd/MP0_design_1/ipshared/9afd/hdl/axi_datamover_v5_1_vh_rfs.vhd:4337]
INFO: [Synth 8-256] done synthesizing module 'axi_datamover_strb_gen2__parameterized1' (76#1) [u:/CPR E 488 git/MP-0/MP-0.srcs/sources_1/bd/MP0_design_1/ipshared/9afd/hdl/axi_datamover_v5_1_vh_rfs.vhd:4337]
INFO: [Synth 8-638] synthesizing module 'axi_datamover_slice' [u:/CPR E 488 git/MP-0/MP-0.srcs/sources_1/bd/MP0_design_1/ipshared/9afd/hdl/axi_datamover_v5_1_vh_rfs.vhd:44844]
INFO: [Synth 8-256] done synthesizing module 'axi_datamover_slice' (77#1) [u:/CPR E 488 git/MP-0/MP-0.srcs/sources_1/bd/MP0_design_1/ipshared/9afd/hdl/axi_datamover_v5_1_vh_rfs.vhd:44844]
INFO: [Synth 8-638] synthesizing module 'axi_datamover_fifo__parameterized8' [u:/CPR E 488 git/MP-0/MP-0.srcs/sources_1/bd/MP0_design_1/ipshared/9afd/hdl/axi_datamover_v5_1_vh_rfs.vhd:1881]
INFO: [Synth 8-638] synthesizing module 'srl_fifo_f__parameterized8' [u:/CPR E 488 git/MP-0/MP-0.srcs/sources_1/bd/MP0_design_1/ipshared/6039/hdl/lib_srl_fifo_v1_0_rfs.vhd:1000]
INFO: [Synth 8-638] synthesizing module 'srl_fifo_rbu_f__parameterized8' [u:/CPR E 488 git/MP-0/MP-0.srcs/sources_1/bd/MP0_design_1/ipshared/6039/hdl/lib_srl_fifo_v1_0_rfs.vhd:697]
INFO: [Synth 8-638] synthesizing module 'cntr_incr_decr_addn_f__parameterized1' [u:/CPR E 488 git/MP-0/MP-0.srcs/sources_1/bd/MP0_design_1/ipshared/6039/hdl/lib_srl_fifo_v1_0_rfs.vhd:143]
INFO: [Synth 8-256] done synthesizing module 'cntr_incr_decr_addn_f__parameterized1' (77#1) [u:/CPR E 488 git/MP-0/MP-0.srcs/sources_1/bd/MP0_design_1/ipshared/6039/hdl/lib_srl_fifo_v1_0_rfs.vhd:143]
INFO: [Synth 8-638] synthesizing module 'dynshreg_f__parameterized8' [u:/CPR E 488 git/MP-0/MP-0.srcs/sources_1/bd/MP0_design_1/ipshared/6039/hdl/lib_srl_fifo_v1_0_rfs.vhd:397]
INFO: [Synth 8-256] done synthesizing module 'dynshreg_f__parameterized8' (77#1) [u:/CPR E 488 git/MP-0/MP-0.srcs/sources_1/bd/MP0_design_1/ipshared/6039/hdl/lib_srl_fifo_v1_0_rfs.vhd:397]
INFO: [Synth 8-256] done synthesizing module 'srl_fifo_rbu_f__parameterized8' (77#1) [u:/CPR E 488 git/MP-0/MP-0.srcs/sources_1/bd/MP0_design_1/ipshared/6039/hdl/lib_srl_fifo_v1_0_rfs.vhd:697]
INFO: [Synth 8-256] done synthesizing module 'srl_fifo_f__parameterized8' (77#1) [u:/CPR E 488 git/MP-0/MP-0.srcs/sources_1/bd/MP0_design_1/ipshared/6039/hdl/lib_srl_fifo_v1_0_rfs.vhd:1000]
INFO: [Synth 8-256] done synthesizing module 'axi_datamover_fifo__parameterized8' (77#1) [u:/CPR E 488 git/MP-0/MP-0.srcs/sources_1/bd/MP0_design_1/ipshared/9afd/hdl/axi_datamover_v5_1_vh_rfs.vhd:1881]
INFO: [Synth 8-256] done synthesizing module 'axi_datamover_s2mm_scatter' (78#1) [u:/CPR E 488 git/MP-0/MP-0.srcs/sources_1/bd/MP0_design_1/ipshared/9afd/hdl/axi_datamover_v5_1_vh_rfs.vhd:45105]
INFO: [Synth 8-256] done synthesizing module 'axi_datamover_s2mm_realign' (79#1) [u:/CPR E 488 git/MP-0/MP-0.srcs/sources_1/bd/MP0_design_1/ipshared/9afd/hdl/axi_datamover_v5_1_vh_rfs.vhd:46998]
INFO: [Synth 8-638] synthesizing module 'axi_datamover_indet_btt' [u:/CPR E 488 git/MP-0/MP-0.srcs/sources_1/bd/MP0_design_1/ipshared/9afd/hdl/axi_datamover_v5_1_vh_rfs.vhd:28422]
INFO: [Synth 8-638] synthesizing module 'axi_datamover_stbs_set' [u:/CPR E 488 git/MP-0/MP-0.srcs/sources_1/bd/MP0_design_1/ipshared/9afd/hdl/axi_datamover_v5_1_vh_rfs.vhd:23402]
INFO: [Synth 8-256] done synthesizing module 'axi_datamover_stbs_set' (80#1) [u:/CPR E 488 git/MP-0/MP-0.srcs/sources_1/bd/MP0_design_1/ipshared/9afd/hdl/axi_datamover_v5_1_vh_rfs.vhd:23402]
INFO: [Synth 8-638] synthesizing module 'axi_datamover_sfifo_autord__parameterized0' [u:/CPR E 488 git/MP-0/MP-0.srcs/sources_1/bd/MP0_design_1/ipshared/9afd/hdl/axi_datamover_v5_1_vh_rfs.vhd:1294]
INFO: [Synth 8-638] synthesizing module 'sync_fifo_fg__parameterized0' [u:/CPR E 488 git/MP-0/MP-0.srcs/sources_1/bd/MP0_design_1/ipshared/c387/hdl/lib_fifo_v1_0_rfs.vhd:2097]
INFO: [Synth 8-256] done synthesizing module 'sync_fifo_fg__parameterized0' (81#1) [u:/CPR E 488 git/MP-0/MP-0.srcs/sources_1/bd/MP0_design_1/ipshared/c387/hdl/lib_fifo_v1_0_rfs.vhd:2097]
INFO: [Synth 8-256] done synthesizing module 'axi_datamover_sfifo_autord__parameterized0' (81#1) [u:/CPR E 488 git/MP-0/MP-0.srcs/sources_1/bd/MP0_design_1/ipshared/9afd/hdl/axi_datamover_v5_1_vh_rfs.vhd:1294]
INFO: [Synth 8-638] synthesizing module 'axi_datamover_sfifo_autord__parameterized1' [u:/CPR E 488 git/MP-0/MP-0.srcs/sources_1/bd/MP0_design_1/ipshared/9afd/hdl/axi_datamover_v5_1_vh_rfs.vhd:1294]
INFO: [Synth 8-638] synthesizing module 'sync_fifo_fg__parameterized1' [u:/CPR E 488 git/MP-0/MP-0.srcs/sources_1/bd/MP0_design_1/ipshared/c387/hdl/lib_fifo_v1_0_rfs.vhd:2097]
INFO: [Synth 8-256] done synthesizing module 'sync_fifo_fg__parameterized1' (81#1) [u:/CPR E 488 git/MP-0/MP-0.srcs/sources_1/bd/MP0_design_1/ipshared/c387/hdl/lib_fifo_v1_0_rfs.vhd:2097]
INFO: [Synth 8-256] done synthesizing module 'axi_datamover_sfifo_autord__parameterized1' (81#1) [u:/CPR E 488 git/MP-0/MP-0.srcs/sources_1/bd/MP0_design_1/ipshared/9afd/hdl/axi_datamover_v5_1_vh_rfs.vhd:1294]
INFO: [Synth 8-638] synthesizing module 'axi_datamover_stbs_set__parameterized0' [u:/CPR E 488 git/MP-0/MP-0.srcs/sources_1/bd/MP0_design_1/ipshared/9afd/hdl/axi_datamover_v5_1_vh_rfs.vhd:23402]
INFO: [Synth 8-256] done synthesizing module 'axi_datamover_stbs_set__parameterized0' (81#1) [u:/CPR E 488 git/MP-0/MP-0.srcs/sources_1/bd/MP0_design_1/ipshared/9afd/hdl/axi_datamover_v5_1_vh_rfs.vhd:23402]
INFO: [Synth 8-638] synthesizing module 'axi_datamover_skid_buf' [u:/CPR E 488 git/MP-0/MP-0.srcs/sources_1/bd/MP0_design_1/ipshared/9afd/hdl/axi_datamover_v5_1_vh_rfs.vhd:19492]
INFO: [Synth 8-256] done synthesizing module 'axi_datamover_skid_buf' (82#1) [u:/CPR E 488 git/MP-0/MP-0.srcs/sources_1/bd/MP0_design_1/ipshared/9afd/hdl/axi_datamover_v5_1_vh_rfs.vhd:19492]
INFO: [Synth 8-256] done synthesizing module 'axi_datamover_indet_btt' (83#1) [u:/CPR E 488 git/MP-0/MP-0.srcs/sources_1/bd/MP0_design_1/ipshared/9afd/hdl/axi_datamover_v5_1_vh_rfs.vhd:28422]
INFO: [Synth 8-638] synthesizing module 'axi_datamover_addr_cntl__parameterized0' [u:/CPR E 488 git/MP-0/MP-0.srcs/sources_1/bd/MP0_design_1/ipshared/9afd/hdl/axi_datamover_v5_1_vh_rfs.vhd:9995]
INFO: [Synth 8-256] done synthesizing module 'axi_datamover_addr_cntl__parameterized0' (83#1) [u:/CPR E 488 git/MP-0/MP-0.srcs/sources_1/bd/MP0_design_1/ipshared/9afd/hdl/axi_datamover_v5_1_vh_rfs.vhd:9995]
INFO: [Synth 8-638] synthesizing module 'axi_datamover_wrdata_cntl' [u:/CPR E 488 git/MP-0/MP-0.srcs/sources_1/bd/MP0_design_1/ipshared/9afd/hdl/axi_datamover_v5_1_vh_rfs.vhd:15669]
INFO: [Synth 8-638] synthesizing module 'axi_datamover_fifo__parameterized9' [u:/CPR E 488 git/MP-0/MP-0.srcs/sources_1/bd/MP0_design_1/ipshared/9afd/hdl/axi_datamover_v5_1_vh_rfs.vhd:1881]
INFO: [Synth 8-638] synthesizing module 'srl_fifo_f__parameterized9' [u:/CPR E 488 git/MP-0/MP-0.srcs/sources_1/bd/MP0_design_1/ipshared/6039/hdl/lib_srl_fifo_v1_0_rfs.vhd:1000]
INFO: [Synth 8-638] synthesizing module 'srl_fifo_rbu_f__parameterized9' [u:/CPR E 488 git/MP-0/MP-0.srcs/sources_1/bd/MP0_design_1/ipshared/6039/hdl/lib_srl_fifo_v1_0_rfs.vhd:697]
INFO: [Synth 8-638] synthesizing module 'dynshreg_f__parameterized9' [u:/CPR E 488 git/MP-0/MP-0.srcs/sources_1/bd/MP0_design_1/ipshared/6039/hdl/lib_srl_fifo_v1_0_rfs.vhd:397]
INFO: [Synth 8-256] done synthesizing module 'dynshreg_f__parameterized9' (83#1) [u:/CPR E 488 git/MP-0/MP-0.srcs/sources_1/bd/MP0_design_1/ipshared/6039/hdl/lib_srl_fifo_v1_0_rfs.vhd:397]
INFO: [Synth 8-256] done synthesizing module 'srl_fifo_rbu_f__parameterized9' (83#1) [u:/CPR E 488 git/MP-0/MP-0.srcs/sources_1/bd/MP0_design_1/ipshared/6039/hdl/lib_srl_fifo_v1_0_rfs.vhd:697]
INFO: [Synth 8-256] done synthesizing module 'srl_fifo_f__parameterized9' (83#1) [u:/CPR E 488 git/MP-0/MP-0.srcs/sources_1/bd/MP0_design_1/ipshared/6039/hdl/lib_srl_fifo_v1_0_rfs.vhd:1000]
INFO: [Synth 8-256] done synthesizing module 'axi_datamover_fifo__parameterized9' (83#1) [u:/CPR E 488 git/MP-0/MP-0.srcs/sources_1/bd/MP0_design_1/ipshared/9afd/hdl/axi_datamover_v5_1_vh_rfs.vhd:1881]
INFO: [Synth 8-256] done synthesizing module 'axi_datamover_wrdata_cntl' (84#1) [u:/CPR E 488 git/MP-0/MP-0.srcs/sources_1/bd/MP0_design_1/ipshared/9afd/hdl/axi_datamover_v5_1_vh_rfs.vhd:15669]
INFO: [Synth 8-638] synthesizing module 'axi_datamover_skid2mm_buf' [u:/CPR E 488 git/MP-0/MP-0.srcs/sources_1/bd/MP0_design_1/ipshared/9afd/hdl/axi_datamover_v5_1_vh_rfs.vhd:18990]
INFO: [Synth 8-638] synthesizing module 'axi_datamover_wr_demux' [u:/CPR E 488 git/MP-0/MP-0.srcs/sources_1/bd/MP0_design_1/ipshared/9afd/hdl/axi_datamover_v5_1_vh_rfs.vhd:14112]
INFO: [Synth 8-256] done synthesizing module 'axi_datamover_wr_demux' (85#1) [u:/CPR E 488 git/MP-0/MP-0.srcs/sources_1/bd/MP0_design_1/ipshared/9afd/hdl/axi_datamover_v5_1_vh_rfs.vhd:14112]
INFO: [Synth 8-256] done synthesizing module 'axi_datamover_skid2mm_buf' (86#1) [u:/CPR E 488 git/MP-0/MP-0.srcs/sources_1/bd/MP0_design_1/ipshared/9afd/hdl/axi_datamover_v5_1_vh_rfs.vhd:18990]
INFO: [Synth 8-256] done synthesizing module 'axi_datamover_s2mm_full_wrap' (87#1) [u:/CPR E 488 git/MP-0/MP-0.srcs/sources_1/bd/MP0_design_1/ipshared/9afd/hdl/axi_datamover_v5_1_vh_rfs.vhd:49982]
INFO: [Synth 8-256] done synthesizing module 'axi_datamover' (88#1) [u:/CPR E 488 git/MP-0/MP-0.srcs/sources_1/bd/MP0_design_1/ipshared/9afd/hdl/axi_datamover_v5_1_vh_rfs.vhd:55410]
INFO: [Synth 8-256] done synthesizing module 'axi_vdma' (89#1) [u:/CPR E 488 git/MP-0/MP-0.srcs/sources_1/bd/MP0_design_1/ipshared/47ae/hdl/axi_vdma_v6_3_rfs.vhd:69480]
INFO: [Synth 8-256] done synthesizing module 'MP0_design_1_axi_vdma_0_0' (90#1) [u:/CPR E 488 git/MP-0/MP-0.srcs/sources_1/bd/MP0_design_1/ip/MP0_design_1_axi_vdma_0_0/synth/MP0_design_1_axi_vdma_0_0.vhd:131]
Finished RTL Elaboration : Time (s): cpu = 00:06:00 ; elapsed = 00:06:22 . Memory (MB): peak = 663.703 ; gain = 412.164
Finished RTL Optimization Phase 1 : Time (s): cpu = 00:06:01 ; elapsed = 00:06:30 . Memory (MB): peak = 663.703 ; gain = 412.164
INFO: [Device 21-403] Loading part xc7z020clg484-1
Constraint Validation Runtime : Time (s): cpu = 00:00:01 ; elapsed = 00:00:00.128 . Memory (MB): peak = 805.199 ; gain = 0.000
Finished Constraint Validation : Time (s): cpu = 00:06:14 ; elapsed = 00:06:51 . Memory (MB): peak = 805.199 ; gain = 553.660
Finished Loading Part and Timing Information : Time (s): cpu = 00:06:14 ; elapsed = 00:06:51 . Memory (MB): peak = 805.199 ; gain = 553.660
Finished applying 'set_property' XDC Constraints : Time (s): cpu = 00:06:14 ; elapsed = 00:06:51 . Memory (MB): peak = 805.199 ; gain = 553.660
Finished RTL Optimization Phase 2 : Time (s): cpu = 00:06:20 ; elapsed = 00:06:57 . Memory (MB): peak = 805.199 ; gain = 553.660
Finished Cross Boundary and Area Optimization : Time (s): cpu = 00:06:30 ; elapsed = 00:07:07 . Memory (MB): peak = 805.199 ; gain = 553.660
---------------------------------------------------------------------------------
Start ROM, RAM, DSP and Shift Register Reporting
---------------------------------------------------------------------------------

Distributed RAM: Preliminary Mapping  Report (see note below)
+---------------------+---------------------------------------------------------------------------------------------------------------------------------------------------------------------------------------------------------------------------------+----------------+----------------------+--------------+
|Module Name          | RTL Object                                                                                                                                                                                                                      | Inference      | Size (Depth x Width) | Primitives   | 
+---------------------+---------------------------------------------------------------------------------------------------------------------------------------------------------------------------------------------------------------------------------+----------------+----------------------+--------------+
|U0/I_PRMRY_DATAMOVER | GEN_S2MM_FULL.I_S2MM_FULL_WRAPPER/GEN_ENABLE_INDET_BTT_SF.I_INDET_BTT/I_XD_FIFO/NON_BLK_MEM.I_SYNC_FIFOGEN_FIFO/FAMILY_SUPPORTED.I_SYNC_FIFO_BRAM/inst_fifo_gen/gconvfifo.rf/grf.rf/gntv_or_sync_fifo.mem/gdm.dm_gen.dm/RAM_reg | User Attribute | 16 x 9               | RAM32M x 2   | 
+---------------------+---------------------------------------------------------------------------------------------------------------------------------------------------------------------------------------------------------------------------------+----------------+----------------------+--------------+

Note: The table above is a preliminary report that shows the Distributed RAMs at the current stage of the synthesis flow. Some Distributed RAMs may be reimplemented as non Distributed RAM primitives later in the synthesis flow. Multiple instantiated RAMs are reported only once.
---------------------------------------------------------------------------------
Finished ROM, RAM, DSP and Shift Register Reporting
---------------------------------------------------------------------------------
Finished Applying XDC Timing Constraints : Time (s): cpu = 00:06:39 ; elapsed = 00:07:17 . Memory (MB): peak = 805.199 ; gain = 553.660
Finished Timing Optimization : Time (s): cpu = 00:06:42 ; elapsed = 00:07:20 . Memory (MB): peak = 806.520 ; gain = 554.980
Finished Technology Mapping : Time (s): cpu = 00:06:44 ; elapsed = 00:07:22 . Memory (MB): peak = 813.414 ; gain = 561.875
Finished IO Insertion : Time (s): cpu = 00:06:45 ; elapsed = 00:07:23 . Memory (MB): peak = 813.414 ; gain = 561.875
Finished Renaming Generated Instances : Time (s): cpu = 00:06:45 ; elapsed = 00:07:23 . Memory (MB): peak = 813.414 ; gain = 561.875
Finished Rebuilding User Hierarchy : Time (s): cpu = 00:06:45 ; elapsed = 00:07:23 . Memory (MB): peak = 813.414 ; gain = 561.875
Finished Renaming Generated Ports : Time (s): cpu = 00:06:46 ; elapsed = 00:07:23 . Memory (MB): peak = 813.414 ; gain = 561.875
Finished Handling Custom Attributes : Time (s): cpu = 00:06:46 ; elapsed = 00:07:23 . Memory (MB): peak = 813.414 ; gain = 561.875
Finished Renaming Generated Nets : Time (s): cpu = 00:06:46 ; elapsed = 00:07:24 . Memory (MB): peak = 813.414 ; gain = 561.875

Report Cell Usage: 
+------+---------+------+
|      |Cell     |Count |
+------+---------+------+
|1     |CARRY4   |    84|
|2     |LUT1     |   550|
|3     |LUT2     |   417|
|4     |LUT3     |   504|
|5     |LUT4     |   398|
|6     |LUT5     |   370|
|7     |LUT6     |   579|
|8     |MUXCY    |    40|
|9     |MUXF7    |     1|
|10    |RAM32M   |     2|
|11    |RAMB18E1 |     2|
|12    |RAMB36E1 |     2|
|13    |SRL16E   |   261|
|14    |FDRE     |  2798|
|15    |FDSE     |   112|
+------+---------+------+
Finished Writing Synthesis Report : Time (s): cpu = 00:06:46 ; elapsed = 00:07:24 . Memory (MB): peak = 813.414 ; gain = 561.875
synth_design: Time (s): cpu = 00:06:48 ; elapsed = 00:07:27 . Memory (MB): peak = 813.414 ; gain = 562.918
