
*** Running vivado
    with args -log MP0_design_1_auto_pc_5.vds -m64 -product Vivado -mode batch -messageDb vivado.pb -notrace -source MP0_design_1_auto_pc_5.tcl



****** Vivado v2017.1_sdx (64-bit)
  **** SW Build 1915620 on Thu Jun 22 17:54:58 MDT 2017
  **** IP Build 1908669 on Thu Jun 22 19:20:41 MDT 2017
    ** Copyright 1986-2017 Xilinx, Inc. All Rights Reserved.

INFO: [Common 17-1460] Use of init.tcl in C:/Xilinx/SDx/2017.1/Vivado/scripts/init.tcl is deprecated. Please use Vivado_init.tcl 
Sourcing tcl script 'C:/Xilinx/SDx/2017.1/Vivado/scripts/init.tcl'
16 Beta devices matching pattern found, 0 enabled.
Loaded SDSoC Platform Tcl Library
source MP0_design_1_auto_pc_5.tcl -notrace
Starting RTL Elaboration : Time (s): cpu = 00:00:06 ; elapsed = 00:00:10 . Memory (MB): peak = 330.941 ; gain = 83.332
INFO: [Synth 8-638] synthesizing module 'MP0_design_1_auto_pc_5' [u:/CPR E 488 git/MP-0/MP-0.srcs/sources_1/bd/MP0_design_1/ip/MP0_design_1_auto_pc_5/synth/MP0_design_1_auto_pc_5.v:58]
INFO: [Synth 8-638] synthesizing module 'axi_protocol_converter_v2_1_12_axi_protocol_converter' [u:/CPR E 488 git/MP-0/MP-0.srcs/sources_1/bd/MP0_design_1/ipshared/138d/hdl/axi_protocol_converter_v2_1_vl_rfs.v:4811]
INFO: [Synth 8-638] synthesizing module 'axi_protocol_converter_v2_1_12_axi3_conv' [u:/CPR E 488 git/MP-0/MP-0.srcs/sources_1/bd/MP0_design_1/ipshared/138d/hdl/axi_protocol_converter_v2_1_vl_rfs.v:954]
INFO: [Synth 8-638] synthesizing module 'axi_protocol_converter_v2_1_12_b_downsizer' [u:/CPR E 488 git/MP-0/MP-0.srcs/sources_1/bd/MP0_design_1/ipshared/138d/hdl/axi_protocol_converter_v2_1_vl_rfs.v:2276]
INFO: [Synth 8-256] done synthesizing module 'axi_protocol_converter_v2_1_12_b_downsizer' (1#1) [u:/CPR E 488 git/MP-0/MP-0.srcs/sources_1/bd/MP0_design_1/ipshared/138d/hdl/axi_protocol_converter_v2_1_vl_rfs.v:2276]
INFO: [Synth 8-638] synthesizing module 'axi_protocol_converter_v2_1_12_a_axi3_conv' [u:/CPR E 488 git/MP-0/MP-0.srcs/sources_1/bd/MP0_design_1/ipshared/138d/hdl/axi_protocol_converter_v2_1_vl_rfs.v:62]
INFO: [Synth 8-638] synthesizing module 'axi_data_fifo_v2_1_11_axic_fifo' [u:/CPR E 488 git/MP-0/MP-0.srcs/sources_1/bd/MP0_design_1/ipshared/5235/hdl/axi_data_fifo_v2_1_vl_rfs.v:64]
INFO: [Synth 8-638] synthesizing module 'axi_data_fifo_v2_1_11_fifo_gen' [u:/CPR E 488 git/MP-0/MP-0.srcs/sources_1/bd/MP0_design_1/ipshared/5235/hdl/axi_data_fifo_v2_1_vl_rfs.v:168]
INFO: [Synth 8-256] done synthesizing module 'axi_data_fifo_v2_1_11_fifo_gen' (20#1) [u:/CPR E 488 git/MP-0/MP-0.srcs/sources_1/bd/MP0_design_1/ipshared/5235/hdl/axi_data_fifo_v2_1_vl_rfs.v:168]
INFO: [Synth 8-256] done synthesizing module 'axi_data_fifo_v2_1_11_axic_fifo' (21#1) [u:/CPR E 488 git/MP-0/MP-0.srcs/sources_1/bd/MP0_design_1/ipshared/5235/hdl/axi_data_fifo_v2_1_vl_rfs.v:64]
INFO: [Synth 8-256] done synthesizing module 'axi_protocol_converter_v2_1_12_a_axi3_conv' (22#1) [u:/CPR E 488 git/MP-0/MP-0.srcs/sources_1/bd/MP0_design_1/ipshared/138d/hdl/axi_protocol_converter_v2_1_vl_rfs.v:62]
INFO: [Synth 8-638] synthesizing module 'axi_protocol_converter_v2_1_12_w_axi3_conv' [u:/CPR E 488 git/MP-0/MP-0.srcs/sources_1/bd/MP0_design_1/ipshared/138d/hdl/axi_protocol_converter_v2_1_vl_rfs.v:2004]
INFO: [Synth 8-256] done synthesizing module 'axi_protocol_converter_v2_1_12_w_axi3_conv' (23#1) [u:/CPR E 488 git/MP-0/MP-0.srcs/sources_1/bd/MP0_design_1/ipshared/138d/hdl/axi_protocol_converter_v2_1_vl_rfs.v:2004]
INFO: [Synth 8-638] synthesizing module 'axi_protocol_converter_v2_1_12_a_axi3_conv__parameterized0' [u:/CPR E 488 git/MP-0/MP-0.srcs/sources_1/bd/MP0_design_1/ipshared/138d/hdl/axi_protocol_converter_v2_1_vl_rfs.v:62]
INFO: [Synth 8-638] synthesizing module 'axi_data_fifo_v2_1_11_axic_fifo__parameterized0' [u:/CPR E 488 git/MP-0/MP-0.srcs/sources_1/bd/MP0_design_1/ipshared/5235/hdl/axi_data_fifo_v2_1_vl_rfs.v:64]
INFO: [Synth 8-638] synthesizing module 'axi_data_fifo_v2_1_11_fifo_gen__parameterized0' [u:/CPR E 488 git/MP-0/MP-0.srcs/sources_1/bd/MP0_design_1/ipshared/5235/hdl/axi_data_fifo_v2_1_vl_rfs.v:168]
INFO: [Synth 8-256] done synthesizing module 'axi_data_fifo_v2_1_11_fifo_gen__parameterized0' (23#1) [u:/CPR E 488 git/MP-0/MP-0.srcs/sources_1/bd/MP0_design_1/ipshared/5235/hdl/axi_data_fifo_v2_1_vl_rfs.v:168]
INFO: [Synth 8-256] done synthesizing module 'axi_data_fifo_v2_1_11_axic_fifo__parameterized0' (23#1) [u:/CPR E 488 git/MP-0/MP-0.srcs/sources_1/bd/MP0_design_1/ipshared/5235/hdl/axi_data_fifo_v2_1_vl_rfs.v:64]
INFO: [Synth 8-256] done synthesizing module 'axi_protocol_converter_v2_1_12_a_axi3_conv__parameterized0' (23#1) [u:/CPR E 488 git/MP-0/MP-0.srcs/sources_1/bd/MP0_design_1/ipshared/138d/hdl/axi_protocol_converter_v2_1_vl_rfs.v:62]
INFO: [Synth 8-638] synthesizing module 'axi_protocol_converter_v2_1_12_r_axi3_conv' [u:/CPR E 488 git/MP-0/MP-0.srcs/sources_1/bd/MP0_design_1/ipshared/138d/hdl/axi_protocol_converter_v2_1_vl_rfs.v:1789]
INFO: [Synth 8-256] done synthesizing module 'axi_protocol_converter_v2_1_12_r_axi3_conv' (24#1) [u:/CPR E 488 git/MP-0/MP-0.srcs/sources_1/bd/MP0_design_1/ipshared/138d/hdl/axi_protocol_converter_v2_1_vl_rfs.v:1789]
INFO: [Synth 8-256] done synthesizing module 'axi_protocol_converter_v2_1_12_axi3_conv' (25#1) [u:/CPR E 488 git/MP-0/MP-0.srcs/sources_1/bd/MP0_design_1/ipshared/138d/hdl/axi_protocol_converter_v2_1_vl_rfs.v:954]
INFO: [Synth 8-256] done synthesizing module 'axi_protocol_converter_v2_1_12_axi_protocol_converter' (26#1) [u:/CPR E 488 git/MP-0/MP-0.srcs/sources_1/bd/MP0_design_1/ipshared/138d/hdl/axi_protocol_converter_v2_1_vl_rfs.v:4811]
INFO: [Synth 8-256] done synthesizing module 'MP0_design_1_auto_pc_5' (27#1) [u:/CPR E 488 git/MP-0/MP-0.srcs/sources_1/bd/MP0_design_1/ip/MP0_design_1_auto_pc_5/synth/MP0_design_1_auto_pc_5.v:58]
Finished RTL Elaboration : Time (s): cpu = 00:00:43 ; elapsed = 00:00:53 . Memory (MB): peak = 455.496 ; gain = 207.887
Finished RTL Optimization Phase 1 : Time (s): cpu = 00:00:43 ; elapsed = 00:00:54 . Memory (MB): peak = 455.496 ; gain = 207.887
INFO: [Device 21-403] Loading part xc7z020clg484-1
Constraint Validation Runtime : Time (s): cpu = 00:00:00 ; elapsed = 00:00:00.053 . Memory (MB): peak = 703.793 ; gain = 0.000
Finished Constraint Validation : Time (s): cpu = 00:00:55 ; elapsed = 00:01:09 . Memory (MB): peak = 703.793 ; gain = 456.184
Finished Loading Part and Timing Information : Time (s): cpu = 00:00:55 ; elapsed = 00:01:09 . Memory (MB): peak = 703.793 ; gain = 456.184
Finished applying 'set_property' XDC Constraints : Time (s): cpu = 00:00:55 ; elapsed = 00:01:09 . Memory (MB): peak = 703.793 ; gain = 456.184
Finished RTL Optimization Phase 2 : Time (s): cpu = 00:00:56 ; elapsed = 00:01:10 . Memory (MB): peak = 703.793 ; gain = 456.184
Finished Cross Boundary and Area Optimization : Time (s): cpu = 00:00:59 ; elapsed = 00:01:13 . Memory (MB): peak = 703.793 ; gain = 456.184
---------------------------------------------------------------------------------
Start ROM, RAM, DSP and Shift Register Reporting
---------------------------------------------------------------------------------

Distributed RAM: Preliminary Mapping  Report (see note below)
+-------------------------------------------------------------------------------------------------------------------+-------------------------------------------------------------------------------+----------------+----------------------+----------------+
|Module Name                                                                                                        | RTL Object                                                                    | Inference      | Size (Depth x Width) | Primitives     | 
+-------------------------------------------------------------------------------------------------------------------+-------------------------------------------------------------------------------+----------------+----------------------+----------------+
|inst/\gen_axi4_axi3.axi3_conv_inst/USE_WRITE.write_addr_inst/USE_BURSTS.cmd_queue/inst/fifo_gen_inst               | inst_fifo_gen/gconvfifo.rf/grf.rf/gntv_or_sync_fifo.mem/gdm.dm_gen.dm/RAM_reg | User Attribute | 32 x 5               | RAM32M x 1     | 
|inst/\gen_axi4_axi3.axi3_conv_inst/USE_WRITE.write_addr_inst/USE_B_CHANNEL.cmd_b_queue/inst/fifo_gen_inst          | inst_fifo_gen/gconvfifo.rf/grf.rf/gntv_or_sync_fifo.mem/gdm.dm_gen.dm/RAM_reg | User Attribute | 32 x 5               | RAM32M x 1     | 
|inst/\gen_axi4_axi3.axi3_conv_inst/USE_READ.USE_SPLIT_R.read_addr_inst/USE_R_CHANNEL.cmd_queue/inst/fifo_gen_inst  | inst_fifo_gen/gconvfifo.rf/grf.rf/gntv_or_sync_fifo.mem/gdm.dm_gen.dm/RAM_reg | User Attribute | 32 x 1               | RAM32X1D x 1   | 
+-------------------------------------------------------------------------------------------------------------------+-------------------------------------------------------------------------------+----------------+----------------------+----------------+

Note: The table above is a preliminary report that shows the Distributed RAMs at the current stage of the synthesis flow. Some Distributed RAMs may be reimplemented as non Distributed RAM primitives later in the synthesis flow. Multiple instantiated RAMs are reported only once.
---------------------------------------------------------------------------------
Finished ROM, RAM, DSP and Shift Register Reporting
---------------------------------------------------------------------------------
Finished Applying XDC Timing Constraints : Time (s): cpu = 00:01:13 ; elapsed = 00:01:28 . Memory (MB): peak = 703.793 ; gain = 456.184
Finished Timing Optimization : Time (s): cpu = 00:01:14 ; elapsed = 00:01:28 . Memory (MB): peak = 703.793 ; gain = 456.184
Finished Technology Mapping : Time (s): cpu = 00:01:14 ; elapsed = 00:01:29 . Memory (MB): peak = 703.793 ; gain = 456.184
Finished IO Insertion : Time (s): cpu = 00:01:15 ; elapsed = 00:01:30 . Memory (MB): peak = 703.793 ; gain = 456.184
Finished Renaming Generated Instances : Time (s): cpu = 00:01:15 ; elapsed = 00:01:30 . Memory (MB): peak = 703.793 ; gain = 456.184
Finished Rebuilding User Hierarchy : Time (s): cpu = 00:01:15 ; elapsed = 00:01:30 . Memory (MB): peak = 703.793 ; gain = 456.184
Finished Renaming Generated Ports : Time (s): cpu = 00:01:15 ; elapsed = 00:01:30 . Memory (MB): peak = 703.793 ; gain = 456.184
Finished Handling Custom Attributes : Time (s): cpu = 00:01:15 ; elapsed = 00:01:30 . Memory (MB): peak = 703.793 ; gain = 456.184
Finished Renaming Generated Nets : Time (s): cpu = 00:01:15 ; elapsed = 00:01:30 . Memory (MB): peak = 703.793 ; gain = 456.184

Report Cell Usage: 
+------+---------+------+
|      |Cell     |Count |
+------+---------+------+
|1     |CARRY4   |    16|
|2     |LUT1     |    20|
|3     |LUT2     |    51|
|4     |LUT3     |    51|
|5     |LUT4     |    73|
|6     |LUT5     |   156|
|7     |LUT6     |    82|
|8     |RAM32M   |     2|
|9     |RAM32X1D |     1|
|10    |FDCE     |    69|
|11    |FDPE     |    63|
|12    |FDRE     |   335|
|13    |FDSE     |     5|
+------+---------+------+
Finished Writing Synthesis Report : Time (s): cpu = 00:01:15 ; elapsed = 00:01:30 . Memory (MB): peak = 703.793 ; gain = 456.184
synth_design: Time (s): cpu = 00:01:17 ; elapsed = 00:01:32 . Memory (MB): peak = 703.793 ; gain = 456.184
