
*** Running vivado
    with args -log design_1_auto_pc_0.vds -m64 -product Vivado -mode batch -messageDb vivado.pb -notrace -source design_1_auto_pc_0.tcl



****** Vivado v2017.1_sdx (64-bit)
  **** SW Build 1915620 on Thu Jun 22 17:54:58 MDT 2017
  **** IP Build 1908669 on Thu Jun 22 19:20:41 MDT 2017
    ** Copyright 1986-2017 Xilinx, Inc. All Rights Reserved.

INFO: [Common 17-1460] Use of init.tcl in C:/Xilinx/SDx/2017.1/Vivado/scripts/init.tcl is deprecated. Please use Vivado_init.tcl 
Sourcing tcl script 'C:/Xilinx/SDx/2017.1/Vivado/scripts/init.tcl'
16 Beta devices matching pattern found, 0 enabled.
Loaded SDSoC Platform Tcl Library
source design_1_auto_pc_0.tcl -notrace
Starting RTL Elaboration : Time (s): cpu = 00:00:08 ; elapsed = 00:00:13 . Memory (MB): peak = 329.949 ; gain = 82.098
INFO: [Synth 8-638] synthesizing module 'design_1_auto_pc_0' [u:/Desktop/MP-4/Cpre488/Final Project/Xilinx/premade_sha256.srcs/sources_1/bd/design_1/ip/design_1_auto_pc_0/synth/design_1_auto_pc_0.v:58]
INFO: [Synth 8-638] synthesizing module 'axi_protocol_converter_v2_1_12_axi_protocol_converter' [u:/Desktop/MP-4/Cpre488/Final Project/Xilinx/premade_sha256.srcs/sources_1/bd/design_1/ipshared/138d/hdl/axi_protocol_converter_v2_1_vl_rfs.v:4811]
INFO: [Synth 8-638] synthesizing module 'axi_protocol_converter_v2_1_12_b2s' [u:/Desktop/MP-4/Cpre488/Final Project/Xilinx/premade_sha256.srcs/sources_1/bd/design_1/ipshared/138d/hdl/axi_protocol_converter_v2_1_vl_rfs.v:4229]
INFO: [Synth 8-638] synthesizing module 'axi_protocol_converter_v2_1_12_b2s_aw_channel' [u:/Desktop/MP-4/Cpre488/Final Project/Xilinx/premade_sha256.srcs/sources_1/bd/design_1/ipshared/138d/hdl/axi_protocol_converter_v2_1_vl_rfs.v:3974]
INFO: [Synth 8-638] synthesizing module 'axi_protocol_converter_v2_1_12_b2s_cmd_translator' [u:/Desktop/MP-4/Cpre488/Final Project/Xilinx/premade_sha256.srcs/sources_1/bd/design_1/ipshared/138d/hdl/axi_protocol_converter_v2_1_vl_rfs.v:3467]
INFO: [Synth 8-638] synthesizing module 'axi_protocol_converter_v2_1_12_b2s_incr_cmd' [u:/Desktop/MP-4/Cpre488/Final Project/Xilinx/premade_sha256.srcs/sources_1/bd/design_1/ipshared/138d/hdl/axi_protocol_converter_v2_1_vl_rfs.v:3093]
INFO: [Synth 8-256] done synthesizing module 'axi_protocol_converter_v2_1_12_b2s_incr_cmd' (1#1) [u:/Desktop/MP-4/Cpre488/Final Project/Xilinx/premade_sha256.srcs/sources_1/bd/design_1/ipshared/138d/hdl/axi_protocol_converter_v2_1_vl_rfs.v:3093]
INFO: [Synth 8-638] synthesizing module 'axi_protocol_converter_v2_1_12_b2s_wrap_cmd' [u:/Desktop/MP-4/Cpre488/Final Project/Xilinx/premade_sha256.srcs/sources_1/bd/design_1/ipshared/138d/hdl/axi_protocol_converter_v2_1_vl_rfs.v:2903]
INFO: [Synth 8-256] done synthesizing module 'axi_protocol_converter_v2_1_12_b2s_wrap_cmd' (2#1) [u:/Desktop/MP-4/Cpre488/Final Project/Xilinx/premade_sha256.srcs/sources_1/bd/design_1/ipshared/138d/hdl/axi_protocol_converter_v2_1_vl_rfs.v:2903]
INFO: [Synth 8-256] done synthesizing module 'axi_protocol_converter_v2_1_12_b2s_cmd_translator' (3#1) [u:/Desktop/MP-4/Cpre488/Final Project/Xilinx/premade_sha256.srcs/sources_1/bd/design_1/ipshared/138d/hdl/axi_protocol_converter_v2_1_vl_rfs.v:3467]
INFO: [Synth 8-638] synthesizing module 'axi_protocol_converter_v2_1_12_b2s_wr_cmd_fsm' [u:/Desktop/MP-4/Cpre488/Final Project/Xilinx/premade_sha256.srcs/sources_1/bd/design_1/ipshared/138d/hdl/axi_protocol_converter_v2_1_vl_rfs.v:3225]
INFO: [Synth 8-256] done synthesizing module 'axi_protocol_converter_v2_1_12_b2s_wr_cmd_fsm' (4#1) [u:/Desktop/MP-4/Cpre488/Final Project/Xilinx/premade_sha256.srcs/sources_1/bd/design_1/ipshared/138d/hdl/axi_protocol_converter_v2_1_vl_rfs.v:3225]
INFO: [Synth 8-256] done synthesizing module 'axi_protocol_converter_v2_1_12_b2s_aw_channel' (5#1) [u:/Desktop/MP-4/Cpre488/Final Project/Xilinx/premade_sha256.srcs/sources_1/bd/design_1/ipshared/138d/hdl/axi_protocol_converter_v2_1_vl_rfs.v:3974]
INFO: [Synth 8-638] synthesizing module 'axi_protocol_converter_v2_1_12_b2s_b_channel' [u:/Desktop/MP-4/Cpre488/Final Project/Xilinx/premade_sha256.srcs/sources_1/bd/design_1/ipshared/138d/hdl/axi_protocol_converter_v2_1_vl_rfs.v:3609]
INFO: [Synth 8-638] synthesizing module 'axi_protocol_converter_v2_1_12_b2s_simple_fifo' [u:/Desktop/MP-4/Cpre488/Final Project/Xilinx/premade_sha256.srcs/sources_1/bd/design_1/ipshared/138d/hdl/axi_protocol_converter_v2_1_vl_rfs.v:2816]
INFO: [Synth 8-256] done synthesizing module 'axi_protocol_converter_v2_1_12_b2s_simple_fifo' (6#1) [u:/Desktop/MP-4/Cpre488/Final Project/Xilinx/premade_sha256.srcs/sources_1/bd/design_1/ipshared/138d/hdl/axi_protocol_converter_v2_1_vl_rfs.v:2816]
INFO: [Synth 8-638] synthesizing module 'axi_protocol_converter_v2_1_12_b2s_simple_fifo__parameterized0' [u:/Desktop/MP-4/Cpre488/Final Project/Xilinx/premade_sha256.srcs/sources_1/bd/design_1/ipshared/138d/hdl/axi_protocol_converter_v2_1_vl_rfs.v:2816]
INFO: [Synth 8-256] done synthesizing module 'axi_protocol_converter_v2_1_12_b2s_simple_fifo__parameterized0' (6#1) [u:/Desktop/MP-4/Cpre488/Final Project/Xilinx/premade_sha256.srcs/sources_1/bd/design_1/ipshared/138d/hdl/axi_protocol_converter_v2_1_vl_rfs.v:2816]
INFO: [Synth 8-256] done synthesizing module 'axi_protocol_converter_v2_1_12_b2s_b_channel' (7#1) [u:/Desktop/MP-4/Cpre488/Final Project/Xilinx/premade_sha256.srcs/sources_1/bd/design_1/ipshared/138d/hdl/axi_protocol_converter_v2_1_vl_rfs.v:3609]
INFO: [Synth 8-638] synthesizing module 'axi_protocol_converter_v2_1_12_b2s_ar_channel' [u:/Desktop/MP-4/Cpre488/Final Project/Xilinx/premade_sha256.srcs/sources_1/bd/design_1/ipshared/138d/hdl/axi_protocol_converter_v2_1_vl_rfs.v:4085]
INFO: [Synth 8-638] synthesizing module 'axi_protocol_converter_v2_1_12_b2s_rd_cmd_fsm' [u:/Desktop/MP-4/Cpre488/Final Project/Xilinx/premade_sha256.srcs/sources_1/bd/design_1/ipshared/138d/hdl/axi_protocol_converter_v2_1_vl_rfs.v:3336]
INFO: [Synth 8-256] done synthesizing module 'axi_protocol_converter_v2_1_12_b2s_rd_cmd_fsm' (8#1) [u:/Desktop/MP-4/Cpre488/Final Project/Xilinx/premade_sha256.srcs/sources_1/bd/design_1/ipshared/138d/hdl/axi_protocol_converter_v2_1_vl_rfs.v:3336]
INFO: [Synth 8-256] done synthesizing module 'axi_protocol_converter_v2_1_12_b2s_ar_channel' (9#1) [u:/Desktop/MP-4/Cpre488/Final Project/Xilinx/premade_sha256.srcs/sources_1/bd/design_1/ipshared/138d/hdl/axi_protocol_converter_v2_1_vl_rfs.v:4085]
INFO: [Synth 8-638] synthesizing module 'axi_protocol_converter_v2_1_12_b2s_r_channel' [u:/Desktop/MP-4/Cpre488/Final Project/Xilinx/premade_sha256.srcs/sources_1/bd/design_1/ipshared/138d/hdl/axi_protocol_converter_v2_1_vl_rfs.v:3814]
INFO: [Synth 8-638] synthesizing module 'axi_protocol_converter_v2_1_12_b2s_simple_fifo__parameterized1' [u:/Desktop/MP-4/Cpre488/Final Project/Xilinx/premade_sha256.srcs/sources_1/bd/design_1/ipshared/138d/hdl/axi_protocol_converter_v2_1_vl_rfs.v:2816]
INFO: [Synth 8-256] done synthesizing module 'axi_protocol_converter_v2_1_12_b2s_simple_fifo__parameterized1' (9#1) [u:/Desktop/MP-4/Cpre488/Final Project/Xilinx/premade_sha256.srcs/sources_1/bd/design_1/ipshared/138d/hdl/axi_protocol_converter_v2_1_vl_rfs.v:2816]
INFO: [Synth 8-638] synthesizing module 'axi_protocol_converter_v2_1_12_b2s_simple_fifo__parameterized2' [u:/Desktop/MP-4/Cpre488/Final Project/Xilinx/premade_sha256.srcs/sources_1/bd/design_1/ipshared/138d/hdl/axi_protocol_converter_v2_1_vl_rfs.v:2816]
INFO: [Synth 8-256] done synthesizing module 'axi_protocol_converter_v2_1_12_b2s_simple_fifo__parameterized2' (9#1) [u:/Desktop/MP-4/Cpre488/Final Project/Xilinx/premade_sha256.srcs/sources_1/bd/design_1/ipshared/138d/hdl/axi_protocol_converter_v2_1_vl_rfs.v:2816]
INFO: [Synth 8-256] done synthesizing module 'axi_protocol_converter_v2_1_12_b2s_r_channel' (10#1) [u:/Desktop/MP-4/Cpre488/Final Project/Xilinx/premade_sha256.srcs/sources_1/bd/design_1/ipshared/138d/hdl/axi_protocol_converter_v2_1_vl_rfs.v:3814]
INFO: [Synth 8-638] synthesizing module 'axi_register_slice_v2_1_12_axi_register_slice' [u:/Desktop/MP-4/Cpre488/Final Project/Xilinx/premade_sha256.srcs/sources_1/bd/design_1/ipshared/0e33/hdl/axi_register_slice_v2_1_vl_rfs.v:791]
INFO: [Synth 8-638] synthesizing module 'axi_infrastructure_v1_1_0_axi2vector' [u:/Desktop/MP-4/Cpre488/Final Project/Xilinx/premade_sha256.srcs/sources_1/bd/design_1/ipshared/7e3a/hdl/axi_infrastructure_v1_1_vl_rfs.v:60]
INFO: [Synth 8-256] done synthesizing module 'axi_infrastructure_v1_1_0_axi2vector' (11#1) [u:/Desktop/MP-4/Cpre488/Final Project/Xilinx/premade_sha256.srcs/sources_1/bd/design_1/ipshared/7e3a/hdl/axi_infrastructure_v1_1_vl_rfs.v:60]
INFO: [Synth 8-638] synthesizing module 'axi_register_slice_v2_1_12_axic_register_slice' [u:/Desktop/MP-4/Cpre488/Final Project/Xilinx/premade_sha256.srcs/sources_1/bd/design_1/ipshared/0e33/hdl/axi_register_slice_v2_1_vl_rfs.v:85]
INFO: [Synth 8-256] done synthesizing module 'axi_register_slice_v2_1_12_axic_register_slice' (12#1) [u:/Desktop/MP-4/Cpre488/Final Project/Xilinx/premade_sha256.srcs/sources_1/bd/design_1/ipshared/0e33/hdl/axi_register_slice_v2_1_vl_rfs.v:85]
INFO: [Synth 8-638] synthesizing module 'axi_register_slice_v2_1_12_axic_register_slice__parameterized0' [u:/Desktop/MP-4/Cpre488/Final Project/Xilinx/premade_sha256.srcs/sources_1/bd/design_1/ipshared/0e33/hdl/axi_register_slice_v2_1_vl_rfs.v:85]
INFO: [Synth 8-256] done synthesizing module 'axi_register_slice_v2_1_12_axic_register_slice__parameterized0' (12#1) [u:/Desktop/MP-4/Cpre488/Final Project/Xilinx/premade_sha256.srcs/sources_1/bd/design_1/ipshared/0e33/hdl/axi_register_slice_v2_1_vl_rfs.v:85]
INFO: [Synth 8-638] synthesizing module 'axi_register_slice_v2_1_12_axic_register_slice__parameterized1' [u:/Desktop/MP-4/Cpre488/Final Project/Xilinx/premade_sha256.srcs/sources_1/bd/design_1/ipshared/0e33/hdl/axi_register_slice_v2_1_vl_rfs.v:85]
INFO: [Synth 8-256] done synthesizing module 'axi_register_slice_v2_1_12_axic_register_slice__parameterized1' (12#1) [u:/Desktop/MP-4/Cpre488/Final Project/Xilinx/premade_sha256.srcs/sources_1/bd/design_1/ipshared/0e33/hdl/axi_register_slice_v2_1_vl_rfs.v:85]
INFO: [Synth 8-638] synthesizing module 'axi_register_slice_v2_1_12_axic_register_slice__parameterized2' [u:/Desktop/MP-4/Cpre488/Final Project/Xilinx/premade_sha256.srcs/sources_1/bd/design_1/ipshared/0e33/hdl/axi_register_slice_v2_1_vl_rfs.v:85]
INFO: [Synth 8-256] done synthesizing module 'axi_register_slice_v2_1_12_axic_register_slice__parameterized2' (12#1) [u:/Desktop/MP-4/Cpre488/Final Project/Xilinx/premade_sha256.srcs/sources_1/bd/design_1/ipshared/0e33/hdl/axi_register_slice_v2_1_vl_rfs.v:85]
INFO: [Synth 8-638] synthesizing module 'axi_infrastructure_v1_1_0_vector2axi' [u:/Desktop/MP-4/Cpre488/Final Project/Xilinx/premade_sha256.srcs/sources_1/bd/design_1/ipshared/7e3a/hdl/axi_infrastructure_v1_1_vl_rfs.v:474]
INFO: [Synth 8-256] done synthesizing module 'axi_infrastructure_v1_1_0_vector2axi' (13#1) [u:/Desktop/MP-4/Cpre488/Final Project/Xilinx/premade_sha256.srcs/sources_1/bd/design_1/ipshared/7e3a/hdl/axi_infrastructure_v1_1_vl_rfs.v:474]
INFO: [Synth 8-256] done synthesizing module 'axi_register_slice_v2_1_12_axi_register_slice' (14#1) [u:/Desktop/MP-4/Cpre488/Final Project/Xilinx/premade_sha256.srcs/sources_1/bd/design_1/ipshared/0e33/hdl/axi_register_slice_v2_1_vl_rfs.v:791]
INFO: [Synth 8-638] synthesizing module 'axi_register_slice_v2_1_12_axi_register_slice__parameterized0' [u:/Desktop/MP-4/Cpre488/Final Project/Xilinx/premade_sha256.srcs/sources_1/bd/design_1/ipshared/0e33/hdl/axi_register_slice_v2_1_vl_rfs.v:791]
INFO: [Synth 8-638] synthesizing module 'axi_infrastructure_v1_1_0_axi2vector__parameterized0' [u:/Desktop/MP-4/Cpre488/Final Project/Xilinx/premade_sha256.srcs/sources_1/bd/design_1/ipshared/7e3a/hdl/axi_infrastructure_v1_1_vl_rfs.v:60]
INFO: [Synth 8-256] done synthesizing module 'axi_infrastructure_v1_1_0_axi2vector__parameterized0' (14#1) [u:/Desktop/MP-4/Cpre488/Final Project/Xilinx/premade_sha256.srcs/sources_1/bd/design_1/ipshared/7e3a/hdl/axi_infrastructure_v1_1_vl_rfs.v:60]
INFO: [Synth 8-638] synthesizing module 'axi_register_slice_v2_1_12_axic_register_slice__parameterized3' [u:/Desktop/MP-4/Cpre488/Final Project/Xilinx/premade_sha256.srcs/sources_1/bd/design_1/ipshared/0e33/hdl/axi_register_slice_v2_1_vl_rfs.v:85]
INFO: [Synth 8-256] done synthesizing module 'axi_register_slice_v2_1_12_axic_register_slice__parameterized3' (14#1) [u:/Desktop/MP-4/Cpre488/Final Project/Xilinx/premade_sha256.srcs/sources_1/bd/design_1/ipshared/0e33/hdl/axi_register_slice_v2_1_vl_rfs.v:85]
INFO: [Synth 8-638] synthesizing module 'axi_register_slice_v2_1_12_axic_register_slice__parameterized4' [u:/Desktop/MP-4/Cpre488/Final Project/Xilinx/premade_sha256.srcs/sources_1/bd/design_1/ipshared/0e33/hdl/axi_register_slice_v2_1_vl_rfs.v:85]
INFO: [Synth 8-256] done synthesizing module 'axi_register_slice_v2_1_12_axic_register_slice__parameterized4' (14#1) [u:/Desktop/MP-4/Cpre488/Final Project/Xilinx/premade_sha256.srcs/sources_1/bd/design_1/ipshared/0e33/hdl/axi_register_slice_v2_1_vl_rfs.v:85]
INFO: [Synth 8-638] synthesizing module 'axi_register_slice_v2_1_12_axic_register_slice__parameterized5' [u:/Desktop/MP-4/Cpre488/Final Project/Xilinx/premade_sha256.srcs/sources_1/bd/design_1/ipshared/0e33/hdl/axi_register_slice_v2_1_vl_rfs.v:85]
INFO: [Synth 8-256] done synthesizing module 'axi_register_slice_v2_1_12_axic_register_slice__parameterized5' (14#1) [u:/Desktop/MP-4/Cpre488/Final Project/Xilinx/premade_sha256.srcs/sources_1/bd/design_1/ipshared/0e33/hdl/axi_register_slice_v2_1_vl_rfs.v:85]
INFO: [Synth 8-638] synthesizing module 'axi_register_slice_v2_1_12_axic_register_slice__parameterized6' [u:/Desktop/MP-4/Cpre488/Final Project/Xilinx/premade_sha256.srcs/sources_1/bd/design_1/ipshared/0e33/hdl/axi_register_slice_v2_1_vl_rfs.v:85]
INFO: [Synth 8-256] done synthesizing module 'axi_register_slice_v2_1_12_axic_register_slice__parameterized6' (14#1) [u:/Desktop/MP-4/Cpre488/Final Project/Xilinx/premade_sha256.srcs/sources_1/bd/design_1/ipshared/0e33/hdl/axi_register_slice_v2_1_vl_rfs.v:85]
INFO: [Synth 8-638] synthesizing module 'axi_infrastructure_v1_1_0_vector2axi__parameterized0' [u:/Desktop/MP-4/Cpre488/Final Project/Xilinx/premade_sha256.srcs/sources_1/bd/design_1/ipshared/7e3a/hdl/axi_infrastructure_v1_1_vl_rfs.v:474]
INFO: [Synth 8-256] done synthesizing module 'axi_infrastructure_v1_1_0_vector2axi__parameterized0' (14#1) [u:/Desktop/MP-4/Cpre488/Final Project/Xilinx/premade_sha256.srcs/sources_1/bd/design_1/ipshared/7e3a/hdl/axi_infrastructure_v1_1_vl_rfs.v:474]
INFO: [Synth 8-256] done synthesizing module 'axi_register_slice_v2_1_12_axi_register_slice__parameterized0' (14#1) [u:/Desktop/MP-4/Cpre488/Final Project/Xilinx/premade_sha256.srcs/sources_1/bd/design_1/ipshared/0e33/hdl/axi_register_slice_v2_1_vl_rfs.v:791]
INFO: [Synth 8-256] done synthesizing module 'axi_protocol_converter_v2_1_12_b2s' (15#1) [u:/Desktop/MP-4/Cpre488/Final Project/Xilinx/premade_sha256.srcs/sources_1/bd/design_1/ipshared/138d/hdl/axi_protocol_converter_v2_1_vl_rfs.v:4229]
INFO: [Synth 8-256] done synthesizing module 'axi_protocol_converter_v2_1_12_axi_protocol_converter' (16#1) [u:/Desktop/MP-4/Cpre488/Final Project/Xilinx/premade_sha256.srcs/sources_1/bd/design_1/ipshared/138d/hdl/axi_protocol_converter_v2_1_vl_rfs.v:4811]
INFO: [Synth 8-256] done synthesizing module 'design_1_auto_pc_0' (17#1) [u:/Desktop/MP-4/Cpre488/Final Project/Xilinx/premade_sha256.srcs/sources_1/bd/design_1/ip/design_1_auto_pc_0/synth/design_1_auto_pc_0.v:58]
Finished RTL Elaboration : Time (s): cpu = 00:00:45 ; elapsed = 00:00:56 . Memory (MB): peak = 449.957 ; gain = 202.105
Finished RTL Optimization Phase 1 : Time (s): cpu = 00:00:45 ; elapsed = 00:00:57 . Memory (MB): peak = 449.957 ; gain = 202.105
INFO: [Device 21-403] Loading part xc7z020clg484-1
Constraint Validation Runtime : Time (s): cpu = 00:00:00 ; elapsed = 00:00:00.056 . Memory (MB): peak = 703.012 ; gain = 0.000
Finished Constraint Validation : Time (s): cpu = 00:00:53 ; elapsed = 00:01:07 . Memory (MB): peak = 703.012 ; gain = 455.160
Finished Loading Part and Timing Information : Time (s): cpu = 00:00:53 ; elapsed = 00:01:07 . Memory (MB): peak = 703.012 ; gain = 455.160
Finished applying 'set_property' XDC Constraints : Time (s): cpu = 00:00:53 ; elapsed = 00:01:07 . Memory (MB): peak = 703.012 ; gain = 455.160
Finished RTL Optimization Phase 2 : Time (s): cpu = 00:00:54 ; elapsed = 00:01:08 . Memory (MB): peak = 703.012 ; gain = 455.160
Finished Cross Boundary and Area Optimization : Time (s): cpu = 00:00:55 ; elapsed = 00:01:10 . Memory (MB): peak = 703.012 ; gain = 455.160
Finished Applying XDC Timing Constraints : Time (s): cpu = 00:01:04 ; elapsed = 00:01:19 . Memory (MB): peak = 703.012 ; gain = 455.160
Finished Timing Optimization : Time (s): cpu = 00:01:05 ; elapsed = 00:01:20 . Memory (MB): peak = 723.371 ; gain = 475.520
Finished Technology Mapping : Time (s): cpu = 00:01:06 ; elapsed = 00:01:20 . Memory (MB): peak = 723.496 ; gain = 475.645
Finished IO Insertion : Time (s): cpu = 00:01:06 ; elapsed = 00:01:21 . Memory (MB): peak = 723.496 ; gain = 475.645
Finished Renaming Generated Instances : Time (s): cpu = 00:01:06 ; elapsed = 00:01:21 . Memory (MB): peak = 723.496 ; gain = 475.645
Finished Rebuilding User Hierarchy : Time (s): cpu = 00:01:06 ; elapsed = 00:01:21 . Memory (MB): peak = 723.496 ; gain = 475.645
Finished Renaming Generated Ports : Time (s): cpu = 00:01:06 ; elapsed = 00:01:21 . Memory (MB): peak = 723.496 ; gain = 475.645
Finished Handling Custom Attributes : Time (s): cpu = 00:01:06 ; elapsed = 00:01:21 . Memory (MB): peak = 723.496 ; gain = 475.645
Finished Renaming Generated Nets : Time (s): cpu = 00:01:06 ; elapsed = 00:01:21 . Memory (MB): peak = 723.496 ; gain = 475.645

Report Cell Usage: 
+------+--------+------+
|      |Cell    |Count |
+------+--------+------+
|1     |CARRY4  |    18|
|2     |LUT1    |    52|
|3     |LUT2    |    20|
|4     |LUT3    |   249|
|5     |LUT4    |    46|
|6     |LUT5    |    55|
|7     |LUT6    |   110|
|8     |SRL16E  |    18|
|9     |SRLC32E |    47|
|10    |FDRE    |   550|
|11    |FDSE    |    48|
+------+--------+------+
Finished Writing Synthesis Report : Time (s): cpu = 00:01:06 ; elapsed = 00:01:21 . Memory (MB): peak = 723.496 ; gain = 475.645
synth_design: Time (s): cpu = 00:01:07 ; elapsed = 00:01:23 . Memory (MB): peak = 723.496 ; gain = 475.645
