
*** Running vivado
    with args -log MP4_design1_auto_pc_1.vds -m64 -product Vivado -mode batch -messageDb vivado.pb -notrace -source MP4_design1_auto_pc_1.tcl


****** Vivado v2017.1 (64-bit)
  **** SW Build 1846317 on Fri Apr 14 18:55:03 MDT 2017
  **** IP Build 1846188 on Fri Apr 14 20:52:08 MDT 2017
    ** Copyright 1986-2017 Xilinx, Inc. All Rights Reserved.

source MP4_design1_auto_pc_1.tcl -notrace
Starting RTL Elaboration : Time (s): cpu = 00:00:08 ; elapsed = 00:00:13 . Memory (MB): peak = 367.945 ; gain = 86.047
INFO: [Synth 8-638] synthesizing module 'MP4_design1_auto_pc_1' [u:/Documents/MP-4/MP-4.srcs/sources_1/bd/MP4_design1/ip/MP4_design1_auto_pc_1/synth/MP4_design1_auto_pc_1.v:58]
INFO: [Synth 8-638] synthesizing module 'axi_protocol_converter_v2_1_12_axi_protocol_converter' [u:/Documents/MP-4/MP-4.srcs/sources_1/bd/MP4_design1/ipshared/138d/hdl/axi_protocol_converter_v2_1_vl_rfs.v:4811]
INFO: [Synth 8-638] synthesizing module 'axi_protocol_converter_v2_1_12_b2s' [u:/Documents/MP-4/MP-4.srcs/sources_1/bd/MP4_design1/ipshared/138d/hdl/axi_protocol_converter_v2_1_vl_rfs.v:4229]
INFO: [Synth 8-638] synthesizing module 'axi_protocol_converter_v2_1_12_b2s_aw_channel' [u:/Documents/MP-4/MP-4.srcs/sources_1/bd/MP4_design1/ipshared/138d/hdl/axi_protocol_converter_v2_1_vl_rfs.v:3974]
INFO: [Synth 8-638] synthesizing module 'axi_protocol_converter_v2_1_12_b2s_cmd_translator' [u:/Documents/MP-4/MP-4.srcs/sources_1/bd/MP4_design1/ipshared/138d/hdl/axi_protocol_converter_v2_1_vl_rfs.v:3467]
INFO: [Synth 8-638] synthesizing module 'axi_protocol_converter_v2_1_12_b2s_incr_cmd' [u:/Documents/MP-4/MP-4.srcs/sources_1/bd/MP4_design1/ipshared/138d/hdl/axi_protocol_converter_v2_1_vl_rfs.v:3093]
INFO: [Synth 8-256] done synthesizing module 'axi_protocol_converter_v2_1_12_b2s_incr_cmd' (1#1) [u:/Documents/MP-4/MP-4.srcs/sources_1/bd/MP4_design1/ipshared/138d/hdl/axi_protocol_converter_v2_1_vl_rfs.v:3093]
INFO: [Synth 8-638] synthesizing module 'axi_protocol_converter_v2_1_12_b2s_wrap_cmd' [u:/Documents/MP-4/MP-4.srcs/sources_1/bd/MP4_design1/ipshared/138d/hdl/axi_protocol_converter_v2_1_vl_rfs.v:2903]
INFO: [Synth 8-256] done synthesizing module 'axi_protocol_converter_v2_1_12_b2s_wrap_cmd' (2#1) [u:/Documents/MP-4/MP-4.srcs/sources_1/bd/MP4_design1/ipshared/138d/hdl/axi_protocol_converter_v2_1_vl_rfs.v:2903]
INFO: [Synth 8-256] done synthesizing module 'axi_protocol_converter_v2_1_12_b2s_cmd_translator' (3#1) [u:/Documents/MP-4/MP-4.srcs/sources_1/bd/MP4_design1/ipshared/138d/hdl/axi_protocol_converter_v2_1_vl_rfs.v:3467]
INFO: [Synth 8-638] synthesizing module 'axi_protocol_converter_v2_1_12_b2s_wr_cmd_fsm' [u:/Documents/MP-4/MP-4.srcs/sources_1/bd/MP4_design1/ipshared/138d/hdl/axi_protocol_converter_v2_1_vl_rfs.v:3225]
INFO: [Synth 8-256] done synthesizing module 'axi_protocol_converter_v2_1_12_b2s_wr_cmd_fsm' (4#1) [u:/Documents/MP-4/MP-4.srcs/sources_1/bd/MP4_design1/ipshared/138d/hdl/axi_protocol_converter_v2_1_vl_rfs.v:3225]
INFO: [Synth 8-256] done synthesizing module 'axi_protocol_converter_v2_1_12_b2s_aw_channel' (5#1) [u:/Documents/MP-4/MP-4.srcs/sources_1/bd/MP4_design1/ipshared/138d/hdl/axi_protocol_converter_v2_1_vl_rfs.v:3974]
INFO: [Synth 8-638] synthesizing module 'axi_protocol_converter_v2_1_12_b2s_b_channel' [u:/Documents/MP-4/MP-4.srcs/sources_1/bd/MP4_design1/ipshared/138d/hdl/axi_protocol_converter_v2_1_vl_rfs.v:3609]
INFO: [Synth 8-638] synthesizing module 'axi_protocol_converter_v2_1_12_b2s_simple_fifo' [u:/Documents/MP-4/MP-4.srcs/sources_1/bd/MP4_design1/ipshared/138d/hdl/axi_protocol_converter_v2_1_vl_rfs.v:2816]
INFO: [Synth 8-256] done synthesizing module 'axi_protocol_converter_v2_1_12_b2s_simple_fifo' (6#1) [u:/Documents/MP-4/MP-4.srcs/sources_1/bd/MP4_design1/ipshared/138d/hdl/axi_protocol_converter_v2_1_vl_rfs.v:2816]
INFO: [Synth 8-638] synthesizing module 'axi_protocol_converter_v2_1_12_b2s_simple_fifo__parameterized0' [u:/Documents/MP-4/MP-4.srcs/sources_1/bd/MP4_design1/ipshared/138d/hdl/axi_protocol_converter_v2_1_vl_rfs.v:2816]
INFO: [Synth 8-256] done synthesizing module 'axi_protocol_converter_v2_1_12_b2s_simple_fifo__parameterized0' (6#1) [u:/Documents/MP-4/MP-4.srcs/sources_1/bd/MP4_design1/ipshared/138d/hdl/axi_protocol_converter_v2_1_vl_rfs.v:2816]
INFO: [Synth 8-256] done synthesizing module 'axi_protocol_converter_v2_1_12_b2s_b_channel' (7#1) [u:/Documents/MP-4/MP-4.srcs/sources_1/bd/MP4_design1/ipshared/138d/hdl/axi_protocol_converter_v2_1_vl_rfs.v:3609]
INFO: [Synth 8-638] synthesizing module 'axi_protocol_converter_v2_1_12_b2s_ar_channel' [u:/Documents/MP-4/MP-4.srcs/sources_1/bd/MP4_design1/ipshared/138d/hdl/axi_protocol_converter_v2_1_vl_rfs.v:4085]
INFO: [Synth 8-638] synthesizing module 'axi_protocol_converter_v2_1_12_b2s_rd_cmd_fsm' [u:/Documents/MP-4/MP-4.srcs/sources_1/bd/MP4_design1/ipshared/138d/hdl/axi_protocol_converter_v2_1_vl_rfs.v:3336]
INFO: [Synth 8-256] done synthesizing module 'axi_protocol_converter_v2_1_12_b2s_rd_cmd_fsm' (8#1) [u:/Documents/MP-4/MP-4.srcs/sources_1/bd/MP4_design1/ipshared/138d/hdl/axi_protocol_converter_v2_1_vl_rfs.v:3336]
INFO: [Synth 8-256] done synthesizing module 'axi_protocol_converter_v2_1_12_b2s_ar_channel' (9#1) [u:/Documents/MP-4/MP-4.srcs/sources_1/bd/MP4_design1/ipshared/138d/hdl/axi_protocol_converter_v2_1_vl_rfs.v:4085]
INFO: [Synth 8-638] synthesizing module 'axi_protocol_converter_v2_1_12_b2s_r_channel' [u:/Documents/MP-4/MP-4.srcs/sources_1/bd/MP4_design1/ipshared/138d/hdl/axi_protocol_converter_v2_1_vl_rfs.v:3814]
INFO: [Synth 8-638] synthesizing module 'axi_protocol_converter_v2_1_12_b2s_simple_fifo__parameterized1' [u:/Documents/MP-4/MP-4.srcs/sources_1/bd/MP4_design1/ipshared/138d/hdl/axi_protocol_converter_v2_1_vl_rfs.v:2816]
INFO: [Synth 8-256] done synthesizing module 'axi_protocol_converter_v2_1_12_b2s_simple_fifo__parameterized1' (9#1) [u:/Documents/MP-4/MP-4.srcs/sources_1/bd/MP4_design1/ipshared/138d/hdl/axi_protocol_converter_v2_1_vl_rfs.v:2816]
INFO: [Synth 8-638] synthesizing module 'axi_protocol_converter_v2_1_12_b2s_simple_fifo__parameterized2' [u:/Documents/MP-4/MP-4.srcs/sources_1/bd/MP4_design1/ipshared/138d/hdl/axi_protocol_converter_v2_1_vl_rfs.v:2816]
INFO: [Synth 8-256] done synthesizing module 'axi_protocol_converter_v2_1_12_b2s_simple_fifo__parameterized2' (9#1) [u:/Documents/MP-4/MP-4.srcs/sources_1/bd/MP4_design1/ipshared/138d/hdl/axi_protocol_converter_v2_1_vl_rfs.v:2816]
INFO: [Synth 8-256] done synthesizing module 'axi_protocol_converter_v2_1_12_b2s_r_channel' (10#1) [u:/Documents/MP-4/MP-4.srcs/sources_1/bd/MP4_design1/ipshared/138d/hdl/axi_protocol_converter_v2_1_vl_rfs.v:3814]
INFO: [Synth 8-638] synthesizing module 'axi_register_slice_v2_1_12_axi_register_slice' [u:/Documents/MP-4/MP-4.srcs/sources_1/bd/MP4_design1/ipshared/0e33/hdl/axi_register_slice_v2_1_vl_rfs.v:791]
INFO: [Synth 8-638] synthesizing module 'axi_infrastructure_v1_1_0_axi2vector' [u:/Documents/MP-4/MP-4.srcs/sources_1/bd/MP4_design1/ipshared/7e3a/hdl/axi_infrastructure_v1_1_vl_rfs.v:60]
INFO: [Synth 8-256] done synthesizing module 'axi_infrastructure_v1_1_0_axi2vector' (11#1) [u:/Documents/MP-4/MP-4.srcs/sources_1/bd/MP4_design1/ipshared/7e3a/hdl/axi_infrastructure_v1_1_vl_rfs.v:60]
INFO: [Synth 8-638] synthesizing module 'axi_register_slice_v2_1_12_axic_register_slice' [u:/Documents/MP-4/MP-4.srcs/sources_1/bd/MP4_design1/ipshared/0e33/hdl/axi_register_slice_v2_1_vl_rfs.v:85]
INFO: [Synth 8-256] done synthesizing module 'axi_register_slice_v2_1_12_axic_register_slice' (12#1) [u:/Documents/MP-4/MP-4.srcs/sources_1/bd/MP4_design1/ipshared/0e33/hdl/axi_register_slice_v2_1_vl_rfs.v:85]
INFO: [Synth 8-638] synthesizing module 'axi_register_slice_v2_1_12_axic_register_slice__parameterized0' [u:/Documents/MP-4/MP-4.srcs/sources_1/bd/MP4_design1/ipshared/0e33/hdl/axi_register_slice_v2_1_vl_rfs.v:85]
INFO: [Synth 8-256] done synthesizing module 'axi_register_slice_v2_1_12_axic_register_slice__parameterized0' (12#1) [u:/Documents/MP-4/MP-4.srcs/sources_1/bd/MP4_design1/ipshared/0e33/hdl/axi_register_slice_v2_1_vl_rfs.v:85]
INFO: [Synth 8-638] synthesizing module 'axi_register_slice_v2_1_12_axic_register_slice__parameterized1' [u:/Documents/MP-4/MP-4.srcs/sources_1/bd/MP4_design1/ipshared/0e33/hdl/axi_register_slice_v2_1_vl_rfs.v:85]
INFO: [Synth 8-256] done synthesizing module 'axi_register_slice_v2_1_12_axic_register_slice__parameterized1' (12#1) [u:/Documents/MP-4/MP-4.srcs/sources_1/bd/MP4_design1/ipshared/0e33/hdl/axi_register_slice_v2_1_vl_rfs.v:85]
INFO: [Synth 8-638] synthesizing module 'axi_register_slice_v2_1_12_axic_register_slice__parameterized2' [u:/Documents/MP-4/MP-4.srcs/sources_1/bd/MP4_design1/ipshared/0e33/hdl/axi_register_slice_v2_1_vl_rfs.v:85]
INFO: [Synth 8-256] done synthesizing module 'axi_register_slice_v2_1_12_axic_register_slice__parameterized2' (12#1) [u:/Documents/MP-4/MP-4.srcs/sources_1/bd/MP4_design1/ipshared/0e33/hdl/axi_register_slice_v2_1_vl_rfs.v:85]
INFO: [Synth 8-638] synthesizing module 'axi_infrastructure_v1_1_0_vector2axi' [u:/Documents/MP-4/MP-4.srcs/sources_1/bd/MP4_design1/ipshared/7e3a/hdl/axi_infrastructure_v1_1_vl_rfs.v:474]
INFO: [Synth 8-256] done synthesizing module 'axi_infrastructure_v1_1_0_vector2axi' (13#1) [u:/Documents/MP-4/MP-4.srcs/sources_1/bd/MP4_design1/ipshared/7e3a/hdl/axi_infrastructure_v1_1_vl_rfs.v:474]
INFO: [Synth 8-256] done synthesizing module 'axi_register_slice_v2_1_12_axi_register_slice' (14#1) [u:/Documents/MP-4/MP-4.srcs/sources_1/bd/MP4_design1/ipshared/0e33/hdl/axi_register_slice_v2_1_vl_rfs.v:791]
INFO: [Synth 8-638] synthesizing module 'axi_register_slice_v2_1_12_axi_register_slice__parameterized0' [u:/Documents/MP-4/MP-4.srcs/sources_1/bd/MP4_design1/ipshared/0e33/hdl/axi_register_slice_v2_1_vl_rfs.v:791]
INFO: [Synth 8-638] synthesizing module 'axi_infrastructure_v1_1_0_axi2vector__parameterized0' [u:/Documents/MP-4/MP-4.srcs/sources_1/bd/MP4_design1/ipshared/7e3a/hdl/axi_infrastructure_v1_1_vl_rfs.v:60]
INFO: [Synth 8-256] done synthesizing module 'axi_infrastructure_v1_1_0_axi2vector__parameterized0' (14#1) [u:/Documents/MP-4/MP-4.srcs/sources_1/bd/MP4_design1/ipshared/7e3a/hdl/axi_infrastructure_v1_1_vl_rfs.v:60]
INFO: [Synth 8-638] synthesizing module 'axi_register_slice_v2_1_12_axic_register_slice__parameterized3' [u:/Documents/MP-4/MP-4.srcs/sources_1/bd/MP4_design1/ipshared/0e33/hdl/axi_register_slice_v2_1_vl_rfs.v:85]
INFO: [Synth 8-256] done synthesizing module 'axi_register_slice_v2_1_12_axic_register_slice__parameterized3' (14#1) [u:/Documents/MP-4/MP-4.srcs/sources_1/bd/MP4_design1/ipshared/0e33/hdl/axi_register_slice_v2_1_vl_rfs.v:85]
INFO: [Synth 8-638] synthesizing module 'axi_register_slice_v2_1_12_axic_register_slice__parameterized4' [u:/Documents/MP-4/MP-4.srcs/sources_1/bd/MP4_design1/ipshared/0e33/hdl/axi_register_slice_v2_1_vl_rfs.v:85]
INFO: [Synth 8-256] done synthesizing module 'axi_register_slice_v2_1_12_axic_register_slice__parameterized4' (14#1) [u:/Documents/MP-4/MP-4.srcs/sources_1/bd/MP4_design1/ipshared/0e33/hdl/axi_register_slice_v2_1_vl_rfs.v:85]
INFO: [Synth 8-638] synthesizing module 'axi_register_slice_v2_1_12_axic_register_slice__parameterized5' [u:/Documents/MP-4/MP-4.srcs/sources_1/bd/MP4_design1/ipshared/0e33/hdl/axi_register_slice_v2_1_vl_rfs.v:85]
INFO: [Synth 8-256] done synthesizing module 'axi_register_slice_v2_1_12_axic_register_slice__parameterized5' (14#1) [u:/Documents/MP-4/MP-4.srcs/sources_1/bd/MP4_design1/ipshared/0e33/hdl/axi_register_slice_v2_1_vl_rfs.v:85]
INFO: [Synth 8-638] synthesizing module 'axi_register_slice_v2_1_12_axic_register_slice__parameterized6' [u:/Documents/MP-4/MP-4.srcs/sources_1/bd/MP4_design1/ipshared/0e33/hdl/axi_register_slice_v2_1_vl_rfs.v:85]
INFO: [Synth 8-256] done synthesizing module 'axi_register_slice_v2_1_12_axic_register_slice__parameterized6' (14#1) [u:/Documents/MP-4/MP-4.srcs/sources_1/bd/MP4_design1/ipshared/0e33/hdl/axi_register_slice_v2_1_vl_rfs.v:85]
INFO: [Synth 8-638] synthesizing module 'axi_infrastructure_v1_1_0_vector2axi__parameterized0' [u:/Documents/MP-4/MP-4.srcs/sources_1/bd/MP4_design1/ipshared/7e3a/hdl/axi_infrastructure_v1_1_vl_rfs.v:474]
INFO: [Synth 8-256] done synthesizing module 'axi_infrastructure_v1_1_0_vector2axi__parameterized0' (14#1) [u:/Documents/MP-4/MP-4.srcs/sources_1/bd/MP4_design1/ipshared/7e3a/hdl/axi_infrastructure_v1_1_vl_rfs.v:474]
INFO: [Synth 8-256] done synthesizing module 'axi_register_slice_v2_1_12_axi_register_slice__parameterized0' (14#1) [u:/Documents/MP-4/MP-4.srcs/sources_1/bd/MP4_design1/ipshared/0e33/hdl/axi_register_slice_v2_1_vl_rfs.v:791]
INFO: [Synth 8-256] done synthesizing module 'axi_protocol_converter_v2_1_12_b2s' (15#1) [u:/Documents/MP-4/MP-4.srcs/sources_1/bd/MP4_design1/ipshared/138d/hdl/axi_protocol_converter_v2_1_vl_rfs.v:4229]
INFO: [Synth 8-256] done synthesizing module 'axi_protocol_converter_v2_1_12_axi_protocol_converter' (16#1) [u:/Documents/MP-4/MP-4.srcs/sources_1/bd/MP4_design1/ipshared/138d/hdl/axi_protocol_converter_v2_1_vl_rfs.v:4811]
INFO: [Synth 8-256] done synthesizing module 'MP4_design1_auto_pc_1' (17#1) [u:/Documents/MP-4/MP-4.srcs/sources_1/bd/MP4_design1/ip/MP4_design1_auto_pc_1/synth/MP4_design1_auto_pc_1.v:58]
Finished RTL Elaboration : Time (s): cpu = 00:00:54 ; elapsed = 00:01:07 . Memory (MB): peak = 488.055 ; gain = 206.156
Finished RTL Optimization Phase 1 : Time (s): cpu = 00:00:54 ; elapsed = 00:01:07 . Memory (MB): peak = 488.055 ; gain = 206.156
INFO: [Device 21-403] Loading part xc7z020clg484-1
Constraint Validation Runtime : Time (s): cpu = 00:00:00 ; elapsed = 00:00:00.069 . Memory (MB): peak = 738.461 ; gain = 0.000
Finished Constraint Validation : Time (s): cpu = 00:01:05 ; elapsed = 00:01:22 . Memory (MB): peak = 738.461 ; gain = 456.563
Finished Loading Part and Timing Information : Time (s): cpu = 00:01:05 ; elapsed = 00:01:22 . Memory (MB): peak = 738.461 ; gain = 456.563
Finished applying 'set_property' XDC Constraints : Time (s): cpu = 00:01:05 ; elapsed = 00:01:22 . Memory (MB): peak = 738.461 ; gain = 456.563
Finished RTL Optimization Phase 2 : Time (s): cpu = 00:01:06 ; elapsed = 00:01:22 . Memory (MB): peak = 738.461 ; gain = 456.563
Finished Cross Boundary and Area Optimization : Time (s): cpu = 00:01:08 ; elapsed = 00:01:24 . Memory (MB): peak = 738.461 ; gain = 456.563
Finished Applying XDC Timing Constraints : Time (s): cpu = 00:01:20 ; elapsed = 00:01:37 . Memory (MB): peak = 738.461 ; gain = 456.563
Finished Timing Optimization : Time (s): cpu = 00:01:22 ; elapsed = 00:01:39 . Memory (MB): peak = 753.813 ; gain = 471.914
Finished Technology Mapping : Time (s): cpu = 00:01:22 ; elapsed = 00:01:39 . Memory (MB): peak = 753.934 ; gain = 472.035
Finished IO Insertion : Time (s): cpu = 00:01:23 ; elapsed = 00:01:40 . Memory (MB): peak = 753.934 ; gain = 472.035
Finished Renaming Generated Instances : Time (s): cpu = 00:01:23 ; elapsed = 00:01:40 . Memory (MB): peak = 753.934 ; gain = 472.035
Finished Rebuilding User Hierarchy : Time (s): cpu = 00:01:23 ; elapsed = 00:01:40 . Memory (MB): peak = 753.934 ; gain = 472.035
Finished Renaming Generated Ports : Time (s): cpu = 00:01:23 ; elapsed = 00:01:40 . Memory (MB): peak = 753.934 ; gain = 472.035
Finished Handling Custom Attributes : Time (s): cpu = 00:01:24 ; elapsed = 00:01:40 . Memory (MB): peak = 753.934 ; gain = 472.035
Finished Renaming Generated Nets : Time (s): cpu = 00:01:24 ; elapsed = 00:01:40 . Memory (MB): peak = 753.934 ; gain = 472.035

Report Cell Usage: 
+------+--------+------+
|      |Cell    |Count |
+------+--------+------+
|1     |CARRY4  |    18|
|2     |LUT1    |    36|
|3     |LUT2    |    20|
|4     |LUT3    |   247|
|5     |LUT4    |    45|
|6     |LUT5    |    65|
|7     |LUT6    |   113|
|8     |SRL16E  |    22|
|9     |SRLC32E |    47|
|10    |FDRE    |   570|
|11    |FDSE    |    49|
+------+--------+------+
Finished Writing Synthesis Report : Time (s): cpu = 00:01:24 ; elapsed = 00:01:40 . Memory (MB): peak = 753.934 ; gain = 472.035
synth_design: Time (s): cpu = 00:01:25 ; elapsed = 00:01:43 . Memory (MB): peak = 753.934 ; gain = 474.566
