
*** Running vivado
    with args -log MP0_design_1_v_axi4s_vid_out_0_0.vds -m64 -product Vivado -mode batch -messageDb vivado.pb -notrace -source MP0_design_1_v_axi4s_vid_out_0_0.tcl


****** Vivado v2017.1 (64-bit)
  **** SW Build 1846317 on Fri Apr 14 18:55:03 MDT 2017
  **** IP Build 1846188 on Fri Apr 14 20:52:08 MDT 2017
    ** Copyright 1986-2017 Xilinx, Inc. All Rights Reserved.

source MP0_design_1_v_axi4s_vid_out_0_0.tcl -notrace
Starting RTL Elaboration : Time (s): cpu = 00:00:05 ; elapsed = 00:00:05 . Memory (MB): peak = 367.070 ; gain = 82.934
INFO: [Synth 8-638] synthesizing module 'MP0_design_1_v_axi4s_vid_out_0_0' [c:/Users/njknuth/CPR_E_488_git/MP-0/MP-0.srcs/sources_1/bd/MP0_design_1/ip/MP0_design_1_v_axi4s_vid_out_0_0/synth/MP0_design_1_v_axi4s_vid_out_0_0.v:58]
INFO: [Synth 8-638] synthesizing module 'v_axi4s_vid_out_v4_0_6' [c:/Users/njknuth/CPR_E_488_git/MP-0/MP-0.srcs/sources_1/bd/MP0_design_1/ipshared/6e4e/hdl/v_axi4s_vid_out_v4_0_vl_rfs.v:2283]
INFO: [Synth 8-638] synthesizing module 'v_axi4s_vid_out_v4_0_6_coupler' [c:/Users/njknuth/CPR_E_488_git/MP-0/MP-0.srcs/sources_1/bd/MP0_design_1/ipshared/6e4e/hdl/v_axi4s_vid_out_v4_0_vl_rfs.v:538]
INFO: [Synth 8-638] synthesizing module 'v_axi4s_vid_out_v4_0_6_fifo' [c:/Users/njknuth/CPR_E_488_git/MP-0/MP-0.srcs/sources_1/bd/MP0_design_1/ipshared/6e4e/hdl/v_axi4s_vid_out_v4_0_vl_rfs.v:59]
INFO: [Synth 8-256] done synthesizing module 'v_axi4s_vid_out_v4_0_6_fifo' (31#1) [c:/Users/njknuth/CPR_E_488_git/MP-0/MP-0.srcs/sources_1/bd/MP0_design_1/ipshared/6e4e/hdl/v_axi4s_vid_out_v4_0_vl_rfs.v:59]
INFO: [Synth 8-256] done synthesizing module 'v_axi4s_vid_out_v4_0_6_coupler' (32#1) [c:/Users/njknuth/CPR_E_488_git/MP-0/MP-0.srcs/sources_1/bd/MP0_design_1/ipshared/6e4e/hdl/v_axi4s_vid_out_v4_0_vl_rfs.v:538]
INFO: [Synth 8-638] synthesizing module 'v_axi4s_vid_out_v4_0_6_sync' [c:/Users/njknuth/CPR_E_488_git/MP-0/MP-0.srcs/sources_1/bd/MP0_design_1/ipshared/6e4e/hdl/v_axi4s_vid_out_v4_0_vl_rfs.v:724]
INFO: [Synth 8-256] done synthesizing module 'v_axi4s_vid_out_v4_0_6_sync' (33#1) [c:/Users/njknuth/CPR_E_488_git/MP-0/MP-0.srcs/sources_1/bd/MP0_design_1/ipshared/6e4e/hdl/v_axi4s_vid_out_v4_0_vl_rfs.v:724]
INFO: [Synth 8-638] synthesizing module 'v_axi4s_vid_out_v4_0_6_formatter' [c:/Users/njknuth/CPR_E_488_git/MP-0/MP-0.srcs/sources_1/bd/MP0_design_1/ipshared/6e4e/hdl/v_axi4s_vid_out_v4_0_vl_rfs.v:1355]
INFO: [Synth 8-256] done synthesizing module 'v_axi4s_vid_out_v4_0_6_formatter' (34#1) [c:/Users/njknuth/CPR_E_488_git/MP-0/MP-0.srcs/sources_1/bd/MP0_design_1/ipshared/6e4e/hdl/v_axi4s_vid_out_v4_0_vl_rfs.v:1355]
INFO: [Synth 8-256] done synthesizing module 'v_axi4s_vid_out_v4_0_6' (35#1) [c:/Users/njknuth/CPR_E_488_git/MP-0/MP-0.srcs/sources_1/bd/MP0_design_1/ipshared/6e4e/hdl/v_axi4s_vid_out_v4_0_vl_rfs.v:2283]
INFO: [Synth 8-256] done synthesizing module 'MP0_design_1_v_axi4s_vid_out_0_0' (36#1) [c:/Users/njknuth/CPR_E_488_git/MP-0/MP-0.srcs/sources_1/bd/MP0_design_1/ip/MP0_design_1_v_axi4s_vid_out_0_0/synth/MP0_design_1_v_axi4s_vid_out_0_0.v:58]
Finished RTL Elaboration : Time (s): cpu = 00:00:45 ; elapsed = 00:00:45 . Memory (MB): peak = 585.668 ; gain = 301.531
Finished RTL Optimization Phase 1 : Time (s): cpu = 00:00:45 ; elapsed = 00:00:46 . Memory (MB): peak = 585.668 ; gain = 301.531
INFO: [Device 21-403] Loading part xc7z020clg484-1
Constraint Validation Runtime : Time (s): cpu = 00:00:00 ; elapsed = 00:00:00.025 . Memory (MB): peak = 706.766 ; gain = 0.000
Finished Constraint Validation : Time (s): cpu = 00:00:53 ; elapsed = 00:00:54 . Memory (MB): peak = 706.766 ; gain = 422.629
Finished Loading Part and Timing Information : Time (s): cpu = 00:00:53 ; elapsed = 00:00:54 . Memory (MB): peak = 706.766 ; gain = 422.629
Finished applying 'set_property' XDC Constraints : Time (s): cpu = 00:00:53 ; elapsed = 00:00:54 . Memory (MB): peak = 706.766 ; gain = 422.629
Finished RTL Optimization Phase 2 : Time (s): cpu = 00:00:54 ; elapsed = 00:00:55 . Memory (MB): peak = 706.766 ; gain = 422.629
Finished Cross Boundary and Area Optimization : Time (s): cpu = 00:00:55 ; elapsed = 00:00:57 . Memory (MB): peak = 706.766 ; gain = 422.629
Finished Applying XDC Timing Constraints : Time (s): cpu = 00:01:04 ; elapsed = 00:01:07 . Memory (MB): peak = 706.766 ; gain = 422.629
Finished Timing Optimization : Time (s): cpu = 00:01:05 ; elapsed = 00:01:07 . Memory (MB): peak = 713.727 ; gain = 429.590
Finished Technology Mapping : Time (s): cpu = 00:01:05 ; elapsed = 00:01:08 . Memory (MB): peak = 723.867 ; gain = 439.730
Finished IO Insertion : Time (s): cpu = 00:01:05 ; elapsed = 00:01:08 . Memory (MB): peak = 723.867 ; gain = 439.730
Finished Renaming Generated Instances : Time (s): cpu = 00:01:05 ; elapsed = 00:01:08 . Memory (MB): peak = 723.867 ; gain = 439.730
Finished Rebuilding User Hierarchy : Time (s): cpu = 00:01:05 ; elapsed = 00:01:08 . Memory (MB): peak = 723.867 ; gain = 439.730
Finished Renaming Generated Ports : Time (s): cpu = 00:01:05 ; elapsed = 00:01:08 . Memory (MB): peak = 723.867 ; gain = 439.730
Finished Handling Custom Attributes : Time (s): cpu = 00:01:05 ; elapsed = 00:01:08 . Memory (MB): peak = 723.867 ; gain = 439.730
Finished Renaming Generated Nets : Time (s): cpu = 00:01:05 ; elapsed = 00:01:08 . Memory (MB): peak = 723.867 ; gain = 439.730

Report Cell Usage: 
+------+---------+------+
|      |Cell     |Count |
+------+---------+------+
|1     |CARRY4   |    23|
|2     |LUT1     |    62|
|3     |LUT2     |    58|
|4     |LUT3     |    26|
|5     |LUT4     |    73|
|6     |LUT5     |    36|
|7     |LUT6     |    52|
|8     |MUXCY    |    20|
|9     |MUXF7    |     2|
|10    |RAMB36E1 |     1|
|11    |FDCE     |   139|
|12    |FDPE     |    27|
|13    |FDRE     |   172|
|14    |FDSE     |     2|
+------+---------+------+
Finished Writing Synthesis Report : Time (s): cpu = 00:01:05 ; elapsed = 00:01:08 . Memory (MB): peak = 723.867 ; gain = 439.730
synth_design: Time (s): cpu = 00:01:06 ; elapsed = 00:01:10 . Memory (MB): peak = 726.285 ; gain = 447.949
