Copyright 1986-2017 Xilinx, Inc. All Rights Reserved.
------------------------------------------------------------------------------------
| Tool Version : Vivado v.2017.1 (win64) Build 1846317 Fri Apr 14 18:55:03 MDT 2017
| Date         : Sun Apr 29 16:50:22 2018
| Host         : CO2041-14 running 64-bit major release  (build 9200)
| Command      : upgrade_ip
| Device       : xc7z020clg484-1
------------------------------------------------------------------------------------

Upgrade Log for IP 'design_1_rst_ps7_0_100M_0'

1. Summary
----------

SUCCESS in the upgrade of design_1_rst_ps7_0_100M_0 (xilinx.com:ip:proc_sys_reset:5.0) from (Rev. 10) to (Rev. 11)






Copyright 1986-2017 Xilinx, Inc. All Rights Reserved.
----------------------------------------------------------------------------------------
| Tool Version : Vivado v.2017.1_sdx (win64) Build 1915620 Thu Jun 22 17:54:58 MDT 2017
| Date         : Sun Apr 29 13:41:15 2018
| Host         : CO2041-14 running 64-bit major release  (build 9200)
| Command      : upgrade_ip
| Device       : xc7z020clg484-1
----------------------------------------------------------------------------------------

Upgrade Log for IP 'design_1_sha256_hasher_0_0'

1. Summary
----------

SUCCESS in the upgrade of design_1_sha256_hasher_0_0 (iastate.edu:user:sha256_hasher:1.0) from (Rev. 20) to (Rev. 24)






Copyright 1986-2017 Xilinx, Inc. All Rights Reserved.
----------------------------------------------------------------------------------------
| Tool Version : Vivado v.2017.1_sdx (win64) Build 1915620 Thu Jun 22 17:54:58 MDT 2017
| Date         : Sun Apr 29 12:01:12 2018
| Host         : CO2041-14 running 64-bit major release  (build 9200)
| Command      : upgrade_ip
| Device       : xc7z020clg484-1
----------------------------------------------------------------------------------------

Upgrade Log for IP 'design_1_sha256_hasher_0_0'

1. Summary
----------

SUCCESS in the upgrade of design_1_sha256_hasher_0_0 (iastate.edu:user:sha256_hasher:1.0) from (Rev. 19) to (Rev. 20)






Copyright 1986-2017 Xilinx, Inc. All Rights Reserved.
----------------------------------------------------------------------------------------
| Tool Version : Vivado v.2017.1_sdx (win64) Build 1915620 Thu Jun 22 17:54:58 MDT 2017
| Date         : Sun Apr 29 11:57:52 2018
| Host         : CO2041-14 running 64-bit major release  (build 9200)
| Command      : upgrade_ip
| Device       : xc7z020clg484-1
----------------------------------------------------------------------------------------

Upgrade Log for IP 'design_1_rst_ps7_0_100M_0'

1. Summary
----------

SUCCESS in the upgrade of design_1_rst_ps7_0_100M_0 (xilinx.com:ip:proc_sys_reset:5.0) from (Rev. 11) to (Rev. 10)






Copyright 1986-2017 Xilinx, Inc. All Rights Reserved.
------------------------------------------------------------------------------------
| Tool Version : Vivado v.2017.1 (win64) Build 1846317 Fri Apr 14 18:55:03 MDT 2017
| Date         : Sat Apr 28 18:00:13 2018
| Host         : CO2041-14 running 64-bit major release  (build 9200)
| Command      : upgrade_ip
| Device       : xc7z020clg484-1
------------------------------------------------------------------------------------

Upgrade Log for IP 'design_1_sha256_hasher_0_0'

1. Summary
----------

SUCCESS in the upgrade of design_1_sha256_hasher_0_0 (iastate.edu:user:sha256_hasher:1.0) from (Rev. 18) to (Rev. 19)






Copyright 1986-2017 Xilinx, Inc. All Rights Reserved.
------------------------------------------------------------------------------------
| Tool Version : Vivado v.2017.1 (win64) Build 1846317 Fri Apr 14 18:55:03 MDT 2017
| Date         : Sat Apr 28 17:27:41 2018
| Host         : CO2041-14 running 64-bit major release  (build 9200)
| Command      : upgrade_ip
| Device       : xc7z020clg484-1
------------------------------------------------------------------------------------

Upgrade Log for IP 'design_1_sha256_hasher_0_0'

1. Summary
----------

SUCCESS in the upgrade of design_1_sha256_hasher_0_0 (iastate.edu:user:sha256_hasher:1.0) from (Rev. 15) to (Rev. 18)






Copyright 1986-2017 Xilinx, Inc. All Rights Reserved.
------------------------------------------------------------------------------------
| Tool Version : Vivado v.2017.1 (win64) Build 1846317 Fri Apr 14 18:55:03 MDT 2017
| Date         : Sat Apr 28 17:26:07 2018
| Host         : CO2041-14 running 64-bit major release  (build 9200)
| Command      : upgrade_ip
| Device       : xc7z020clg484-1
------------------------------------------------------------------------------------

Upgrade Log for IP 'design_1_sha256_hasher_0_0'

1. Summary
----------

SUCCESS in the upgrade of design_1_sha256_hasher_0_0 (iastate.edu:user:sha256_hasher:1.0) from (Rev. 14) to (Rev. 15)






Copyright 1986-2017 Xilinx, Inc. All Rights Reserved.
------------------------------------------------------------------------------------
| Tool Version : Vivado v.2017.1 (win64) Build 1846317 Fri Apr 14 18:55:03 MDT 2017
| Date         : Sat Apr 28 16:22:14 2018
| Host         : CO2041-14 running 64-bit major release  (build 9200)
| Command      : upgrade_ip
| Device       : xc7z020clg484-1
------------------------------------------------------------------------------------

Upgrade Log for IP 'design_1_sha256_hasher_0_0'

1. Summary
----------

SUCCESS in the upgrade of design_1_sha256_hasher_0_0 (iastate.edu:user:sha256_hasher:1.0) from (Rev. 13) to (Rev. 14)






Copyright 1986-2017 Xilinx, Inc. All Rights Reserved.
------------------------------------------------------------------------------------
| Tool Version : Vivado v.2017.1 (win64) Build 1846317 Fri Apr 14 18:55:03 MDT 2017
| Date         : Sat Apr 28 15:47:26 2018
| Host         : CO2041-14 running 64-bit major release  (build 9200)
| Command      : upgrade_ip
| Device       : xc7z020clg484-1
------------------------------------------------------------------------------------

Upgrade Log for IP 'design_1_sha256_hasher_0_0'

1. Summary
----------

SUCCESS in the upgrade of design_1_sha256_hasher_0_0 (iastate.edu:user:sha256_hasher:1.0) from (Rev. 12) to (Rev. 13)






Copyright 1986-2017 Xilinx, Inc. All Rights Reserved.
------------------------------------------------------------------------------------
| Tool Version : Vivado v.2017.1 (win64) Build 1846317 Fri Apr 14 18:55:03 MDT 2017
| Date         : Sat Apr 28 15:09:18 2018
| Host         : CO2041-14 running 64-bit major release  (build 9200)
| Command      : upgrade_ip
| Device       : xc7z020clg484-1
------------------------------------------------------------------------------------

Upgrade Log for IP 'design_1_sha256_hasher_0_0'

1. Summary
----------

SUCCESS in the upgrade of design_1_sha256_hasher_0_0 (iastate.edu:user:sha256_hasher:1.0) from (Rev. 11) to (Rev. 12)






Copyright 1986-2017 Xilinx, Inc. All Rights Reserved.
------------------------------------------------------------------------------------
| Tool Version : Vivado v.2017.1 (win64) Build 1846317 Fri Apr 14 18:55:03 MDT 2017
| Date         : Sat Apr 28 14:52:37 2018
| Host         : CO2041-14 running 64-bit major release  (build 9200)
| Command      : upgrade_ip
| Device       : xc7z020clg484-1
------------------------------------------------------------------------------------

Upgrade Log for IP 'design_1_sha256_hasher_0_0'

1. Summary
----------

SUCCESS in the upgrade of design_1_sha256_hasher_0_0 (iastate.edu:user:sha256_hasher:1.0) from (Rev. 10) to (Rev. 11)






Copyright 1986-2017 Xilinx, Inc. All Rights Reserved.
------------------------------------------------------------------------------------
| Tool Version : Vivado v.2017.1 (win64) Build 1846317 Fri Apr 14 18:55:03 MDT 2017
| Date         : Sat Apr 28 14:52:37 2018
| Host         : CO2041-14 running 64-bit major release  (build 9200)
| Command      : upgrade_ip
| Device       : xc7z020clg484-1
------------------------------------------------------------------------------------

Upgrade Log for IP 'design_1_rst_ps7_0_100M_0'

1. Summary
----------

SUCCESS in the upgrade of design_1_rst_ps7_0_100M_0 (xilinx.com:ip:proc_sys_reset:5.0) from (Rev. 10) to (Rev. 11)






Copyright 1986-2017 Xilinx, Inc. All Rights Reserved.
----------------------------------------------------------------------------------------
| Tool Version : Vivado v.2017.1_sdx (win64) Build 1915620 Thu Jun 22 17:54:58 MDT 2017
| Date         : Fri Apr 27 11:41:11 2018
| Host         : CO2041-07 running 64-bit major release  (build 9200)
| Command      : upgrade_ip
| Device       : xc7z020clg484-1
----------------------------------------------------------------------------------------

Upgrade Log for IP 'design_1_sha256_hasher_0_0'

1. Summary
----------

SUCCESS in the upgrade of design_1_sha256_hasher_0_0 (iastate.edu:user:sha256_hasher:1.0) from (Rev. 9) to (Rev. 10)






Copyright 1986-2017 Xilinx, Inc. All Rights Reserved.
----------------------------------------------------------------------------------------
| Tool Version : Vivado v.2017.1_sdx (win64) Build 1915620 Thu Jun 22 17:54:58 MDT 2017
| Date         : Fri Apr 27 11:03:52 2018
| Host         : CO2041-07 running 64-bit major release  (build 9200)
| Command      : upgrade_ip
| Device       : xc7z020clg484-1
----------------------------------------------------------------------------------------

Upgrade Log for IP 'design_1_sha256_hasher_0_0'

1. Summary
----------

SUCCESS in the upgrade of design_1_sha256_hasher_0_0 (iastate.edu:user:sha256_hasher:1.0) from (Rev. 8) to (Rev. 9)






Copyright 1986-2017 Xilinx, Inc. All Rights Reserved.
----------------------------------------------------------------------------------------
| Tool Version : Vivado v.2017.1_sdx (win64) Build 1915620 Thu Jun 22 17:54:58 MDT 2017
| Date         : Wed Apr 25 11:33:20 2018
| Host         : CO2041-10 running 64-bit major release  (build 9200)
| Command      : upgrade_ip
| Device       : xc7z020clg484-1
----------------------------------------------------------------------------------------

Upgrade Log for IP 'design_1_sha256_hasher_0_1'

1. Summary
----------

SUCCESS in the upgrade of design_1_sha256_hasher_0_1 (iastate.edu:user:sha256_hasher:1.0) from (Rev. 5) to (Rev. 6)






Copyright 1986-2017 Xilinx, Inc. All Rights Reserved.
----------------------------------------------------------------------------------------
| Tool Version : Vivado v.2017.1_sdx (win64) Build 1915620 Thu Jun 22 17:54:58 MDT 2017
| Date         : Wed Apr 25 10:56:20 2018
| Host         : CO2041-10 running 64-bit major release  (build 9200)
| Command      : upgrade_ip
| Device       : xc7z020clg484-1
----------------------------------------------------------------------------------------

Upgrade Log for IP 'design_1_sha256_hasher_0_1'

1. Summary
----------

SUCCESS in the upgrade of design_1_sha256_hasher_0_1 (iastate.edu:user:sha256_hasher:1.0) from (Rev. 4) to (Rev. 5)






Copyright 1986-2017 Xilinx, Inc. All Rights Reserved.
----------------------------------------------------------------------------------------
| Tool Version : Vivado v.2017.1_sdx (win64) Build 1915620 Thu Jun 22 17:54:58 MDT 2017
| Date         : Wed Apr 25 09:48:58 2018
| Host         : CO2041-10 running 64-bit major release  (build 9200)
| Command      : upgrade_ip
| Device       : xc7z020clg484-1
----------------------------------------------------------------------------------------

Upgrade Log for IP 'design_1_sha256_hasher_0_1'

1. Summary
----------

SUCCESS in the upgrade of design_1_sha256_hasher_0_1 (iastate.edu:user:sha256_hasher:1.0) from (Rev. 3) to (Rev. 4)

