09:30:38 INFO  : Registering command handlers for SDK TCF services
09:30:38 INFO  : Launching XSCT server: xsct.bat -interactive U:\Documents\MP-4\MP-4.sdk\temp_xsdb_launch_script.tcl
09:30:40 INFO  : XSCT server has started successfully.
09:30:42 INFO  : Successfully done setting XSCT server connection channel  
09:30:42 INFO  : Processing command line option -hwspec U:/Documents/MP-4/MP-4.sdk/MP4_design1_wrapper.hdf.
09:30:42 INFO  : Successfully done setting SDK workspace  
10:21:24 INFO  : SDK has detected change in the last modified timestamps for source hardware specification file Source:1522423250795,  Project:1522420159793
10:21:24 INFO  : Project MP4_design1_wrapper_hw_platform_0's source hardware specification located at U:/Documents/MP-4/MP-4.sdk/MP4_design1_wrapper.hdf is now different from the local copy.
		 The local copy will be replaced with the source specification and your workspace will be updated.
10:21:31 INFO  : Project MP4_design1_wrapper_hw_platform_0's source hardware specification location will not be monitored anymore.
10:21:41 INFO  : Launching XSCT server: xsct.bat -interactive U:\Documents\MP-4\MP-4.sdk\temp_xsdb_launch_script.tcl
10:21:43 INFO  : XSCT server has started successfully.
10:21:48 INFO  : Successfully done setting XSCT server connection channel  
10:21:48 INFO  : Successfully done setting SDK workspace  
10:21:49 INFO  : Registering command handlers for SDK TCF services
10:21:51 INFO  : Processing command line option -hwspec U:/Documents/MP-4/MP-4.sdk/MP4_design1_wrapper.hdf.
11:26:36 INFO  : Connected to target on host '127.0.0.1' and port '3121'.
11:27:49 INFO  : Connected to target on host '127.0.0.1' and port '3121'.
11:27:49 INFO  : 'targets -set -filter {jtag_cable_name =~ "Digilent Zed 210248780906" && level==0} -index 1' command is executed.
11:27:51 INFO  : FPGA configured successfully with bitstream "U:/Documents/MP-4/MP-4.sdk/MP4_design1_wrapper_hw_platform_1/MP4_design1_wrapper.bit"
11:42:13 INFO  : Registering command handlers for SDK TCF services
11:42:13 INFO  : Launching XSCT server: xsct.bat -interactive U:\Documents\MP-4\MP-4.sdk\temp_xsdb_launch_script.tcl
11:42:15 INFO  : XSCT server has started successfully.
11:42:16 INFO  : Successfully done setting XSCT server connection channel  
11:42:16 INFO  : Processing command line option -hwspec U:/Documents/MP-4/MP-4.sdk/MP4_design1_wrapper.hdf.
11:42:16 INFO  : Successfully done setting SDK workspace  
11:42:16 INFO  : Checking for hwspec changes in the project MP4_design1_wrapper_hw_platform_1.
11:47:08 INFO  : Registering command handlers for SDK TCF services
11:47:08 INFO  : Launching XSCT server: xsct.bat -interactive U:\Documents\MP-4\MP-4.sdk\temp_xsdb_launch_script.tcl
11:47:10 INFO  : XSCT server has started successfully.
11:47:10 INFO  : Successfully done setting XSCT server connection channel  
11:47:12 INFO  : Processing command line option -hwspec U:/Documents/MP-4/MP-4.sdk/MP4_design1_wrapper.hdf.
11:47:12 INFO  : Successfully done setting SDK workspace  
11:47:12 INFO  : Checking for hwspec changes in the project MP4_design1_wrapper_hw_platform_1.
11:47:26 INFO  : Connected to target on host '127.0.0.1' and port '3121'.
11:47:26 INFO  : 'targets -set -filter {jtag_cable_name =~ "Platform Cable USB II 000018cd4b8001" && level==0} -index 1' command is executed.
11:47:37 INFO  : FPGA configured successfully with bitstream "U:/Documents/MP-4/MP-4.sdk/MP4_design1_wrapper_hw_platform_1/MP4_design1_wrapper.bit"
11:49:58 INFO  : 'targets -set -filter {jtag_cable_name =~ "Platform Cable USB II 000018cd4b8001" && level==0} -index 1' command is executed.
11:49:58 INFO  : 'fpga -state' command is executed.
11:49:58 INFO  : Connected to target on host '127.0.0.1' and port '3121'.
11:49:58 INFO  : Jtag cable 'Platform Cable USB II 000018cd4b8001' is selected.
11:49:58 INFO  : 'jtag frequency' command is executed.
11:49:58 INFO  : Sourcing of 'U:/Documents/MP-4/MP-4.sdk/MP4_design1_wrapper_hw_platform_1/ps7_init.tcl' is done.
11:49:58 INFO  : Context for 'APU' is selected.
11:49:58 INFO  : 'stop' command is executed.
11:49:59 INFO  : 'ps7_init' command is executed.
11:49:59 INFO  : 'ps7_post_config' command is executed.
11:49:59 INFO  : Context for processor 'ps7_cortexa9_0' is selected.
11:49:59 INFO  : Processor reset is completed for 'ps7_cortexa9_0'.
11:49:59 INFO  : Context for processor 'ps7_cortexa9_0' is selected.
11:50:00 INFO  : The application 'U:/Documents/MP-4/MP-4.sdk/p3_UART0_test/Debug/p3_UART0_test.elf' is downloaded to processor 'ps7_cortexa9_0'.
11:50:00 INFO  : ----------------XSDB Script----------------
connect -url tcp:127.0.0.1:3121
source U:/Documents/MP-4/MP-4.sdk/MP4_design1_wrapper_hw_platform_1/ps7_init.tcl
targets -set -nocase -filter {name =~"APU*" && jtag_cable_name =~ "Platform Cable USB II 000018cd4b8001"} -index 0
stop
ps7_init
ps7_post_config
targets -set -nocase -filter {name =~ "ARM*#0" && jtag_cable_name =~ "Platform Cable USB II 000018cd4b8001"} -index 0
rst -processor
targets -set -nocase -filter {name =~ "ARM*#0" && jtag_cable_name =~ "Platform Cable USB II 000018cd4b8001"} -index 0
dow U:/Documents/MP-4/MP-4.sdk/p3_UART0_test/Debug/p3_UART0_test.elf
----------------End of Script----------------

11:50:00 INFO  : Memory regions updated for context APU
11:50:00 INFO  : Context for processor 'ps7_cortexa9_0' is selected.
11:50:00 INFO  : 'con' command is executed.
11:50:00 INFO  : ----------------XSDB Script (After Launch)----------------
targets -set -nocase -filter {name =~ "ARM*#0" && jtag_cable_name =~ "Platform Cable USB II 000018cd4b8001"} -index 0
con
----------------End of Script----------------

11:50:00 INFO  : Launch script is exported to file 'U:\Documents\MP-4\MP-4.sdk\.sdk\launch_scripts\xilinx_c-c++_application_(system_debugger)\system_debugger_using_debug_p3_uart0_test.elf_on_local.tcl'
11:52:44 INFO  : Connected to target on host '127.0.0.1' and port '3121'.
11:52:44 INFO  : 'targets -set -filter {jtag_cable_name =~ "Platform Cable USB II 000018cd4b8001" && level==0} -index 1' command is executed.
11:52:56 INFO  : FPGA configured successfully with bitstream "U:/Documents/MP-4/MP-4.sdk/MP4_design1_wrapper_hw_platform_1/MP4_design1_wrapper.bit"
11:55:41 INFO  : Refreshed build settings on project p3_UART0_test
11:57:02 INFO  : Connected to target on host '127.0.0.1' and port '3121'.
11:57:02 INFO  : 'targets -set -filter {jtag_cable_name =~ "Platform Cable USB II 000018cd4b8001" && level==0} -index 1' command is executed.
11:57:14 INFO  : FPGA configured successfully with bitstream "U:/Documents/MP-4/MP-4.sdk/MP4_design1_wrapper_hw_platform_1/MP4_design1_wrapper.bit"
11:57:48 INFO  : Disconnected from the channel tcfchan#1.
11:57:50 INFO  : 'targets -set -filter {jtag_cable_name =~ "Platform Cable USB II 000018cd4b8001" && level==0} -index 1' command is executed.
11:57:50 INFO  : 'fpga -state' command is executed.
11:57:50 INFO  : Connected to target on host '127.0.0.1' and port '3121'.
11:57:50 INFO  : Jtag cable 'Platform Cable USB II 000018cd4b8001' is selected.
11:57:50 INFO  : 'jtag frequency' command is executed.
11:57:50 INFO  : Sourcing of 'U:/Documents/MP-4/MP-4.sdk/MP4_design1_wrapper_hw_platform_1/ps7_init.tcl' is done.
11:57:50 INFO  : Context for 'APU' is selected.
11:57:50 INFO  : 'stop' command is executed.
11:57:51 INFO  : 'ps7_init' command is executed.
11:57:51 INFO  : 'ps7_post_config' command is executed.
11:57:51 INFO  : Context for processor 'ps7_cortexa9_0' is selected.
11:57:51 INFO  : Processor reset is completed for 'ps7_cortexa9_0'.
11:57:51 INFO  : Context for processor 'ps7_cortexa9_0' is selected.
11:57:52 INFO  : The application 'U:/Documents/MP-4/MP-4.sdk/p3_UART0_test/Debug/p3_UART0_test.elf' is downloaded to processor 'ps7_cortexa9_0'.
11:57:52 INFO  : ----------------XSDB Script----------------
connect -url tcp:127.0.0.1:3121
source U:/Documents/MP-4/MP-4.sdk/MP4_design1_wrapper_hw_platform_1/ps7_init.tcl
targets -set -nocase -filter {name =~"APU*" && jtag_cable_name =~ "Platform Cable USB II 000018cd4b8001"} -index 0
stop
ps7_init
ps7_post_config
targets -set -nocase -filter {name =~ "ARM*#0" && jtag_cable_name =~ "Platform Cable USB II 000018cd4b8001"} -index 0
rst -processor
targets -set -nocase -filter {name =~ "ARM*#0" && jtag_cable_name =~ "Platform Cable USB II 000018cd4b8001"} -index 0
dow U:/Documents/MP-4/MP-4.sdk/p3_UART0_test/Debug/p3_UART0_test.elf
----------------End of Script----------------

11:57:52 INFO  : Memory regions updated for context APU
11:57:52 INFO  : Context for processor 'ps7_cortexa9_0' is selected.
11:57:52 INFO  : 'con' command is executed.
11:57:52 INFO  : ----------------XSDB Script (After Launch)----------------
targets -set -nocase -filter {name =~ "ARM*#0" && jtag_cable_name =~ "Platform Cable USB II 000018cd4b8001"} -index 0
con
----------------End of Script----------------

11:57:52 INFO  : Launch script is exported to file 'U:\Documents\MP-4\MP-4.sdk\.sdk\launch_scripts\xilinx_c-c++_application_(system_debugger)\system_debugger_using_debug_p3_uart0_test.elf_on_local.tcl'
11:58:28 INFO  : Disconnected from the channel tcfchan#2.
