
*** Running vivado
    with args -log MP4_design1_processing_system7_0_0.vds -m64 -product Vivado -mode batch -messageDb vivado.pb -notrace -source MP4_design1_processing_system7_0_0.tcl


****** Vivado v2017.1 (64-bit)
  **** SW Build 1846317 on Fri Apr 14 18:55:03 MDT 2017
  **** IP Build 1846188 on Fri Apr 14 20:52:08 MDT 2017
    ** Copyright 1986-2017 Xilinx, Inc. All Rights Reserved.

source MP4_design1_processing_system7_0_0.tcl -notrace
Starting RTL Elaboration : Time (s): cpu = 00:00:04 ; elapsed = 00:00:04 . Memory (MB): peak = 372.793 ; gain = 84.883
INFO: [Synth 8-638] synthesizing module 'MP4_design1_processing_system7_0_0' [u:/Documents/MP-4/MP-4.srcs/sources_1/bd/MP4_design1/ip/MP4_design1_processing_system7_0_0/synth/MP4_design1_processing_system7_0_0.v:60]
INFO: [Synth 8-638] synthesizing module 'processing_system7_v5_5_processing_system7' [u:/Documents/MP-4/MP-4.srcs/sources_1/bd/MP4_design1/ip/MP4_design1_processing_system7_0_0/hdl/verilog/processing_system7_v5_5_processing_system7.v:161]
INFO: [Synth 8-638] synthesizing module 'BUFG' [C:/Xilinx/Vivado/2017.1/scripts/rt/data/unisim_comp.v:607]
INFO: [Synth 8-256] done synthesizing module 'BUFG' (1#1) [C:/Xilinx/Vivado/2017.1/scripts/rt/data/unisim_comp.v:607]
INFO: [Synth 8-638] synthesizing module 'BIBUF' [C:/Xilinx/Vivado/2017.1/scripts/rt/data/unisim_comp.v:268]
INFO: [Synth 8-256] done synthesizing module 'BIBUF' (2#1) [C:/Xilinx/Vivado/2017.1/scripts/rt/data/unisim_comp.v:268]
INFO: [Synth 8-638] synthesizing module 'PS7' [C:/Xilinx/Vivado/2017.1/scripts/rt/data/unisim_comp.v:33527]
INFO: [Synth 8-256] done synthesizing module 'PS7' (3#1) [C:/Xilinx/Vivado/2017.1/scripts/rt/data/unisim_comp.v:33527]
INFO: [Synth 8-256] done synthesizing module 'processing_system7_v5_5_processing_system7' (4#1) [u:/Documents/MP-4/MP-4.srcs/sources_1/bd/MP4_design1/ip/MP4_design1_processing_system7_0_0/hdl/verilog/processing_system7_v5_5_processing_system7.v:161]
INFO: [Synth 8-256] done synthesizing module 'MP4_design1_processing_system7_0_0' (5#1) [u:/Documents/MP-4/MP-4.srcs/sources_1/bd/MP4_design1/ip/MP4_design1_processing_system7_0_0/synth/MP4_design1_processing_system7_0_0.v:60]
Finished RTL Elaboration : Time (s): cpu = 00:00:06 ; elapsed = 00:00:07 . Memory (MB): peak = 413.121 ; gain = 125.211
Finished RTL Optimization Phase 1 : Time (s): cpu = 00:00:06 ; elapsed = 00:00:07 . Memory (MB): peak = 413.121 ; gain = 125.211
INFO: [Device 21-403] Loading part xc7z020clg484-1
Constraint Validation Runtime : Time (s): cpu = 00:00:00 ; elapsed = 00:00:00.056 . Memory (MB): peak = 655.668 ; gain = 0.000
Finished Constraint Validation : Time (s): cpu = 00:00:20 ; elapsed = 00:00:24 . Memory (MB): peak = 655.668 ; gain = 367.758
Finished Loading Part and Timing Information : Time (s): cpu = 00:00:20 ; elapsed = 00:00:24 . Memory (MB): peak = 655.668 ; gain = 367.758
Finished applying 'set_property' XDC Constraints : Time (s): cpu = 00:00:20 ; elapsed = 00:00:25 . Memory (MB): peak = 655.668 ; gain = 367.758
Finished RTL Optimization Phase 2 : Time (s): cpu = 00:00:21 ; elapsed = 00:00:26 . Memory (MB): peak = 655.668 ; gain = 367.758
Finished Cross Boundary and Area Optimization : Time (s): cpu = 00:00:22 ; elapsed = 00:00:27 . Memory (MB): peak = 655.668 ; gain = 367.758
Finished Applying XDC Timing Constraints : Time (s): cpu = 00:00:38 ; elapsed = 00:00:44 . Memory (MB): peak = 864.348 ; gain = 576.438
Finished Timing Optimization : Time (s): cpu = 00:00:38 ; elapsed = 00:00:44 . Memory (MB): peak = 881.441 ; gain = 593.531
Finished Technology Mapping : Time (s): cpu = 00:00:40 ; elapsed = 00:00:46 . Memory (MB): peak = 883.508 ; gain = 595.598
Finished IO Insertion : Time (s): cpu = 00:00:42 ; elapsed = 00:00:48 . Memory (MB): peak = 883.508 ; gain = 595.598
Finished Renaming Generated Instances : Time (s): cpu = 00:00:42 ; elapsed = 00:00:48 . Memory (MB): peak = 883.508 ; gain = 595.598
Finished Rebuilding User Hierarchy : Time (s): cpu = 00:00:42 ; elapsed = 00:00:48 . Memory (MB): peak = 883.508 ; gain = 595.598
Finished Renaming Generated Ports : Time (s): cpu = 00:00:42 ; elapsed = 00:00:48 . Memory (MB): peak = 883.508 ; gain = 595.598
Finished Handling Custom Attributes : Time (s): cpu = 00:00:42 ; elapsed = 00:00:48 . Memory (MB): peak = 883.508 ; gain = 595.598
Finished Renaming Generated Nets : Time (s): cpu = 00:00:42 ; elapsed = 00:00:48 . Memory (MB): peak = 883.508 ; gain = 595.598

Report Cell Usage: 
+------+------+------+
|      |Cell  |Count |
+------+------+------+
|1     |BIBUF |   130|
|2     |BUFG  |     1|
|3     |LUT1  |   112|
|4     |PS7   |     1|
+------+------+------+
Finished Writing Synthesis Report : Time (s): cpu = 00:00:42 ; elapsed = 00:00:48 . Memory (MB): peak = 883.508 ; gain = 595.598
synth_design: Time (s): cpu = 00:00:44 ; elapsed = 00:00:51 . Memory (MB): peak = 897.035 ; gain = 609.684
