15:01:31 **** Build of project MP2-TPG_bsp ****
make -k all 
"Running Make include in ps7_cortexa9_0/libsrc/axivdma_v6_3/src"
make -C ps7_cortexa9_0/libsrc/axivdma_v6_3/src -s include  "SHELL=CMD" "COMPILER=arm-none-eabi-gcc" "ARCHIVER=arm-none-eabi-ar" "COMPILER_FLAGS=  -O2 -c" "EXTRA_COMPILER_FLAGS=-mcpu=cortex-a9 -mfpu=vfpv3 -mfloat-abi=hard -nostartfiles -Wall -Wextra"
"Running Make include in ps7_cortexa9_0/libsrc/coresightps_dcc_v1_4/src"
make -C ps7_cortexa9_0/libsrc/coresightps_dcc_v1_4/src -s include  "SHELL=CMD" "COMPILER=arm-none-eabi-gcc" "ARCHIVER=arm-none-eabi-ar" "COMPILER_FLAGS=  -O2 -c" "EXTRA_COMPILER_FLAGS=-mcpu=cortex-a9 -mfpu=vfpv3 -mfloat-abi=hard -nostartfiles -Wall -Wextra"
"Running Make include in ps7_cortexa9_0/libsrc/cpu_cortexa9_v2_4/src"
make -C ps7_cortexa9_0/libsrc/cpu_cortexa9_v2_4/src -s include  "SHELL=CMD" "COMPILER=arm-none-eabi-gcc" "ARCHIVER=arm-none-eabi-ar" "COMPILER_FLAGS=  -O2 -c" "EXTRA_COMPILER_FLAGS=-mcpu=cortex-a9 -mfpu=vfpv3 -mfloat-abi=hard -nostartfiles -Wall -Wextra"
"Running Make include in ps7_cortexa9_0/libsrc/ddrps_v1_0/src"
make -C ps7_cortexa9_0/libsrc/ddrps_v1_0/src -s include  "SHELL=CMD" "COMPILER=arm-none-eabi-gcc" "ARCHIVER=arm-none-eabi-ar" "COMPILER_FLAGS=  -O2 -c" "EXTRA_COMPILER_FLAGS=-mcpu=cortex-a9 -mfpu=vfpv3 -mfloat-abi=hard -nostartfiles -Wall -Wextra"
"Running Make include in ps7_cortexa9_0/libsrc/devcfg_v3_4/src"
make -C ps7_cortexa9_0/libsrc/devcfg_v3_4/src -s include  "SHELL=CMD" "COMPILER=arm-none-eabi-gcc" "ARCHIVER=arm-none-eabi-ar" "COMPILER_FLAGS=  -O2 -c" "EXTRA_COMPILER_FLAGS=-mcpu=cortex-a9 -mfpu=vfpv3 -mfloat-abi=hard -nostartfiles -Wall -Wextra"
"Running Make include in ps7_cortexa9_0/libsrc/dmaps_v2_3/src"
make -C ps7_cortexa9_0/libsrc/dmaps_v2_3/src -s include  "SHELL=CMD" "COMPILER=arm-none-eabi-gcc" "ARCHIVER=arm-none-eabi-ar" "COMPILER_FLAGS=  -O2 -c" "EXTRA_COMPILER_FLAGS=-mcpu=cortex-a9 -mfpu=vfpv3 -mfloat-abi=hard -nostartfiles -Wall -Wextra"
"Running Make include in ps7_cortexa9_0/libsrc/emacps_v3_4/src"
make -C ps7_cortexa9_0/libsrc/emacps_v3_4/src -s include  "SHELL=CMD" "COMPILER=arm-none-eabi-gcc" "ARCHIVER=arm-none-eabi-ar" "COMPILER_FLAGS=  -O2 -c" "EXTRA_COMPILER_FLAGS=-mcpu=cortex-a9 -mfpu=vfpv3 -mfloat-abi=hard -nostartfiles -Wall -Wextra"
"Running Make include in ps7_cortexa9_0/libsrc/fmc_iic_sw_v2_03_a/src"
make -C ps7_cortexa9_0/libsrc/fmc_iic_sw_v2_03_a/src -s include  "SHELL=CMD" "COMPILER=arm-none-eabi-gcc" "ARCHIVER=arm-none-eabi-ar" "COMPILER_FLAGS=  -O2 -c" "EXTRA_COMPILER_FLAGS=-mcpu=cortex-a9 -mfpu=vfpv3 -mfloat-abi=hard -nostartfiles -Wall -Wextra"
"Running Make include in ps7_cortexa9_0/libsrc/fmc_imageon_sw_v2_01_a/src"
make -C ps7_cortexa9_0/libsrc/fmc_imageon_sw_v2_01_a/src -s include  "SHELL=CMD" "COMPILER=arm-none-eabi-gcc" "ARCHIVER=arm-none-eabi-ar" "COMPILER_FLAGS=  -O2 -c" "EXTRA_COMPILER_FLAGS=-mcpu=cortex-a9 -mfpu=vfpv3 -mfloat-abi=hard -nostartfiles -Wall -Wextra"
"Running Make include in ps7_cortexa9_0/libsrc/fmc_ipmi_sw_v2_02_a/src"
make -C ps7_cortexa9_0/libsrc/fmc_ipmi_sw_v2_02_a/src -s include  "SHELL=CMD" "COMPILER=arm-none-eabi-gcc" "ARCHIVER=arm-none-eabi-ar" "COMPILER_FLAGS=  -O2 -c" "EXTRA_COMPILER_FLAGS=-mcpu=cortex-a9 -mfpu=vfpv3 -mfloat-abi=hard -nostartfiles -Wall -Wextra"
"Running Make include in ps7_cortexa9_0/libsrc/gpiops_v3_2/src"
make -C ps7_cortexa9_0/libsrc/gpiops_v3_2/src -s include  "SHELL=CMD" "COMPILER=arm-none-eabi-gcc" "ARCHIVER=arm-none-eabi-ar" "COMPILER_FLAGS=  -O2 -c" "EXTRA_COMPILER_FLAGS=-mcpu=cortex-a9 -mfpu=vfpv3 -mfloat-abi=hard -nostartfiles -Wall -Wextra"
"Running Make include in ps7_cortexa9_0/libsrc/iic_v3_4/src"
make -C ps7_cortexa9_0/libsrc/iic_v3_4/src -s include  "SHELL=CMD" "COMPILER=arm-none-eabi-gcc" "ARCHIVER=arm-none-eabi-ar" "COMPILER_FLAGS=  -O2 -c" "EXTRA_COMPILER_FLAGS=-mcpu=cortex-a9 -mfpu=vfpv3 -mfloat-abi=hard -nostartfiles -Wall -Wextra"
"Running Make include in ps7_cortexa9_0/libsrc/onsemi_vita_sw_v3_3/src"
make -C ps7_cortexa9_0/libsrc/onsemi_vita_sw_v3_3/src -s include  "SHELL=CMD" "COMPILER=arm-none-eabi-gcc" "ARCHIVER=arm-none-eabi-ar" "COMPILER_FLAGS=  -O2 -c" "EXTRA_COMPILER_FLAGS=-mcpu=cortex-a9 -mfpu=vfpv3 -mfloat-abi=hard -nostartfiles -Wall -Wextra"
"Running Make include in ps7_cortexa9_0/libsrc/qspips_v3_3/src"
make -C ps7_cortexa9_0/libsrc/qspips_v3_3/src -s include  "SHELL=CMD" "COMPILER=arm-none-eabi-gcc" "ARCHIVER=arm-none-eabi-ar" "COMPILER_FLAGS=  -O2 -c" "EXTRA_COMPILER_FLAGS=-mcpu=cortex-a9 -mfpu=vfpv3 -mfloat-abi=hard -nostartfiles -Wall -Wextra"
"Running Make include in ps7_cortexa9_0/libsrc/scugic_v3_6/src"
make -C ps7_cortexa9_0/libsrc/scugic_v3_6/src -s include  "SHELL=CMD" "COMPILER=arm-none-eabi-gcc" "ARCHIVER=arm-none-eabi-ar" "COMPILER_FLAGS=  -O2 -c" "EXTRA_COMPILER_FLAGS=-mcpu=cortex-a9 -mfpu=vfpv3 -mfloat-abi=hard -nostartfiles -Wall -Wextra"
"Running Make include in ps7_cortexa9_0/libsrc/scutimer_v2_1/src"
make -C ps7_cortexa9_0/libsrc/scutimer_v2_1/src -s include  "SHELL=CMD" "COMPILER=arm-none-eabi-gcc" "ARCHIVER=arm-none-eabi-ar" "COMPILER_FLAGS=  -O2 -c" "EXTRA_COMPILER_FLAGS=-mcpu=cortex-a9 -mfpu=vfpv3 -mfloat-abi=hard -nostartfiles -Wall -Wextra"
"Running Make include in ps7_cortexa9_0/libsrc/scuwdt_v2_1/src"
make -C ps7_cortexa9_0/libsrc/scuwdt_v2_1/src -s include  "SHELL=CMD" "COMPILER=arm-none-eabi-gcc" "ARCHIVER=arm-none-eabi-ar" "COMPILER_FLAGS=  -O2 -c" "EXTRA_COMPILER_FLAGS=-mcpu=cortex-a9 -mfpu=vfpv3 -mfloat-abi=hard -nostartfiles -Wall -Wextra"
"Running Make include in ps7_cortexa9_0/libsrc/sdps_v3_2/src"
make -C ps7_cortexa9_0/libsrc/sdps_v3_2/src -s include  "SHELL=CMD" "COMPILER=arm-none-eabi-gcc" "ARCHIVER=arm-none-eabi-ar" "COMPILER_FLAGS=  -O2 -c" "EXTRA_COMPILER_FLAGS=-mcpu=cortex-a9 -mfpu=vfpv3 -mfloat-abi=hard -nostartfiles -Wall -Wextra"
"Running Make include in ps7_cortexa9_0/libsrc/standalone_v6_2/src"
make -C ps7_cortexa9_0/libsrc/standalone_v6_2/src -s include  "SHELL=CMD" "COMPILER=arm-none-eabi-gcc" "ARCHIVER=arm-none-eabi-ar" "COMPILER_FLAGS=  -O2 -c" "EXTRA_COMPILER_FLAGS=-mcpu=cortex-a9 -mfpu=vfpv3 -mfloat-abi=hard -nostartfiles -Wall -Wextra"
"Running Make include in ps7_cortexa9_0/libsrc/ttcps_v3_3/src"
make -C ps7_cortexa9_0/libsrc/ttcps_v3_3/src -s include  "SHELL=CMD" "COMPILER=arm-none-eabi-gcc" "ARCHIVER=arm-none-eabi-ar" "COMPILER_FLAGS=  -O2 -c" "EXTRA_COMPILER_FLAGS=-mcpu=cortex-a9 -mfpu=vfpv3 -mfloat-abi=hard -nostartfiles -Wall -Wextra"
"Running Make include in ps7_cortexa9_0/libsrc/uartps_v3_4/src"
make -C ps7_cortexa9_0/libsrc/uartps_v3_4/src -s include  "SHELL=CMD" "COMPILER=arm-none-eabi-gcc" "ARCHIVER=arm-none-eabi-ar" "COMPILER_FLAGS=  -O2 -c" "EXTRA_COMPILER_FLAGS=-mcpu=cortex-a9 -mfpu=vfpv3 -mfloat-abi=hard -nostartfiles -Wall -Wextra"
"Running Make include in ps7_cortexa9_0/libsrc/usbps_v2_4/src"
make -C ps7_cortexa9_0/libsrc/usbps_v2_4/src -s include  "SHELL=CMD" "COMPILER=arm-none-eabi-gcc" "ARCHIVER=arm-none-eabi-ar" "COMPILER_FLAGS=  -O2 -c" "EXTRA_COMPILER_FLAGS=-mcpu=cortex-a9 -mfpu=vfpv3 -mfloat-abi=hard -nostartfiles -Wall -Wextra"
"Running Make include in ps7_cortexa9_0/libsrc/vtc_v7_2/src"
make -C ps7_cortexa9_0/libsrc/vtc_v7_2/src -s include  "SHELL=CMD" "COMPILER=arm-none-eabi-gcc" "ARCHIVER=arm-none-eabi-ar" "COMPILER_FLAGS=  -O2 -c" "EXTRA_COMPILER_FLAGS=-mcpu=cortex-a9 -mfpu=vfpv3 -mfloat-abi=hard -nostartfiles -Wall -Wextra"
"Running Make include in ps7_cortexa9_0/libsrc/xadcps_v2_2/src"
make -C ps7_cortexa9_0/libsrc/xadcps_v2_2/src -s include  "SHELL=CMD" "COMPILER=arm-none-eabi-gcc" "ARCHIVER=arm-none-eabi-ar" "COMPILER_FLAGS=  -O2 -c" "EXTRA_COMPILER_FLAGS=-mcpu=cortex-a9 -mfpu=vfpv3 -mfloat-abi=hard -nostartfiles -Wall -Wextra"
"Running Make libs in ps7_cortexa9_0/libsrc/axivdma_v6_3/src"
make -C ps7_cortexa9_0/libsrc/axivdma_v6_3/src -s libs  "SHELL=CMD" "COMPILER=arm-none-eabi-gcc" "ARCHIVER=arm-none-eabi-ar" "COMPILER_FLAGS=  -O2 -c" "EXTRA_COMPILER_FLAGS=-mcpu=cortex-a9 -mfpu=vfpv3 -mfloat-abi=hard -nostartfiles -Wall -Wextra"
"Compiling axivdma"
"Running Make libs in ps7_cortexa9_0/libsrc/coresightps_dcc_v1_4/src"
make -C ps7_cortexa9_0/libsrc/coresightps_dcc_v1_4/src -s libs  "SHELL=CMD" "COMPILER=arm-none-eabi-gcc" "ARCHIVER=arm-none-eabi-ar" "COMPILER_FLAGS=  -O2 -c" "EXTRA_COMPILER_FLAGS=-mcpu=cortex-a9 -mfpu=vfpv3 -mfloat-abi=hard -nostartfiles -Wall -Wextra"
"Compiling coresightps_dcc"
"Running Make libs in ps7_cortexa9_0/libsrc/cpu_cortexa9_v2_4/src"
make -C ps7_cortexa9_0/libsrc/cpu_cortexa9_v2_4/src -s libs  "SHELL=CMD" "COMPILER=arm-none-eabi-gcc" "ARCHIVER=arm-none-eabi-ar" "COMPILER_FLAGS=  -O2 -c" "EXTRA_COMPILER_FLAGS=-mcpu=cortex-a9 -mfpu=vfpv3 -mfloat-abi=hard -nostartfiles -Wall -Wextra"
"Compiling cpu_cortexa9"
"Running Make libs in ps7_cortexa9_0/libsrc/ddrps_v1_0/src"
make -C ps7_cortexa9_0/libsrc/ddrps_v1_0/src -s libs  "SHELL=CMD" "COMPILER=arm-none-eabi-gcc" "ARCHIVER=arm-none-eabi-ar" "COMPILER_FLAGS=  -O2 -c" "EXTRA_COMPILER_FLAGS=-mcpu=cortex-a9 -mfpu=vfpv3 -mfloat-abi=hard -nostartfiles -Wall -Wextra"
"Compiling ddrps"
"Running Make libs in ps7_cortexa9_0/libsrc/devcfg_v3_4/src"
make -C ps7_cortexa9_0/libsrc/devcfg_v3_4/src -s libs  "SHELL=CMD" "COMPILER=arm-none-eabi-gcc" "ARCHIVER=arm-none-eabi-ar" "COMPILER_FLAGS=  -O2 -c" "EXTRA_COMPILER_FLAGS=-mcpu=cortex-a9 -mfpu=vfpv3 -mfloat-abi=hard -nostartfiles -Wall -Wextra"
"Compiling devcfg"
"Running Make libs in ps7_cortexa9_0/libsrc/dmaps_v2_3/src"
make -C ps7_cortexa9_0/libsrc/dmaps_v2_3/src -s libs  "SHELL=CMD" "COMPILER=arm-none-eabi-gcc" "ARCHIVER=arm-none-eabi-ar" "COMPILER_FLAGS=  -O2 -c" "EXTRA_COMPILER_FLAGS=-mcpu=cortex-a9 -mfpu=vfpv3 -mfloat-abi=hard -nostartfiles -Wall -Wextra"
"Compiling dmaps"
"Running Make libs in ps7_cortexa9_0/libsrc/emacps_v3_4/src"
make -C ps7_cortexa9_0/libsrc/emacps_v3_4/src -s libs  "SHELL=CMD" "COMPILER=arm-none-eabi-gcc" "ARCHIVER=arm-none-eabi-ar" "COMPILER_FLAGS=  -O2 -c" "EXTRA_COMPILER_FLAGS=-mcpu=cortex-a9 -mfpu=vfpv3 -mfloat-abi=hard -nostartfiles -Wall -Wextra"
"Compiling emacps"
"Running Make libs in ps7_cortexa9_0/libsrc/fmc_iic_sw_v2_03_a/src"
make -C ps7_cortexa9_0/libsrc/fmc_iic_sw_v2_03_a/src -s libs  "SHELL=CMD" "COMPILER=arm-none-eabi-gcc" "ARCHIVER=arm-none-eabi-ar" "COMPILER_FLAGS=  -O2 -c" "EXTRA_COMPILER_FLAGS=-mcpu=cortex-a9 -mfpu=vfpv3 -mfloat-abi=hard -nostartfiles -Wall -Wextra"
"Compiling fmc_iic_sw"
fmc_iic_axi.c:3:1: warning: multi-line comment [-Wcomment]
 //     /     \
 ^
In file included from fmc_iic_axi.c:61:0:
fmc_iic.h:3:1: warning: multi-line comment [-Wcomment]
 //     /     \
 ^
In file included from fmc_iic.h:57:0,
                 from fmc_iic_axi.c:61:
../../../include/xbasic_types.h:115:2: warning: #warning The xbasics_type.h file is deprecated and users should use xil_types.h and xil_assert. [-Wcpp]
 #warning  The xbasics_type.h file is deprecated and users should use xil_types.h and xil_assert.
  ^~~~~~~
../../../include/xbasic_types.h:116:2: warning: #warning Please refer the Standalone BSP UG647 for further details [-Wcpp]
 #warning  Please refer the Standalone BSP UG647 for further details
  ^~~~~~~
fmc_iic_axi.c: In function 'fmc_iic_axi_IicRead':
fmc_iic_axi.c:299:11: warning: unused variable 'TestStatus' [-Wunused-variable]
   XStatus TestStatus=XST_FAILURE;
           ^~~~~~~~~~
fmc_iic_axi.c: In function 'fmc_iic_axi_IicERead':
fmc_iic_axi.c:432:11: warning: unused variable 'TestStatus' [-Wunused-variable]
   XStatus TestStatus=XST_FAILURE;
           ^~~~~~~~~~
fmc_iic_sg.c:3:1: warning: multi-line comment [-Wcomment]
 //     /     \
 ^
In file included from fmc_iic_sg.c:61:0:
fmc_iic.h:3:1: warning: multi-line comment [-Wcomment]
 //     /     \
 ^
In file included from fmc_iic.h:57:0,
                 from fmc_iic_sg.c:61:
../../../include/xbasic_types.h:115:2: warning: #warning The xbasics_type.h file is deprecated and users should use xil_types.h and xil_assert. [-Wcpp]
 #warning  The xbasics_type.h file is deprecated and users should use xil_types.h and xil_assert.
  ^~~~~~~
../../../include/xbasic_types.h:116:2: warning: #warning Please refer the Standalone BSP UG647 for further details [-Wcpp]
 #warning  Please refer the Standalone BSP UG647 for further details
  ^~~~~~~
"Running Make libs in ps7_cortexa9_0/libsrc/fmc_imageon_sw_v2_01_a/src"
make -C ps7_cortexa9_0/libsrc/fmc_imageon_sw_v2_01_a/src -s libs  "SHELL=CMD" "COMPILER=arm-none-eabi-gcc" "ARCHIVER=arm-none-eabi-ar" "COMPILER_FLAGS=  -O2 -c" "EXTRA_COMPILER_FLAGS=-mcpu=cortex-a9 -mfpu=vfpv3 -mfloat-abi=hard -nostartfiles -Wall -Wextra"
"Compiling fmc_imageon_sw"
fmc_imageon.c:3:1: warning: multi-line comment [-Wcomment]
 //     /     \
 ^
In file included from fmc_imageon.c:76:0:
../../../include/fmc_iic.h:3:1: warning: multi-line comment [-Wcomment]
 //     /     \
 ^
In file included from ../../../include/fmc_iic.h:57:0,
                 from fmc_imageon.c:76:
../../../include/xbasic_types.h:115:2: warning: #warning The xbasics_type.h file is deprecated and users should use xil_types.h and xil_assert. [-Wcpp]
 #warning  The xbasics_type.h file is deprecated and users should use xil_types.h and xil_assert.
  ^~~~~~~
../../../include/xbasic_types.h:116:2: warning: #warning Please refer the Standalone BSP UG647 for further details [-Wcpp]
 #warning  Please refer the Standalone BSP UG647 for further details
  ^~~~~~~
In file included from fmc_imageon.c:77:0:
fmc_imageon.h:3:1: warning: multi-line comment [-Wcomment]
 //     /     \
 ^
fmc_imageon.c: In function 'fmc_imageon_init':
fmc_imageon.c:99:11: warning: variable 'num_bytes' set but not used [-Wunused-but-set-variable]
    Xuint8 num_bytes;
           ^~~~~~~~~
fmc_imageon.c: In function 'fmc_imageon_iic_mux':
fmc_imageon.c:208:11: warning: variable 'num_bytes' set but not used [-Wunused-but-set-variable]
    Xuint8 num_bytes;
           ^~~~~~~~~
fmc_imageon.c: In function 'fmc_imageon_iic_config2':
fmc_imageon.c:277:19: warning: comparison between signed and unsigned integer expressions [-Wsign-compare]
    for ( i = 0; i < ConfigLength; i++ )
                   ^
fmc_imageon.c:274:11: warning: variable 'num_bytes' set but not used [-Wunused-but-set-variable]
    Xuint8 num_bytes;
           ^~~~~~~~~
fmc_imageon.c: In function 'fmc_imageon_iic_config3':
fmc_imageon.c:302:19: warning: comparison between signed and unsigned integer expressions [-Wsign-compare]
    for ( i = 0; i < ConfigLength; i++ )
                   ^
fmc_imageon.c:299:11: warning: variable 'num_bytes' set but not used [-Wunused-but-set-variable]
    Xuint8 num_bytes;
           ^~~~~~~~~
fmc_imageon.c: At top level:
fmc_imageon.c:316:1: warning: missing braces around initializer [-Wmissing-braces]
 {
 ^
fmc_imageon.c:316:1: note: (near initialization for 'iic_cdce913')
fmc_imageon.c:401:1: warning: missing braces around initializer [-Wmissing-braces]
 {
 ^
fmc_imageon.c:401:1: note: (near initialization for 'iic_cdce913_y1_config_25_175_000')
fmc_imageon.c:428:1: warning: missing braces around initializer [-Wmissing-braces]
 {
 ^
fmc_imageon.c:428:1: note: (near initialization for 'iic_cdce913_y1_config_27_000_000')
fmc_imageon.c:456:1: warning: missing braces around initializer [-Wmissing-braces]
 {
 ^
fmc_imageon.c:456:1: note: (near initialization for 'iic_cdce913_y1_config_40_000_000')
fmc_imageon.c:483:1: warning: missing braces around initializer [-Wmissing-braces]
 {
 ^
fmc_imageon.c:483:1: note: (near initialization for 'iic_cdce913_y1_config_65_000_000')
fmc_imageon.c:510:1: warning: missing braces around initializer [-Wmissing-braces]
 {
 ^
fmc_imageon.c:510:1: note: (near initialization for 'iic_cdce913_y1_config_74_250_000')
fmc_imageon.c:537:1: warning: missing braces around initializer [-Wmissing-braces]
 {
 ^
fmc_imageon.c:537:1: note: (near initialization for 'iic_cdce913_y1_config_110_000_000')
fmc_imageon.c:564:1: warning: missing braces around initializer [-Wmissing-braces]
 {
 ^
fmc_imageon.c:564:1: note: (near initialization for 'iic_cdce913_y1_config_148_500_000')
fmc_imageon.c:591:1: warning: missing braces around initializer [-Wmissing-braces]
 {
 ^
fmc_imageon.c:591:1: note: (near initialization for 'iic_cdce913_y1_config_162_000_000')
fmc_imageon.c: In function 'fmc_imageon_vclk_init':
fmc_imageon.c:624:11: warning: variable 'num_bytes' set but not used [-Wunused-but-set-variable]
    Xuint8 num_bytes;
           ^~~~~~~~~
fmc_imageon.c:623:11: warning: unused variable 'xdata' [-Wunused-variable]
    Xuint8 xdata;
           ^~~~~
fmc_imageon.c:622:8: warning: unused variable 'dev' [-Wunused-variable]
    int dev;
        ^~~
fmc_imageon.c: In function 'fmc_imageon_vclk_config':
fmc_imageon.c:659:11: warning: variable 'num_bytes' set but not used [-Wunused-but-set-variable]
    Xuint8 num_bytes;
           ^~~~~~~~~
fmc_imageon.c:658:8: warning: unused variable 'dev' [-Wunused-variable]
    int dev;
        ^~~
fmc_imageon.c: At top level:
fmc_imageon.c:731:1: warning: missing braces around initializer [-Wmissing-braces]
 {
 ^
fmc_imageon.c:731:1: note: (near initialization for 'iic_hdmi_in_reset')
fmc_imageon.c:737:1: warning: missing braces around initializer [-Wmissing-braces]
 {
 ^
fmc_imageon.c:737:1: note: (near initialization for 'iic_hdmi_in_mapping')
fmc_imageon.c:750:1: warning: missing braces around initializer [-Wmissing-braces]
 {
 ^
fmc_imageon.c:750:1: note: (near initialization for 'iic_hdmi_in_edid_pre')
fmc_imageon.c:755:1: warning: missing braces around initializer [-Wmissing-braces]
 {
 ^
fmc_imageon.c:755:1: note: (near initialization for 'iic_hdmi_in_edid_post')
fmc_imageon.c:765:1: warning: missing braces around initializer [-Wmissing-braces]
 {
 ^
fmc_imageon.c:765:1: note: (near initialization for 'iic_hdmi_in_config')
fmc_imageon.c:817:1: warning: missing braces around initializer [-Wmissing-braces]
 {
 ^
fmc_imageon.c:817:1: note: (near initialization for 'iic_hdmi_in_spdif_config')
fmc_imageon.c: In function 'fmc_imageon_hdmii_init':
fmc_imageon.c:857:12: warning: unused variable 'reg' [-Wunused-variable]
    Xuint32 reg;
            ^~~
fmc_imageon.c:856:11: warning: unused variable 'num_bytes' [-Wunused-variable]
    Xuint8 num_bytes;
           ^~~~~~~~~
fmc_imageon.c:855:11: warning: unused variable 'i2c_data' [-Wunused-variable]
    Xuint8 i2c_data;
           ^~~~~~~~
fmc_imageon.c:854:11: warning: unused variable 'i2c_address' [-Wunused-variable]
    Xuint8 i2c_address;
           ^~~~~~~~~~~
fmc_imageon.c: In function 'fmc_imageon_hdmii_set_hpd':
fmc_imageon.c:932:11: warning: variable 'num_bytes' set but not used [-Wunused-but-set-variable]
    Xuint8 num_bytes;
           ^~~~~~~~~
fmc_imageon.c: In function 'fmc_imageon_hdmii_set_rst':
fmc_imageon.c:965:11: warning: variable 'num_bytes' set but not used [-Wunused-but-set-variable]
    Xuint8 num_bytes;
           ^~~~~~~~~
fmc_imageon.c: In function 'fmc_imageon_hdmii_get_int':
fmc_imageon.c:998:11: warning: variable 'num_bytes' set but not used [-Wunused-but-set-variable]
    Xuint8 num_bytes;
           ^~~~~~~~~
fmc_imageon.c: In function 'fmc_imageon_hdmii_get_lock':
fmc_imageon.c:1021:11: warning: variable 'num_bytes' set but not used [-Wunused-but-set-variable]
    Xuint8 num_bytes;
           ^~~~~~~~~
fmc_imageon.c: In function 'fmc_imageon_hdmii_get_timing':
fmc_imageon.c:1063:12: warning: variable 'Field1TotalHeight' set but not used [-Wunused-but-set-variable]
    Xuint32 Field1TotalHeight;
            ^~~~~~~~~~~~~~~~~
fmc_imageon.c:1062:12: warning: variable 'Field1BackPorch' set but not used [-Wunused-but-set-variable]
    Xuint32 Field1BackPorch;
            ^~~~~~~~~~~~~~~
fmc_imageon.c:1061:12: warning: variable 'Field1SyncWidth' set but not used [-Wunused-but-set-variable]
    Xuint32 Field1SyncWidth;
            ^~~~~~~~~~~~~~~
fmc_imageon.c:1060:12: warning: variable 'Field1FrontPorch' set but not used [-Wunused-but-set-variable]
    Xuint32 Field1FrontPorch;
            ^~~~~~~~~~~~~~~~
fmc_imageon.c:1059:12: warning: variable 'Field1Height' set but not used [-Wunused-but-set-variable]
    Xuint32 Field1Height;
            ^~~~~~~~~~~~
fmc_imageon.c:1058:12: warning: variable 'Field0TotalHeight' set but not used [-Wunused-but-set-variable]
    Xuint32 Field0TotalHeight;
            ^~~~~~~~~~~~~~~~~
fmc_imageon.c:1053:12: warning: variable 'TotalLineWidth' set but not used [-Wunused-but-set-variable]
    Xuint32 TotalLineWidth;
            ^~~~~~~~~~~~~~
fmc_imageon.c:1042:11: warning: variable 'num_bytes' set but not used [-Wunused-but-set-variable]
    Xuint8 num_bytes;
           ^~~~~~~~~
fmc_imageon.c: At top level:
fmc_imageon.c:1134:1: warning: missing braces around initializer [-Wmissing-braces]
 {
 ^
fmc_imageon.c:1134:1: note: (near initialization for 'iic_hdmi_out_config')
fmc_imageon.c:1222:1: warning: missing braces around initializer [-Wmissing-braces]
 {
 ^
fmc_imageon.c:1222:1: note: (near initialization for 'iic_hdmi_out_embedded_sync_config')
fmc_imageon.c: In function 'fmc_imageon_hdmio_init':
fmc_imageon.c:1280:46: warning: implicit declaration of function 'xil_printf' [-Wimplicit-function-declaration]
                    if ( pContext->bVerbose ) xil_printf( "\tSetting I2C config sequence for HDMI Mode\n\r" );
                                              ^~~~~~~~~~
fmc_imageon.c: In function 'fmc_imageon_hdmio_set_pd':
fmc_imageon.c:1375:11: warning: variable 'num_bytes' set but not used [-Wunused-but-set-variable]
    Xuint8 num_bytes;
           ^~~~~~~~~
fmc_imageon.c: In function 'fmc_imageon_hdmio_get_hpd':
fmc_imageon.c:1408:11: warning: variable 'num_bytes' set but not used [-Wunused-but-set-variable]
    Xuint8 num_bytes;
           ^~~~~~~~~
fmc_imageon.c: In function 'fmc_imageon_hdmii_init2':
fmc_imageon.c:851:1: warning: control reaches end of non-void function [-Wreturn-type]
 }
 ^
"Running Make libs in ps7_cortexa9_0/libsrc/fmc_ipmi_sw_v2_02_a/src"
make -C ps7_cortexa9_0/libsrc/fmc_ipmi_sw_v2_02_a/src -s libs  "SHELL=CMD" "COMPILER=arm-none-eabi-gcc" "ARCHIVER=arm-none-eabi-ar" "COMPILER_FLAGS=  -O2 -c" "EXTRA_COMPILER_FLAGS=-mcpu=cortex-a9 -mfpu=vfpv3 -mfloat-abi=hard -nostartfiles -Wall -Wextra"
"Compiling fmc_ipmi_sw"
fmc_ipmi.c:3:1: warning: multi-line comment [-Wcomment]
 //     /     \
 ^
In file included from fmc_ipmi.c:54:0:
../../../include/fmc_iic.h:3:1: warning: multi-line comment [-Wcomment]
 //     /     \
 ^
In file included from ../../../include/fmc_iic.h:57:0,
                 from fmc_ipmi.c:54:
../../../include/xbasic_types.h:115:2: warning: #warning The xbasics_type.h file is deprecated and users should use xil_types.h and xil_assert. [-Wcpp]
 #warning  The xbasics_type.h file is deprecated and users should use xil_types.h and xil_assert.
  ^~~~~~~
../../../include/xbasic_types.h:116:2: warning: #warning Please refer the Standalone BSP UG647 for further details [-Wcpp]
 #warning  Please refer the Standalone BSP UG647 for further details
  ^~~~~~~
In file included from fmc_ipmi.c:56:0:
fmc_ipmi_fru.h:3:1: warning: multi-line comment [-Wcomment]
 //     /     \
 ^
fmc_ipmi.c: In function 'fmc_ipmi_detect':
fmc_ipmi.c:112:4: warning: implicit declaration of function 'xil_printf' [-Wimplicit-function-declaration]
    xil_printf("FMC Module Validation\n\r" );
    ^~~~~~~~~~
fmc_ipmi.c:130:13: warning: implicit declaration of function 'strcmp' [-Wimplicit-function-declaration]
       if ( !strcmp( board_info.prod, szExpected ) )
             ^~~~~~
fmc_ipmi_fru.c:3:1: warning: multi-line comment [-Wcomment]
 //     /     \
 ^
In file included from fmc_ipmi_fru.c:76:0:
fmc_ipmi_fru.h:3:1: warning: multi-line comment [-Wcomment]
 //     /     \
 ^
In file included from fmc_ipmi_fru.h:53:0,
                 from fmc_ipmi_fru.c:76:
../../../include/xbasic_types.h:115:2: warning: #warning The xbasics_type.h file is deprecated and users should use xil_types.h and xil_assert. [-Wcpp]
 #warning  The xbasics_type.h file is deprecated and users should use xil_types.h and xil_assert.
  ^~~~~~~
../../../include/xbasic_types.h:116:2: warning: #warning Please refer the Standalone BSP UG647 for further details [-Wcpp]
 #warning  Please refer the Standalone BSP UG647 for further details
  ^~~~~~~
In file included from fmc_ipmi_fru.h:201:0,
                 from fmc_ipmi_fru.c:76:
../../../include/fmc_iic.h:3:1: warning: multi-line comment [-Wcomment]
 //     /     \
 ^
fmc_ipmi_fru.c: In function 'fmc_ipmi_get_common_info':
fmc_ipmi_fru.c:103:10: warning: implicit declaration of function 'xil_printf' [-Wimplicit-function-declaration]
          xil_printf( "[fmc_ipmi_get_common_info] FRU_I2C_ERROR (idx=%d)\n\r", idx );
          ^~~~~~~~~~
fmc_ipmi_fru.c: In function 'fmc_ipmi_get_board_info':
fmc_ipmi_fru.c:273:20: warning: pointer targets in assignment differ in signedness [-Wpointer-sign]
    board_info->mfg = &board_info->area_data[idx+1];
                    ^
fmc_ipmi_fru.c:276:21: warning: pointer targets in assignment differ in signedness [-Wpointer-sign]
    board_info->prod = &board_info->area_data[idx+1];
                     ^
fmc_ipmi_fru.c:279:23: warning: pointer targets in assignment differ in signedness [-Wpointer-sign]
    board_info->serial = &board_info->area_data[idx+1];
                       ^
fmc_ipmi_fru.c:282:21: warning: pointer targets in assignment differ in signedness [-Wpointer-sign]
    board_info->part = &board_info->area_data[idx+1];
                     ^
fmc_ipmi_fru.c:285:20: warning: pointer targets in assignment differ in signedness [-Wpointer-sign]
    board_info->fru = &board_info->area_data[idx+1];
                    ^
fmc_ipmi_fru.c:152:8: warning: unused variable 'timeout' [-Wunused-variable]
    int timeout;
        ^~~~~~~
fmc_ipmi_fru.c:148:11: warning: unused variable 'data' [-Wunused-variable]
    Xuint8 data;
           ^~~~
fmc_ipmi_fru.c: In function 'get_fru_area_str':
fmc_ipmi_fru.c:542:24: warning: pointer targets in passing argument 1 of 'buf2str' differ in signedness [-Wpointer-sign]
   strncpy(str, buf2str(&data[off], len), len*2);
                        ^
fmc_ipmi_fru.c:476:14: note: expected 'char *' but argument is of type 'Xuint8 * {aka unsigned char *}'
 static char *buf2str( char *buf, int len )
              ^~~~~~~
At top level:
fmc_ipmi_fru.c:489:14: warning: 'get_fru_area_str' defined but not used [-Wunused-function]
 static char *get_fru_area_str(uint8_t * data, uint32_t * offset)
              ^~~~~~~~~~~~~~~~
"Running Make libs in ps7_cortexa9_0/libsrc/gpiops_v3_2/src"
make -C ps7_cortexa9_0/libsrc/gpiops_v3_2/src -s libs  "SHELL=CMD" "COMPILER=arm-none-eabi-gcc" "ARCHIVER=arm-none-eabi-ar" "COMPILER_FLAGS=  -O2 -c" "EXTRA_COMPILER_FLAGS=-mcpu=cortex-a9 -mfpu=vfpv3 -mfloat-abi=hard -nostartfiles -Wall -Wextra"
"Compiling gpiops"
"Running Make libs in ps7_cortexa9_0/libsrc/iic_v3_4/src"
make -C ps7_cortexa9_0/libsrc/iic_v3_4/src -s libs  "SHELL=CMD" "COMPILER=arm-none-eabi-gcc" "ARCHIVER=arm-none-eabi-ar" "COMPILER_FLAGS=  -O2 -c" "EXTRA_COMPILER_FLAGS=-mcpu=cortex-a9 -mfpu=vfpv3 -mfloat-abi=hard -nostartfiles -Wall -Wextra"
"Compiling iic"
"Running Make libs in ps7_cortexa9_0/libsrc/onsemi_vita_sw_v3_3/src"
make -C ps7_cortexa9_0/libsrc/onsemi_vita_sw_v3_3/src -s libs  "SHELL=CMD" "COMPILER=arm-none-eabi-gcc" "ARCHIVER=arm-none-eabi-ar" "COMPILER_FLAGS=  -O2 -c" "EXTRA_COMPILER_FLAGS=-mcpu=cortex-a9 -mfpu=vfpv3 -mfloat-abi=hard -nostartfiles -Wall -Wextra"
"Compiling ON Semiconductor VITA Camera Receiver Library..."
onsemi_vita_sw.c:3:1: warning: multi-line comment [-Wcomment]
 //     /     \
 ^
In file included from onsemi_vita_sw.c:85:0:
../../../include/onsemi_vita_sw.h:3:1: warning: multi-line comment [-Wcomment]
 //     /     \
 ^
In file included from ../../../include/onsemi_vita_sw.h:89:0,
                 from onsemi_vita_sw.c:85:
../../../include/xbasic_types.h:115:2: warning: #warning The xbasics_type.h file is deprecated and users should use xil_types.h and xil_assert. [-Wcpp]
 #warning  The xbasics_type.h file is deprecated and users should use xil_types.h and xil_assert.
  ^~~~~~~
../../../include/xbasic_types.h:116:2: warning: #warning Please refer the Standalone BSP UG647 for further details [-Wcpp]
 #warning  Please refer the Standalone BSP UG647 for further details
  ^~~~~~~
onsemi_vita_sw.c: In function 'onsemi_vita_spi_write':
onsemi_vita_sw.c:672:12: warning: unused variable 'uResponse' [-Wunused-variable]
    Xuint32 uResponse;
            ^~~~~~~~~
onsemi_vita_sw.c: In function 'onsemi_vita_spi_nop':
onsemi_vita_sw.c:712:12: warning: unused variable 'uResponse' [-Wunused-variable]
    Xuint32 uResponse;
            ^~~~~~~~~
onsemi_vita_sw.c: In function 'onsemi_vita_spi_write_sequence':
onsemi_vita_sw.c:757:19: warning: comparison between signed and unsigned integer expressions [-Wsign-compare]
    for ( i = 0; i < uLength; i++ )
                   ^
onsemi_vita_sw.c:780:7: warning: implicit declaration of function 'usleep' [-Wimplicit-function-declaration]
       usleep(100); // 100 usec
       ^~~~~~
onsemi_vita_sw.c:755:8: warning: unused variable 'j' [-Wunused-variable]
    int j;
        ^
onsemi_vita_sw.c: In function 'onsemi_vita_spi_display_sequence':
onsemi_vita_sw.c:804:19: warning: comparison between signed and unsigned integer expressions [-Wsign-compare]
    for ( i = 0; i < uLength; i++ )
                   ^
onsemi_vita_sw.c:802:8: warning: unused variable 'j' [-Wunused-variable]
    int j;
        ^
onsemi_vita_sw.c: In function 'onsemi_vita_sensor_initialize':
onsemi_vita_sw.c:966:7: warning: implicit declaration of function 'sleep' [-Wimplicit-function-declaration]
       sleep(1); // 1 sec (time to get clocks to lock)
       ^~~~~
onsemi_vita_sw.c:860:7: warning: unused variable 'i' [-Wunused-variable]
   int i;
       ^
onsemi_vita_sw.c: In function 'onsemi_vita_sensor_1080P60':
onsemi_vita_sw.c:1404:15: warning: unused variable 'trigFramesPerSec' [-Wunused-variable]
       Xuint32 trigFramesPerSec = 60;
               ^~~~~~~~~~~~~~~~
onsemi_vita_sw.c: In function 'onsemi_vita_set_analog_gain':
onsemi_vita_sw.c:1497:12: warning: assignment from incompatible pointer type [-Wincompatible-pointer-types]
    seqData = &(vita_spi_again_values[id][0]);
            ^
onsemi_vita_sw.c:1503:51: warning: passing argument 2 of 'onsemi_vita_spi_display_sequence' from incompatible pointer type [-Wincompatible-pointer-types]
       onsemi_vita_spi_display_sequence( pContext, seqData, seqLen );
                                                   ^~~~~~~
onsemi_vita_sw.c:798:5: note: expected 'Xuint16 (*)[3] {aka short unsigned int (*)[3]}' but argument is of type 'Xuint16 ** {aka short unsigned int **}'
 int onsemi_vita_spi_display_sequence( onsemi_vita_t *pContext, Xuint16 pConfig[][3], Xuint32 uLength )
     ^~~~~~~~~~~~~~~~~~~~~~~~~~~~~~~~
onsemi_vita_sw.c:1505:46: warning: passing argument 2 of 'onsemi_vita_spi_write_sequence' from incompatible pointer type [-Wincompatible-pointer-types]
    onsemi_vita_spi_write_sequence( pContext, seqData, seqLen );
                                              ^~~~~~~
onsemi_vita_sw.c:751:5: note: expected 'Xuint16 (*)[3] {aka short unsigned int (*)[3]}' but argument is of type 'Xuint16 ** {aka short unsigned int **}'
 int onsemi_vita_spi_write_sequence( onsemi_vita_t *pContext, Xuint16 pConfig[][3], Xuint32 uLength )
     ^~~~~~~~~~~~~~~~~~~~~~~~~~~~~~
onsemi_vita_sw.c: In function 'onsemi_vita_set_digital_gain':
onsemi_vita_sw.c:1534:12: warning: assignment from incompatible pointer type [-Wincompatible-pointer-types]
    seqData = &(vita_spi_dgain_values[0][0]);
            ^
onsemi_vita_sw.c:1540:48: warning: passing argument 2 of 'onsemi_vita_spi_display_sequence' from incompatible pointer type [-Wincompatible-pointer-types]
    onsemi_vita_spi_display_sequence( pContext, seqData, seqLen );
                                                ^~~~~~~
onsemi_vita_sw.c:798:5: note: expected 'Xuint16 (*)[3] {aka short unsigned int (*)[3]}' but argument is of type 'Xuint16 ** {aka short unsigned int **}'
 int onsemi_vita_spi_display_sequence( onsemi_vita_t *pContext, Xuint16 pConfig[][3], Xuint32 uLength )
     ^~~~~~~~~~~~~~~~~~~~~~~~~~~~~~~~
onsemi_vita_sw.c:1542:46: warning: passing argument 2 of 'onsemi_vita_spi_write_sequence' from incompatible pointer type [-Wincompatible-pointer-types]
    onsemi_vita_spi_write_sequence( pContext, seqData, seqLen );
                                              ^~~~~~~
onsemi_vita_sw.c:751:5: note: expected 'Xuint16 (*)[3] {aka short unsigned int (*)[3]}' but argument is of type 'Xuint16 ** {aka short unsigned int **}'
 int onsemi_vita_spi_write_sequence( onsemi_vita_t *pContext, Xuint16 pConfig[][3], Xuint32 uLength )
     ^~~~~~~~~~~~~~~~~~~~~~~~~~~~~~
"Running Make libs in ps7_cortexa9_0/libsrc/qspips_v3_3/src"
make -C ps7_cortexa9_0/libsrc/qspips_v3_3/src -s libs  "SHELL=CMD" "COMPILER=arm-none-eabi-gcc" "ARCHIVER=arm-none-eabi-ar" "COMPILER_FLAGS=  -O2 -c" "EXTRA_COMPILER_FLAGS=-mcpu=cortex-a9 -mfpu=vfpv3 -mfloat-abi=hard -nostartfiles -Wall -Wextra"
"Compiling qspips"
"Running Make libs in ps7_cortexa9_0/libsrc/scugic_v3_6/src"
make -C ps7_cortexa9_0/libsrc/scugic_v3_6/src -s libs  "SHELL=CMD" "COMPILER=arm-none-eabi-gcc" "ARCHIVER=arm-none-eabi-ar" "COMPILER_FLAGS=  -O2 -c" "EXTRA_COMPILER_FLAGS=-mcpu=cortex-a9 -mfpu=vfpv3 -mfloat-abi=hard -nostartfiles -Wall -Wextra"
"Compiling scugic"
xscugic_g.c:53:2: warning: missing initializer for field 'HandlerTable' of 'XScuGic_Config {aka struct <anonymous>}' [-Wmissing-field-initializers]
  }
  ^
In file included from xscugic_g.c:41:0:
xscugic.h:217:27: note: 'HandlerTable' declared here
  XScuGic_VectorTableEntry HandlerTable[XSCUGIC_MAX_NUM_INTR_INPUTS];/**<
                           ^~~~~~~~~~~~
"Running Make libs in ps7_cortexa9_0/libsrc/scutimer_v2_1/src"
make -C ps7_cortexa9_0/libsrc/scutimer_v2_1/src -s libs  "SHELL=CMD" "COMPILER=arm-none-eabi-gcc" "ARCHIVER=arm-none-eabi-ar" "COMPILER_FLAGS=  -O2 -c" "EXTRA_COMPILER_FLAGS=-mcpu=cortex-a9 -mfpu=vfpv3 -mfloat-abi=hard -nostartfiles -Wall -Wextra"
"Compiling scutimer"
"Running Make libs in ps7_cortexa9_0/libsrc/scuwdt_v2_1/src"
make -C ps7_cortexa9_0/libsrc/scuwdt_v2_1/src -s libs  "SHELL=CMD" "COMPILER=arm-none-eabi-gcc" "ARCHIVER=arm-none-eabi-ar" "COMPILER_FLAGS=  -O2 -c" "EXTRA_COMPILER_FLAGS=-mcpu=cortex-a9 -mfpu=vfpv3 -mfloat-abi=hard -nostartfiles -Wall -Wextra"
"Compiling scuwdt"
"Running Make libs in ps7_cortexa9_0/libsrc/sdps_v3_2/src"
make -C ps7_cortexa9_0/libsrc/sdps_v3_2/src -s libs  "SHELL=CMD" "COMPILER=arm-none-eabi-gcc" "ARCHIVER=arm-none-eabi-ar" "COMPILER_FLAGS=  -O2 -c" "EXTRA_COMPILER_FLAGS=-mcpu=cortex-a9 -mfpu=vfpv3 -mfloat-abi=hard -nostartfiles -Wall -Wextra"
"Compiling sdps"
"Running Make libs in ps7_cortexa9_0/libsrc/standalone_v6_2/src"
make -C ps7_cortexa9_0/libsrc/standalone_v6_2/src -s libs  "SHELL=CMD" "COMPILER=arm-none-eabi-gcc" "ARCHIVER=arm-none-eabi-ar" "COMPILER_FLAGS=  -O2 -c" "EXTRA_COMPILER_FLAGS=-mcpu=cortex-a9 -mfpu=vfpv3 -mfloat-abi=hard -nostartfiles -Wall -Wextra"
"Compiling standalone"
"Running Make libs in ps7_cortexa9_0/libsrc/ttcps_v3_3/src"
make -C ps7_cortexa9_0/libsrc/ttcps_v3_3/src -s libs  "SHELL=CMD" "COMPILER=arm-none-eabi-gcc" "ARCHIVER=arm-none-eabi-ar" "COMPILER_FLAGS=  -O2 -c" "EXTRA_COMPILER_FLAGS=-mcpu=cortex-a9 -mfpu=vfpv3 -mfloat-abi=hard -nostartfiles -Wall -Wextra"
"Compiling ttcps"
"Running Make libs in ps7_cortexa9_0/libsrc/uartps_v3_4/src"
make -C ps7_cortexa9_0/libsrc/uartps_v3_4/src -s libs  "SHELL=CMD" "COMPILER=arm-none-eabi-gcc" "ARCHIVER=arm-none-eabi-ar" "COMPILER_FLAGS=  -O2 -c" "EXTRA_COMPILER_FLAGS=-mcpu=cortex-a9 -mfpu=vfpv3 -mfloat-abi=hard -nostartfiles -Wall -Wextra"
"Compiling uartps"
"Running Make libs in ps7_cortexa9_0/libsrc/usbps_v2_4/src"
make -C ps7_cortexa9_0/libsrc/usbps_v2_4/src -s libs  "SHELL=CMD" "COMPILER=arm-none-eabi-gcc" "ARCHIVER=arm-none-eabi-ar" "COMPILER_FLAGS=  -O2 -c" "EXTRA_COMPILER_FLAGS=-mcpu=cortex-a9 -mfpu=vfpv3 -mfloat-abi=hard -nostartfiles -Wall -Wextra"
"Compiling usbps"
"Running Make libs in ps7_cortexa9_0/libsrc/vtc_v7_2/src"
make -C ps7_cortexa9_0/libsrc/vtc_v7_2/src -s libs  "SHELL=CMD" "COMPILER=arm-none-eabi-gcc" "ARCHIVER=arm-none-eabi-ar" "COMPILER_FLAGS=  -O2 -c" "EXTRA_COMPILER_FLAGS=-mcpu=cortex-a9 -mfpu=vfpv3 -mfloat-abi=hard -nostartfiles -Wall -Wextra"
"Compiling video timing controller"
"Running Make libs in ps7_cortexa9_0/libsrc/xadcps_v2_2/src"
make -C ps7_cortexa9_0/libsrc/xadcps_v2_2/src -s libs  "SHELL=CMD" "COMPILER=arm-none-eabi-gcc" "ARCHIVER=arm-none-eabi-ar" "COMPILER_FLAGS=  -O2 -c" "EXTRA_COMPILER_FLAGS=-mcpu=cortex-a9 -mfpu=vfpv3 -mfloat-abi=hard -nostartfiles -Wall -Wextra"
"Compiling xadcps"
'Finished building libraries'

15:03:46 Build Finished (took 2m:14s.311ms)

