16:51:22 **** Incremental Build of configuration Debug for project MP2-TPG ****
make pre-build main-build 
a9-linaro-pre-build-step
' '
'Building file: ../src/camera_app.c'
'Invoking: ARM v7 gcc compiler'
arm-none-eabi-gcc -Wall -O0 -g3 -c -fmessage-length=0 -MT"src/camera_app.o" -mcpu=cortex-a9 -mfpu=vfpv3 -mfloat-abi=hard -I../../MP2-TPG_bsp/ps7_cortexa9_0/include -MMD -MP -MF"src/camera_app.d" -MT"src/camera_app.o" -o "src/camera_app.o" "../src/camera_app.c"
In file included from ../src/camera_app.h:23:0,
                 from ../src/camera_app.c:19:
../../MP2-TPG_bsp/ps7_cortexa9_0/include/xbasic_types.h:115:2: warning: #warning The xbasics_type.h file is deprecated and users should use xil_types.h and xil_assert. [-Wcpp]
 #warning  The xbasics_type.h file is deprecated and users should use xil_types.h and xil_assert.
  ^~~~~~~
../../MP2-TPG_bsp/ps7_cortexa9_0/include/xbasic_types.h:116:2: warning: #warning Please refer the Standalone BSP UG647 for further details [-Wcpp]
 #warning  Please refer the Standalone BSP UG647 for further details
  ^~~~~~~
In file included from ../src/camera_app.h:27:0,
                 from ../src/camera_app.c:19:
../../MP2-TPG_bsp/ps7_cortexa9_0/include/fmc_iic.h:3:1: warning: multi-line comment [-Wcomment]
 //     /     \
 ^
In file included from ../src/camera_app.h:29:0,
                 from ../src/camera_app.c:19:
../../MP2-TPG_bsp/ps7_cortexa9_0/include/fmc_imageon.h:3:1: warning: multi-line comment [-Wcomment]
 //     /     \
 ^
In file included from ../../MP2-TPG_bsp/ps7_cortexa9_0/include/fmc_imageon.h:78:0,
                 from ../src/camera_app.h:29,
                 from ../src/camera_app.c:19:
../../MP2-TPG_bsp/ps7_cortexa9_0/include/fmc_iic.h:3:1: warning: multi-line comment [-Wcomment]
 //     /     \
 ^
In file included from ../src/camera_app.h:30:0,
                 from ../src/camera_app.c:19:
../../MP2-TPG_bsp/ps7_cortexa9_0/include/onsemi_vita_sw.h:3:1: warning: multi-line comment [-Wcomment]
 //     /     \
 ^
../src/camera_app.c: In function 'camera_loop':
../src/camera_app.c:247:15: warning: passing argument 1 of 'demosaicing' discards 'volatile' qualifier from pointer target type [-Wdiscarded-qualifiers]
   demosaicing(pS2MM_Mem, color, ROW_SIZE, COL_SIZE);
               ^~~~~~~~~
../src/camera_app.c:27:6: note: expected 'uint16_t * {aka short unsigned int *}' but argument is of type 'volatile Xuint16 * {aka volatile short unsigned int *}'
 void demosaicing(uint16_t* bw, uint32_t color[ROW_SIZE][COL_SIZE], int rowSize, int colSize)
      ^~~~~~~~~~~
../src/camera_app.c:258:24: warning: passing argument 2 of 'YCbCr444to422' discards 'volatile' qualifier from pointer target type [-Wdiscarded-qualifiers]
   YCbCr444to422(color, pMM2S_Mem, ROW_SIZE, COL_SIZE);
                        ^~~~~~~~~
../src/camera_app.c:143:6: note: expected 'uint16_t * {aka short unsigned int *}' but argument is of type 'volatile Xuint16 * {aka volatile short unsigned int *}'
 void YCbCr444to422(uint32_t data[ROW_SIZE][COL_SIZE], uint16_t* out, int rowSize, int colSize)
      ^~~~~~~~~~~~~
../src/camera_app.c:260:19: warning: initialization from incompatible pointer type [-Wincompatible-pointer-types]
   uint32_t * tt = pMM2S_Mem;
                   ^~~~~~~~~
'Finished building: ../src/camera_app.c'
' '
'Building target: MP2-TPG.elf'
'Invoking: ARM v7 gcc linker'
arm-none-eabi-gcc -mcpu=cortex-a9 -mfpu=vfpv3 -mfloat-abi=hard -Wl,-build-id=none -specs=Xilinx.spec -Wl,-T -Wl,../src/lscript.ld -L../../MP2-TPG_bsp/ps7_cortexa9_0/lib -o "MP2-TPG.elf"  ./src/camera_app.o ./src/fmc_imageon_utils.o ./src/platform.o ./src/video_detector.o ./src/video_frame_buffer.o ./src/video_generator.o ./src/video_resolution.o ./src/xtpg_app.o   -Wl,--start-group,-lxil,-lgcc,-lc,--end-group
'Finished building target: MP2-TPG.elf'
' '
'Invoking: ARM v7 Print Size'
arm-none-eabi-size MP2-TPG.elf  |tee "MP2-TPG.elf.size"
   text	   data	    bss	    dec	    hex	filename
  96536	   3076	33695120	33794732	203aaac	MP2-TPG.elf
'Finished building: MP2-TPG.elf.size'
' '

16:51:26 Build Finished (took 3s.913ms)

