
*** Running vivado
    with args -log MP0_design_1_v_tc_0_0.vds -m64 -product Vivado -mode batch -messageDb vivado.pb -notrace -source MP0_design_1_v_tc_0_0.tcl


****** Vivado v2017.1 (64-bit)
  **** SW Build 1846317 on Fri Apr 14 18:55:03 MDT 2017
  **** IP Build 1846188 on Fri Apr 14 20:52:08 MDT 2017
    ** Copyright 1986-2017 Xilinx, Inc. All Rights Reserved.

source MP0_design_1_v_tc_0_0.tcl -notrace
Starting RTL Elaboration : Time (s): cpu = 00:00:03 ; elapsed = 00:00:03 . Memory (MB): peak = 362.465 ; gain = 82.277
INFO: [Synth 8-638] synthesizing module 'MP0_design_1_v_tc_0_0' [u:/CPR_E_488_git/MP-0/MP-0.srcs/sources_1/bd/MP0_design_1/ip/MP0_design_1_v_tc_0_0/synth/MP0_design_1_v_tc_0_0.vhd:102]
INFO: [Synth 8-638] synthesizing module 'axi_lite_ipif' [u:/CPR_E_488_git/MP-0/MP-0.srcs/sources_1/bd/MP0_design_1/ipshared/0ba0/hdl/axi_lite_ipif_v3_0_vh_rfs.vhd:2948]
INFO: [Synth 8-638] synthesizing module 'slave_attachment' [u:/CPR_E_488_git/MP-0/MP-0.srcs/sources_1/bd/MP0_design_1/ipshared/0ba0/hdl/axi_lite_ipif_v3_0_vh_rfs.vhd:2341]
INFO: [Synth 8-638] synthesizing module 'address_decoder' [u:/CPR_E_488_git/MP-0/MP-0.srcs/sources_1/bd/MP0_design_1/ipshared/0ba0/hdl/axi_lite_ipif_v3_0_vh_rfs.vhd:1775]
INFO: [Synth 8-638] synthesizing module 'pselect_f' [u:/CPR_E_488_git/MP-0/MP-0.srcs/sources_1/bd/MP0_design_1/ipshared/0ba0/hdl/axi_lite_ipif_v3_0_vh_rfs.vhd:1534]
INFO: [Synth 8-256] done synthesizing module 'pselect_f' (1#1) [u:/CPR_E_488_git/MP-0/MP-0.srcs/sources_1/bd/MP0_design_1/ipshared/0ba0/hdl/axi_lite_ipif_v3_0_vh_rfs.vhd:1534]
INFO: [Synth 8-638] synthesizing module 'pselect_f__parameterized0' [u:/CPR_E_488_git/MP-0/MP-0.srcs/sources_1/bd/MP0_design_1/ipshared/0ba0/hdl/axi_lite_ipif_v3_0_vh_rfs.vhd:1534]
INFO: [Synth 8-256] done synthesizing module 'pselect_f__parameterized0' (1#1) [u:/CPR_E_488_git/MP-0/MP-0.srcs/sources_1/bd/MP0_design_1/ipshared/0ba0/hdl/axi_lite_ipif_v3_0_vh_rfs.vhd:1534]
INFO: [Synth 8-256] done synthesizing module 'address_decoder' (2#1) [u:/CPR_E_488_git/MP-0/MP-0.srcs/sources_1/bd/MP0_design_1/ipshared/0ba0/hdl/axi_lite_ipif_v3_0_vh_rfs.vhd:1775]
INFO: [Synth 8-256] done synthesizing module 'slave_attachment' (3#1) [u:/CPR_E_488_git/MP-0/MP-0.srcs/sources_1/bd/MP0_design_1/ipshared/0ba0/hdl/axi_lite_ipif_v3_0_vh_rfs.vhd:2341]
INFO: [Synth 8-256] done synthesizing module 'axi_lite_ipif' (4#1) [u:/CPR_E_488_git/MP-0/MP-0.srcs/sources_1/bd/MP0_design_1/ipshared/0ba0/hdl/axi_lite_ipif_v3_0_vh_rfs.vhd:2948]
INFO: [Synth 8-256] done synthesizing module 'MP0_design_1_v_tc_0_0' (12#1) [u:/CPR_E_488_git/MP-0/MP-0.srcs/sources_1/bd/MP0_design_1/ip/MP0_design_1_v_tc_0_0/synth/MP0_design_1_v_tc_0_0.vhd:102]
Finished RTL Elaboration : Time (s): cpu = 00:00:09 ; elapsed = 00:00:12 . Memory (MB): peak = 524.555 ; gain = 244.367
Finished RTL Optimization Phase 1 : Time (s): cpu = 00:00:09 ; elapsed = 00:00:15 . Memory (MB): peak = 524.555 ; gain = 244.367
INFO: [Device 21-403] Loading part xc7z020clg484-1
Constraint Validation Runtime : Time (s): cpu = 00:00:00 ; elapsed = 00:00:00.222 . Memory (MB): peak = 773.211 ; gain = 0.000
Finished Constraint Validation : Time (s): cpu = 00:00:19 ; elapsed = 00:00:28 . Memory (MB): peak = 773.211 ; gain = 493.023
Finished Loading Part and Timing Information : Time (s): cpu = 00:00:19 ; elapsed = 00:00:28 . Memory (MB): peak = 773.211 ; gain = 493.023
Finished applying 'set_property' XDC Constraints : Time (s): cpu = 00:00:19 ; elapsed = 00:00:28 . Memory (MB): peak = 773.211 ; gain = 493.023
Finished RTL Optimization Phase 2 : Time (s): cpu = 00:00:23 ; elapsed = 00:00:32 . Memory (MB): peak = 773.211 ; gain = 493.023
Finished Cross Boundary and Area Optimization : Time (s): cpu = 00:00:30 ; elapsed = 00:00:40 . Memory (MB): peak = 773.211 ; gain = 493.023
Finished Applying XDC Timing Constraints : Time (s): cpu = 00:00:40 ; elapsed = 00:00:50 . Memory (MB): peak = 773.211 ; gain = 493.023
Finished Timing Optimization : Time (s): cpu = 00:00:41 ; elapsed = 00:00:51 . Memory (MB): peak = 773.211 ; gain = 493.023
Finished Technology Mapping : Time (s): cpu = 00:00:44 ; elapsed = 00:00:53 . Memory (MB): peak = 774.238 ; gain = 494.051
Finished IO Insertion : Time (s): cpu = 00:00:45 ; elapsed = 00:00:54 . Memory (MB): peak = 774.238 ; gain = 494.051
Finished Renaming Generated Instances : Time (s): cpu = 00:00:45 ; elapsed = 00:00:54 . Memory (MB): peak = 774.238 ; gain = 494.051
Finished Rebuilding User Hierarchy : Time (s): cpu = 00:00:45 ; elapsed = 00:00:55 . Memory (MB): peak = 774.238 ; gain = 494.051
Finished Renaming Generated Ports : Time (s): cpu = 00:00:45 ; elapsed = 00:00:55 . Memory (MB): peak = 774.238 ; gain = 494.051
Finished Handling Custom Attributes : Time (s): cpu = 00:00:45 ; elapsed = 00:00:55 . Memory (MB): peak = 774.238 ; gain = 494.051
Finished Renaming Generated Nets : Time (s): cpu = 00:00:45 ; elapsed = 00:00:55 . Memory (MB): peak = 774.238 ; gain = 494.051

Report Cell Usage: 
+------+-------+------+
|      |Cell   |Count |
+------+-------+------+
|1     |CARRY4 |   142|
|2     |LUT1   |   210|
|3     |LUT2   |   159|
|4     |LUT3   |   818|
|5     |LUT4   |   321|
|6     |LUT5   |   139|
|7     |LUT6   |   500|
|8     |MUXF7  |   134|
|9     |SRL16E |     6|
|10    |FDRE   |  3219|
|11    |FDSE   |   351|
+------+-------+------+
Finished Writing Synthesis Report : Time (s): cpu = 00:00:45 ; elapsed = 00:00:55 . Memory (MB): peak = 774.238 ; gain = 494.051
synth_design: Time (s): cpu = 00:00:48 ; elapsed = 00:00:58 . Memory (MB): peak = 777.344 ; gain = 499.871
