#-----------------------------------------------------------
# Webtalk v2017.1 (64-bit)
# SW Build 1846317 on Fri Apr 14 18:55:03 MDT 2017
# 
# Start of session at: Fri Jan 26 09:46:12 2018
# Process ID: 3356
# Current directory: U:/CPR_E_488_git/MP-0/MP-0.sdk/webtalk
# Command line: wbtcv.exe -mode batch -source sdk_webtalk.tcl
# Log file: U:/CPR_E_488_git/MP-0/MP-0.sdk/webtalk/webtalk.log
# Journal file: U:/CPR_E_488_git/MP-0/MP-0.sdk/webtalk\webtalk.jou
#-----------------------------------------------------------
source sdk_webtalk.tcl
# webtalk_init -webtalk_dir U:\\CPR_E_488_git\\MP-0\\MP-0.sdk\\webtalk
# webtalk_register_client -client project
# webtalk_add_data -client project -key date_generated -value "2018-01-26 09:46:12" -context "software_version_and_target_device"
# webtalk_add_data -client project -key product_version -value "SDK v2017.1" -context "software_version_and_target_device"
# webtalk_add_data -client project -key build_version -value "2017.1" -context "software_version_and_target_device"
# webtalk_add_data -client project -key os_platform -value "amd64" -context "software_version_and_target_device"
# webtalk_add_data -client project -key registration_id -value "174156856_174156857_210589608_946" -context "software_version_and_target_device"
# webtalk_add_data -client project -key tool_flow -value "SDK" -context "software_version_and_target_device"
# webtalk_add_data -client project -key beta -value "false" -context "software_version_and_target_device"
# webtalk_add_data -client project -key route_design -value "NA" -context "software_version_and_target_device"
# webtalk_add_data -client project -key target_family -value "NA" -context "software_version_and_target_device"
# webtalk_add_data -client project -key target_device -value "NA" -context "software_version_and_target_device"
# webtalk_add_data -client project -key target_package -value "NA" -context "software_version_and_target_device"
# webtalk_add_data -client project -key target_speed -value "NA" -context "software_version_and_target_device"
# webtalk_add_data -client project -key random_id -value "ahevvh0a0raq02iio5qjrgdlbd" -context "software_version_and_target_device"
# webtalk_add_data -client project -key project_id -value "2017.1_3" -context "software_version_and_target_device"
# webtalk_add_data -client project -key project_iteration -value "3" -context "software_version_and_target_device"
# webtalk_add_data -client project -key os_name -value "Microsoft Windows 8 or later , 64-bit" -context "user_environment"
# webtalk_add_data -client project -key os_release -value "major release  (build 9200)" -context "user_environment"
# webtalk_add_data -client project -key cpu_name -value "Intel(R) Core(TM) i7-4790 CPU @ 3.60GHz" -context "user_environment"
# webtalk_add_data -client project -key cpu_speed -value "3592 MHz" -context "user_environment"
# webtalk_add_data -client project -key total_processors -value "1" -context "user_environment"
# webtalk_add_data -client project -key system_ram -value "17.000 GB" -context "user_environment"
# webtalk_register_client -client sdk
# webtalk_add_data -client sdk -key uid -value "1516978823228" -context "sdk\\\\bsp/1516978823228"
# webtalk_add_data -client sdk -key hwid -value "1516978330288" -context "sdk\\\\bsp/1516978823228"
# webtalk_add_data -client sdk -key os -value "standalone" -context "sdk\\\\bsp/1516978823228"
# webtalk_add_data -client sdk -key apptemplate -value "null" -context "sdk\\\\bsp/1516978823228"
# webtalk_add_data -client sdk -key RecordType -value "BSPCreation" -context "sdk\\\\bsp/1516978823228"
# webtalk_add_data -client sdk -key uid -value "NA" -context "sdk\\\\bsp/1516981572033"
# webtalk_add_data -client sdk -key RecordType -value "ToolUsage" -context "sdk\\\\bsp/1516981572033"
# webtalk_add_data -client sdk -key BootgenCount -value "0" -context "sdk\\\\bsp/1516981572033"
# webtalk_add_data -client sdk -key DebugCount -value "0" -context "sdk\\\\bsp/1516981572033"
# webtalk_add_data -client sdk -key PerfCount -value "0" -context "sdk\\\\bsp/1516981572033"
# webtalk_add_data -client sdk -key FlashCount -value "0" -context "sdk\\\\bsp/1516981572033"
# webtalk_add_data -client sdk -key CrossTriggCount -value "0" -context "sdk\\\\bsp/1516981572033"
# webtalk_add_data -client sdk -key QemuDebugCount -value "0" -context "sdk\\\\bsp/1516981572033"
# webtalk_transmit -clientid 2723880332 -regid "174156856_174156857_210589608_946" -xml U:\\CPR_E_488_git\\MP-0\\MP-0.sdk\\webtalk\\usage_statistics_ext_sdk.xml -html U:\\CPR_E_488_git\\MP-0\\MP-0.sdk\\webtalk\\usage_statistics_ext_sdk.html -wdm U:\\CPR_E_488_git\\MP-0\\MP-0.sdk\\webtalk\\sdk_webtalk.wdm -intro "<H3>SDK Usage Report</H3><BR>"
# webtalk_terminate
INFO: [Common 17-206] Exiting Webtalk at Fri Jan 26 09:46:16 2018...
