
*** Running vivado
    with args -log MP_1_Design_1_auto_pc_0.vds -m64 -product Vivado -mode batch -messageDb vivado.pb -notrace -source MP_1_Design_1_auto_pc_0.tcl



****** Vivado v2017.1_sdx (64-bit)
  **** SW Build 1915620 on Thu Jun 22 17:54:58 MDT 2017
  **** IP Build 1908669 on Thu Jun 22 19:20:41 MDT 2017
    ** Copyright 1986-2017 Xilinx, Inc. All Rights Reserved.

INFO: [Common 17-1460] Use of init.tcl in C:/Xilinx/SDx/2017.1/Vivado/scripts/init.tcl is deprecated. Please use Vivado_init.tcl 
Sourcing tcl script 'C:/Xilinx/SDx/2017.1/Vivado/scripts/init.tcl'
16 Beta devices matching pattern found, 0 enabled.
Loaded SDSoC Platform Tcl Library
source MP_1_Design_1_auto_pc_0.tcl -notrace
Starting RTL Elaboration : Time (s): cpu = 00:00:04 ; elapsed = 00:00:10 . Memory (MB): peak = 329.461 ; gain = 81.258
INFO: [Synth 8-638] synthesizing module 'MP_1_Design_1_auto_pc_0' [u:/Documents/CprE 488/Labs/Cpre488/MP-1/CPRE_488_MP-1/MP-1.srcs/sources_1/bd/MP_1_Design_1/ip/MP_1_Design_1_auto_pc_0/synth/MP_1_Design_1_auto_pc_0.v:58]
INFO: [Synth 8-638] synthesizing module 'axi_protocol_converter_v2_1_12_axi_protocol_converter' [u:/Documents/CprE 488/Labs/Cpre488/MP-1/CPRE_488_MP-1/MP-1.srcs/sources_1/bd/MP_1_Design_1/ipshared/138d/hdl/axi_protocol_converter_v2_1_vl_rfs.v:4811]
INFO: [Synth 8-638] synthesizing module 'axi_protocol_converter_v2_1_12_b2s' [u:/Documents/CprE 488/Labs/Cpre488/MP-1/CPRE_488_MP-1/MP-1.srcs/sources_1/bd/MP_1_Design_1/ipshared/138d/hdl/axi_protocol_converter_v2_1_vl_rfs.v:4229]
INFO: [Synth 8-638] synthesizing module 'axi_protocol_converter_v2_1_12_b2s_aw_channel' [u:/Documents/CprE 488/Labs/Cpre488/MP-1/CPRE_488_MP-1/MP-1.srcs/sources_1/bd/MP_1_Design_1/ipshared/138d/hdl/axi_protocol_converter_v2_1_vl_rfs.v:3974]
INFO: [Synth 8-638] synthesizing module 'axi_protocol_converter_v2_1_12_b2s_cmd_translator' [u:/Documents/CprE 488/Labs/Cpre488/MP-1/CPRE_488_MP-1/MP-1.srcs/sources_1/bd/MP_1_Design_1/ipshared/138d/hdl/axi_protocol_converter_v2_1_vl_rfs.v:3467]
INFO: [Synth 8-638] synthesizing module 'axi_protocol_converter_v2_1_12_b2s_incr_cmd' [u:/Documents/CprE 488/Labs/Cpre488/MP-1/CPRE_488_MP-1/MP-1.srcs/sources_1/bd/MP_1_Design_1/ipshared/138d/hdl/axi_protocol_converter_v2_1_vl_rfs.v:3093]
INFO: [Synth 8-256] done synthesizing module 'axi_protocol_converter_v2_1_12_b2s_incr_cmd' (1#1) [u:/Documents/CprE 488/Labs/Cpre488/MP-1/CPRE_488_MP-1/MP-1.srcs/sources_1/bd/MP_1_Design_1/ipshared/138d/hdl/axi_protocol_converter_v2_1_vl_rfs.v:3093]
INFO: [Synth 8-638] synthesizing module 'axi_protocol_converter_v2_1_12_b2s_wrap_cmd' [u:/Documents/CprE 488/Labs/Cpre488/MP-1/CPRE_488_MP-1/MP-1.srcs/sources_1/bd/MP_1_Design_1/ipshared/138d/hdl/axi_protocol_converter_v2_1_vl_rfs.v:2903]
INFO: [Synth 8-256] done synthesizing module 'axi_protocol_converter_v2_1_12_b2s_wrap_cmd' (2#1) [u:/Documents/CprE 488/Labs/Cpre488/MP-1/CPRE_488_MP-1/MP-1.srcs/sources_1/bd/MP_1_Design_1/ipshared/138d/hdl/axi_protocol_converter_v2_1_vl_rfs.v:2903]
INFO: [Synth 8-256] done synthesizing module 'axi_protocol_converter_v2_1_12_b2s_cmd_translator' (3#1) [u:/Documents/CprE 488/Labs/Cpre488/MP-1/CPRE_488_MP-1/MP-1.srcs/sources_1/bd/MP_1_Design_1/ipshared/138d/hdl/axi_protocol_converter_v2_1_vl_rfs.v:3467]
INFO: [Synth 8-638] synthesizing module 'axi_protocol_converter_v2_1_12_b2s_wr_cmd_fsm' [u:/Documents/CprE 488/Labs/Cpre488/MP-1/CPRE_488_MP-1/MP-1.srcs/sources_1/bd/MP_1_Design_1/ipshared/138d/hdl/axi_protocol_converter_v2_1_vl_rfs.v:3225]
INFO: [Synth 8-256] done synthesizing module 'axi_protocol_converter_v2_1_12_b2s_wr_cmd_fsm' (4#1) [u:/Documents/CprE 488/Labs/Cpre488/MP-1/CPRE_488_MP-1/MP-1.srcs/sources_1/bd/MP_1_Design_1/ipshared/138d/hdl/axi_protocol_converter_v2_1_vl_rfs.v:3225]
INFO: [Synth 8-256] done synthesizing module 'axi_protocol_converter_v2_1_12_b2s_aw_channel' (5#1) [u:/Documents/CprE 488/Labs/Cpre488/MP-1/CPRE_488_MP-1/MP-1.srcs/sources_1/bd/MP_1_Design_1/ipshared/138d/hdl/axi_protocol_converter_v2_1_vl_rfs.v:3974]
INFO: [Synth 8-638] synthesizing module 'axi_protocol_converter_v2_1_12_b2s_b_channel' [u:/Documents/CprE 488/Labs/Cpre488/MP-1/CPRE_488_MP-1/MP-1.srcs/sources_1/bd/MP_1_Design_1/ipshared/138d/hdl/axi_protocol_converter_v2_1_vl_rfs.v:3609]
INFO: [Synth 8-638] synthesizing module 'axi_protocol_converter_v2_1_12_b2s_simple_fifo' [u:/Documents/CprE 488/Labs/Cpre488/MP-1/CPRE_488_MP-1/MP-1.srcs/sources_1/bd/MP_1_Design_1/ipshared/138d/hdl/axi_protocol_converter_v2_1_vl_rfs.v:2816]
INFO: [Synth 8-256] done synthesizing module 'axi_protocol_converter_v2_1_12_b2s_simple_fifo' (6#1) [u:/Documents/CprE 488/Labs/Cpre488/MP-1/CPRE_488_MP-1/MP-1.srcs/sources_1/bd/MP_1_Design_1/ipshared/138d/hdl/axi_protocol_converter_v2_1_vl_rfs.v:2816]
INFO: [Synth 8-638] synthesizing module 'axi_protocol_converter_v2_1_12_b2s_simple_fifo__parameterized0' [u:/Documents/CprE 488/Labs/Cpre488/MP-1/CPRE_488_MP-1/MP-1.srcs/sources_1/bd/MP_1_Design_1/ipshared/138d/hdl/axi_protocol_converter_v2_1_vl_rfs.v:2816]
INFO: [Synth 8-256] done synthesizing module 'axi_protocol_converter_v2_1_12_b2s_simple_fifo__parameterized0' (6#1) [u:/Documents/CprE 488/Labs/Cpre488/MP-1/CPRE_488_MP-1/MP-1.srcs/sources_1/bd/MP_1_Design_1/ipshared/138d/hdl/axi_protocol_converter_v2_1_vl_rfs.v:2816]
INFO: [Synth 8-256] done synthesizing module 'axi_protocol_converter_v2_1_12_b2s_b_channel' (7#1) [u:/Documents/CprE 488/Labs/Cpre488/MP-1/CPRE_488_MP-1/MP-1.srcs/sources_1/bd/MP_1_Design_1/ipshared/138d/hdl/axi_protocol_converter_v2_1_vl_rfs.v:3609]
INFO: [Synth 8-638] synthesizing module 'axi_protocol_converter_v2_1_12_b2s_ar_channel' [u:/Documents/CprE 488/Labs/Cpre488/MP-1/CPRE_488_MP-1/MP-1.srcs/sources_1/bd/MP_1_Design_1/ipshared/138d/hdl/axi_protocol_converter_v2_1_vl_rfs.v:4085]
INFO: [Synth 8-638] synthesizing module 'axi_protocol_converter_v2_1_12_b2s_rd_cmd_fsm' [u:/Documents/CprE 488/Labs/Cpre488/MP-1/CPRE_488_MP-1/MP-1.srcs/sources_1/bd/MP_1_Design_1/ipshared/138d/hdl/axi_protocol_converter_v2_1_vl_rfs.v:3336]
INFO: [Synth 8-256] done synthesizing module 'axi_protocol_converter_v2_1_12_b2s_rd_cmd_fsm' (8#1) [u:/Documents/CprE 488/Labs/Cpre488/MP-1/CPRE_488_MP-1/MP-1.srcs/sources_1/bd/MP_1_Design_1/ipshared/138d/hdl/axi_protocol_converter_v2_1_vl_rfs.v:3336]
INFO: [Synth 8-256] done synthesizing module 'axi_protocol_converter_v2_1_12_b2s_ar_channel' (9#1) [u:/Documents/CprE 488/Labs/Cpre488/MP-1/CPRE_488_MP-1/MP-1.srcs/sources_1/bd/MP_1_Design_1/ipshared/138d/hdl/axi_protocol_converter_v2_1_vl_rfs.v:4085]
INFO: [Synth 8-638] synthesizing module 'axi_protocol_converter_v2_1_12_b2s_r_channel' [u:/Documents/CprE 488/Labs/Cpre488/MP-1/CPRE_488_MP-1/MP-1.srcs/sources_1/bd/MP_1_Design_1/ipshared/138d/hdl/axi_protocol_converter_v2_1_vl_rfs.v:3814]
INFO: [Synth 8-638] synthesizing module 'axi_protocol_converter_v2_1_12_b2s_simple_fifo__parameterized1' [u:/Documents/CprE 488/Labs/Cpre488/MP-1/CPRE_488_MP-1/MP-1.srcs/sources_1/bd/MP_1_Design_1/ipshared/138d/hdl/axi_protocol_converter_v2_1_vl_rfs.v:2816]
INFO: [Synth 8-256] done synthesizing module 'axi_protocol_converter_v2_1_12_b2s_simple_fifo__parameterized1' (9#1) [u:/Documents/CprE 488/Labs/Cpre488/MP-1/CPRE_488_MP-1/MP-1.srcs/sources_1/bd/MP_1_Design_1/ipshared/138d/hdl/axi_protocol_converter_v2_1_vl_rfs.v:2816]
INFO: [Synth 8-638] synthesizing module 'axi_protocol_converter_v2_1_12_b2s_simple_fifo__parameterized2' [u:/Documents/CprE 488/Labs/Cpre488/MP-1/CPRE_488_MP-1/MP-1.srcs/sources_1/bd/MP_1_Design_1/ipshared/138d/hdl/axi_protocol_converter_v2_1_vl_rfs.v:2816]
INFO: [Synth 8-256] done synthesizing module 'axi_protocol_converter_v2_1_12_b2s_simple_fifo__parameterized2' (9#1) [u:/Documents/CprE 488/Labs/Cpre488/MP-1/CPRE_488_MP-1/MP-1.srcs/sources_1/bd/MP_1_Design_1/ipshared/138d/hdl/axi_protocol_converter_v2_1_vl_rfs.v:2816]
INFO: [Synth 8-256] done synthesizing module 'axi_protocol_converter_v2_1_12_b2s_r_channel' (10#1) [u:/Documents/CprE 488/Labs/Cpre488/MP-1/CPRE_488_MP-1/MP-1.srcs/sources_1/bd/MP_1_Design_1/ipshared/138d/hdl/axi_protocol_converter_v2_1_vl_rfs.v:3814]
INFO: [Synth 8-638] synthesizing module 'axi_register_slice_v2_1_12_axi_register_slice' [u:/Documents/CprE 488/Labs/Cpre488/MP-1/CPRE_488_MP-1/MP-1.srcs/sources_1/bd/MP_1_Design_1/ipshared/0e33/hdl/axi_register_slice_v2_1_vl_rfs.v:791]
INFO: [Synth 8-638] synthesizing module 'axi_infrastructure_v1_1_0_axi2vector' [u:/Documents/CprE 488/Labs/Cpre488/MP-1/CPRE_488_MP-1/MP-1.srcs/sources_1/bd/MP_1_Design_1/ipshared/7e3a/hdl/axi_infrastructure_v1_1_vl_rfs.v:60]
INFO: [Synth 8-256] done synthesizing module 'axi_infrastructure_v1_1_0_axi2vector' (11#1) [u:/Documents/CprE 488/Labs/Cpre488/MP-1/CPRE_488_MP-1/MP-1.srcs/sources_1/bd/MP_1_Design_1/ipshared/7e3a/hdl/axi_infrastructure_v1_1_vl_rfs.v:60]
INFO: [Synth 8-638] synthesizing module 'axi_register_slice_v2_1_12_axic_register_slice' [u:/Documents/CprE 488/Labs/Cpre488/MP-1/CPRE_488_MP-1/MP-1.srcs/sources_1/bd/MP_1_Design_1/ipshared/0e33/hdl/axi_register_slice_v2_1_vl_rfs.v:85]
INFO: [Synth 8-256] done synthesizing module 'axi_register_slice_v2_1_12_axic_register_slice' (12#1) [u:/Documents/CprE 488/Labs/Cpre488/MP-1/CPRE_488_MP-1/MP-1.srcs/sources_1/bd/MP_1_Design_1/ipshared/0e33/hdl/axi_register_slice_v2_1_vl_rfs.v:85]
INFO: [Synth 8-638] synthesizing module 'axi_register_slice_v2_1_12_axic_register_slice__parameterized0' [u:/Documents/CprE 488/Labs/Cpre488/MP-1/CPRE_488_MP-1/MP-1.srcs/sources_1/bd/MP_1_Design_1/ipshared/0e33/hdl/axi_register_slice_v2_1_vl_rfs.v:85]
INFO: [Synth 8-256] done synthesizing module 'axi_register_slice_v2_1_12_axic_register_slice__parameterized0' (12#1) [u:/Documents/CprE 488/Labs/Cpre488/MP-1/CPRE_488_MP-1/MP-1.srcs/sources_1/bd/MP_1_Design_1/ipshared/0e33/hdl/axi_register_slice_v2_1_vl_rfs.v:85]
INFO: [Synth 8-638] synthesizing module 'axi_register_slice_v2_1_12_axic_register_slice__parameterized1' [u:/Documents/CprE 488/Labs/Cpre488/MP-1/CPRE_488_MP-1/MP-1.srcs/sources_1/bd/MP_1_Design_1/ipshared/0e33/hdl/axi_register_slice_v2_1_vl_rfs.v:85]
INFO: [Synth 8-256] done synthesizing module 'axi_register_slice_v2_1_12_axic_register_slice__parameterized1' (12#1) [u:/Documents/CprE 488/Labs/Cpre488/MP-1/CPRE_488_MP-1/MP-1.srcs/sources_1/bd/MP_1_Design_1/ipshared/0e33/hdl/axi_register_slice_v2_1_vl_rfs.v:85]
INFO: [Synth 8-638] synthesizing module 'axi_register_slice_v2_1_12_axic_register_slice__parameterized2' [u:/Documents/CprE 488/Labs/Cpre488/MP-1/CPRE_488_MP-1/MP-1.srcs/sources_1/bd/MP_1_Design_1/ipshared/0e33/hdl/axi_register_slice_v2_1_vl_rfs.v:85]
INFO: [Synth 8-256] done synthesizing module 'axi_register_slice_v2_1_12_axic_register_slice__parameterized2' (12#1) [u:/Documents/CprE 488/Labs/Cpre488/MP-1/CPRE_488_MP-1/MP-1.srcs/sources_1/bd/MP_1_Design_1/ipshared/0e33/hdl/axi_register_slice_v2_1_vl_rfs.v:85]
INFO: [Synth 8-638] synthesizing module 'axi_infrastructure_v1_1_0_vector2axi' [u:/Documents/CprE 488/Labs/Cpre488/MP-1/CPRE_488_MP-1/MP-1.srcs/sources_1/bd/MP_1_Design_1/ipshared/7e3a/hdl/axi_infrastructure_v1_1_vl_rfs.v:474]
INFO: [Synth 8-256] done synthesizing module 'axi_infrastructure_v1_1_0_vector2axi' (13#1) [u:/Documents/CprE 488/Labs/Cpre488/MP-1/CPRE_488_MP-1/MP-1.srcs/sources_1/bd/MP_1_Design_1/ipshared/7e3a/hdl/axi_infrastructure_v1_1_vl_rfs.v:474]
INFO: [Synth 8-256] done synthesizing module 'axi_register_slice_v2_1_12_axi_register_slice' (14#1) [u:/Documents/CprE 488/Labs/Cpre488/MP-1/CPRE_488_MP-1/MP-1.srcs/sources_1/bd/MP_1_Design_1/ipshared/0e33/hdl/axi_register_slice_v2_1_vl_rfs.v:791]
INFO: [Synth 8-638] synthesizing module 'axi_register_slice_v2_1_12_axi_register_slice__parameterized0' [u:/Documents/CprE 488/Labs/Cpre488/MP-1/CPRE_488_MP-1/MP-1.srcs/sources_1/bd/MP_1_Design_1/ipshared/0e33/hdl/axi_register_slice_v2_1_vl_rfs.v:791]
INFO: [Synth 8-638] synthesizing module 'axi_infrastructure_v1_1_0_axi2vector__parameterized0' [u:/Documents/CprE 488/Labs/Cpre488/MP-1/CPRE_488_MP-1/MP-1.srcs/sources_1/bd/MP_1_Design_1/ipshared/7e3a/hdl/axi_infrastructure_v1_1_vl_rfs.v:60]
INFO: [Synth 8-256] done synthesizing module 'axi_infrastructure_v1_1_0_axi2vector__parameterized0' (14#1) [u:/Documents/CprE 488/Labs/Cpre488/MP-1/CPRE_488_MP-1/MP-1.srcs/sources_1/bd/MP_1_Design_1/ipshared/7e3a/hdl/axi_infrastructure_v1_1_vl_rfs.v:60]
INFO: [Synth 8-638] synthesizing module 'axi_register_slice_v2_1_12_axic_register_slice__parameterized3' [u:/Documents/CprE 488/Labs/Cpre488/MP-1/CPRE_488_MP-1/MP-1.srcs/sources_1/bd/MP_1_Design_1/ipshared/0e33/hdl/axi_register_slice_v2_1_vl_rfs.v:85]
INFO: [Synth 8-256] done synthesizing module 'axi_register_slice_v2_1_12_axic_register_slice__parameterized3' (14#1) [u:/Documents/CprE 488/Labs/Cpre488/MP-1/CPRE_488_MP-1/MP-1.srcs/sources_1/bd/MP_1_Design_1/ipshared/0e33/hdl/axi_register_slice_v2_1_vl_rfs.v:85]
INFO: [Synth 8-638] synthesizing module 'axi_register_slice_v2_1_12_axic_register_slice__parameterized4' [u:/Documents/CprE 488/Labs/Cpre488/MP-1/CPRE_488_MP-1/MP-1.srcs/sources_1/bd/MP_1_Design_1/ipshared/0e33/hdl/axi_register_slice_v2_1_vl_rfs.v:85]
INFO: [Synth 8-256] done synthesizing module 'axi_register_slice_v2_1_12_axic_register_slice__parameterized4' (14#1) [u:/Documents/CprE 488/Labs/Cpre488/MP-1/CPRE_488_MP-1/MP-1.srcs/sources_1/bd/MP_1_Design_1/ipshared/0e33/hdl/axi_register_slice_v2_1_vl_rfs.v:85]
INFO: [Synth 8-638] synthesizing module 'axi_register_slice_v2_1_12_axic_register_slice__parameterized5' [u:/Documents/CprE 488/Labs/Cpre488/MP-1/CPRE_488_MP-1/MP-1.srcs/sources_1/bd/MP_1_Design_1/ipshared/0e33/hdl/axi_register_slice_v2_1_vl_rfs.v:85]
INFO: [Synth 8-256] done synthesizing module 'axi_register_slice_v2_1_12_axic_register_slice__parameterized5' (14#1) [u:/Documents/CprE 488/Labs/Cpre488/MP-1/CPRE_488_MP-1/MP-1.srcs/sources_1/bd/MP_1_Design_1/ipshared/0e33/hdl/axi_register_slice_v2_1_vl_rfs.v:85]
INFO: [Synth 8-638] synthesizing module 'axi_register_slice_v2_1_12_axic_register_slice__parameterized6' [u:/Documents/CprE 488/Labs/Cpre488/MP-1/CPRE_488_MP-1/MP-1.srcs/sources_1/bd/MP_1_Design_1/ipshared/0e33/hdl/axi_register_slice_v2_1_vl_rfs.v:85]
INFO: [Synth 8-256] done synthesizing module 'axi_register_slice_v2_1_12_axic_register_slice__parameterized6' (14#1) [u:/Documents/CprE 488/Labs/Cpre488/MP-1/CPRE_488_MP-1/MP-1.srcs/sources_1/bd/MP_1_Design_1/ipshared/0e33/hdl/axi_register_slice_v2_1_vl_rfs.v:85]
INFO: [Synth 8-638] synthesizing module 'axi_infrastructure_v1_1_0_vector2axi__parameterized0' [u:/Documents/CprE 488/Labs/Cpre488/MP-1/CPRE_488_MP-1/MP-1.srcs/sources_1/bd/MP_1_Design_1/ipshared/7e3a/hdl/axi_infrastructure_v1_1_vl_rfs.v:474]
INFO: [Synth 8-256] done synthesizing module 'axi_infrastructure_v1_1_0_vector2axi__parameterized0' (14#1) [u:/Documents/CprE 488/Labs/Cpre488/MP-1/CPRE_488_MP-1/MP-1.srcs/sources_1/bd/MP_1_Design_1/ipshared/7e3a/hdl/axi_infrastructure_v1_1_vl_rfs.v:474]
INFO: [Synth 8-256] done synthesizing module 'axi_register_slice_v2_1_12_axi_register_slice__parameterized0' (14#1) [u:/Documents/CprE 488/Labs/Cpre488/MP-1/CPRE_488_MP-1/MP-1.srcs/sources_1/bd/MP_1_Design_1/ipshared/0e33/hdl/axi_register_slice_v2_1_vl_rfs.v:791]
INFO: [Synth 8-256] done synthesizing module 'axi_protocol_converter_v2_1_12_b2s' (15#1) [u:/Documents/CprE 488/Labs/Cpre488/MP-1/CPRE_488_MP-1/MP-1.srcs/sources_1/bd/MP_1_Design_1/ipshared/138d/hdl/axi_protocol_converter_v2_1_vl_rfs.v:4229]
INFO: [Synth 8-256] done synthesizing module 'axi_protocol_converter_v2_1_12_axi_protocol_converter' (16#1) [u:/Documents/CprE 488/Labs/Cpre488/MP-1/CPRE_488_MP-1/MP-1.srcs/sources_1/bd/MP_1_Design_1/ipshared/138d/hdl/axi_protocol_converter_v2_1_vl_rfs.v:4811]
INFO: [Synth 8-256] done synthesizing module 'MP_1_Design_1_auto_pc_0' (17#1) [u:/Documents/CprE 488/Labs/Cpre488/MP-1/CPRE_488_MP-1/MP-1.srcs/sources_1/bd/MP_1_Design_1/ip/MP_1_Design_1_auto_pc_0/synth/MP_1_Design_1_auto_pc_0.v:58]
Finished RTL Elaboration : Time (s): cpu = 00:00:29 ; elapsed = 00:00:39 . Memory (MB): peak = 449.500 ; gain = 201.297
Finished RTL Optimization Phase 1 : Time (s): cpu = 00:00:29 ; elapsed = 00:00:39 . Memory (MB): peak = 449.500 ; gain = 201.297
INFO: [Device 21-403] Loading part xc7z020clg484-1
Constraint Validation Runtime : Time (s): cpu = 00:00:00 ; elapsed = 00:00:00.058 . Memory (MB): peak = 701.809 ; gain = 0.000
Finished Constraint Validation : Time (s): cpu = 00:00:37 ; elapsed = 00:00:49 . Memory (MB): peak = 701.809 ; gain = 453.605
Finished Loading Part and Timing Information : Time (s): cpu = 00:00:37 ; elapsed = 00:00:49 . Memory (MB): peak = 701.809 ; gain = 453.605
Finished applying 'set_property' XDC Constraints : Time (s): cpu = 00:00:37 ; elapsed = 00:00:49 . Memory (MB): peak = 701.809 ; gain = 453.605
Finished RTL Optimization Phase 2 : Time (s): cpu = 00:00:38 ; elapsed = 00:00:50 . Memory (MB): peak = 701.809 ; gain = 453.605
Finished Cross Boundary and Area Optimization : Time (s): cpu = 00:00:39 ; elapsed = 00:00:52 . Memory (MB): peak = 701.809 ; gain = 453.605
Finished Applying XDC Timing Constraints : Time (s): cpu = 00:00:48 ; elapsed = 00:01:01 . Memory (MB): peak = 701.809 ; gain = 453.605
Finished Timing Optimization : Time (s): cpu = 00:00:50 ; elapsed = 00:01:02 . Memory (MB): peak = 723.070 ; gain = 474.867
Finished Technology Mapping : Time (s): cpu = 00:00:50 ; elapsed = 00:01:03 . Memory (MB): peak = 723.070 ; gain = 474.867
Finished IO Insertion : Time (s): cpu = 00:00:51 ; elapsed = 00:01:03 . Memory (MB): peak = 723.070 ; gain = 474.867
Finished Renaming Generated Instances : Time (s): cpu = 00:00:51 ; elapsed = 00:01:03 . Memory (MB): peak = 723.070 ; gain = 474.867
Finished Rebuilding User Hierarchy : Time (s): cpu = 00:00:51 ; elapsed = 00:01:03 . Memory (MB): peak = 723.070 ; gain = 474.867
Finished Renaming Generated Ports : Time (s): cpu = 00:00:51 ; elapsed = 00:01:03 . Memory (MB): peak = 723.070 ; gain = 474.867
Finished Handling Custom Attributes : Time (s): cpu = 00:00:51 ; elapsed = 00:01:03 . Memory (MB): peak = 723.070 ; gain = 474.867
Finished Renaming Generated Nets : Time (s): cpu = 00:00:51 ; elapsed = 00:01:03 . Memory (MB): peak = 723.070 ; gain = 474.867

Report Cell Usage: 
+------+--------+------+
|      |Cell    |Count |
+------+--------+------+
|1     |CARRY4  |    18|
|2     |LUT1    |    52|
|3     |LUT2    |    20|
|4     |LUT3    |   249|
|5     |LUT4    |    46|
|6     |LUT5    |    55|
|7     |LUT6    |   110|
|8     |SRL16E  |    18|
|9     |SRLC32E |    47|
|10    |FDRE    |   550|
|11    |FDSE    |    48|
+------+--------+------+
Finished Writing Synthesis Report : Time (s): cpu = 00:00:51 ; elapsed = 00:01:03 . Memory (MB): peak = 723.070 ; gain = 474.867
synth_design: Time (s): cpu = 00:00:52 ; elapsed = 00:01:05 . Memory (MB): peak = 723.070 ; gain = 474.867
