
*** Running vivado
    with args -log design_1_axi_vdma_0_0.vds -m64 -product Vivado -mode batch -messageDb vivado.pb -notrace -source design_1_axi_vdma_0_0.tcl


****** Vivado v2017.1 (64-bit)
  **** SW Build 1846317 on Fri Apr 14 18:55:03 MDT 2017
  **** IP Build 1846188 on Fri Apr 14 20:52:08 MDT 2017
    ** Copyright 1986-2017 Xilinx, Inc. All Rights Reserved.

source design_1_axi_vdma_0_0.tcl -notrace
Starting RTL Elaboration : Time (s): cpu = 00:00:08 ; elapsed = 00:00:15 . Memory (MB): peak = 392.215 ; gain = 83.840
INFO: [Synth 8-638] synthesizing module 'design_1_axi_vdma_0_0' [u:/Desktop/MP-2/hw/design_1/ip/design_1_axi_vdma_0_0/synth/design_1_axi_vdma_0_0.vhd:131]
INFO: [Synth 8-638] synthesizing module 'axi_vdma' [u:/Desktop/MP-2/hw/design_1/ipshared/47ae/hdl/axi_vdma_v6_3_rfs.vhd:69480]
INFO: [Synth 8-638] synthesizing module 'axi_vdma_rst_module' [u:/Desktop/MP-2/hw/design_1/ipshared/47ae/hdl/axi_vdma_v6_3_rfs.vhd:16457]
INFO: [Synth 8-638] synthesizing module 'axi_vdma_reset' [u:/Desktop/MP-2/hw/design_1/ipshared/47ae/hdl/axi_vdma_v6_3_rfs.vhd:14862]
INFO: [Synth 8-638] synthesizing module 'cdc_sync' [u:/Desktop/MP-2/hw/design_1/ipshared/52cb/hdl/lib_cdc_v1_0_rfs.vhd:106]
INFO: [Synth 8-256] done synthesizing module 'cdc_sync' (1#1) [u:/Desktop/MP-2/hw/design_1/ipshared/52cb/hdl/lib_cdc_v1_0_rfs.vhd:106]
INFO: [Synth 8-638] synthesizing module 'cdc_sync__parameterized0' [u:/Desktop/MP-2/hw/design_1/ipshared/52cb/hdl/lib_cdc_v1_0_rfs.vhd:106]
INFO: [Synth 8-256] done synthesizing module 'cdc_sync__parameterized0' (1#1) [u:/Desktop/MP-2/hw/design_1/ipshared/52cb/hdl/lib_cdc_v1_0_rfs.vhd:106]
INFO: [Synth 8-256] done synthesizing module 'axi_vdma_reset' (2#1) [u:/Desktop/MP-2/hw/design_1/ipshared/47ae/hdl/axi_vdma_v6_3_rfs.vhd:14862]
INFO: [Synth 8-256] done synthesizing module 'axi_vdma_rst_module' (3#1) [u:/Desktop/MP-2/hw/design_1/ipshared/47ae/hdl/axi_vdma_v6_3_rfs.vhd:16457]
INFO: [Synth 8-638] synthesizing module 'axi_vdma_reg_if' [u:/Desktop/MP-2/hw/design_1/ipshared/47ae/hdl/axi_vdma_v6_3_rfs.vhd:39644]
INFO: [Synth 8-638] synthesizing module 'axi_vdma_lite_if' [u:/Desktop/MP-2/hw/design_1/ipshared/47ae/hdl/axi_vdma_v6_3_rfs.vhd:16952]
INFO: [Synth 8-638] synthesizing module 'cdc_sync__parameterized1' [u:/Desktop/MP-2/hw/design_1/ipshared/52cb/hdl/lib_cdc_v1_0_rfs.vhd:106]
INFO: [Synth 8-256] done synthesizing module 'cdc_sync__parameterized1' (3#1) [u:/Desktop/MP-2/hw/design_1/ipshared/52cb/hdl/lib_cdc_v1_0_rfs.vhd:106]
INFO: [Synth 8-256] done synthesizing module 'axi_vdma_lite_if' (4#1) [u:/Desktop/MP-2/hw/design_1/ipshared/47ae/hdl/axi_vdma_v6_3_rfs.vhd:16952]
INFO: [Synth 8-638] synthesizing module 'cdc_sync__parameterized2' [u:/Desktop/MP-2/hw/design_1/ipshared/52cb/hdl/lib_cdc_v1_0_rfs.vhd:106]
INFO: [Synth 8-256] done synthesizing module 'cdc_sync__parameterized2' (4#1) [u:/Desktop/MP-2/hw/design_1/ipshared/52cb/hdl/lib_cdc_v1_0_rfs.vhd:106]
INFO: [Synth 8-256] done synthesizing module 'axi_vdma_reg_if' (5#1) [u:/Desktop/MP-2/hw/design_1/ipshared/47ae/hdl/axi_vdma_v6_3_rfs.vhd:39644]
INFO: [Synth 8-638] synthesizing module 'axi_vdma_intrpt' [u:/Desktop/MP-2/hw/design_1/ipshared/47ae/hdl/axi_vdma_v6_3_rfs.vhd:40370]
INFO: [Synth 8-256] done synthesizing module 'axi_vdma_intrpt' (6#1) [u:/Desktop/MP-2/hw/design_1/ipshared/47ae/hdl/axi_vdma_v6_3_rfs.vhd:40370]
INFO: [Synth 8-638] synthesizing module 'axi_vdma_reg_module' [u:/Desktop/MP-2/hw/design_1/ipshared/47ae/hdl/axi_vdma_v6_3_rfs.vhd:38829]
INFO: [Synth 8-638] synthesizing module 'axi_vdma_register' [u:/Desktop/MP-2/hw/design_1/ipshared/47ae/hdl/axi_vdma_v6_3_rfs.vhd:18712]
INFO: [Synth 8-256] done synthesizing module 'axi_vdma_register' (7#1) [u:/Desktop/MP-2/hw/design_1/ipshared/47ae/hdl/axi_vdma_v6_3_rfs.vhd:18712]
INFO: [Synth 8-638] synthesizing module 'axi_vdma_regdirect' [u:/Desktop/MP-2/hw/design_1/ipshared/47ae/hdl/axi_vdma_v6_3_rfs.vhd:20526]
INFO: [Synth 8-256] done synthesizing module 'axi_vdma_regdirect' (8#1) [u:/Desktop/MP-2/hw/design_1/ipshared/47ae/hdl/axi_vdma_v6_3_rfs.vhd:20526]
INFO: [Synth 8-638] synthesizing module 'axi_vdma_reg_mux' [u:/Desktop/MP-2/hw/design_1/ipshared/47ae/hdl/axi_vdma_v6_3_rfs.vhd:29591]
INFO: [Synth 8-256] done synthesizing module 'axi_vdma_reg_mux' (9#1) [u:/Desktop/MP-2/hw/design_1/ipshared/47ae/hdl/axi_vdma_v6_3_rfs.vhd:29591]
INFO: [Synth 8-256] done synthesizing module 'axi_vdma_reg_module' (10#1) [u:/Desktop/MP-2/hw/design_1/ipshared/47ae/hdl/axi_vdma_v6_3_rfs.vhd:38829]
INFO: [Synth 8-638] synthesizing module 'axi_vdma_mngr' [u:/Desktop/MP-2/hw/design_1/ipshared/47ae/hdl/axi_vdma_v6_3_rfs.vhd:63815]
INFO: [Synth 8-638] synthesizing module 'axi_vdma_sm' [u:/Desktop/MP-2/hw/design_1/ipshared/47ae/hdl/axi_vdma_v6_3_rfs.vhd:61558]
INFO: [Synth 8-256] done synthesizing module 'axi_vdma_sm' (11#1) [u:/Desktop/MP-2/hw/design_1/ipshared/47ae/hdl/axi_vdma_v6_3_rfs.vhd:61558]
INFO: [Synth 8-638] synthesizing module 'axi_vdma_cmdsts_if' [u:/Desktop/MP-2/hw/design_1/ipshared/47ae/hdl/axi_vdma_v6_3_rfs.vhd:62697]
INFO: [Synth 8-256] done synthesizing module 'axi_vdma_cmdsts_if' (12#1) [u:/Desktop/MP-2/hw/design_1/ipshared/47ae/hdl/axi_vdma_v6_3_rfs.vhd:62697]
INFO: [Synth 8-638] synthesizing module 'axi_vdma_sts_mngr' [u:/Desktop/MP-2/hw/design_1/ipshared/47ae/hdl/axi_vdma_v6_3_rfs.vhd:63204]
INFO: [Synth 8-256] done synthesizing module 'axi_vdma_sts_mngr' (13#1) [u:/Desktop/MP-2/hw/design_1/ipshared/47ae/hdl/axi_vdma_v6_3_rfs.vhd:63204]
INFO: [Synth 8-638] synthesizing module 'axi_vdma_vidreg_module' [u:/Desktop/MP-2/hw/design_1/ipshared/47ae/hdl/axi_vdma_v6_3_rfs.vhd:55739]
INFO: [Synth 8-638] synthesizing module 'axi_vdma_vregister' [u:/Desktop/MP-2/hw/design_1/ipshared/47ae/hdl/axi_vdma_v6_3_rfs.vhd:53625]
INFO: [Synth 8-256] done synthesizing module 'axi_vdma_vregister' (14#1) [u:/Desktop/MP-2/hw/design_1/ipshared/47ae/hdl/axi_vdma_v6_3_rfs.vhd:53625]
INFO: [Synth 8-638] synthesizing module 'axi_vdma_vaddrreg_mux' [u:/Desktop/MP-2/hw/design_1/ipshared/47ae/hdl/axi_vdma_v6_3_rfs.vhd:55216]
INFO: [Synth 8-256] done synthesizing module 'axi_vdma_vaddrreg_mux' (15#1) [u:/Desktop/MP-2/hw/design_1/ipshared/47ae/hdl/axi_vdma_v6_3_rfs.vhd:55216]
INFO: [Synth 8-256] done synthesizing module 'axi_vdma_vidreg_module' (16#1) [u:/Desktop/MP-2/hw/design_1/ipshared/47ae/hdl/axi_vdma_v6_3_rfs.vhd:55739]
INFO: [Synth 8-638] synthesizing module 'axi_vdma_genlock_mngr' [u:/Desktop/MP-2/hw/design_1/ipshared/47ae/hdl/axi_vdma_v6_3_rfs.vhd:58282]
INFO: [Synth 8-638] synthesizing module 'axi_vdma_genlock_mux' [u:/Desktop/MP-2/hw/design_1/ipshared/47ae/hdl/axi_vdma_v6_3_rfs.vhd:57020]
INFO: [Synth 8-256] done synthesizing module 'axi_vdma_genlock_mux' (17#1) [u:/Desktop/MP-2/hw/design_1/ipshared/47ae/hdl/axi_vdma_v6_3_rfs.vhd:57020]
INFO: [Synth 8-638] synthesizing module 'axi_vdma_greycoder' [u:/Desktop/MP-2/hw/design_1/ipshared/47ae/hdl/axi_vdma_v6_3_rfs.vhd:57995]
INFO: [Synth 8-256] done synthesizing module 'axi_vdma_greycoder' (18#1) [u:/Desktop/MP-2/hw/design_1/ipshared/47ae/hdl/axi_vdma_v6_3_rfs.vhd:57995]
INFO: [Synth 8-638] synthesizing module 'axi_vdma_greycoder__parameterized0' [u:/Desktop/MP-2/hw/design_1/ipshared/47ae/hdl/axi_vdma_v6_3_rfs.vhd:57995]
INFO: [Synth 8-256] done synthesizing module 'axi_vdma_greycoder__parameterized0' (18#1) [u:/Desktop/MP-2/hw/design_1/ipshared/47ae/hdl/axi_vdma_v6_3_rfs.vhd:57995]
INFO: [Synth 8-256] done synthesizing module 'axi_vdma_genlock_mngr' (19#1) [u:/Desktop/MP-2/hw/design_1/ipshared/47ae/hdl/axi_vdma_v6_3_rfs.vhd:58282]
INFO: [Synth 8-256] done synthesizing module 'axi_vdma_mngr' (20#1) [u:/Desktop/MP-2/hw/design_1/ipshared/47ae/hdl/axi_vdma_v6_3_rfs.vhd:63815]
INFO: [Synth 8-638] synthesizing module 'axi_vdma_fsync_gen' [u:/Desktop/MP-2/hw/design_1/ipshared/47ae/hdl/axi_vdma_v6_3_rfs.vhd:52754]
INFO: [Synth 8-256] done synthesizing module 'axi_vdma_fsync_gen' (21#1) [u:/Desktop/MP-2/hw/design_1/ipshared/47ae/hdl/axi_vdma_v6_3_rfs.vhd:52754]
INFO: [Synth 8-638] synthesizing module 'axi_vdma_vid_cdc' [u:/Desktop/MP-2/hw/design_1/ipshared/47ae/hdl/axi_vdma_v6_3_rfs.vhd:13249]
INFO: [Synth 8-256] done synthesizing module 'axi_vdma_vid_cdc' (22#1) [u:/Desktop/MP-2/hw/design_1/ipshared/47ae/hdl/axi_vdma_v6_3_rfs.vhd:13249]
INFO: [Synth 8-638] synthesizing module 'axi_vdma_sof_gen' [u:/Desktop/MP-2/hw/design_1/ipshared/47ae/hdl/axi_vdma_v6_3_rfs.vhd:40980]
INFO: [Synth 8-256] done synthesizing module 'axi_vdma_sof_gen' (23#1) [u:/Desktop/MP-2/hw/design_1/ipshared/47ae/hdl/axi_vdma_v6_3_rfs.vhd:40980]
INFO: [Synth 8-638] synthesizing module 'axi_vdma_mm2s_linebuf' [u:/Desktop/MP-2/hw/design_1/ipshared/47ae/hdl/axi_vdma_v6_3_rfs.vhd:45948]
INFO: [Synth 8-638] synthesizing module 'axi_vdma_afifo_builtin' [u:/Desktop/MP-2/hw/design_1/ipshared/47ae/hdl/axi_vdma_v6_3_rfs.vhd:43237]
INFO: [Synth 8-256] done synthesizing module 'axi_vdma_afifo_builtin' (34#1) [u:/Desktop/MP-2/hw/design_1/ipshared/47ae/hdl/axi_vdma_v6_3_rfs.vhd:43237]
INFO: [Synth 8-638] synthesizing module 'axi_vdma_skid_buf' [u:/Desktop/MP-2/hw/design_1/ipshared/47ae/hdl/axi_vdma_v6_3_rfs.vhd:41227]
INFO: [Synth 8-256] done synthesizing module 'axi_vdma_skid_buf' (35#1) [u:/Desktop/MP-2/hw/design_1/ipshared/47ae/hdl/axi_vdma_v6_3_rfs.vhd:41227]
INFO: [Synth 8-638] synthesizing module 'cdc_sync__parameterized3' [u:/Desktop/MP-2/hw/design_1/ipshared/52cb/hdl/lib_cdc_v1_0_rfs.vhd:106]
INFO: [Synth 8-256] done synthesizing module 'cdc_sync__parameterized3' (35#1) [u:/Desktop/MP-2/hw/design_1/ipshared/52cb/hdl/lib_cdc_v1_0_rfs.vhd:106]
INFO: [Synth 8-256] done synthesizing module 'axi_vdma_mm2s_linebuf' (36#1) [u:/Desktop/MP-2/hw/design_1/ipshared/47ae/hdl/axi_vdma_v6_3_rfs.vhd:45948]
INFO: [Synth 8-638] synthesizing module 'axi_vdma_reg_module__parameterized0' [u:/Desktop/MP-2/hw/design_1/ipshared/47ae/hdl/axi_vdma_v6_3_rfs.vhd:38829]
INFO: [Synth 8-638] synthesizing module 'axi_vdma_register__parameterized0' [u:/Desktop/MP-2/hw/design_1/ipshared/47ae/hdl/axi_vdma_v6_3_rfs.vhd:18712]
INFO: [Synth 8-256] done synthesizing module 'axi_vdma_register__parameterized0' (36#1) [u:/Desktop/MP-2/hw/design_1/ipshared/47ae/hdl/axi_vdma_v6_3_rfs.vhd:18712]
INFO: [Synth 8-638] synthesizing module 'axi_vdma_regdirect__parameterized0' [u:/Desktop/MP-2/hw/design_1/ipshared/47ae/hdl/axi_vdma_v6_3_rfs.vhd:20526]
INFO: [Synth 8-256] done synthesizing module 'axi_vdma_regdirect__parameterized0' (36#1) [u:/Desktop/MP-2/hw/design_1/ipshared/47ae/hdl/axi_vdma_v6_3_rfs.vhd:20526]
INFO: [Synth 8-638] synthesizing module 'axi_vdma_reg_mux__parameterized0' [u:/Desktop/MP-2/hw/design_1/ipshared/47ae/hdl/axi_vdma_v6_3_rfs.vhd:29591]
INFO: [Synth 8-256] done synthesizing module 'axi_vdma_reg_mux__parameterized0' (36#1) [u:/Desktop/MP-2/hw/design_1/ipshared/47ae/hdl/axi_vdma_v6_3_rfs.vhd:29591]
INFO: [Synth 8-256] done synthesizing module 'axi_vdma_reg_module__parameterized0' (36#1) [u:/Desktop/MP-2/hw/design_1/ipshared/47ae/hdl/axi_vdma_v6_3_rfs.vhd:38829]
INFO: [Synth 8-638] synthesizing module 'axi_vdma_mngr__parameterized0' [u:/Desktop/MP-2/hw/design_1/ipshared/47ae/hdl/axi_vdma_v6_3_rfs.vhd:63815]
INFO: [Synth 8-638] synthesizing module 'axi_vdma_sm__parameterized0' [u:/Desktop/MP-2/hw/design_1/ipshared/47ae/hdl/axi_vdma_v6_3_rfs.vhd:61558]
INFO: [Synth 8-256] done synthesizing module 'axi_vdma_sm__parameterized0' (36#1) [u:/Desktop/MP-2/hw/design_1/ipshared/47ae/hdl/axi_vdma_v6_3_rfs.vhd:61558]
INFO: [Synth 8-638] synthesizing module 'axi_vdma_cmdsts_if__parameterized0' [u:/Desktop/MP-2/hw/design_1/ipshared/47ae/hdl/axi_vdma_v6_3_rfs.vhd:62697]
INFO: [Synth 8-256] done synthesizing module 'axi_vdma_cmdsts_if__parameterized0' (36#1) [u:/Desktop/MP-2/hw/design_1/ipshared/47ae/hdl/axi_vdma_v6_3_rfs.vhd:62697]
INFO: [Synth 8-638] synthesizing module 'axi_vdma_genlock_mngr__parameterized0' [u:/Desktop/MP-2/hw/design_1/ipshared/47ae/hdl/axi_vdma_v6_3_rfs.vhd:58282]
INFO: [Synth 8-256] done synthesizing module 'axi_vdma_genlock_mngr__parameterized0' (36#1) [u:/Desktop/MP-2/hw/design_1/ipshared/47ae/hdl/axi_vdma_v6_3_rfs.vhd:58282]
INFO: [Synth 8-256] done synthesizing module 'axi_vdma_mngr__parameterized0' (36#1) [u:/Desktop/MP-2/hw/design_1/ipshared/47ae/hdl/axi_vdma_v6_3_rfs.vhd:63815]
INFO: [Synth 8-638] synthesizing module 'axi_vdma_fsync_gen__parameterized0' [u:/Desktop/MP-2/hw/design_1/ipshared/47ae/hdl/axi_vdma_v6_3_rfs.vhd:52754]
INFO: [Synth 8-256] done synthesizing module 'axi_vdma_fsync_gen__parameterized0' (36#1) [u:/Desktop/MP-2/hw/design_1/ipshared/47ae/hdl/axi_vdma_v6_3_rfs.vhd:52754]
INFO: [Synth 8-638] synthesizing module 'axi_vdma_s2mm_linebuf' [u:/Desktop/MP-2/hw/design_1/ipshared/47ae/hdl/axi_vdma_v6_3_rfs.vhd:48936]
INFO: [Synth 8-638] synthesizing module 'axi_vdma_afifo_builtin__parameterized0' [u:/Desktop/MP-2/hw/design_1/ipshared/47ae/hdl/axi_vdma_v6_3_rfs.vhd:43237]
INFO: [Synth 8-256] done synthesizing module 'axi_vdma_afifo_builtin__parameterized0' (36#1) [u:/Desktop/MP-2/hw/design_1/ipshared/47ae/hdl/axi_vdma_v6_3_rfs.vhd:43237]
INFO: [Synth 8-256] done synthesizing module 'axi_vdma_s2mm_linebuf' (37#1) [u:/Desktop/MP-2/hw/design_1/ipshared/47ae/hdl/axi_vdma_v6_3_rfs.vhd:48936]
INFO: [Synth 8-638] synthesizing module 'axi_datamover' [u:/Desktop/MP-2/hw/design_1/ipshared/9afd/hdl/axi_datamover_v5_1_vh_rfs.vhd:55410]
INFO: [Synth 8-638] synthesizing module 'axi_datamover_mm2s_full_wrap' [u:/Desktop/MP-2/hw/design_1/ipshared/9afd/hdl/axi_datamover_v5_1_vh_rfs.vhd:53548]
INFO: [Synth 8-638] synthesizing module 'axi_datamover_reset' [u:/Desktop/MP-2/hw/design_1/ipshared/9afd/hdl/axi_datamover_v5_1_vh_rfs.vhd:153]
INFO: [Synth 8-256] done synthesizing module 'axi_datamover_reset' (38#1) [u:/Desktop/MP-2/hw/design_1/ipshared/9afd/hdl/axi_datamover_v5_1_vh_rfs.vhd:153]
INFO: [Synth 8-638] synthesizing module 'axi_datamover_cmd_status' [u:/Desktop/MP-2/hw/design_1/ipshared/9afd/hdl/axi_datamover_v5_1_vh_rfs.vhd:2693]
INFO: [Synth 8-638] synthesizing module 'axi_datamover_fifo' [u:/Desktop/MP-2/hw/design_1/ipshared/9afd/hdl/axi_datamover_v5_1_vh_rfs.vhd:1881]
INFO: [Synth 8-638] synthesizing module 'srl_fifo_f' [u:/Desktop/MP-2/hw/design_1/ipshared/6039/hdl/lib_srl_fifo_v1_0_rfs.vhd:1000]
INFO: [Synth 8-638] synthesizing module 'srl_fifo_rbu_f' [u:/Desktop/MP-2/hw/design_1/ipshared/6039/hdl/lib_srl_fifo_v1_0_rfs.vhd:697]
INFO: [Synth 8-638] synthesizing module 'cntr_incr_decr_addn_f' [u:/Desktop/MP-2/hw/design_1/ipshared/6039/hdl/lib_srl_fifo_v1_0_rfs.vhd:143]
INFO: [Synth 8-256] done synthesizing module 'cntr_incr_decr_addn_f' (39#1) [u:/Desktop/MP-2/hw/design_1/ipshared/6039/hdl/lib_srl_fifo_v1_0_rfs.vhd:143]
INFO: [Synth 8-638] synthesizing module 'dynshreg_f' [u:/Desktop/MP-2/hw/design_1/ipshared/6039/hdl/lib_srl_fifo_v1_0_rfs.vhd:397]
INFO: [Synth 8-256] done synthesizing module 'dynshreg_f' (40#1) [u:/Desktop/MP-2/hw/design_1/ipshared/6039/hdl/lib_srl_fifo_v1_0_rfs.vhd:397]
INFO: [Synth 8-256] done synthesizing module 'srl_fifo_rbu_f' (41#1) [u:/Desktop/MP-2/hw/design_1/ipshared/6039/hdl/lib_srl_fifo_v1_0_rfs.vhd:697]
INFO: [Synth 8-256] done synthesizing module 'srl_fifo_f' (42#1) [u:/Desktop/MP-2/hw/design_1/ipshared/6039/hdl/lib_srl_fifo_v1_0_rfs.vhd:1000]
INFO: [Synth 8-256] done synthesizing module 'axi_datamover_fifo' (43#1) [u:/Desktop/MP-2/hw/design_1/ipshared/9afd/hdl/axi_datamover_v5_1_vh_rfs.vhd:1881]
INFO: [Synth 8-638] synthesizing module 'axi_datamover_fifo__parameterized0' [u:/Desktop/MP-2/hw/design_1/ipshared/9afd/hdl/axi_datamover_v5_1_vh_rfs.vhd:1881]
INFO: [Synth 8-638] synthesizing module 'srl_fifo_f__parameterized0' [u:/Desktop/MP-2/hw/design_1/ipshared/6039/hdl/lib_srl_fifo_v1_0_rfs.vhd:1000]
INFO: [Synth 8-638] synthesizing module 'srl_fifo_rbu_f__parameterized0' [u:/Desktop/MP-2/hw/design_1/ipshared/6039/hdl/lib_srl_fifo_v1_0_rfs.vhd:697]
INFO: [Synth 8-638] synthesizing module 'dynshreg_f__parameterized0' [u:/Desktop/MP-2/hw/design_1/ipshared/6039/hdl/lib_srl_fifo_v1_0_rfs.vhd:397]
INFO: [Synth 8-256] done synthesizing module 'dynshreg_f__parameterized0' (43#1) [u:/Desktop/MP-2/hw/design_1/ipshared/6039/hdl/lib_srl_fifo_v1_0_rfs.vhd:397]
INFO: [Synth 8-256] done synthesizing module 'srl_fifo_rbu_f__parameterized0' (43#1) [u:/Desktop/MP-2/hw/design_1/ipshared/6039/hdl/lib_srl_fifo_v1_0_rfs.vhd:697]
INFO: [Synth 8-256] done synthesizing module 'srl_fifo_f__parameterized0' (43#1) [u:/Desktop/MP-2/hw/design_1/ipshared/6039/hdl/lib_srl_fifo_v1_0_rfs.vhd:1000]
INFO: [Synth 8-256] done synthesizing module 'axi_datamover_fifo__parameterized0' (43#1) [u:/Desktop/MP-2/hw/design_1/ipshared/9afd/hdl/axi_datamover_v5_1_vh_rfs.vhd:1881]
INFO: [Synth 8-256] done synthesizing module 'axi_datamover_cmd_status' (44#1) [u:/Desktop/MP-2/hw/design_1/ipshared/9afd/hdl/axi_datamover_v5_1_vh_rfs.vhd:2693]
INFO: [Synth 8-638] synthesizing module 'axi_datamover_rd_status_cntl' [u:/Desktop/MP-2/hw/design_1/ipshared/9afd/hdl/axi_datamover_v5_1_vh_rfs.vhd:13741]
INFO: [Synth 8-256] done synthesizing module 'axi_datamover_rd_status_cntl' (45#1) [u:/Desktop/MP-2/hw/design_1/ipshared/9afd/hdl/axi_datamover_v5_1_vh_rfs.vhd:13741]
INFO: [Synth 8-638] synthesizing module 'axi_datamover_pcc' [u:/Desktop/MP-2/hw/design_1/ipshared/9afd/hdl/axi_datamover_v5_1_vh_rfs.vhd:7411]
INFO: [Synth 8-638] synthesizing module 'axi_datamover_strb_gen2' [u:/Desktop/MP-2/hw/design_1/ipshared/9afd/hdl/axi_datamover_v5_1_vh_rfs.vhd:4337]
INFO: [Synth 8-256] done synthesizing module 'axi_datamover_strb_gen2' (46#1) [u:/Desktop/MP-2/hw/design_1/ipshared/9afd/hdl/axi_datamover_v5_1_vh_rfs.vhd:4337]
INFO: [Synth 8-638] synthesizing module 'axi_datamover_strb_gen2__parameterized0' [u:/Desktop/MP-2/hw/design_1/ipshared/9afd/hdl/axi_datamover_v5_1_vh_rfs.vhd:4337]
INFO: [Synth 8-256] done synthesizing module 'axi_datamover_strb_gen2__parameterized0' (46#1) [u:/Desktop/MP-2/hw/design_1/ipshared/9afd/hdl/axi_datamover_v5_1_vh_rfs.vhd:4337]
INFO: [Synth 8-256] done synthesizing module 'axi_datamover_pcc' (47#1) [u:/Desktop/MP-2/hw/design_1/ipshared/9afd/hdl/axi_datamover_v5_1_vh_rfs.vhd:7411]
INFO: [Synth 8-638] synthesizing module 'axi_datamover_addr_cntl' [u:/Desktop/MP-2/hw/design_1/ipshared/9afd/hdl/axi_datamover_v5_1_vh_rfs.vhd:9995]
INFO: [Synth 8-638] synthesizing module 'axi_datamover_fifo__parameterized1' [u:/Desktop/MP-2/hw/design_1/ipshared/9afd/hdl/axi_datamover_v5_1_vh_rfs.vhd:1881]
INFO: [Synth 8-638] synthesizing module 'srl_fifo_f__parameterized1' [u:/Desktop/MP-2/hw/design_1/ipshared/6039/hdl/lib_srl_fifo_v1_0_rfs.vhd:1000]
INFO: [Synth 8-638] synthesizing module 'srl_fifo_rbu_f__parameterized1' [u:/Desktop/MP-2/hw/design_1/ipshared/6039/hdl/lib_srl_fifo_v1_0_rfs.vhd:697]
INFO: [Synth 8-638] synthesizing module 'dynshreg_f__parameterized1' [u:/Desktop/MP-2/hw/design_1/ipshared/6039/hdl/lib_srl_fifo_v1_0_rfs.vhd:397]
INFO: [Synth 8-256] done synthesizing module 'dynshreg_f__parameterized1' (47#1) [u:/Desktop/MP-2/hw/design_1/ipshared/6039/hdl/lib_srl_fifo_v1_0_rfs.vhd:397]
INFO: [Synth 8-256] done synthesizing module 'srl_fifo_rbu_f__parameterized1' (47#1) [u:/Desktop/MP-2/hw/design_1/ipshared/6039/hdl/lib_srl_fifo_v1_0_rfs.vhd:697]
INFO: [Synth 8-256] done synthesizing module 'srl_fifo_f__parameterized1' (47#1) [u:/Desktop/MP-2/hw/design_1/ipshared/6039/hdl/lib_srl_fifo_v1_0_rfs.vhd:1000]
INFO: [Synth 8-256] done synthesizing module 'axi_datamover_fifo__parameterized1' (47#1) [u:/Desktop/MP-2/hw/design_1/ipshared/9afd/hdl/axi_datamover_v5_1_vh_rfs.vhd:1881]
INFO: [Synth 8-256] done synthesizing module 'axi_datamover_addr_cntl' (48#1) [u:/Desktop/MP-2/hw/design_1/ipshared/9afd/hdl/axi_datamover_v5_1_vh_rfs.vhd:9995]
INFO: [Synth 8-638] synthesizing module 'axi_datamover_rddata_cntl' [u:/Desktop/MP-2/hw/design_1/ipshared/9afd/hdl/axi_datamover_v5_1_vh_rfs.vhd:12180]
INFO: [Synth 8-638] synthesizing module 'axi_datamover_rdmux' [u:/Desktop/MP-2/hw/design_1/ipshared/9afd/hdl/axi_datamover_v5_1_vh_rfs.vhd:10676]
INFO: [Synth 8-256] done synthesizing module 'axi_datamover_rdmux' (49#1) [u:/Desktop/MP-2/hw/design_1/ipshared/9afd/hdl/axi_datamover_v5_1_vh_rfs.vhd:10676]
INFO: [Synth 8-638] synthesizing module 'axi_datamover_fifo__parameterized2' [u:/Desktop/MP-2/hw/design_1/ipshared/9afd/hdl/axi_datamover_v5_1_vh_rfs.vhd:1881]
INFO: [Synth 8-638] synthesizing module 'srl_fifo_f__parameterized2' [u:/Desktop/MP-2/hw/design_1/ipshared/6039/hdl/lib_srl_fifo_v1_0_rfs.vhd:1000]
INFO: [Synth 8-638] synthesizing module 'srl_fifo_rbu_f__parameterized2' [u:/Desktop/MP-2/hw/design_1/ipshared/6039/hdl/lib_srl_fifo_v1_0_rfs.vhd:697]
INFO: [Synth 8-638] synthesizing module 'dynshreg_f__parameterized2' [u:/Desktop/MP-2/hw/design_1/ipshared/6039/hdl/lib_srl_fifo_v1_0_rfs.vhd:397]
INFO: [Synth 8-256] done synthesizing module 'dynshreg_f__parameterized2' (49#1) [u:/Desktop/MP-2/hw/design_1/ipshared/6039/hdl/lib_srl_fifo_v1_0_rfs.vhd:397]
INFO: [Synth 8-256] done synthesizing module 'srl_fifo_rbu_f__parameterized2' (49#1) [u:/Desktop/MP-2/hw/design_1/ipshared/6039/hdl/lib_srl_fifo_v1_0_rfs.vhd:697]
INFO: [Synth 8-256] done synthesizing module 'srl_fifo_f__parameterized2' (49#1) [u:/Desktop/MP-2/hw/design_1/ipshared/6039/hdl/lib_srl_fifo_v1_0_rfs.vhd:1000]
INFO: [Synth 8-256] done synthesizing module 'axi_datamover_fifo__parameterized2' (49#1) [u:/Desktop/MP-2/hw/design_1/ipshared/9afd/hdl/axi_datamover_v5_1_vh_rfs.vhd:1881]
INFO: [Synth 8-256] done synthesizing module 'axi_datamover_rddata_cntl' (50#1) [u:/Desktop/MP-2/hw/design_1/ipshared/9afd/hdl/axi_datamover_v5_1_vh_rfs.vhd:12180]
INFO: [Synth 8-638] synthesizing module 'axi_datamover_rd_sf' [u:/Desktop/MP-2/hw/design_1/ipshared/9afd/hdl/axi_datamover_v5_1_vh_rfs.vhd:20200]
INFO: [Synth 8-638] synthesizing module 'axi_datamover_fifo__parameterized3' [u:/Desktop/MP-2/hw/design_1/ipshared/9afd/hdl/axi_datamover_v5_1_vh_rfs.vhd:1881]
INFO: [Synth 8-638] synthesizing module 'srl_fifo_f__parameterized3' [u:/Desktop/MP-2/hw/design_1/ipshared/6039/hdl/lib_srl_fifo_v1_0_rfs.vhd:1000]
INFO: [Synth 8-638] synthesizing module 'srl_fifo_rbu_f__parameterized3' [u:/Desktop/MP-2/hw/design_1/ipshared/6039/hdl/lib_srl_fifo_v1_0_rfs.vhd:697]
INFO: [Synth 8-638] synthesizing module 'dynshreg_f__parameterized3' [u:/Desktop/MP-2/hw/design_1/ipshared/6039/hdl/lib_srl_fifo_v1_0_rfs.vhd:397]
INFO: [Synth 8-256] done synthesizing module 'dynshreg_f__parameterized3' (50#1) [u:/Desktop/MP-2/hw/design_1/ipshared/6039/hdl/lib_srl_fifo_v1_0_rfs.vhd:397]
INFO: [Synth 8-256] done synthesizing module 'srl_fifo_rbu_f__parameterized3' (50#1) [u:/Desktop/MP-2/hw/design_1/ipshared/6039/hdl/lib_srl_fifo_v1_0_rfs.vhd:697]
INFO: [Synth 8-256] done synthesizing module 'srl_fifo_f__parameterized3' (50#1) [u:/Desktop/MP-2/hw/design_1/ipshared/6039/hdl/lib_srl_fifo_v1_0_rfs.vhd:1000]
INFO: [Synth 8-256] done synthesizing module 'axi_datamover_fifo__parameterized3' (50#1) [u:/Desktop/MP-2/hw/design_1/ipshared/9afd/hdl/axi_datamover_v5_1_vh_rfs.vhd:1881]
INFO: [Synth 8-638] synthesizing module 'axi_datamover_sfifo_autord' [u:/Desktop/MP-2/hw/design_1/ipshared/9afd/hdl/axi_datamover_v5_1_vh_rfs.vhd:1294]
INFO: [Synth 8-638] synthesizing module 'sync_fifo_fg' [u:/Desktop/MP-2/hw/design_1/ipshared/c387/hdl/lib_fifo_v1_0_rfs.vhd:2097]
INFO: [Synth 8-256] done synthesizing module 'sync_fifo_fg' (74#1) [u:/Desktop/MP-2/hw/design_1/ipshared/c387/hdl/lib_fifo_v1_0_rfs.vhd:2097]
INFO: [Synth 8-256] done synthesizing module 'axi_datamover_sfifo_autord' (75#1) [u:/Desktop/MP-2/hw/design_1/ipshared/9afd/hdl/axi_datamover_v5_1_vh_rfs.vhd:1294]
INFO: [Synth 8-256] done synthesizing module 'axi_datamover_rd_sf' (76#1) [u:/Desktop/MP-2/hw/design_1/ipshared/9afd/hdl/axi_datamover_v5_1_vh_rfs.vhd:20200]
INFO: [Synth 8-256] done synthesizing module 'axi_datamover_mm2s_full_wrap' (77#1) [u:/Desktop/MP-2/hw/design_1/ipshared/9afd/hdl/axi_datamover_v5_1_vh_rfs.vhd:53548]
INFO: [Synth 8-638] synthesizing module 'axi_datamover_s2mm_full_wrap' [u:/Desktop/MP-2/hw/design_1/ipshared/9afd/hdl/axi_datamover_v5_1_vh_rfs.vhd:49982]
INFO: [Synth 8-638] synthesizing module 'axi_datamover_cmd_status__parameterized0' [u:/Desktop/MP-2/hw/design_1/ipshared/9afd/hdl/axi_datamover_v5_1_vh_rfs.vhd:2693]
INFO: [Synth 8-638] synthesizing module 'axi_datamover_fifo__parameterized4' [u:/Desktop/MP-2/hw/design_1/ipshared/9afd/hdl/axi_datamover_v5_1_vh_rfs.vhd:1881]
INFO: [Synth 8-638] synthesizing module 'srl_fifo_f__parameterized4' [u:/Desktop/MP-2/hw/design_1/ipshared/6039/hdl/lib_srl_fifo_v1_0_rfs.vhd:1000]
INFO: [Synth 8-638] synthesizing module 'srl_fifo_rbu_f__parameterized4' [u:/Desktop/MP-2/hw/design_1/ipshared/6039/hdl/lib_srl_fifo_v1_0_rfs.vhd:697]
INFO: [Synth 8-638] synthesizing module 'dynshreg_f__parameterized4' [u:/Desktop/MP-2/hw/design_1/ipshared/6039/hdl/lib_srl_fifo_v1_0_rfs.vhd:397]
INFO: [Synth 8-256] done synthesizing module 'dynshreg_f__parameterized4' (77#1) [u:/Desktop/MP-2/hw/design_1/ipshared/6039/hdl/lib_srl_fifo_v1_0_rfs.vhd:397]
INFO: [Synth 8-256] done synthesizing module 'srl_fifo_rbu_f__parameterized4' (77#1) [u:/Desktop/MP-2/hw/design_1/ipshared/6039/hdl/lib_srl_fifo_v1_0_rfs.vhd:697]
INFO: [Synth 8-256] done synthesizing module 'srl_fifo_f__parameterized4' (77#1) [u:/Desktop/MP-2/hw/design_1/ipshared/6039/hdl/lib_srl_fifo_v1_0_rfs.vhd:1000]
INFO: [Synth 8-256] done synthesizing module 'axi_datamover_fifo__parameterized4' (77#1) [u:/Desktop/MP-2/hw/design_1/ipshared/9afd/hdl/axi_datamover_v5_1_vh_rfs.vhd:1881]
INFO: [Synth 8-256] done synthesizing module 'axi_datamover_cmd_status__parameterized0' (77#1) [u:/Desktop/MP-2/hw/design_1/ipshared/9afd/hdl/axi_datamover_v5_1_vh_rfs.vhd:2693]
INFO: [Synth 8-638] synthesizing module 'axi_datamover_wr_status_cntl' [u:/Desktop/MP-2/hw/design_1/ipshared/9afd/hdl/axi_datamover_v5_1_vh_rfs.vhd:17697]
INFO: [Synth 8-638] synthesizing module 'axi_datamover_fifo__parameterized5' [u:/Desktop/MP-2/hw/design_1/ipshared/9afd/hdl/axi_datamover_v5_1_vh_rfs.vhd:1881]
INFO: [Synth 8-638] synthesizing module 'srl_fifo_f__parameterized5' [u:/Desktop/MP-2/hw/design_1/ipshared/6039/hdl/lib_srl_fifo_v1_0_rfs.vhd:1000]
INFO: [Synth 8-638] synthesizing module 'srl_fifo_rbu_f__parameterized5' [u:/Desktop/MP-2/hw/design_1/ipshared/6039/hdl/lib_srl_fifo_v1_0_rfs.vhd:697]
INFO: [Synth 8-638] synthesizing module 'cntr_incr_decr_addn_f__parameterized0' [u:/Desktop/MP-2/hw/design_1/ipshared/6039/hdl/lib_srl_fifo_v1_0_rfs.vhd:143]
INFO: [Synth 8-256] done synthesizing module 'cntr_incr_decr_addn_f__parameterized0' (77#1) [u:/Desktop/MP-2/hw/design_1/ipshared/6039/hdl/lib_srl_fifo_v1_0_rfs.vhd:143]
INFO: [Synth 8-638] synthesizing module 'dynshreg_f__parameterized5' [u:/Desktop/MP-2/hw/design_1/ipshared/6039/hdl/lib_srl_fifo_v1_0_rfs.vhd:397]
INFO: [Synth 8-256] done synthesizing module 'dynshreg_f__parameterized5' (77#1) [u:/Desktop/MP-2/hw/design_1/ipshared/6039/hdl/lib_srl_fifo_v1_0_rfs.vhd:397]
INFO: [Synth 8-256] done synthesizing module 'srl_fifo_rbu_f__parameterized5' (77#1) [u:/Desktop/MP-2/hw/design_1/ipshared/6039/hdl/lib_srl_fifo_v1_0_rfs.vhd:697]
INFO: [Synth 8-256] done synthesizing module 'srl_fifo_f__parameterized5' (77#1) [u:/Desktop/MP-2/hw/design_1/ipshared/6039/hdl/lib_srl_fifo_v1_0_rfs.vhd:1000]
INFO: [Synth 8-256] done synthesizing module 'axi_datamover_fifo__parameterized5' (77#1) [u:/Desktop/MP-2/hw/design_1/ipshared/9afd/hdl/axi_datamover_v5_1_vh_rfs.vhd:1881]
INFO: [Synth 8-638] synthesizing module 'axi_datamover_fifo__parameterized6' [u:/Desktop/MP-2/hw/design_1/ipshared/9afd/hdl/axi_datamover_v5_1_vh_rfs.vhd:1881]
INFO: [Synth 8-638] synthesizing module 'srl_fifo_f__parameterized6' [u:/Desktop/MP-2/hw/design_1/ipshared/6039/hdl/lib_srl_fifo_v1_0_rfs.vhd:1000]
INFO: [Synth 8-638] synthesizing module 'srl_fifo_rbu_f__parameterized6' [u:/Desktop/MP-2/hw/design_1/ipshared/6039/hdl/lib_srl_fifo_v1_0_rfs.vhd:697]
INFO: [Synth 8-638] synthesizing module 'dynshreg_f__parameterized6' [u:/Desktop/MP-2/hw/design_1/ipshared/6039/hdl/lib_srl_fifo_v1_0_rfs.vhd:397]
INFO: [Synth 8-256] done synthesizing module 'dynshreg_f__parameterized6' (77#1) [u:/Desktop/MP-2/hw/design_1/ipshared/6039/hdl/lib_srl_fifo_v1_0_rfs.vhd:397]
INFO: [Synth 8-256] done synthesizing module 'srl_fifo_rbu_f__parameterized6' (77#1) [u:/Desktop/MP-2/hw/design_1/ipshared/6039/hdl/lib_srl_fifo_v1_0_rfs.vhd:697]
INFO: [Synth 8-256] done synthesizing module 'srl_fifo_f__parameterized6' (77#1) [u:/Desktop/MP-2/hw/design_1/ipshared/6039/hdl/lib_srl_fifo_v1_0_rfs.vhd:1000]
INFO: [Synth 8-256] done synthesizing module 'axi_datamover_fifo__parameterized6' (77#1) [u:/Desktop/MP-2/hw/design_1/ipshared/9afd/hdl/axi_datamover_v5_1_vh_rfs.vhd:1881]
INFO: [Synth 8-256] done synthesizing module 'axi_datamover_wr_status_cntl' (78#1) [u:/Desktop/MP-2/hw/design_1/ipshared/9afd/hdl/axi_datamover_v5_1_vh_rfs.vhd:17697]
INFO: [Synth 8-638] synthesizing module 'axi_datamover_ibttcc' [u:/Desktop/MP-2/hw/design_1/ipshared/9afd/hdl/axi_datamover_v5_1_vh_rfs.vhd:25723]
INFO: [Synth 8-256] done synthesizing module 'axi_datamover_ibttcc' (79#1) [u:/Desktop/MP-2/hw/design_1/ipshared/9afd/hdl/axi_datamover_v5_1_vh_rfs.vhd:25723]
INFO: [Synth 8-638] synthesizing module 'axi_datamover_s2mm_realign' [u:/Desktop/MP-2/hw/design_1/ipshared/9afd/hdl/axi_datamover_v5_1_vh_rfs.vhd:46998]
INFO: [Synth 8-638] synthesizing module 'axi_datamover_fifo__parameterized7' [u:/Desktop/MP-2/hw/design_1/ipshared/9afd/hdl/axi_datamover_v5_1_vh_rfs.vhd:1881]
INFO: [Synth 8-638] synthesizing module 'srl_fifo_f__parameterized7' [u:/Desktop/MP-2/hw/design_1/ipshared/6039/hdl/lib_srl_fifo_v1_0_rfs.vhd:1000]
INFO: [Synth 8-638] synthesizing module 'srl_fifo_rbu_f__parameterized7' [u:/Desktop/MP-2/hw/design_1/ipshared/6039/hdl/lib_srl_fifo_v1_0_rfs.vhd:697]
INFO: [Synth 8-638] synthesizing module 'dynshreg_f__parameterized7' [u:/Desktop/MP-2/hw/design_1/ipshared/6039/hdl/lib_srl_fifo_v1_0_rfs.vhd:397]
INFO: [Synth 8-256] done synthesizing module 'dynshreg_f__parameterized7' (79#1) [u:/Desktop/MP-2/hw/design_1/ipshared/6039/hdl/lib_srl_fifo_v1_0_rfs.vhd:397]
INFO: [Synth 8-256] done synthesizing module 'srl_fifo_rbu_f__parameterized7' (79#1) [u:/Desktop/MP-2/hw/design_1/ipshared/6039/hdl/lib_srl_fifo_v1_0_rfs.vhd:697]
INFO: [Synth 8-256] done synthesizing module 'srl_fifo_f__parameterized7' (79#1) [u:/Desktop/MP-2/hw/design_1/ipshared/6039/hdl/lib_srl_fifo_v1_0_rfs.vhd:1000]
INFO: [Synth 8-256] done synthesizing module 'axi_datamover_fifo__parameterized7' (79#1) [u:/Desktop/MP-2/hw/design_1/ipshared/9afd/hdl/axi_datamover_v5_1_vh_rfs.vhd:1881]
INFO: [Synth 8-638] synthesizing module 'axi_datamover_s2mm_scatter' [u:/Desktop/MP-2/hw/design_1/ipshared/9afd/hdl/axi_datamover_v5_1_vh_rfs.vhd:45105]
INFO: [Synth 8-638] synthesizing module 'axi_datamover_mssai_skid_buf' [u:/Desktop/MP-2/hw/design_1/ipshared/9afd/hdl/axi_datamover_v5_1_vh_rfs.vhd:44155]
INFO: [Synth 8-638] synthesizing module 'axi_datamover_ms_strb_set' [u:/Desktop/MP-2/hw/design_1/ipshared/9afd/hdl/axi_datamover_v5_1_vh_rfs.vhd:42595]
INFO: [Synth 8-256] done synthesizing module 'axi_datamover_ms_strb_set' (80#1) [u:/Desktop/MP-2/hw/design_1/ipshared/9afd/hdl/axi_datamover_v5_1_vh_rfs.vhd:42595]
INFO: [Synth 8-256] done synthesizing module 'axi_datamover_mssai_skid_buf' (81#1) [u:/Desktop/MP-2/hw/design_1/ipshared/9afd/hdl/axi_datamover_v5_1_vh_rfs.vhd:44155]
INFO: [Synth 8-638] synthesizing module 'axi_datamover_strb_gen2__parameterized1' [u:/Desktop/MP-2/hw/design_1/ipshared/9afd/hdl/axi_datamover_v5_1_vh_rfs.vhd:4337]
INFO: [Synth 8-256] done synthesizing module 'axi_datamover_strb_gen2__parameterized1' (81#1) [u:/Desktop/MP-2/hw/design_1/ipshared/9afd/hdl/axi_datamover_v5_1_vh_rfs.vhd:4337]
INFO: [Synth 8-638] synthesizing module 'axi_datamover_slice' [u:/Desktop/MP-2/hw/design_1/ipshared/9afd/hdl/axi_datamover_v5_1_vh_rfs.vhd:44844]
INFO: [Synth 8-256] done synthesizing module 'axi_datamover_slice' (82#1) [u:/Desktop/MP-2/hw/design_1/ipshared/9afd/hdl/axi_datamover_v5_1_vh_rfs.vhd:44844]
INFO: [Synth 8-638] synthesizing module 'axi_datamover_fifo__parameterized8' [u:/Desktop/MP-2/hw/design_1/ipshared/9afd/hdl/axi_datamover_v5_1_vh_rfs.vhd:1881]
INFO: [Synth 8-638] synthesizing module 'srl_fifo_f__parameterized8' [u:/Desktop/MP-2/hw/design_1/ipshared/6039/hdl/lib_srl_fifo_v1_0_rfs.vhd:1000]
INFO: [Synth 8-638] synthesizing module 'srl_fifo_rbu_f__parameterized8' [u:/Desktop/MP-2/hw/design_1/ipshared/6039/hdl/lib_srl_fifo_v1_0_rfs.vhd:697]
INFO: [Synth 8-638] synthesizing module 'cntr_incr_decr_addn_f__parameterized1' [u:/Desktop/MP-2/hw/design_1/ipshared/6039/hdl/lib_srl_fifo_v1_0_rfs.vhd:143]
INFO: [Synth 8-256] done synthesizing module 'cntr_incr_decr_addn_f__parameterized1' (82#1) [u:/Desktop/MP-2/hw/design_1/ipshared/6039/hdl/lib_srl_fifo_v1_0_rfs.vhd:143]
INFO: [Synth 8-638] synthesizing module 'dynshreg_f__parameterized8' [u:/Desktop/MP-2/hw/design_1/ipshared/6039/hdl/lib_srl_fifo_v1_0_rfs.vhd:397]
INFO: [Synth 8-256] done synthesizing module 'dynshreg_f__parameterized8' (82#1) [u:/Desktop/MP-2/hw/design_1/ipshared/6039/hdl/lib_srl_fifo_v1_0_rfs.vhd:397]
INFO: [Synth 8-256] done synthesizing module 'srl_fifo_rbu_f__parameterized8' (82#1) [u:/Desktop/MP-2/hw/design_1/ipshared/6039/hdl/lib_srl_fifo_v1_0_rfs.vhd:697]
INFO: [Synth 8-256] done synthesizing module 'srl_fifo_f__parameterized8' (82#1) [u:/Desktop/MP-2/hw/design_1/ipshared/6039/hdl/lib_srl_fifo_v1_0_rfs.vhd:1000]
INFO: [Synth 8-256] done synthesizing module 'axi_datamover_fifo__parameterized8' (82#1) [u:/Desktop/MP-2/hw/design_1/ipshared/9afd/hdl/axi_datamover_v5_1_vh_rfs.vhd:1881]
INFO: [Synth 8-256] done synthesizing module 'axi_datamover_s2mm_scatter' (83#1) [u:/Desktop/MP-2/hw/design_1/ipshared/9afd/hdl/axi_datamover_v5_1_vh_rfs.vhd:45105]
INFO: [Synth 8-256] done synthesizing module 'axi_datamover_s2mm_realign' (84#1) [u:/Desktop/MP-2/hw/design_1/ipshared/9afd/hdl/axi_datamover_v5_1_vh_rfs.vhd:46998]
INFO: [Synth 8-638] synthesizing module 'axi_datamover_indet_btt' [u:/Desktop/MP-2/hw/design_1/ipshared/9afd/hdl/axi_datamover_v5_1_vh_rfs.vhd:28422]
INFO: [Synth 8-638] synthesizing module 'axi_datamover_stbs_set' [u:/Desktop/MP-2/hw/design_1/ipshared/9afd/hdl/axi_datamover_v5_1_vh_rfs.vhd:23402]
INFO: [Synth 8-256] done synthesizing module 'axi_datamover_stbs_set' (85#1) [u:/Desktop/MP-2/hw/design_1/ipshared/9afd/hdl/axi_datamover_v5_1_vh_rfs.vhd:23402]
INFO: [Synth 8-638] synthesizing module 'axi_datamover_sfifo_autord__parameterized0' [u:/Desktop/MP-2/hw/design_1/ipshared/9afd/hdl/axi_datamover_v5_1_vh_rfs.vhd:1294]
INFO: [Synth 8-638] synthesizing module 'sync_fifo_fg__parameterized0' [u:/Desktop/MP-2/hw/design_1/ipshared/c387/hdl/lib_fifo_v1_0_rfs.vhd:2097]
INFO: [Synth 8-256] done synthesizing module 'sync_fifo_fg__parameterized0' (86#1) [u:/Desktop/MP-2/hw/design_1/ipshared/c387/hdl/lib_fifo_v1_0_rfs.vhd:2097]
INFO: [Synth 8-256] done synthesizing module 'axi_datamover_sfifo_autord__parameterized0' (86#1) [u:/Desktop/MP-2/hw/design_1/ipshared/9afd/hdl/axi_datamover_v5_1_vh_rfs.vhd:1294]
INFO: [Synth 8-638] synthesizing module 'axi_datamover_sfifo_autord__parameterized1' [u:/Desktop/MP-2/hw/design_1/ipshared/9afd/hdl/axi_datamover_v5_1_vh_rfs.vhd:1294]
INFO: [Synth 8-638] synthesizing module 'sync_fifo_fg__parameterized1' [u:/Desktop/MP-2/hw/design_1/ipshared/c387/hdl/lib_fifo_v1_0_rfs.vhd:2097]
INFO: [Synth 8-256] done synthesizing module 'sync_fifo_fg__parameterized1' (86#1) [u:/Desktop/MP-2/hw/design_1/ipshared/c387/hdl/lib_fifo_v1_0_rfs.vhd:2097]
INFO: [Synth 8-256] done synthesizing module 'axi_datamover_sfifo_autord__parameterized1' (86#1) [u:/Desktop/MP-2/hw/design_1/ipshared/9afd/hdl/axi_datamover_v5_1_vh_rfs.vhd:1294]
INFO: [Synth 8-638] synthesizing module 'axi_datamover_stbs_set__parameterized0' [u:/Desktop/MP-2/hw/design_1/ipshared/9afd/hdl/axi_datamover_v5_1_vh_rfs.vhd:23402]
INFO: [Synth 8-256] done synthesizing module 'axi_datamover_stbs_set__parameterized0' (86#1) [u:/Desktop/MP-2/hw/design_1/ipshared/9afd/hdl/axi_datamover_v5_1_vh_rfs.vhd:23402]
INFO: [Synth 8-638] synthesizing module 'axi_datamover_skid_buf' [u:/Desktop/MP-2/hw/design_1/ipshared/9afd/hdl/axi_datamover_v5_1_vh_rfs.vhd:19492]
INFO: [Synth 8-256] done synthesizing module 'axi_datamover_skid_buf' (87#1) [u:/Desktop/MP-2/hw/design_1/ipshared/9afd/hdl/axi_datamover_v5_1_vh_rfs.vhd:19492]
INFO: [Synth 8-256] done synthesizing module 'axi_datamover_indet_btt' (88#1) [u:/Desktop/MP-2/hw/design_1/ipshared/9afd/hdl/axi_datamover_v5_1_vh_rfs.vhd:28422]
INFO: [Synth 8-638] synthesizing module 'axi_datamover_addr_cntl__parameterized0' [u:/Desktop/MP-2/hw/design_1/ipshared/9afd/hdl/axi_datamover_v5_1_vh_rfs.vhd:9995]
INFO: [Synth 8-256] done synthesizing module 'axi_datamover_addr_cntl__parameterized0' (88#1) [u:/Desktop/MP-2/hw/design_1/ipshared/9afd/hdl/axi_datamover_v5_1_vh_rfs.vhd:9995]
INFO: [Synth 8-638] synthesizing module 'axi_datamover_wrdata_cntl' [u:/Desktop/MP-2/hw/design_1/ipshared/9afd/hdl/axi_datamover_v5_1_vh_rfs.vhd:15669]
INFO: [Synth 8-638] synthesizing module 'axi_datamover_fifo__parameterized9' [u:/Desktop/MP-2/hw/design_1/ipshared/9afd/hdl/axi_datamover_v5_1_vh_rfs.vhd:1881]
INFO: [Synth 8-638] synthesizing module 'srl_fifo_f__parameterized9' [u:/Desktop/MP-2/hw/design_1/ipshared/6039/hdl/lib_srl_fifo_v1_0_rfs.vhd:1000]
INFO: [Synth 8-638] synthesizing module 'srl_fifo_rbu_f__parameterized9' [u:/Desktop/MP-2/hw/design_1/ipshared/6039/hdl/lib_srl_fifo_v1_0_rfs.vhd:697]
INFO: [Synth 8-638] synthesizing module 'dynshreg_f__parameterized9' [u:/Desktop/MP-2/hw/design_1/ipshared/6039/hdl/lib_srl_fifo_v1_0_rfs.vhd:397]
INFO: [Synth 8-256] done synthesizing module 'dynshreg_f__parameterized9' (88#1) [u:/Desktop/MP-2/hw/design_1/ipshared/6039/hdl/lib_srl_fifo_v1_0_rfs.vhd:397]
INFO: [Synth 8-256] done synthesizing module 'srl_fifo_rbu_f__parameterized9' (88#1) [u:/Desktop/MP-2/hw/design_1/ipshared/6039/hdl/lib_srl_fifo_v1_0_rfs.vhd:697]
INFO: [Synth 8-256] done synthesizing module 'srl_fifo_f__parameterized9' (88#1) [u:/Desktop/MP-2/hw/design_1/ipshared/6039/hdl/lib_srl_fifo_v1_0_rfs.vhd:1000]
INFO: [Synth 8-256] done synthesizing module 'axi_datamover_fifo__parameterized9' (88#1) [u:/Desktop/MP-2/hw/design_1/ipshared/9afd/hdl/axi_datamover_v5_1_vh_rfs.vhd:1881]
INFO: [Synth 8-256] done synthesizing module 'axi_datamover_wrdata_cntl' (89#1) [u:/Desktop/MP-2/hw/design_1/ipshared/9afd/hdl/axi_datamover_v5_1_vh_rfs.vhd:15669]
INFO: [Synth 8-638] synthesizing module 'axi_datamover_skid2mm_buf' [u:/Desktop/MP-2/hw/design_1/ipshared/9afd/hdl/axi_datamover_v5_1_vh_rfs.vhd:18990]
INFO: [Synth 8-638] synthesizing module 'axi_datamover_wr_demux' [u:/Desktop/MP-2/hw/design_1/ipshared/9afd/hdl/axi_datamover_v5_1_vh_rfs.vhd:14112]
INFO: [Synth 8-256] done synthesizing module 'axi_datamover_wr_demux' (90#1) [u:/Desktop/MP-2/hw/design_1/ipshared/9afd/hdl/axi_datamover_v5_1_vh_rfs.vhd:14112]
INFO: [Synth 8-256] done synthesizing module 'axi_datamover_skid2mm_buf' (91#1) [u:/Desktop/MP-2/hw/design_1/ipshared/9afd/hdl/axi_datamover_v5_1_vh_rfs.vhd:18990]
INFO: [Synth 8-256] done synthesizing module 'axi_datamover_s2mm_full_wrap' (92#1) [u:/Desktop/MP-2/hw/design_1/ipshared/9afd/hdl/axi_datamover_v5_1_vh_rfs.vhd:49982]
INFO: [Synth 8-256] done synthesizing module 'axi_datamover' (93#1) [u:/Desktop/MP-2/hw/design_1/ipshared/9afd/hdl/axi_datamover_v5_1_vh_rfs.vhd:55410]
INFO: [Synth 8-256] done synthesizing module 'axi_vdma' (94#1) [u:/Desktop/MP-2/hw/design_1/ipshared/47ae/hdl/axi_vdma_v6_3_rfs.vhd:69480]
INFO: [Synth 8-256] done synthesizing module 'design_1_axi_vdma_0_0' (95#1) [u:/Desktop/MP-2/hw/design_1/ip/design_1_axi_vdma_0_0/synth/design_1_axi_vdma_0_0.vhd:131]
Finished RTL Elaboration : Time (s): cpu = 00:05:13 ; elapsed = 00:05:36 . Memory (MB): peak = 709.828 ; gain = 401.453
Finished RTL Optimization Phase 1 : Time (s): cpu = 00:05:14 ; elapsed = 00:05:42 . Memory (MB): peak = 709.828 ; gain = 401.453
INFO: [Device 21-403] Loading part xc7z020clg484-1
Constraint Validation Runtime : Time (s): cpu = 00:00:00 ; elapsed = 00:00:00.156 . Memory (MB): peak = 854.047 ; gain = 0.000
Finished Constraint Validation : Time (s): cpu = 00:05:28 ; elapsed = 00:06:02 . Memory (MB): peak = 854.047 ; gain = 545.672
Finished Loading Part and Timing Information : Time (s): cpu = 00:05:28 ; elapsed = 00:06:02 . Memory (MB): peak = 854.047 ; gain = 545.672
Finished applying 'set_property' XDC Constraints : Time (s): cpu = 00:05:28 ; elapsed = 00:06:03 . Memory (MB): peak = 854.047 ; gain = 545.672
Finished RTL Optimization Phase 2 : Time (s): cpu = 00:05:35 ; elapsed = 00:06:09 . Memory (MB): peak = 854.047 ; gain = 545.672
Finished Cross Boundary and Area Optimization : Time (s): cpu = 00:05:47 ; elapsed = 00:06:23 . Memory (MB): peak = 854.047 ; gain = 545.672
---------------------------------------------------------------------------------
Start ROM, RAM, DSP and Shift Register Reporting
---------------------------------------------------------------------------------

Distributed RAM: Preliminary Mapping  Report (see note below)
+---------------------+---------------------------------------------------------------------------------------------------------------------------------------------------------------------------------------------------------------------------------+----------------+----------------------+--------------+
|Module Name          | RTL Object                                                                                                                                                                                                                      | Inference      | Size (Depth x Width) | Primitives   | 
+---------------------+---------------------------------------------------------------------------------------------------------------------------------------------------------------------------------------------------------------------------------+----------------+----------------------+--------------+
|U0/I_PRMRY_DATAMOVER | GEN_S2MM_FULL.I_S2MM_FULL_WRAPPER/GEN_ENABLE_INDET_BTT_SF.I_INDET_BTT/I_XD_FIFO/NON_BLK_MEM.I_SYNC_FIFOGEN_FIFO/FAMILY_SUPPORTED.I_SYNC_FIFO_BRAM/inst_fifo_gen/gconvfifo.rf/grf.rf/gntv_or_sync_fifo.mem/gdm.dm_gen.dm/RAM_reg | User Attribute | 16 x 9               | RAM32M x 2   | 
+---------------------+---------------------------------------------------------------------------------------------------------------------------------------------------------------------------------------------------------------------------------+----------------+----------------------+--------------+

Note: The table above is a preliminary report that shows the Distributed RAMs at the current stage of the synthesis flow. Some Distributed RAMs may be reimplemented as non Distributed RAM primitives later in the synthesis flow. Multiple instantiated RAMs are reported only once.
---------------------------------------------------------------------------------
Finished ROM, RAM, DSP and Shift Register Reporting
---------------------------------------------------------------------------------
Finished Applying XDC Timing Constraints : Time (s): cpu = 00:05:57 ; elapsed = 00:06:33 . Memory (MB): peak = 854.047 ; gain = 545.672
Finished Timing Optimization : Time (s): cpu = 00:06:01 ; elapsed = 00:06:36 . Memory (MB): peak = 875.453 ; gain = 567.078
Finished Technology Mapping : Time (s): cpu = 00:06:04 ; elapsed = 00:06:39 . Memory (MB): peak = 875.453 ; gain = 567.078
Finished IO Insertion : Time (s): cpu = 00:06:04 ; elapsed = 00:06:40 . Memory (MB): peak = 875.453 ; gain = 567.078
Finished Renaming Generated Instances : Time (s): cpu = 00:06:04 ; elapsed = 00:06:40 . Memory (MB): peak = 875.453 ; gain = 567.078
Finished Rebuilding User Hierarchy : Time (s): cpu = 00:06:05 ; elapsed = 00:06:41 . Memory (MB): peak = 875.453 ; gain = 567.078
Finished Renaming Generated Ports : Time (s): cpu = 00:06:05 ; elapsed = 00:06:41 . Memory (MB): peak = 875.453 ; gain = 567.078
Finished Handling Custom Attributes : Time (s): cpu = 00:06:05 ; elapsed = 00:06:41 . Memory (MB): peak = 875.453 ; gain = 567.078
Finished Renaming Generated Nets : Time (s): cpu = 00:06:05 ; elapsed = 00:06:41 . Memory (MB): peak = 875.453 ; gain = 567.078

Report Cell Usage: 
+------+---------+------+
|      |Cell     |Count |
+------+---------+------+
|1     |CARRY4   |    84|
|2     |FIFO36E1 |     4|
|3     |LUT1     |   186|
|4     |LUT2     |   427|
|5     |LUT3     |   482|
|6     |LUT4     |   395|
|7     |LUT5     |   361|
|8     |LUT6     |   569|
|9     |MUXF7    |     1|
|10    |RAM32M   |     2|
|11    |RAMB36E1 |     2|
|12    |SRL16E   |   263|
|13    |FDPE     |    10|
|14    |FDR      |   324|
|15    |FDRE     |  3164|
|16    |FDSE     |   107|
+------+---------+------+
Finished Writing Synthesis Report : Time (s): cpu = 00:06:05 ; elapsed = 00:06:41 . Memory (MB): peak = 875.453 ; gain = 567.078
synth_design: Time (s): cpu = 00:06:10 ; elapsed = 00:06:46 . Memory (MB): peak = 875.453 ; gain = 572.777
