09:10:47 INFO  : Registering command handlers for SDK TCF services
09:10:47 INFO  : Launching XSCT server: xsct.bat -interactive U:\Desktop\MP-4\Cpre488\Final Project\Xilinx\premade_sha256.sdk\temp_xsdb_launch_script.tcl
09:10:49 ERROR : (XSDB Server)invalid command name "%"
    while executing
"% Total    % Received % Xferd  Average Speed   Time    Time     Time  Current"
    (file "U:\Desktop\MP-4\Cpre488\Final" line 1)

09:13:48 ERROR : Timed out. 180 seconds have elapsed while waiting for XSCT server to launch.
09:13:48 INFO  : Launching XSCT server: xsct.bat -interactive U:\Desktop\MP-4\Cpre488\Final Project\Xilinx\premade_sha256.sdk\temp_xsdb_launch_script.tcl
09:13:48 ERROR : (XSDB Server)invalid command name "%"
    while executing
"% Total    % Received % Xferd  Average Speed   Time    Time     Time  Current"
    (file "U:\Desktop\MP-4\Cpre488\Final" line 1)

09:14:28 INFO  : Registering command handlers for SDK TCF services
09:14:28 INFO  : Launching XSCT server: xsct.bat -interactive U:\Desktop\MP-4\Cpre488\Final Project\Xilinx\premade_sha256.sdk\temp_xsdb_launch_script.tcl
09:14:29 ERROR : (XSDB Server)invalid command name "%"
    while executing
"% Total    % Received % Xferd  Average Speed   Time    Time     Time  Current"
    (file "U:\Desktop\MP-4\Cpre488\Final" line 1)

09:17:28 ERROR : Timed out. 180 seconds have elapsed while waiting for XSCT server to launch.
09:17:28 INFO  : Launching XSCT server: xsct.bat -interactive U:\Desktop\MP-4\Cpre488\Final Project\Xilinx\premade_sha256.sdk\temp_xsdb_launch_script.tcl
09:17:29 ERROR : (XSDB Server)invalid command name "%"
    while executing
"% Total    % Received % Xferd  Average Speed   Time    Time     Time  Current"
    (file "U:\Desktop\MP-4\Cpre488\Final" line 1)

09:21:34 INFO  : Registering command handlers for SDK TCF services
09:21:34 INFO  : Launching XSCT server: xsct.bat -interactive U:\Desktop\MP-4\Cpre488\Final_Project\Xilinx\premade_sha256.sdk\temp_xsdb_launch_script.tcl
09:21:35 INFO  : XSCT server has started successfully.
09:21:37 INFO  : Successfully done setting XSCT server connection channel  
09:21:37 INFO  : Successfully done setting SDK workspace  
09:26:02 INFO  : Registering command handlers for SDK TCF services
09:26:02 INFO  : Launching XSCT server: xsct.bat -interactive U:\Desktop\MP-4\Cpre488\Final_Project\Xilinx\premade_sha256.sdk\temp_xsdb_launch_script.tcl
09:26:03 INFO  : XSCT server has started successfully.
09:26:03 INFO  : Successfully done setting XSCT server connection channel  
09:26:04 INFO  : Successfully done setting SDK workspace  
09:28:24 INFO  : Registering command handlers for SDK TCF services
09:28:24 INFO  : Launching XSCT server: xsct.bat -interactive U:\Desktop\MP-4\Cpre488\Final_Project\Xilinx\premade_sha256.sdk\temp_xsdb_launch_script.tcl
09:28:25 INFO  : XSCT server has started successfully.
09:28:25 INFO  : Successfully done setting XSCT server connection channel  
09:28:25 INFO  : Successfully done setting SDK workspace  
09:29:26 INFO  : Registering command handlers for SDK TCF services
09:29:26 INFO  : Launching XSCT server: xsct.bat -interactive U:\Desktop\MP-4\Cpre488\Final_Project\Xilinx\premade_sha256.sdk\temp_xsdb_launch_script.tcl
09:29:26 ERROR : Can not find SDx install location: 
09:29:26 INFO  : Validating SDSoC License...
09:29:26 INFO  : License for SDSoC is unavailable
09:29:26 INFO  : Validating SDAccel License...
09:29:26 INFO  : License for SDAccel is unavailable
09:29:27 INFO  : XSCT server has started successfully.
09:29:27 INFO  : Successfully done setting XSCT server connection channel  
09:29:27 INFO  : Processing command line option -hwspec U:/Desktop/MP-4/Cpre488/Final_Project/Xilinx/premade_sha256.sdk/design_1_wrapper.hdf.
09:29:27 INFO  : Successfully done setting SDK workspace  
10:32:18 INFO  : Connected to target on host '127.0.0.1' and port '3121'.
10:32:18 INFO  : 'targets -set -filter {jtag_cable_name =~ "Platform Cable USB 00000000000000" && level==0} -index 1' command is executed.
10:32:27 INFO  : FPGA configured successfully with bitstream "U:/Desktop/MP-4/Cpre488/Final_Project/Xilinx/premade_sha256.sdk/design_1_wrapper_hw_platform_0/design_1_wrapper.bit"
10:33:24 INFO  : 'targets -set -filter {jtag_cable_name =~ "Platform Cable USB 00000000000000" && level==0} -index 1' command is executed.
10:33:24 INFO  : 'fpga -state' command is executed.
10:33:24 INFO  : Connected to target on host '127.0.0.1' and port '3121'.
10:33:25 INFO  : Jtag cable 'Platform Cable USB 00000000000000' is selected.
10:33:25 INFO  : 'jtag frequency' command is executed.
10:33:25 INFO  : Sourcing of 'U:/Desktop/MP-4/Cpre488/Final_Project/Xilinx/premade_sha256.sdk/design_1_wrapper_hw_platform_0/ps7_init.tcl' is done.
10:33:25 INFO  : Context for 'APU' is selected.
10:33:25 INFO  : 'stop' command is executed.
10:33:26 INFO  : 'ps7_init' command is executed.
10:33:26 INFO  : 'ps7_post_config' command is executed.
10:33:26 INFO  : Context for processor 'ps7_cortexa9_0' is selected.
10:33:26 INFO  : Processor reset is completed for 'ps7_cortexa9_0'.
10:33:26 INFO  : Context for processor 'ps7_cortexa9_0' is selected.
10:33:26 INFO  : The application 'U:/Desktop/MP-4/Cpre488/Final_Project/Xilinx/premade_sha256.sdk/sha_test/Debug/sha_test.elf' is downloaded to processor 'ps7_cortexa9_0'.
10:33:26 INFO  : ----------------XSDB Script----------------
connect -url tcp:127.0.0.1:3121
source U:/Desktop/MP-4/Cpre488/Final_Project/Xilinx/premade_sha256.sdk/design_1_wrapper_hw_platform_0/ps7_init.tcl
targets -set -nocase -filter {name =~"APU*" && jtag_cable_name =~ "Platform Cable USB 00000000000000"} -index 0
stop
ps7_init
ps7_post_config
targets -set -nocase -filter {name =~ "ARM*#0" && jtag_cable_name =~ "Platform Cable USB 00000000000000"} -index 0
rst -processor
targets -set -nocase -filter {name =~ "ARM*#0" && jtag_cable_name =~ "Platform Cable USB 00000000000000"} -index 0
dow U:/Desktop/MP-4/Cpre488/Final_Project/Xilinx/premade_sha256.sdk/sha_test/Debug/sha_test.elf
----------------End of Script----------------

10:33:26 INFO  : Memory regions updated for context APU
10:33:26 INFO  : Context for processor 'ps7_cortexa9_0' is selected.
10:33:27 INFO  : 'con' command is executed.
10:33:27 INFO  : ----------------XSDB Script (After Launch)----------------
targets -set -nocase -filter {name =~ "ARM*#0" && jtag_cable_name =~ "Platform Cable USB 00000000000000"} -index 0
con
----------------End of Script----------------

10:33:27 INFO  : Launch script is exported to file 'U:\Desktop\MP-4\Cpre488\Final_Project\Xilinx\premade_sha256.sdk\.sdk\launch_scripts\xilinx_c-c++_application_(system_debugger)\system_debugger_using_debug_sha_test.elf_on_local.tcl'
10:40:20 INFO  : Disconnected from the channel tcfchan#1.
10:40:22 INFO  : 'targets -set -filter {jtag_cable_name =~ "Platform Cable USB 00000000000000" && level==0} -index 1' command is executed.
10:40:22 INFO  : 'fpga -state' command is executed.
10:40:22 INFO  : Connected to target on host '127.0.0.1' and port '3121'.
10:40:22 INFO  : Jtag cable 'Platform Cable USB 00000000000000' is selected.
10:40:22 INFO  : 'jtag frequency' command is executed.
10:40:22 INFO  : Sourcing of 'U:/Desktop/MP-4/Cpre488/Final_Project/Xilinx/premade_sha256.sdk/design_1_wrapper_hw_platform_0/ps7_init.tcl' is done.
10:40:22 INFO  : Context for 'APU' is selected.
10:40:22 INFO  : 'stop' command is executed.
10:40:23 INFO  : 'ps7_init' command is executed.
10:40:23 INFO  : 'ps7_post_config' command is executed.
10:40:23 INFO  : Context for processor 'ps7_cortexa9_0' is selected.
10:40:23 INFO  : Processor reset is completed for 'ps7_cortexa9_0'.
10:40:23 INFO  : Context for processor 'ps7_cortexa9_0' is selected.
10:40:24 INFO  : The application 'U:/Desktop/MP-4/Cpre488/Final_Project/Xilinx/premade_sha256.sdk/sha_test/Debug/sha_test.elf' is downloaded to processor 'ps7_cortexa9_0'.
10:40:24 INFO  : ----------------XSDB Script----------------
connect -url tcp:127.0.0.1:3121
source U:/Desktop/MP-4/Cpre488/Final_Project/Xilinx/premade_sha256.sdk/design_1_wrapper_hw_platform_0/ps7_init.tcl
targets -set -nocase -filter {name =~"APU*" && jtag_cable_name =~ "Platform Cable USB 00000000000000"} -index 0
stop
ps7_init
ps7_post_config
targets -set -nocase -filter {name =~ "ARM*#0" && jtag_cable_name =~ "Platform Cable USB 00000000000000"} -index 0
rst -processor
targets -set -nocase -filter {name =~ "ARM*#0" && jtag_cable_name =~ "Platform Cable USB 00000000000000"} -index 0
dow U:/Desktop/MP-4/Cpre488/Final_Project/Xilinx/premade_sha256.sdk/sha_test/Debug/sha_test.elf
----------------End of Script----------------

10:40:24 INFO  : Memory regions updated for context APU
10:40:24 INFO  : Context for processor 'ps7_cortexa9_0' is selected.
10:40:24 INFO  : 'con' command is executed.
10:40:24 INFO  : ----------------XSDB Script (After Launch)----------------
targets -set -nocase -filter {name =~ "ARM*#0" && jtag_cable_name =~ "Platform Cable USB 00000000000000"} -index 0
con
----------------End of Script----------------

10:40:24 INFO  : Launch script is exported to file 'U:\Desktop\MP-4\Cpre488\Final_Project\Xilinx\premade_sha256.sdk\.sdk\launch_scripts\xilinx_c-c++_application_(system_debugger)\system_debugger_using_debug_sha_test.elf_on_local.tcl'
10:42:22 INFO  : Disconnected from the channel tcfchan#2.
10:42:25 INFO  : 'targets -set -filter {jtag_cable_name =~ "Platform Cable USB 00000000000000" && level==0} -index 1' command is executed.
10:42:25 INFO  : 'fpga -state' command is executed.
10:42:25 INFO  : Connected to target on host '127.0.0.1' and port '3121'.
10:42:25 INFO  : Jtag cable 'Platform Cable USB 00000000000000' is selected.
10:42:25 INFO  : 'jtag frequency' command is executed.
10:42:25 INFO  : Sourcing of 'U:/Desktop/MP-4/Cpre488/Final_Project/Xilinx/premade_sha256.sdk/design_1_wrapper_hw_platform_0/ps7_init.tcl' is done.
10:42:25 INFO  : Context for 'APU' is selected.
10:42:26 INFO  : 'stop' command is executed.
10:42:26 INFO  : 'ps7_init' command is executed.
10:42:26 INFO  : 'ps7_post_config' command is executed.
10:42:27 INFO  : Context for processor 'ps7_cortexa9_0' is selected.
10:42:27 INFO  : Processor reset is completed for 'ps7_cortexa9_0'.
10:42:27 INFO  : Context for processor 'ps7_cortexa9_0' is selected.
10:42:27 INFO  : The application 'U:/Desktop/MP-4/Cpre488/Final_Project/Xilinx/premade_sha256.sdk/sha_test/Debug/sha_test.elf' is downloaded to processor 'ps7_cortexa9_0'.
10:42:27 INFO  : ----------------XSDB Script----------------
connect -url tcp:127.0.0.1:3121
source U:/Desktop/MP-4/Cpre488/Final_Project/Xilinx/premade_sha256.sdk/design_1_wrapper_hw_platform_0/ps7_init.tcl
targets -set -nocase -filter {name =~"APU*" && jtag_cable_name =~ "Platform Cable USB 00000000000000"} -index 0
stop
ps7_init
ps7_post_config
targets -set -nocase -filter {name =~ "ARM*#0" && jtag_cable_name =~ "Platform Cable USB 00000000000000"} -index 0
rst -processor
targets -set -nocase -filter {name =~ "ARM*#0" && jtag_cable_name =~ "Platform Cable USB 00000000000000"} -index 0
dow U:/Desktop/MP-4/Cpre488/Final_Project/Xilinx/premade_sha256.sdk/sha_test/Debug/sha_test.elf
----------------End of Script----------------

10:42:27 INFO  : Memory regions updated for context APU
10:42:27 INFO  : Context for processor 'ps7_cortexa9_0' is selected.
10:42:27 INFO  : 'con' command is executed.
10:42:27 INFO  : ----------------XSDB Script (After Launch)----------------
targets -set -nocase -filter {name =~ "ARM*#0" && jtag_cable_name =~ "Platform Cable USB 00000000000000"} -index 0
con
----------------End of Script----------------

10:42:27 INFO  : Launch script is exported to file 'U:\Desktop\MP-4\Cpre488\Final_Project\Xilinx\premade_sha256.sdk\.sdk\launch_scripts\xilinx_c-c++_application_(system_debugger)\system_debugger_using_debug_sha_test.elf_on_local.tcl'
10:42:33 INFO  : Disconnected from the channel tcfchan#3.
10:42:36 INFO  : 'targets -set -filter {jtag_cable_name =~ "Platform Cable USB 00000000000000" && level==0} -index 1' command is executed.
10:42:36 INFO  : 'fpga -state' command is executed.
10:42:36 INFO  : Connected to target on host '127.0.0.1' and port '3121'.
10:42:36 INFO  : Jtag cable 'Platform Cable USB 00000000000000' is selected.
10:42:36 INFO  : 'jtag frequency' command is executed.
10:42:36 INFO  : Sourcing of 'U:/Desktop/MP-4/Cpre488/Final_Project/Xilinx/premade_sha256.sdk/design_1_wrapper_hw_platform_0/ps7_init.tcl' is done.
10:42:36 INFO  : Context for 'APU' is selected.
10:42:36 INFO  : 'stop' command is executed.
10:42:37 INFO  : 'ps7_init' command is executed.
10:42:37 INFO  : 'ps7_post_config' command is executed.
10:42:37 INFO  : Context for processor 'ps7_cortexa9_0' is selected.
10:42:37 INFO  : Processor reset is completed for 'ps7_cortexa9_0'.
10:42:37 INFO  : Context for processor 'ps7_cortexa9_0' is selected.
10:42:38 INFO  : The application 'U:/Desktop/MP-4/Cpre488/Final_Project/Xilinx/premade_sha256.sdk/sha_test/Debug/sha_test.elf' is downloaded to processor 'ps7_cortexa9_0'.
10:42:38 INFO  : ----------------XSDB Script----------------
connect -url tcp:127.0.0.1:3121
source U:/Desktop/MP-4/Cpre488/Final_Project/Xilinx/premade_sha256.sdk/design_1_wrapper_hw_platform_0/ps7_init.tcl
targets -set -nocase -filter {name =~"APU*" && jtag_cable_name =~ "Platform Cable USB 00000000000000"} -index 0
stop
ps7_init
ps7_post_config
targets -set -nocase -filter {name =~ "ARM*#0" && jtag_cable_name =~ "Platform Cable USB 00000000000000"} -index 0
rst -processor
targets -set -nocase -filter {name =~ "ARM*#0" && jtag_cable_name =~ "Platform Cable USB 00000000000000"} -index 0
dow U:/Desktop/MP-4/Cpre488/Final_Project/Xilinx/premade_sha256.sdk/sha_test/Debug/sha_test.elf
----------------End of Script----------------

10:42:38 INFO  : Memory regions updated for context APU
10:42:38 INFO  : Context for processor 'ps7_cortexa9_0' is selected.
10:42:38 INFO  : 'con' command is executed.
10:42:38 INFO  : ----------------XSDB Script (After Launch)----------------
targets -set -nocase -filter {name =~ "ARM*#0" && jtag_cable_name =~ "Platform Cable USB 00000000000000"} -index 0
con
----------------End of Script----------------

10:42:38 INFO  : Launch script is exported to file 'U:\Desktop\MP-4\Cpre488\Final_Project\Xilinx\premade_sha256.sdk\.sdk\launch_scripts\xilinx_c-c++_application_(system_debugger)\system_debugger_using_debug_sha_test.elf_on_local.tcl'
11:14:43 INFO  : SDK has detected change in the last modified timestamps for source hardware specification file Source:1524845649097,  Project:1524838070770
11:14:43 INFO  : Project design_1_wrapper_hw_platform_0's source hardware specification located at U:/Desktop/MP-4/Cpre488/Final_Project/Xilinx/premade_sha256.sdk/design_1_wrapper.hdf is now different from the local copy.
		 The local copy will be replaced with the source specification and your workspace will be updated.
11:14:47 INFO  : Copied contents of U:/Desktop/MP-4/Cpre488/Final_Project/Xilinx/premade_sha256.sdk/design_1_wrapper.hdf into \design_1_wrapper_hw_platform_0\system.hdf.
11:14:53 INFO  : Synchronizing projects in the workspace with the hardware platform specification changes.
11:15:30 INFO  : 
11:15:30 INFO  : Updating hardware inferred compiler options for sha_test.
11:15:30 INFO  : Clearing existing target manager status.
11:15:31 INFO  : Closing and re-opening the MSS file of ther project sha_test_bsp
11:15:32 INFO  : Closing and re-opening the MSS file of ther project sha_test_bsp
11:15:32 INFO  : Workspace synchronized with the new hardware specification file. Cleaning dependent projects...
11:15:34 WARN  : Linker script will not be updated automatically. Users need to update it manually.
11:16:13 INFO  : Connected to target on host '127.0.0.1' and port '3121'.
11:16:13 INFO  : 'targets -set -filter {jtag_cable_name =~ "Platform Cable USB 00000000000000" && level==0} -index 1' command is executed.
11:16:22 INFO  : FPGA configured successfully with bitstream "U:/Desktop/MP-4/Cpre488/Final_Project/Xilinx/premade_sha256.sdk/design_1_wrapper_hw_platform_0/design_1_wrapper.bit"
11:17:21 INFO  : Disconnected from the channel tcfchan#4.
11:17:22 INFO  : 'targets -set -filter {jtag_cable_name =~ "Platform Cable USB 00000000000000" && level==0} -index 1' command is executed.
11:17:22 INFO  : 'fpga -state' command is executed.
11:17:22 INFO  : Connected to target on host '127.0.0.1' and port '3121'.
11:17:22 INFO  : Jtag cable 'Platform Cable USB 00000000000000' is selected.
11:17:22 INFO  : 'jtag frequency' command is executed.
11:17:22 INFO  : Sourcing of 'U:/Desktop/MP-4/Cpre488/Final_Project/Xilinx/premade_sha256.sdk/design_1_wrapper_hw_platform_0/ps7_init.tcl' is done.
11:17:23 INFO  : Context for 'APU' is selected.
11:17:23 INFO  : 'stop' command is executed.
11:17:23 INFO  : 'ps7_init' command is executed.
11:17:23 INFO  : 'ps7_post_config' command is executed.
11:17:23 INFO  : Context for processor 'ps7_cortexa9_0' is selected.
11:17:23 INFO  : Processor reset is completed for 'ps7_cortexa9_0'.
11:17:23 INFO  : Context for processor 'ps7_cortexa9_0' is selected.
11:17:24 INFO  : The application 'U:/Desktop/MP-4/Cpre488/Final_Project/Xilinx/premade_sha256.sdk/sha_test/Debug/sha_test.elf' is downloaded to processor 'ps7_cortexa9_0'.
11:17:24 INFO  : ----------------XSDB Script----------------
connect -url tcp:127.0.0.1:3121
source U:/Desktop/MP-4/Cpre488/Final_Project/Xilinx/premade_sha256.sdk/design_1_wrapper_hw_platform_0/ps7_init.tcl
targets -set -nocase -filter {name =~"APU*" && jtag_cable_name =~ "Platform Cable USB 00000000000000"} -index 0
stop
ps7_init
ps7_post_config
targets -set -nocase -filter {name =~ "ARM*#0" && jtag_cable_name =~ "Platform Cable USB 00000000000000"} -index 0
rst -processor
targets -set -nocase -filter {name =~ "ARM*#0" && jtag_cable_name =~ "Platform Cable USB 00000000000000"} -index 0
dow U:/Desktop/MP-4/Cpre488/Final_Project/Xilinx/premade_sha256.sdk/sha_test/Debug/sha_test.elf
----------------End of Script----------------

11:17:24 INFO  : Memory regions updated for context APU
11:17:24 INFO  : Context for processor 'ps7_cortexa9_0' is selected.
11:17:24 INFO  : 'con' command is executed.
11:17:24 INFO  : ----------------XSDB Script (After Launch)----------------
targets -set -nocase -filter {name =~ "ARM*#0" && jtag_cable_name =~ "Platform Cable USB 00000000000000"} -index 0
con
----------------End of Script----------------

11:17:24 INFO  : Launch script is exported to file 'U:\Desktop\MP-4\Cpre488\Final_Project\Xilinx\premade_sha256.sdk\.sdk\launch_scripts\xilinx_c-c++_application_(system_debugger)\system_debugger_using_debug_sha_test.elf_on_local.tcl'
11:19:56 INFO  : Disconnected from the channel tcfchan#5.
11:19:59 INFO  : 'targets -set -filter {jtag_cable_name =~ "Platform Cable USB 00000000000000" && level==0} -index 1' command is executed.
11:19:59 INFO  : 'fpga -state' command is executed.
11:19:59 INFO  : Connected to target on host '127.0.0.1' and port '3121'.
11:19:59 INFO  : Jtag cable 'Platform Cable USB 00000000000000' is selected.
11:19:59 INFO  : 'jtag frequency' command is executed.
11:19:59 INFO  : Sourcing of 'U:/Desktop/MP-4/Cpre488/Final_Project/Xilinx/premade_sha256.sdk/design_1_wrapper_hw_platform_0/ps7_init.tcl' is done.
11:19:59 INFO  : Context for 'APU' is selected.
11:19:59 INFO  : 'stop' command is executed.
11:20:00 INFO  : 'ps7_init' command is executed.
11:20:00 INFO  : 'ps7_post_config' command is executed.
11:20:00 INFO  : Context for processor 'ps7_cortexa9_0' is selected.
11:20:00 INFO  : Processor reset is completed for 'ps7_cortexa9_0'.
11:20:00 INFO  : Context for processor 'ps7_cortexa9_0' is selected.
11:20:01 INFO  : The application 'U:/Desktop/MP-4/Cpre488/Final_Project/Xilinx/premade_sha256.sdk/sha_test/Debug/sha_test.elf' is downloaded to processor 'ps7_cortexa9_0'.
11:20:01 INFO  : ----------------XSDB Script----------------
connect -url tcp:127.0.0.1:3121
source U:/Desktop/MP-4/Cpre488/Final_Project/Xilinx/premade_sha256.sdk/design_1_wrapper_hw_platform_0/ps7_init.tcl
targets -set -nocase -filter {name =~"APU*" && jtag_cable_name =~ "Platform Cable USB 00000000000000"} -index 0
stop
ps7_init
ps7_post_config
targets -set -nocase -filter {name =~ "ARM*#0" && jtag_cable_name =~ "Platform Cable USB 00000000000000"} -index 0
rst -processor
targets -set -nocase -filter {name =~ "ARM*#0" && jtag_cable_name =~ "Platform Cable USB 00000000000000"} -index 0
dow U:/Desktop/MP-4/Cpre488/Final_Project/Xilinx/premade_sha256.sdk/sha_test/Debug/sha_test.elf
----------------End of Script----------------

11:20:01 INFO  : Memory regions updated for context APU
11:20:01 INFO  : Context for processor 'ps7_cortexa9_0' is selected.
11:20:01 INFO  : 'con' command is executed.
11:20:01 INFO  : ----------------XSDB Script (After Launch)----------------
targets -set -nocase -filter {name =~ "ARM*#0" && jtag_cable_name =~ "Platform Cable USB 00000000000000"} -index 0
con
----------------End of Script----------------

11:20:01 INFO  : Launch script is exported to file 'U:\Desktop\MP-4\Cpre488\Final_Project\Xilinx\premade_sha256.sdk\.sdk\launch_scripts\xilinx_c-c++_application_(system_debugger)\system_debugger_using_debug_sha_test.elf_on_local.tcl'
11:22:21 INFO  : Disconnected from the channel tcfchan#6.
11:24:45 ERROR : Unexpected error while parsing XMD response ?: com.google.gson.JsonSyntaxException: com.google.gson.stream.MalformedJsonException: invalid number or unquoted string near 
11:25:06 ERROR : Can not find SDx install location: 
11:25:06 INFO  : Registering command handlers for SDK TCF services
11:25:07 INFO  : Launching XSCT server: xsct.bat -interactive U:\Desktop\MP-4\Cpre488\Final_Project\Xilinx\premade_sha256.sdk\temp_xsdb_launch_script.tcl
11:25:07 INFO  : Validating SDSoC License...
11:25:07 INFO  : License for SDSoC is unavailable
11:25:07 INFO  : Validating SDAccel License...
11:25:07 INFO  : License for SDAccel is unavailable
11:25:08 INFO  : XSCT server has started successfully.
11:25:08 INFO  : Processing command line option -hwspec U:/Desktop/MP-4/Cpre488/Final_Project/Xilinx/premade_sha256.sdk/design_1_wrapper.hdf.
11:25:08 INFO  : Successfully done setting XSCT server connection channel  
11:25:08 INFO  : Successfully done setting SDK workspace  
11:25:56 INFO  : Connected to target on host '127.0.0.1' and port '3121'.
11:25:57 INFO  : 'targets -set -filter {jtag_cable_name =~ "Platform Cable USB 00000000000000" && level==0} -index 1' command is executed.
11:26:06 INFO  : FPGA configured successfully with bitstream "U:/Desktop/MP-4/Cpre488/Final_Project/Xilinx/premade_sha256.sdk/design_1_wrapper_hw_platform_0/design_1_wrapper.bit"
11:26:24 INFO  : 'targets -set -filter {jtag_cable_name =~ "Platform Cable USB 00000000000000" && level==0} -index 1' command is executed.
11:26:24 INFO  : 'fpga -state' command is executed.
11:26:24 INFO  : Connected to target on host '127.0.0.1' and port '3121'.
11:26:24 INFO  : Jtag cable 'Platform Cable USB 00000000000000' is selected.
11:26:24 INFO  : 'jtag frequency' command is executed.
11:26:24 INFO  : Sourcing of 'U:/Desktop/MP-4/Cpre488/Final_Project/Xilinx/premade_sha256.sdk/design_1_wrapper_hw_platform_0/ps7_init.tcl' is done.
11:26:24 INFO  : Context for 'APU' is selected.
11:26:24 INFO  : 'stop' command is executed.
11:26:25 INFO  : 'ps7_init' command is executed.
11:26:25 INFO  : 'ps7_post_config' command is executed.
11:26:25 INFO  : Context for processor 'ps7_cortexa9_0' is selected.
11:26:25 INFO  : Processor reset is completed for 'ps7_cortexa9_0'.
11:26:25 INFO  : Context for processor 'ps7_cortexa9_0' is selected.
11:26:26 INFO  : The application 'U:/Desktop/MP-4/Cpre488/Final_Project/Xilinx/premade_sha256.sdk/sha_test/Debug/sha_test.elf' is downloaded to processor 'ps7_cortexa9_0'.
11:26:26 INFO  : ----------------XSDB Script----------------
connect -url tcp:127.0.0.1:3121
source U:/Desktop/MP-4/Cpre488/Final_Project/Xilinx/premade_sha256.sdk/design_1_wrapper_hw_platform_0/ps7_init.tcl
targets -set -nocase -filter {name =~"APU*" && jtag_cable_name =~ "Platform Cable USB 00000000000000"} -index 0
stop
ps7_init
ps7_post_config
targets -set -nocase -filter {name =~ "ARM*#0" && jtag_cable_name =~ "Platform Cable USB 00000000000000"} -index 0
rst -processor
targets -set -nocase -filter {name =~ "ARM*#0" && jtag_cable_name =~ "Platform Cable USB 00000000000000"} -index 0
dow U:/Desktop/MP-4/Cpre488/Final_Project/Xilinx/premade_sha256.sdk/sha_test/Debug/sha_test.elf
----------------End of Script----------------

11:26:26 INFO  : Memory regions updated for context APU
11:26:26 INFO  : Context for processor 'ps7_cortexa9_0' is selected.
11:26:26 INFO  : 'con' command is executed.
11:26:26 INFO  : ----------------XSDB Script (After Launch)----------------
targets -set -nocase -filter {name =~ "ARM*#0" && jtag_cable_name =~ "Platform Cable USB 00000000000000"} -index 0
con
----------------End of Script----------------

11:26:26 INFO  : Launch script is exported to file 'U:\Desktop\MP-4\Cpre488\Final_Project\Xilinx\premade_sha256.sdk\.sdk\launch_scripts\xilinx_c-c++_application_(system_debugger)\system_debugger_using_debug_sha_test.elf_on_local.tcl'
11:29:35 INFO  : Disconnected from the channel tcfchan#1.
11:29:37 INFO  : 'targets -set -filter {jtag_cable_name =~ "Platform Cable USB 00000000000000" && level==0} -index 1' command is executed.
11:29:37 INFO  : 'fpga -state' command is executed.
11:29:37 INFO  : Connected to target on host '127.0.0.1' and port '3121'.
11:29:38 INFO  : Jtag cable 'Platform Cable USB 00000000000000' is selected.
11:29:38 INFO  : 'jtag frequency' command is executed.
11:29:38 INFO  : Sourcing of 'U:/Desktop/MP-4/Cpre488/Final_Project/Xilinx/premade_sha256.sdk/design_1_wrapper_hw_platform_0/ps7_init.tcl' is done.
11:29:38 INFO  : Context for 'APU' is selected.
11:29:38 INFO  : 'stop' command is executed.
11:29:39 INFO  : 'ps7_init' command is executed.
11:29:39 INFO  : 'ps7_post_config' command is executed.
11:29:39 INFO  : Context for processor 'ps7_cortexa9_0' is selected.
11:29:39 INFO  : Processor reset is completed for 'ps7_cortexa9_0'.
11:29:39 INFO  : Context for processor 'ps7_cortexa9_0' is selected.
11:29:40 INFO  : The application 'U:/Desktop/MP-4/Cpre488/Final_Project/Xilinx/premade_sha256.sdk/sha_test/Debug/sha_test.elf' is downloaded to processor 'ps7_cortexa9_0'.
11:29:40 INFO  : ----------------XSDB Script----------------
connect -url tcp:127.0.0.1:3121
source U:/Desktop/MP-4/Cpre488/Final_Project/Xilinx/premade_sha256.sdk/design_1_wrapper_hw_platform_0/ps7_init.tcl
targets -set -nocase -filter {name =~"APU*" && jtag_cable_name =~ "Platform Cable USB 00000000000000"} -index 0
stop
ps7_init
ps7_post_config
targets -set -nocase -filter {name =~ "ARM*#0" && jtag_cable_name =~ "Platform Cable USB 00000000000000"} -index 0
rst -processor
targets -set -nocase -filter {name =~ "ARM*#0" && jtag_cable_name =~ "Platform Cable USB 00000000000000"} -index 0
dow U:/Desktop/MP-4/Cpre488/Final_Project/Xilinx/premade_sha256.sdk/sha_test/Debug/sha_test.elf
----------------End of Script----------------

11:29:40 INFO  : Memory regions updated for context APU
11:29:40 INFO  : Context for processor 'ps7_cortexa9_0' is selected.
11:29:40 INFO  : 'con' command is executed.
11:29:40 INFO  : ----------------XSDB Script (After Launch)----------------
targets -set -nocase -filter {name =~ "ARM*#0" && jtag_cable_name =~ "Platform Cable USB 00000000000000"} -index 0
con
----------------End of Script----------------

11:29:40 INFO  : Launch script is exported to file 'U:\Desktop\MP-4\Cpre488\Final_Project\Xilinx\premade_sha256.sdk\.sdk\launch_scripts\xilinx_c-c++_application_(system_debugger)\system_debugger_using_debug_sha_test.elf_on_local.tcl'
11:29:57 INFO  : Disconnected from the channel tcfchan#2.
11:34:03 INFO  : 'targets -set -filter {jtag_cable_name =~ "Platform Cable USB 00000000000000" && level==0} -index 1' command is executed.
11:34:03 INFO  : 'fpga -state' command is executed.
11:34:03 INFO  : Connected to target on host '127.0.0.1' and port '3121'.
11:34:03 INFO  : Jtag cable 'Platform Cable USB 00000000000000' is selected.
11:34:03 INFO  : 'jtag frequency' command is executed.
11:34:03 INFO  : Sourcing of 'U:/Desktop/MP-4/Cpre488/Final_Project/Xilinx/premade_sha256.sdk/design_1_wrapper_hw_platform_0/ps7_init.tcl' is done.
11:34:03 INFO  : Context for 'APU' is selected.
11:34:03 INFO  : 'stop' command is executed.
11:34:04 INFO  : 'ps7_init' command is executed.
11:34:04 INFO  : 'ps7_post_config' command is executed.
11:34:04 INFO  : Context for processor 'ps7_cortexa9_0' is selected.
11:34:04 INFO  : Processor reset is completed for 'ps7_cortexa9_0'.
11:34:04 INFO  : Context for processor 'ps7_cortexa9_0' is selected.
11:34:05 INFO  : The application 'U:/Desktop/MP-4/Cpre488/Final_Project/Xilinx/premade_sha256.sdk/sha_test/Debug/sha_test.elf' is downloaded to processor 'ps7_cortexa9_0'.
11:34:05 INFO  : ----------------XSDB Script----------------
connect -url tcp:127.0.0.1:3121
source U:/Desktop/MP-4/Cpre488/Final_Project/Xilinx/premade_sha256.sdk/design_1_wrapper_hw_platform_0/ps7_init.tcl
targets -set -nocase -filter {name =~"APU*" && jtag_cable_name =~ "Platform Cable USB 00000000000000"} -index 0
stop
ps7_init
ps7_post_config
targets -set -nocase -filter {name =~ "ARM*#0" && jtag_cable_name =~ "Platform Cable USB 00000000000000"} -index 0
rst -processor
targets -set -nocase -filter {name =~ "ARM*#0" && jtag_cable_name =~ "Platform Cable USB 00000000000000"} -index 0
dow U:/Desktop/MP-4/Cpre488/Final_Project/Xilinx/premade_sha256.sdk/sha_test/Debug/sha_test.elf
----------------End of Script----------------

11:34:05 INFO  : Memory regions updated for context APU
11:34:05 INFO  : Context for processor 'ps7_cortexa9_0' is selected.
11:34:05 INFO  : 'con' command is executed.
11:34:05 INFO  : ----------------XSDB Script (After Launch)----------------
targets -set -nocase -filter {name =~ "ARM*#0" && jtag_cable_name =~ "Platform Cable USB 00000000000000"} -index 0
con
----------------End of Script----------------

11:34:05 INFO  : Launch script is exported to file 'U:\Desktop\MP-4\Cpre488\Final_Project\Xilinx\premade_sha256.sdk\.sdk\launch_scripts\xilinx_c-c++_application_(system_debugger)\system_debugger_using_debug_sha_test.elf_on_local.tcl'
11:34:18 INFO  : Disconnected from the channel tcfchan#3.
11:34:21 INFO  : 'targets -set -filter {jtag_cable_name =~ "Platform Cable USB 00000000000000" && level==0} -index 1' command is executed.
11:34:21 INFO  : 'fpga -state' command is executed.
11:34:21 INFO  : Connected to target on host '127.0.0.1' and port '3121'.
11:34:21 INFO  : Jtag cable 'Platform Cable USB 00000000000000' is selected.
11:34:21 INFO  : 'jtag frequency' command is executed.
11:34:21 INFO  : Sourcing of 'U:/Desktop/MP-4/Cpre488/Final_Project/Xilinx/premade_sha256.sdk/design_1_wrapper_hw_platform_0/ps7_init.tcl' is done.
11:34:21 INFO  : Context for 'APU' is selected.
11:34:21 INFO  : 'stop' command is executed.
11:34:22 INFO  : 'ps7_init' command is executed.
11:34:22 INFO  : 'ps7_post_config' command is executed.
11:34:22 INFO  : Context for processor 'ps7_cortexa9_0' is selected.
11:34:22 INFO  : Processor reset is completed for 'ps7_cortexa9_0'.
11:34:22 INFO  : Context for processor 'ps7_cortexa9_0' is selected.
11:34:23 INFO  : The application 'U:/Desktop/MP-4/Cpre488/Final_Project/Xilinx/premade_sha256.sdk/sha_test/Debug/sha_test.elf' is downloaded to processor 'ps7_cortexa9_0'.
11:34:23 INFO  : ----------------XSDB Script----------------
connect -url tcp:127.0.0.1:3121
source U:/Desktop/MP-4/Cpre488/Final_Project/Xilinx/premade_sha256.sdk/design_1_wrapper_hw_platform_0/ps7_init.tcl
targets -set -nocase -filter {name =~"APU*" && jtag_cable_name =~ "Platform Cable USB 00000000000000"} -index 0
stop
ps7_init
ps7_post_config
targets -set -nocase -filter {name =~ "ARM*#0" && jtag_cable_name =~ "Platform Cable USB 00000000000000"} -index 0
rst -processor
targets -set -nocase -filter {name =~ "ARM*#0" && jtag_cable_name =~ "Platform Cable USB 00000000000000"} -index 0
dow U:/Desktop/MP-4/Cpre488/Final_Project/Xilinx/premade_sha256.sdk/sha_test/Debug/sha_test.elf
----------------End of Script----------------

11:34:23 INFO  : Memory regions updated for context APU
11:34:23 INFO  : Context for processor 'ps7_cortexa9_0' is selected.
11:34:23 INFO  : 'con' command is executed.
11:34:23 INFO  : ----------------XSDB Script (After Launch)----------------
targets -set -nocase -filter {name =~ "ARM*#0" && jtag_cable_name =~ "Platform Cable USB 00000000000000"} -index 0
con
----------------End of Script----------------

11:34:23 INFO  : Launch script is exported to file 'U:\Desktop\MP-4\Cpre488\Final_Project\Xilinx\premade_sha256.sdk\.sdk\launch_scripts\xilinx_c-c++_application_(system_debugger)\system_debugger_using_debug_sha_test.elf_on_local.tcl'
11:35:09 INFO  : Disconnected from the channel tcfchan#4.
11:35:13 INFO  : 'targets -set -filter {jtag_cable_name =~ "Platform Cable USB 00000000000000" && level==0} -index 1' command is executed.
11:35:13 INFO  : 'fpga -state' command is executed.
11:35:13 INFO  : Connected to target on host '127.0.0.1' and port '3121'.
11:35:13 INFO  : Jtag cable 'Platform Cable USB 00000000000000' is selected.
11:35:13 INFO  : 'jtag frequency' command is executed.
11:35:13 INFO  : Sourcing of 'U:/Desktop/MP-4/Cpre488/Final_Project/Xilinx/premade_sha256.sdk/design_1_wrapper_hw_platform_0/ps7_init.tcl' is done.
11:35:13 INFO  : Context for 'APU' is selected.
11:35:13 INFO  : 'stop' command is executed.
11:35:14 INFO  : 'ps7_init' command is executed.
11:35:14 INFO  : 'ps7_post_config' command is executed.
11:35:14 INFO  : Context for processor 'ps7_cortexa9_0' is selected.
11:35:15 INFO  : Processor reset is completed for 'ps7_cortexa9_0'.
11:35:15 INFO  : Context for processor 'ps7_cortexa9_0' is selected.
11:35:15 INFO  : The application 'U:/Desktop/MP-4/Cpre488/Final_Project/Xilinx/premade_sha256.sdk/sha_test/Debug/sha_test.elf' is downloaded to processor 'ps7_cortexa9_0'.
11:35:15 INFO  : ----------------XSDB Script----------------
connect -url tcp:127.0.0.1:3121
source U:/Desktop/MP-4/Cpre488/Final_Project/Xilinx/premade_sha256.sdk/design_1_wrapper_hw_platform_0/ps7_init.tcl
targets -set -nocase -filter {name =~"APU*" && jtag_cable_name =~ "Platform Cable USB 00000000000000"} -index 0
stop
ps7_init
ps7_post_config
targets -set -nocase -filter {name =~ "ARM*#0" && jtag_cable_name =~ "Platform Cable USB 00000000000000"} -index 0
rst -processor
targets -set -nocase -filter {name =~ "ARM*#0" && jtag_cable_name =~ "Platform Cable USB 00000000000000"} -index 0
dow U:/Desktop/MP-4/Cpre488/Final_Project/Xilinx/premade_sha256.sdk/sha_test/Debug/sha_test.elf
----------------End of Script----------------

11:35:15 INFO  : Memory regions updated for context APU
11:35:15 INFO  : Context for processor 'ps7_cortexa9_0' is selected.
11:35:15 INFO  : 'con' command is executed.
11:35:15 INFO  : ----------------XSDB Script (After Launch)----------------
targets -set -nocase -filter {name =~ "ARM*#0" && jtag_cable_name =~ "Platform Cable USB 00000000000000"} -index 0
con
----------------End of Script----------------

11:35:15 INFO  : Launch script is exported to file 'U:\Desktop\MP-4\Cpre488\Final_Project\Xilinx\premade_sha256.sdk\.sdk\launch_scripts\xilinx_c-c++_application_(system_debugger)\system_debugger_using_debug_sha_test.elf_on_local.tcl'
11:35:22 INFO  : Disconnected from the channel tcfchan#5.
11:35:24 INFO  : 'targets -set -filter {jtag_cable_name =~ "Platform Cable USB 00000000000000" && level==0} -index 1' command is executed.
11:35:24 INFO  : 'fpga -state' command is executed.
11:35:24 INFO  : Connected to target on host '127.0.0.1' and port '3121'.
11:35:25 INFO  : Jtag cable 'Platform Cable USB 00000000000000' is selected.
11:35:25 INFO  : 'jtag frequency' command is executed.
11:35:25 INFO  : Sourcing of 'U:/Desktop/MP-4/Cpre488/Final_Project/Xilinx/premade_sha256.sdk/design_1_wrapper_hw_platform_0/ps7_init.tcl' is done.
11:35:25 INFO  : Context for 'APU' is selected.
11:35:25 INFO  : 'stop' command is executed.
11:35:26 INFO  : 'ps7_init' command is executed.
11:35:26 INFO  : 'ps7_post_config' command is executed.
11:35:26 INFO  : Context for processor 'ps7_cortexa9_0' is selected.
11:35:26 INFO  : Processor reset is completed for 'ps7_cortexa9_0'.
11:35:26 INFO  : Context for processor 'ps7_cortexa9_0' is selected.
11:35:26 INFO  : The application 'U:/Desktop/MP-4/Cpre488/Final_Project/Xilinx/premade_sha256.sdk/sha_test/Debug/sha_test.elf' is downloaded to processor 'ps7_cortexa9_0'.
11:35:26 INFO  : ----------------XSDB Script----------------
connect -url tcp:127.0.0.1:3121
source U:/Desktop/MP-4/Cpre488/Final_Project/Xilinx/premade_sha256.sdk/design_1_wrapper_hw_platform_0/ps7_init.tcl
targets -set -nocase -filter {name =~"APU*" && jtag_cable_name =~ "Platform Cable USB 00000000000000"} -index 0
stop
ps7_init
ps7_post_config
targets -set -nocase -filter {name =~ "ARM*#0" && jtag_cable_name =~ "Platform Cable USB 00000000000000"} -index 0
rst -processor
targets -set -nocase -filter {name =~ "ARM*#0" && jtag_cable_name =~ "Platform Cable USB 00000000000000"} -index 0
dow U:/Desktop/MP-4/Cpre488/Final_Project/Xilinx/premade_sha256.sdk/sha_test/Debug/sha_test.elf
----------------End of Script----------------

11:35:26 INFO  : Memory regions updated for context APU
11:35:27 INFO  : Context for processor 'ps7_cortexa9_0' is selected.
11:35:27 INFO  : 'con' command is executed.
11:35:27 INFO  : ----------------XSDB Script (After Launch)----------------
targets -set -nocase -filter {name =~ "ARM*#0" && jtag_cable_name =~ "Platform Cable USB 00000000000000"} -index 0
con
----------------End of Script----------------

11:35:27 INFO  : Launch script is exported to file 'U:\Desktop\MP-4\Cpre488\Final_Project\Xilinx\premade_sha256.sdk\.sdk\launch_scripts\xilinx_c-c++_application_(system_debugger)\system_debugger_using_debug_sha_test.elf_on_local.tcl'
11:51:19 INFO  : Disconnected from the channel tcfchan#6.
11:51:34 INFO  : Registering command handlers for SDK TCF services
11:51:34 INFO  : Launching XSCT server: xsct.bat -interactive U:\Desktop\MP-4\Cpre488\Final_Project\Xilinx\premade_sha256.sdk\temp_xsdb_launch_script.tcl
11:51:35 ERROR : Can not find SDx install location: 
11:51:35 INFO  : Validating SDSoC License...
11:51:35 INFO  : License for SDSoC is unavailable
11:51:35 INFO  : Validating SDAccel License...
11:51:35 INFO  : License for SDAccel is unavailable
11:51:35 INFO  : XSCT server has started successfully.
11:51:36 INFO  : Processing command line option -hwspec U:/Desktop/MP-4/Cpre488/Final_Project/Xilinx/premade_sha256.sdk/design_1_wrapper.hdf.
11:51:36 INFO  : Successfully done setting XSCT server connection channel  
11:51:36 INFO  : Successfully done setting SDK workspace  
11:51:36 INFO  : Checking for hwspec changes in the project design_1_wrapper_hw_platform_0.
11:51:40 INFO  : SDK has detected change in the last modified timestamps for source hardware specification file Source:1524847855160,  Project:1524845649097
11:51:40 INFO  : The hardware specification for project 'design_1_wrapper_hw_platform_0' is different from U:/Desktop/MP-4/Cpre488/Final_Project/Xilinx/premade_sha256.sdk/design_1_wrapper.hdf.
11:51:40 INFO  : Copied contents of U:/Desktop/MP-4/Cpre488/Final_Project/Xilinx/premade_sha256.sdk/design_1_wrapper.hdf into \design_1_wrapper_hw_platform_0\system.hdf.
11:51:46 INFO  : Synchronizing projects in the workspace with the hardware platform specification changes.
11:52:12 INFO  : 
11:52:13 INFO  : Updating hardware inferred compiler options for sha_test.
11:52:13 INFO  : Clearing existing target manager status.
11:52:36 INFO  : Connected to target on host '127.0.0.1' and port '3121'.
11:52:36 INFO  : 'targets -set -filter {jtag_cable_name =~ "Platform Cable USB 00000000000000" && level==0} -index 1' command is executed.
11:52:45 INFO  : FPGA configured successfully with bitstream "U:/Desktop/MP-4/Cpre488/Final_Project/Xilinx/premade_sha256.sdk/design_1_wrapper_hw_platform_0/design_1_wrapper.bit"
11:53:38 INFO  : 'targets -set -filter {jtag_cable_name =~ "Platform Cable USB 00000000000000" && level==0} -index 1' command is executed.
11:53:38 INFO  : 'fpga -state' command is executed.
11:53:38 INFO  : Connected to target on host '127.0.0.1' and port '3121'.
11:53:39 INFO  : Jtag cable 'Platform Cable USB 00000000000000' is selected.
11:53:39 INFO  : 'jtag frequency' command is executed.
11:53:39 INFO  : Sourcing of 'U:/Desktop/MP-4/Cpre488/Final_Project/Xilinx/premade_sha256.sdk/design_1_wrapper_hw_platform_0/ps7_init.tcl' is done.
11:53:39 INFO  : Context for 'APU' is selected.
11:53:39 INFO  : 'stop' command is executed.
11:53:40 INFO  : 'ps7_init' command is executed.
11:53:40 INFO  : 'ps7_post_config' command is executed.
11:53:40 INFO  : Context for processor 'ps7_cortexa9_0' is selected.
11:53:40 INFO  : Processor reset is completed for 'ps7_cortexa9_0'.
11:53:40 INFO  : Context for processor 'ps7_cortexa9_0' is selected.
11:53:40 INFO  : The application 'U:/Desktop/MP-4/Cpre488/Final_Project/Xilinx/premade_sha256.sdk/sha_test/Debug/sha_test.elf' is downloaded to processor 'ps7_cortexa9_0'.
11:53:40 INFO  : ----------------XSDB Script----------------
connect -url tcp:127.0.0.1:3121
source U:/Desktop/MP-4/Cpre488/Final_Project/Xilinx/premade_sha256.sdk/design_1_wrapper_hw_platform_0/ps7_init.tcl
targets -set -nocase -filter {name =~"APU*" && jtag_cable_name =~ "Platform Cable USB 00000000000000"} -index 0
stop
ps7_init
ps7_post_config
targets -set -nocase -filter {name =~ "ARM*#0" && jtag_cable_name =~ "Platform Cable USB 00000000000000"} -index 0
rst -processor
targets -set -nocase -filter {name =~ "ARM*#0" && jtag_cable_name =~ "Platform Cable USB 00000000000000"} -index 0
dow U:/Desktop/MP-4/Cpre488/Final_Project/Xilinx/premade_sha256.sdk/sha_test/Debug/sha_test.elf
----------------End of Script----------------

11:53:40 INFO  : Memory regions updated for context APU
11:53:41 INFO  : Context for processor 'ps7_cortexa9_0' is selected.
11:53:41 INFO  : 'con' command is executed.
11:53:41 INFO  : ----------------XSDB Script (After Launch)----------------
targets -set -nocase -filter {name =~ "ARM*#0" && jtag_cable_name =~ "Platform Cable USB 00000000000000"} -index 0
con
----------------End of Script----------------

11:53:41 INFO  : Launch script is exported to file 'U:\Desktop\MP-4\Cpre488\Final_Project\Xilinx\premade_sha256.sdk\.sdk\launch_scripts\xilinx_c-c++_application_(system_debugger)\system_debugger_using_debug_sha_test.elf_on_local.tcl'
11:54:39 INFO  : Disconnected from the channel tcfchan#1.
11:54:42 INFO  : 'targets -set -filter {jtag_cable_name =~ "Platform Cable USB 00000000000000" && level==0} -index 1' command is executed.
11:54:42 INFO  : 'fpga -state' command is executed.
11:54:42 INFO  : Connected to target on host '127.0.0.1' and port '3121'.
11:54:42 INFO  : Jtag cable 'Platform Cable USB 00000000000000' is selected.
11:54:42 INFO  : 'jtag frequency' command is executed.
11:54:42 INFO  : Sourcing of 'U:/Desktop/MP-4/Cpre488/Final_Project/Xilinx/premade_sha256.sdk/design_1_wrapper_hw_platform_0/ps7_init.tcl' is done.
11:54:42 INFO  : Context for 'APU' is selected.
11:54:42 INFO  : 'stop' command is executed.
11:54:43 INFO  : 'ps7_init' command is executed.
11:54:43 INFO  : 'ps7_post_config' command is executed.
11:54:43 INFO  : Context for processor 'ps7_cortexa9_0' is selected.
11:54:43 INFO  : Processor reset is completed for 'ps7_cortexa9_0'.
11:54:44 INFO  : Context for processor 'ps7_cortexa9_0' is selected.
11:54:44 INFO  : The application 'U:/Desktop/MP-4/Cpre488/Final_Project/Xilinx/premade_sha256.sdk/sha_test/Debug/sha_test.elf' is downloaded to processor 'ps7_cortexa9_0'.
11:54:44 INFO  : ----------------XSDB Script----------------
connect -url tcp:127.0.0.1:3121
source U:/Desktop/MP-4/Cpre488/Final_Project/Xilinx/premade_sha256.sdk/design_1_wrapper_hw_platform_0/ps7_init.tcl
targets -set -nocase -filter {name =~"APU*" && jtag_cable_name =~ "Platform Cable USB 00000000000000"} -index 0
stop
ps7_init
ps7_post_config
targets -set -nocase -filter {name =~ "ARM*#0" && jtag_cable_name =~ "Platform Cable USB 00000000000000"} -index 0
rst -processor
targets -set -nocase -filter {name =~ "ARM*#0" && jtag_cable_name =~ "Platform Cable USB 00000000000000"} -index 0
dow U:/Desktop/MP-4/Cpre488/Final_Project/Xilinx/premade_sha256.sdk/sha_test/Debug/sha_test.elf
----------------End of Script----------------

11:54:44 INFO  : Memory regions updated for context APU
11:54:44 INFO  : Context for processor 'ps7_cortexa9_0' is selected.
11:54:44 INFO  : 'con' command is executed.
11:54:44 INFO  : ----------------XSDB Script (After Launch)----------------
targets -set -nocase -filter {name =~ "ARM*#0" && jtag_cable_name =~ "Platform Cable USB 00000000000000"} -index 0
con
----------------End of Script----------------

11:54:44 INFO  : Launch script is exported to file 'U:\Desktop\MP-4\Cpre488\Final_Project\Xilinx\premade_sha256.sdk\.sdk\launch_scripts\xilinx_c-c++_application_(system_debugger)\system_debugger_using_debug_sha_test.elf_on_local.tcl'
11:54:50 INFO  : Disconnected from the channel tcfchan#2.
11:56:11 INFO  : 'targets -set -filter {jtag_cable_name =~ "Platform Cable USB 00000000000000" && level==0} -index 1' command is executed.
11:56:11 INFO  : 'fpga -state' command is executed.
11:56:11 INFO  : Connected to target on host '127.0.0.1' and port '3121'.
11:56:11 INFO  : Jtag cable 'Platform Cable USB 00000000000000' is selected.
11:56:11 INFO  : 'jtag frequency' command is executed.
11:56:11 INFO  : Sourcing of 'U:/Desktop/MP-4/Cpre488/Final_Project/Xilinx/premade_sha256.sdk/design_1_wrapper_hw_platform_0/ps7_init.tcl' is done.
11:56:11 INFO  : Context for 'APU' is selected.
11:56:11 INFO  : 'stop' command is executed.
11:56:12 INFO  : 'ps7_init' command is executed.
11:56:12 INFO  : 'ps7_post_config' command is executed.
11:56:12 INFO  : Context for processor 'ps7_cortexa9_0' is selected.
11:56:12 INFO  : Processor reset is completed for 'ps7_cortexa9_0'.
11:56:12 INFO  : Context for processor 'ps7_cortexa9_0' is selected.
11:56:13 INFO  : The application 'U:/Desktop/MP-4/Cpre488/Final_Project/Xilinx/premade_sha256.sdk/sha_test/Debug/sha_test.elf' is downloaded to processor 'ps7_cortexa9_0'.
11:56:13 INFO  : ----------------XSDB Script----------------
connect -url tcp:127.0.0.1:3121
source U:/Desktop/MP-4/Cpre488/Final_Project/Xilinx/premade_sha256.sdk/design_1_wrapper_hw_platform_0/ps7_init.tcl
targets -set -nocase -filter {name =~"APU*" && jtag_cable_name =~ "Platform Cable USB 00000000000000"} -index 0
stop
ps7_init
ps7_post_config
targets -set -nocase -filter {name =~ "ARM*#0" && jtag_cable_name =~ "Platform Cable USB 00000000000000"} -index 0
rst -processor
targets -set -nocase -filter {name =~ "ARM*#0" && jtag_cable_name =~ "Platform Cable USB 00000000000000"} -index 0
dow U:/Desktop/MP-4/Cpre488/Final_Project/Xilinx/premade_sha256.sdk/sha_test/Debug/sha_test.elf
----------------End of Script----------------

11:56:13 INFO  : Memory regions updated for context APU
11:56:13 INFO  : Context for processor 'ps7_cortexa9_0' is selected.
11:56:13 INFO  : 'con' command is executed.
11:56:13 INFO  : ----------------XSDB Script (After Launch)----------------
targets -set -nocase -filter {name =~ "ARM*#0" && jtag_cable_name =~ "Platform Cable USB 00000000000000"} -index 0
con
----------------End of Script----------------

11:56:13 INFO  : Launch script is exported to file 'U:\Desktop\MP-4\Cpre488\Final_Project\Xilinx\premade_sha256.sdk\.sdk\launch_scripts\xilinx_c-c++_application_(system_debugger)\system_debugger_using_debug_sha_test.elf_on_local.tcl'
11:58:00 INFO  : Disconnected from the channel tcfchan#3.
11:58:03 INFO  : 'targets -set -filter {jtag_cable_name =~ "Platform Cable USB 00000000000000" && level==0} -index 1' command is executed.
11:58:03 INFO  : 'fpga -state' command is executed.
11:58:03 INFO  : Connected to target on host '127.0.0.1' and port '3121'.
11:58:03 INFO  : Jtag cable 'Platform Cable USB 00000000000000' is selected.
11:58:03 INFO  : 'jtag frequency' command is executed.
11:58:03 INFO  : Sourcing of 'U:/Desktop/MP-4/Cpre488/Final_Project/Xilinx/premade_sha256.sdk/design_1_wrapper_hw_platform_0/ps7_init.tcl' is done.
11:58:03 INFO  : Context for 'APU' is selected.
11:58:03 INFO  : 'stop' command is executed.
11:58:04 INFO  : 'ps7_init' command is executed.
11:58:04 INFO  : 'ps7_post_config' command is executed.
11:58:04 INFO  : Context for processor 'ps7_cortexa9_0' is selected.
11:58:04 INFO  : Processor reset is completed for 'ps7_cortexa9_0'.
11:58:04 INFO  : Context for processor 'ps7_cortexa9_0' is selected.
11:58:05 INFO  : The application 'U:/Desktop/MP-4/Cpre488/Final_Project/Xilinx/premade_sha256.sdk/sha_test/Debug/sha_test.elf' is downloaded to processor 'ps7_cortexa9_0'.
11:58:05 INFO  : ----------------XSDB Script----------------
connect -url tcp:127.0.0.1:3121
source U:/Desktop/MP-4/Cpre488/Final_Project/Xilinx/premade_sha256.sdk/design_1_wrapper_hw_platform_0/ps7_init.tcl
targets -set -nocase -filter {name =~"APU*" && jtag_cable_name =~ "Platform Cable USB 00000000000000"} -index 0
stop
ps7_init
ps7_post_config
targets -set -nocase -filter {name =~ "ARM*#0" && jtag_cable_name =~ "Platform Cable USB 00000000000000"} -index 0
rst -processor
targets -set -nocase -filter {name =~ "ARM*#0" && jtag_cable_name =~ "Platform Cable USB 00000000000000"} -index 0
dow U:/Desktop/MP-4/Cpre488/Final_Project/Xilinx/premade_sha256.sdk/sha_test/Debug/sha_test.elf
----------------End of Script----------------

11:58:05 INFO  : Memory regions updated for context APU
11:58:05 INFO  : Context for processor 'ps7_cortexa9_0' is selected.
11:58:05 INFO  : 'con' command is executed.
11:58:05 INFO  : ----------------XSDB Script (After Launch)----------------
targets -set -nocase -filter {name =~ "ARM*#0" && jtag_cable_name =~ "Platform Cable USB 00000000000000"} -index 0
con
----------------End of Script----------------

11:58:05 INFO  : Launch script is exported to file 'U:\Desktop\MP-4\Cpre488\Final_Project\Xilinx\premade_sha256.sdk\.sdk\launch_scripts\xilinx_c-c++_application_(system_debugger)\system_debugger_using_debug_sha_test.elf_on_local.tcl'
11:59:07 INFO  : Disconnected from the channel tcfchan#4.
11:59:08 ERROR : Unexpected error while parsing XMD response ?: com.google.gson.JsonSyntaxException: com.google.gson.stream.MalformedJsonException: invalid number or unquoted string near 
