Copyright 1986-2017 Xilinx, Inc. All Rights Reserved.
---------------------------------------------------------------------------------------------------------------------------------------------------
| Tool Version : Vivado v.2017.1 (win64) Build 1846317 Fri Apr 14 18:55:03 MDT 2017
| Date         : Fri Mar 30 10:20:27 2018
| Host         : CO2041-04 running 64-bit major release  (build 9200)
| Command      : report_drc -file MP4_design1_wrapper_drc_routed.rpt -pb MP4_design1_wrapper_drc_routed.pb -rpx MP4_design1_wrapper_drc_routed.rpx
| Design       : MP4_design1_wrapper
| Device       : xc7z020clg484-1
| Speed File   : -1
| Design State : Routed
---------------------------------------------------------------------------------------------------------------------------------------------------

Report DRC

Table of Contents
-----------------
1. REPORT SUMMARY
2. REPORT DETAILS

1. REPORT SUMMARY
-----------------
            Netlist: netlist
          Floorplan: design_1
      Design limits: <entire design considered>
           Ruledeck: default
             Max violations: <unlimited>
             Violations found: 0
+------+----------+-------------+------------+
| Rule | Severity | Description | Violations |
+------+----------+-------------+------------+
+------+----------+-------------+------------+

2. REPORT DETAILS
-----------------

