
*** Running vivado
    with args -log MP4_design1_axi_gpio_1_1.vds -m64 -product Vivado -mode batch -messageDb vivado.pb -notrace -source MP4_design1_axi_gpio_1_1.tcl


****** Vivado v2017.1 (64-bit)
  **** SW Build 1846317 on Fri Apr 14 18:55:03 MDT 2017
  **** IP Build 1846188 on Fri Apr 14 20:52:08 MDT 2017
    ** Copyright 1986-2017 Xilinx, Inc. All Rights Reserved.

source MP4_design1_axi_gpio_1_1.tcl -notrace
Starting RTL Elaboration : Time (s): cpu = 00:00:04 ; elapsed = 00:00:05 . Memory (MB): peak = 369.148 ; gain = 82.770
INFO: [Synth 8-638] synthesizing module 'MP4_design1_axi_gpio_1_1' [u:/Documents/MP-4/MP-4.srcs/sources_1/bd/MP4_design1/ip/MP4_design1_axi_gpio_1_1/synth/MP4_design1_axi_gpio_1_1.vhd:84]
INFO: [Synth 8-638] synthesizing module 'axi_gpio' [u:/Documents/MP-4/MP-4.srcs/sources_1/bd/MP4_design1/ipshared/3b45/hdl/axi_gpio_v2_0_vh_rfs.vhd:1257]
INFO: [Synth 8-638] synthesizing module 'axi_lite_ipif' [u:/Documents/MP-4/MP-4.srcs/sources_1/bd/MP4_design1/ipshared/0ba0/hdl/axi_lite_ipif_v3_0_vh_rfs.vhd:2948]
INFO: [Synth 8-638] synthesizing module 'slave_attachment' [u:/Documents/MP-4/MP-4.srcs/sources_1/bd/MP4_design1/ipshared/0ba0/hdl/axi_lite_ipif_v3_0_vh_rfs.vhd:2341]
INFO: [Synth 8-638] synthesizing module 'address_decoder' [u:/Documents/MP-4/MP-4.srcs/sources_1/bd/MP4_design1/ipshared/0ba0/hdl/axi_lite_ipif_v3_0_vh_rfs.vhd:1775]
INFO: [Synth 8-638] synthesizing module 'pselect_f' [u:/Documents/MP-4/MP-4.srcs/sources_1/bd/MP4_design1/ipshared/0ba0/hdl/axi_lite_ipif_v3_0_vh_rfs.vhd:1534]
INFO: [Synth 8-256] done synthesizing module 'pselect_f' (1#1) [u:/Documents/MP-4/MP-4.srcs/sources_1/bd/MP4_design1/ipshared/0ba0/hdl/axi_lite_ipif_v3_0_vh_rfs.vhd:1534]
INFO: [Synth 8-638] synthesizing module 'pselect_f__parameterized0' [u:/Documents/MP-4/MP-4.srcs/sources_1/bd/MP4_design1/ipshared/0ba0/hdl/axi_lite_ipif_v3_0_vh_rfs.vhd:1534]
INFO: [Synth 8-256] done synthesizing module 'pselect_f__parameterized0' (1#1) [u:/Documents/MP-4/MP-4.srcs/sources_1/bd/MP4_design1/ipshared/0ba0/hdl/axi_lite_ipif_v3_0_vh_rfs.vhd:1534]
INFO: [Synth 8-638] synthesizing module 'pselect_f__parameterized1' [u:/Documents/MP-4/MP-4.srcs/sources_1/bd/MP4_design1/ipshared/0ba0/hdl/axi_lite_ipif_v3_0_vh_rfs.vhd:1534]
INFO: [Synth 8-256] done synthesizing module 'pselect_f__parameterized1' (1#1) [u:/Documents/MP-4/MP-4.srcs/sources_1/bd/MP4_design1/ipshared/0ba0/hdl/axi_lite_ipif_v3_0_vh_rfs.vhd:1534]
INFO: [Synth 8-638] synthesizing module 'pselect_f__parameterized2' [u:/Documents/MP-4/MP-4.srcs/sources_1/bd/MP4_design1/ipshared/0ba0/hdl/axi_lite_ipif_v3_0_vh_rfs.vhd:1534]
INFO: [Synth 8-256] done synthesizing module 'pselect_f__parameterized2' (1#1) [u:/Documents/MP-4/MP-4.srcs/sources_1/bd/MP4_design1/ipshared/0ba0/hdl/axi_lite_ipif_v3_0_vh_rfs.vhd:1534]
INFO: [Synth 8-256] done synthesizing module 'address_decoder' (2#1) [u:/Documents/MP-4/MP-4.srcs/sources_1/bd/MP4_design1/ipshared/0ba0/hdl/axi_lite_ipif_v3_0_vh_rfs.vhd:1775]
INFO: [Synth 8-256] done synthesizing module 'slave_attachment' (3#1) [u:/Documents/MP-4/MP-4.srcs/sources_1/bd/MP4_design1/ipshared/0ba0/hdl/axi_lite_ipif_v3_0_vh_rfs.vhd:2341]
INFO: [Synth 8-256] done synthesizing module 'axi_lite_ipif' (4#1) [u:/Documents/MP-4/MP-4.srcs/sources_1/bd/MP4_design1/ipshared/0ba0/hdl/axi_lite_ipif_v3_0_vh_rfs.vhd:2948]
INFO: [Synth 8-638] synthesizing module 'GPIO_Core' [u:/Documents/MP-4/MP-4.srcs/sources_1/bd/MP4_design1/ipshared/3b45/hdl/axi_gpio_v2_0_vh_rfs.vhd:177]
INFO: [Synth 8-638] synthesizing module 'cdc_sync' [u:/Documents/MP-4/MP-4.srcs/sources_1/bd/MP4_design1/ipshared/52cb/hdl/lib_cdc_v1_0_rfs.vhd:106]
INFO: [Synth 8-256] done synthesizing module 'cdc_sync' (5#1) [u:/Documents/MP-4/MP-4.srcs/sources_1/bd/MP4_design1/ipshared/52cb/hdl/lib_cdc_v1_0_rfs.vhd:106]
INFO: [Synth 8-256] done synthesizing module 'GPIO_Core' (6#1) [u:/Documents/MP-4/MP-4.srcs/sources_1/bd/MP4_design1/ipshared/3b45/hdl/axi_gpio_v2_0_vh_rfs.vhd:177]
INFO: [Synth 8-256] done synthesizing module 'axi_gpio' (7#1) [u:/Documents/MP-4/MP-4.srcs/sources_1/bd/MP4_design1/ipshared/3b45/hdl/axi_gpio_v2_0_vh_rfs.vhd:1257]
INFO: [Synth 8-256] done synthesizing module 'MP4_design1_axi_gpio_1_1' (8#1) [u:/Documents/MP-4/MP-4.srcs/sources_1/bd/MP4_design1/ip/MP4_design1_axi_gpio_1_1/synth/MP4_design1_axi_gpio_1_1.vhd:84]
Finished RTL Elaboration : Time (s): cpu = 00:00:06 ; elapsed = 00:00:07 . Memory (MB): peak = 411.230 ; gain = 124.852
Finished RTL Optimization Phase 1 : Time (s): cpu = 00:00:06 ; elapsed = 00:00:08 . Memory (MB): peak = 411.230 ; gain = 124.852
INFO: [Device 21-403] Loading part xc7z020clg484-1
Constraint Validation Runtime : Time (s): cpu = 00:00:00 ; elapsed = 00:00:00.033 . Memory (MB): peak = 732.098 ; gain = 0.000
Finished Constraint Validation : Time (s): cpu = 00:00:19 ; elapsed = 00:00:23 . Memory (MB): peak = 732.098 ; gain = 445.719
Finished Loading Part and Timing Information : Time (s): cpu = 00:00:19 ; elapsed = 00:00:23 . Memory (MB): peak = 732.098 ; gain = 445.719
Finished applying 'set_property' XDC Constraints : Time (s): cpu = 00:00:19 ; elapsed = 00:00:23 . Memory (MB): peak = 732.098 ; gain = 445.719
Finished RTL Optimization Phase 2 : Time (s): cpu = 00:00:19 ; elapsed = 00:00:24 . Memory (MB): peak = 732.098 ; gain = 445.719
Finished Cross Boundary and Area Optimization : Time (s): cpu = 00:00:20 ; elapsed = 00:00:25 . Memory (MB): peak = 732.098 ; gain = 445.719
Finished Applying XDC Timing Constraints : Time (s): cpu = 00:00:36 ; elapsed = 00:00:41 . Memory (MB): peak = 732.098 ; gain = 445.719
Finished Timing Optimization : Time (s): cpu = 00:00:36 ; elapsed = 00:00:41 . Memory (MB): peak = 732.098 ; gain = 445.719
Finished Technology Mapping : Time (s): cpu = 00:00:36 ; elapsed = 00:00:42 . Memory (MB): peak = 732.098 ; gain = 445.719
Finished IO Insertion : Time (s): cpu = 00:00:37 ; elapsed = 00:00:43 . Memory (MB): peak = 732.098 ; gain = 445.719
Finished Renaming Generated Instances : Time (s): cpu = 00:00:37 ; elapsed = 00:00:43 . Memory (MB): peak = 732.098 ; gain = 445.719
Finished Rebuilding User Hierarchy : Time (s): cpu = 00:00:37 ; elapsed = 00:00:43 . Memory (MB): peak = 732.098 ; gain = 445.719
Finished Renaming Generated Ports : Time (s): cpu = 00:00:37 ; elapsed = 00:00:43 . Memory (MB): peak = 732.098 ; gain = 445.719
Finished Handling Custom Attributes : Time (s): cpu = 00:00:37 ; elapsed = 00:00:43 . Memory (MB): peak = 732.098 ; gain = 445.719
Finished Renaming Generated Nets : Time (s): cpu = 00:00:37 ; elapsed = 00:00:43 . Memory (MB): peak = 732.098 ; gain = 445.719

Report Cell Usage: 
+------+-----+------+
|      |Cell |Count |
+------+-----+------+
|1     |LUT1 |     2|
|2     |LUT2 |     5|
|3     |LUT3 |     4|
|4     |LUT4 |    11|
|5     |LUT5 |    11|
|6     |LUT6 |    14|
|7     |FDR  |    32|
|8     |FDRE |    61|
|9     |FDSE |     8|
+------+-----+------+
Finished Writing Synthesis Report : Time (s): cpu = 00:00:37 ; elapsed = 00:00:43 . Memory (MB): peak = 732.098 ; gain = 445.719
synth_design: Time (s): cpu = 00:00:40 ; elapsed = 00:00:46 . Memory (MB): peak = 732.098 ; gain = 450.914
