
*** Running vivado
    with args -log MP4_design1_auto_pc_2.vds -m64 -product Vivado -mode batch -messageDb vivado.pb -notrace -source MP4_design1_auto_pc_2.tcl



****** Vivado v2017.1_sdx (64-bit)
  **** SW Build 1915620 on Thu Jun 22 17:54:58 MDT 2017
  **** IP Build 1908669 on Thu Jun 22 19:20:41 MDT 2017
    ** Copyright 1986-2017 Xilinx, Inc. All Rights Reserved.

INFO: [Common 17-1460] Use of init.tcl in C:/Xilinx/SDx/2017.1/Vivado/scripts/init.tcl is deprecated. Please use Vivado_init.tcl 
Sourcing tcl script 'C:/Xilinx/SDx/2017.1/Vivado/scripts/init.tcl'
16 Beta devices matching pattern found, 0 enabled.
Loaded SDSoC Platform Tcl Library
source MP4_design1_auto_pc_2.tcl -notrace
Starting RTL Elaboration : Time (s): cpu = 00:00:05 ; elapsed = 00:00:05 . Memory (MB): peak = 331.762 ; gain = 83.313
INFO: [Synth 8-638] synthesizing module 'MP4_design1_auto_pc_2' [c:/Cpre488/MP-4/MP-4.srcs/sources_1/bd/MP4_design1/ip/MP4_design1_auto_pc_2/synth/MP4_design1_auto_pc_2.v:58]
INFO: [Synth 8-638] synthesizing module 'axi_protocol_converter_v2_1_12_axi_protocol_converter' [c:/Cpre488/MP-4/MP-4.srcs/sources_1/bd/MP4_design1/ipshared/138d/hdl/axi_protocol_converter_v2_1_vl_rfs.v:4811]
INFO: [Synth 8-256] done synthesizing module 'axi_protocol_converter_v2_1_12_axi_protocol_converter' (1#1) [c:/Cpre488/MP-4/MP-4.srcs/sources_1/bd/MP4_design1/ipshared/138d/hdl/axi_protocol_converter_v2_1_vl_rfs.v:4811]
INFO: [Synth 8-256] done synthesizing module 'MP4_design1_auto_pc_2' (2#1) [c:/Cpre488/MP-4/MP-4.srcs/sources_1/bd/MP4_design1/ip/MP4_design1_auto_pc_2/synth/MP4_design1_auto_pc_2.v:58]
Finished RTL Elaboration : Time (s): cpu = 00:00:33 ; elapsed = 00:00:34 . Memory (MB): peak = 452.785 ; gain = 204.336
Finished RTL Optimization Phase 1 : Time (s): cpu = 00:00:33 ; elapsed = 00:00:34 . Memory (MB): peak = 452.785 ; gain = 204.336
INFO: [Device 21-403] Loading part xc7z020clg484-1
Constraint Validation Runtime : Time (s): cpu = 00:00:00 ; elapsed = 00:00:00.021 . Memory (MB): peak = 593.621 ; gain = 0.000
Finished Constraint Validation : Time (s): cpu = 00:00:40 ; elapsed = 00:00:41 . Memory (MB): peak = 593.621 ; gain = 345.172
Finished Loading Part and Timing Information : Time (s): cpu = 00:00:40 ; elapsed = 00:00:41 . Memory (MB): peak = 593.621 ; gain = 345.172
Finished applying 'set_property' XDC Constraints : Time (s): cpu = 00:00:40 ; elapsed = 00:00:41 . Memory (MB): peak = 593.621 ; gain = 345.172
Finished RTL Optimization Phase 2 : Time (s): cpu = 00:00:40 ; elapsed = 00:00:41 . Memory (MB): peak = 593.621 ; gain = 345.172
Finished Cross Boundary and Area Optimization : Time (s): cpu = 00:00:41 ; elapsed = 00:00:42 . Memory (MB): peak = 593.621 ; gain = 345.172
Finished Applying XDC Timing Constraints : Time (s): cpu = 00:00:50 ; elapsed = 00:00:51 . Memory (MB): peak = 631.168 ; gain = 382.719
Finished Timing Optimization : Time (s): cpu = 00:00:50 ; elapsed = 00:00:51 . Memory (MB): peak = 631.168 ; gain = 382.719
Finished Technology Mapping : Time (s): cpu = 00:00:50 ; elapsed = 00:00:51 . Memory (MB): peak = 641.313 ; gain = 392.863
Finished IO Insertion : Time (s): cpu = 00:00:51 ; elapsed = 00:00:52 . Memory (MB): peak = 641.313 ; gain = 392.863
Finished Renaming Generated Instances : Time (s): cpu = 00:00:51 ; elapsed = 00:00:52 . Memory (MB): peak = 641.313 ; gain = 392.863
Finished Rebuilding User Hierarchy : Time (s): cpu = 00:00:51 ; elapsed = 00:00:52 . Memory (MB): peak = 641.313 ; gain = 392.863
Finished Renaming Generated Ports : Time (s): cpu = 00:00:51 ; elapsed = 00:00:52 . Memory (MB): peak = 641.313 ; gain = 392.863
Finished Handling Custom Attributes : Time (s): cpu = 00:00:51 ; elapsed = 00:00:52 . Memory (MB): peak = 641.313 ; gain = 392.863
Finished Renaming Generated Nets : Time (s): cpu = 00:00:51 ; elapsed = 00:00:52 . Memory (MB): peak = 641.313 ; gain = 392.863

Report Cell Usage: 
+-+-----+------+
| |Cell |Count |
+-+-----+------+
+-+-----+------+
Finished Writing Synthesis Report : Time (s): cpu = 00:00:51 ; elapsed = 00:00:52 . Memory (MB): peak = 641.313 ; gain = 392.863
synth_design: Time (s): cpu = 00:00:52 ; elapsed = 00:00:53 . Memory (MB): peak = 658.906 ; gain = 410.457
