Copyright 1986-2017 Xilinx, Inc. All Rights Reserved.
----------------------------------------------------------------------------------------------
| Tool Version : Vivado v.2017.1 (win64) Build 1846317 Fri Apr 14 18:55:03 MDT 2017
| Date         : Fri Mar  2 11:45:01 2018
| Host         : CO2041-04 running 64-bit major release  (build 9200)
| Command      : report_clock_utilization -file design_1_wrapper_clock_utilization_routed.rpt
| Design       : design_1_wrapper
| Device       : 7z020-clg484
| Speed File   : -1  PRODUCTION 1.11 2014-09-11
----------------------------------------------------------------------------------------------

Clock Utilization Report

Table of Contents
-----------------
1. Clock Primitive Utilization
2. Global Clock Resources
3. Global Clock Source Details
4. Clock Regions: Key Resource Utilization
5. Clock Regions : Global Clock Summary
6. Device Cell Placement Summary for Global Clock g0
7. Device Cell Placement Summary for Global Clock g1
8. Device Cell Placement Summary for Global Clock g2
9. Device Cell Placement Summary for Global Clock g3
10. Device Cell Placement Summary for Global Clock g4
11. Device Cell Placement Summary for Global Clock g5
12. Device Cell Placement Summary for Global Clock g6
13. Clock Region Cell Placement per Global Clock: Region X0Y0
14. Clock Region Cell Placement per Global Clock: Region X1Y0
15. Clock Region Cell Placement per Global Clock: Region X0Y1
16. Clock Region Cell Placement per Global Clock: Region X1Y1
17. Clock Region Cell Placement per Global Clock: Region X0Y2
18. Clock Region Cell Placement per Global Clock: Region X1Y2

1. Clock Primitive Utilization
------------------------------

+----------+------+-----------+-----+--------------+--------+
| Type     | Used | Available | LOC | Clock Region | Pblock |
+----------+------+-----------+-----+--------------+--------+
| BUFGCTRL |    5 |        32 |   0 |            0 |      0 |
| BUFH     |    0 |        72 |   0 |            0 |      0 |
| BUFIO    |    1 |        16 |   1 |            0 |      0 |
| BUFMR    |    0 |         8 |   0 |            0 |      0 |
| BUFR     |    2 |        16 |   0 |            0 |      0 |
| MMCM     |    1 |         4 |   0 |            0 |      0 |
| PLL      |    0 |         4 |   0 |            0 |      0 |
+----------+------+-----------+-----+--------------+--------+


2. Global Clock Resources
-------------------------

+-----------+-----------+-----------------+------------+----------------+--------------+-------------------+-------------+-----------------+--------------+---------------------------------+----------------------------------------------------------------------------------------------------------------------------------------------------------------------------------------------------------------------------------+------------------------------------------------------------------------------------------------------------------------------------------------------+
| Global Id | Source Id | Driver Type/Pin | Constraint | Site           | Clock Region | Load Clock Region | Clock Loads | Non-Clock Loads | Clock Period | Clock                           | Driver Pin                                                                                                                                                                                                                       | Net                                                                                                                                                  |
+-----------+-----------+-----------------+------------+----------------+--------------+-------------------+-------------+-----------------+--------------+---------------------------------+----------------------------------------------------------------------------------------------------------------------------------------------------------------------------------------------------------------------------------+------------------------------------------------------------------------------------------------------------------------------------------------------+
| g0        | src0      | BUFG/O          | None       | BUFGCTRL_X0Y16 | n/a          |                 4 |        5393 |               0 |        7.000 | clk_fpga_1                      | design_1_i/processing_system7_0/inst/buffer_fclk_clk_1.FCLK_CLK_1_BUFG/O                                                                                                                                                         | design_1_i/processing_system7_0/inst/FCLK_CLK1                                                                                                       |
| g1        | src0      | BUFG/O          | None       | BUFGCTRL_X0Y17 | n/a          |                 6 |        4044 |               0 |       12.999 | clk_fpga_0                      | design_1_i/processing_system7_0/inst/buffer_fclk_clk_0.FCLK_CLK_0_BUFG/O                                                                                                                                                         | design_1_i/processing_system7_0/inst/FCLK_CLK0                                                                                                       |
| g2        | src1      | BUFG/O          | None       | BUFGCTRL_X0Y18 | n/a          |                 6 |        2848 |               1 |        6.734 | clk_out1_design_1_clk_wiz_0_0_1 | design_1_i/clk_wiz_0/inst/clkout1_buf/O                                                                                                                                                                                          | design_1_i/clk_wiz_0/inst/clk_out1                                                                                                                   |
| g3        | src2      | BUFR/O          | None       | BUFR_X1Y5      | X1Y1         |                 1 |        1951 |               0 |       26.936 | vita_clk_1                      | design_1_i/onsemi_vita_cam_0/U0/onsemi_vita_cam_v3_1_S00_AXI_inst/vita_clk_div4_l/O                                                                                                                                              | design_1_i/onsemi_vita_cam_0/U0/onsemi_vita_cam_v3_1_S00_AXI_inst/vita_clk                                                                           |
| g4        | src3      | BUFR/O          | None       | BUFR_X1Y4      | X1Y1         |                 1 |         170 |               0 |       13.460 | CLKDIV_c_0                      | design_1_i/onsemi_vita_cam_0/U0/onsemi_vita_cam_v3_1_S00_AXI_inst/onsemi_vita_cam_core_inst/vita_iserdes_v5.vita_iserdes/serdesclockgen[0].ic/gen_no_ls_clk_in.gen_regional_hs_clk_in.gen_multiplier_5.BUFR_regional_hs_clk_in/O | design_1_i/onsemi_vita_cam_0/U0/onsemi_vita_cam_v3_1_S00_AXI_inst/onsemi_vita_cam_core_inst/vita_iserdes_v5.vita_iserdes/serdesclockgen[0].ic/CLKDIV |
| g5        | src1      | BUFG/O          | None       | BUFGCTRL_X0Y20 | n/a          |                 1 |           1 |               0 |        6.734 | clkfbout_design_1_clk_wiz_0_0_1 | design_1_i/clk_wiz_0/inst/clkf_buf/O                                                                                                                                                                                             | design_1_i/clk_wiz_0/inst/clkfbout_buf_design_1_clk_wiz_0_0                                                                                          |
| g6        | src0      | BUFG/O          | None       | BUFGCTRL_X0Y19 | n/a          |                 1 |           1 |               0 |        5.000 | clk_fpga_2                      | design_1_i/processing_system7_0/inst/FCLK_CLK2_BUFG_inst/O                                                                                                                                                                       | design_1_i/processing_system7_0/inst/FCLK_CLK2_BUFG                                                                                                  |
+-----------+-----------+-----------------+------------+----------------+--------------+-------------------+-------------+-----------------+--------------+---------------------------------+----------------------------------------------------------------------------------------------------------------------------------------------------------------------------------------------------------------------------------+------------------------------------------------------------------------------------------------------------------------------------------------------+
* Clock Loads column represents the clock pin loads (pin count)
** Non-Clock Loads column represents the non-clock pin loads (pin count)


3. Global Clock Source Details
------------------------------

+-----------+-----------+---------------------+------------+-----------------+--------------+-------------+-----------------+---------------------+---------------------------------+----------------------------------------------------------------------------------------------------------------------------------------------------------------------------------------------+-------------------------------------------------------------------------------------------------------------------------------------------------------+
| Source Id | Global Id | Driver Type/Pin     | Constraint | Site            | Clock Region | Clock Loads | Non-Clock Loads | Source Clock Period | Source Clock                    | Driver Pin                                                                                                                                                                                   | Net                                                                                                                                                   |
+-----------+-----------+---------------------+------------+-----------------+--------------+-------------+-----------------+---------------------+---------------------------------+----------------------------------------------------------------------------------------------------------------------------------------------------------------------------------------------+-------------------------------------------------------------------------------------------------------------------------------------------------------+
| src0      | g6        | PS7/FCLKCLK[2]      | PS7_X0Y0   | PS7_X0Y0        | X0Y2         |           1 |               0 |               5.000 | clk_fpga_2                      | design_1_i/processing_system7_0/inst/PS7_i/FCLKCLK[2]                                                                                                                                        | design_1_i/processing_system7_0/inst/FCLK_CLK2                                                                                                        |
| src0      | g1        | PS7/FCLKCLK[0]      | PS7_X0Y0   | PS7_X0Y0        | X0Y2         |           1 |               0 |              12.999 | clk_fpga_0                      | design_1_i/processing_system7_0/inst/PS7_i/FCLKCLK[0]                                                                                                                                        | design_1_i/processing_system7_0/inst/FCLK_CLK_unbuffered[0]                                                                                           |
| src0      | g0        | PS7/FCLKCLK[1]      | PS7_X0Y0   | PS7_X0Y0        | X0Y2         |           1 |               0 |               7.000 | clk_fpga_1                      | design_1_i/processing_system7_0/inst/PS7_i/FCLKCLK[1]                                                                                                                                        | design_1_i/processing_system7_0/inst/FCLK_CLK_unbuffered[1]                                                                                           |
| src1      | g2        | MMCME2_ADV/CLKOUT0  | None       | MMCME2_ADV_X1Y1 | X1Y1         |           1 |               0 |               6.734 | clk_out1_design_1_clk_wiz_0_0_1 | design_1_i/clk_wiz_0/inst/mmcm_adv_inst/CLKOUT0                                                                                                                                              | design_1_i/clk_wiz_0/inst/clk_out1_design_1_clk_wiz_0_0                                                                                               |
| src1      | g5        | MMCME2_ADV/CLKFBOUT | None       | MMCME2_ADV_X1Y1 | X1Y1         |           1 |               0 |               6.734 | clkfbout_design_1_clk_wiz_0_0_1 | design_1_i/clk_wiz_0/inst/mmcm_adv_inst/CLKFBOUT                                                                                                                                             | design_1_i/clk_wiz_0/inst/clkfbout_design_1_clk_wiz_0_0                                                                                               |
| src2      | g3        | BUFG/O              | None       | BUFGCTRL_X0Y18  | n/a          |        2849 |               0 |               6.734 | clk_out1_design_1_clk_wiz_0_0_1 | design_1_i/clk_wiz_0/inst/clkout1_buf/O                                                                                                                                                      | design_1_i/clk_wiz_0/inst/clk_out1                                                                                                                    |
| src3      | g4,       | IBUFDS/O            | IOB_X1Y74  | IOB_X1Y74       | X1Y1         |           2 |               0 |               2.692 | vita_ser_clk                    | design_1_i/onsemi_vita_cam_0/U0/onsemi_vita_cam_v3_1_S00_AXI_inst/onsemi_vita_cam_core_inst/vita_iserdes_v5.vita_iserdes/serdesclockgen[0].ic/gen_hs_clk_in.gen_diff_hs_clk_in.IBUFDS_inst/O | design_1_i/onsemi_vita_cam_0/U0/onsemi_vita_cam_v3_1_S00_AXI_inst/onsemi_vita_cam_core_inst/vita_iserdes_v5.vita_iserdes/serdesclockgen[0].ic/hsinclk |
+-----------+-----------+---------------------+------------+-----------------+--------------+-------------+-----------------+---------------------+---------------------------------+----------------------------------------------------------------------------------------------------------------------------------------------------------------------------------------------+-------------------------------------------------------------------------------------------------------------------------------------------------------+
* Clock Loads column represents the clock pin loads (pin count)
** Non-Clock Loads column represents the non-clock pin loads (pin count)


4. Clock Regions: Key Resource Utilization
------------------------------------------

+-------------------+--------------+--------------+--------------+--------------+--------------+--------------+--------------+--------------+--------------+--------------+--------------+--------------+--------------+--------------+--------------+
|                   | Global Clock |     BUFRs    |    BUFMRs    |    BUFIOs    |     MMCM     |      PLL     |      GT      |      PCI     |    ILOGIC    |    OLOGIC    |      FF      |     LUTM     |    RAMB18    |    RAMB36    |    DSP48E2   |
+-------------------+------+-------+------+-------+------+-------+------+-------+------+-------+------+-------+------+-------+------+-------+------+-------+------+-------+------+-------+------+-------+------+-------+------+-------+------+-------+
| Clock Region Name | Used | Avail | Used | Avail | Used | Avail | Used | Avail | Used | Avail | Used | Avail | Used | Avail | Used | Avail | Used | Avail | Used | Avail | Used | Avail | Used | Avail | Used | Avail | Used | Avail | Used | Avail |
+-------------------+------+-------+------+-------+------+-------+------+-------+------+-------+------+-------+------+-------+------+-------+------+-------+------+-------+------+-------+------+-------+------+-------+------+-------+------+-------+
| X0Y0              |    3 |    12 |    0 |     4 |    0 |     2 |    0 |     4 |    0 |     1 |    0 |     1 |    0 |     0 |    0 |     0 |    0 |    50 |    0 |    50 | 4009 |  2500 | 1701 |  1000 |    0 |    60 |    5 |    30 |    0 |    60 |
| X1Y0              |    3 |    12 |    0 |     4 |    0 |     2 |    0 |     4 |    0 |     1 |    0 |     1 |    0 |     0 |    0 |     0 |    0 |    50 |    0 |    50 | 1693 |  3200 |  462 |   850 |    0 |    60 |    3 |    30 |    0 |    40 |
| X0Y1              |    3 |    12 |    0 |     0 |    0 |     0 |    0 |     0 |    0 |     0 |    0 |     0 |    0 |     0 |    0 |     0 |    0 |     0 |    0 |     0 | 2666 |  1200 |  865 |   400 |    0 |    20 |    1 |    10 |    0 |    20 |
| X1Y1              |    7 |    12 |    2 |     4 |    0 |     2 |    1 |     4 |    1 |     1 |    0 |     1 |    0 |     0 |    0 |     0 |   10 |    50 |    2 |    50 | 3032 |  2600 |  838 |   850 |    0 |    60 |    4 |    30 |    0 |    40 |
| X0Y2              |    3 |    12 |    0 |     0 |    0 |     0 |    0 |     0 |    0 |     0 |    0 |     0 |    0 |     0 |    0 |     0 |    0 |     0 |    0 |     0 | 1389 |  1200 |  407 |   400 |    0 |    20 |    0 |    10 |    0 |    20 |
| X1Y2              |    2 |    12 |    0 |     4 |    0 |     2 |    0 |     4 |    0 |     1 |    0 |     1 |    0 |     0 |    0 |     0 |    0 |    50 |   19 |    50 |  974 |  2600 |  354 |   850 |    0 |    60 |    0 |    30 |    0 |    40 |
+-------------------+------+-------+------+-------+------+-------+------+-------+------+-------+------+-------+------+-------+------+-------+------+-------+------+-------+------+-------+------+-------+------+-------+------+-------+------+-------+
* Global Clock column represents track count; while other columns represents cell counts


5. Clock Regions : Global Clock Summary
---------------------------------------

+----+----+----+
|    | X0 | X1 |
+----+----+----+
| Y2 |  3 |  2 |
| Y1 |  3 |  7 |
| Y0 |  3 |  3 |
+----+----+----+


6. Device Cell Placement Summary for Global Clock g0
----------------------------------------------------

+-----------+-----------------+-------------------+------------+-------------+---------------+-------------+----------+----------------+----------+------------------------------------------------+
| Global Id | Driver Type/Pin | Driver Region (D) | Clock      | Period (ns) | Waveform (ns) | Slice Loads | IO Loads | Clocking Loads | GT Loads | Net                                            |
+-----------+-----------------+-------------------+------------+-------------+---------------+-------------+----------+----------------+----------+------------------------------------------------+
| g0        | BUFG/O          | n/a               | clk_fpga_1 |       7.000 | {0.000 3.500} |        5283 |        0 |              0 |        0 | design_1_i/processing_system7_0/inst/FCLK_CLK1 |
+-----------+-----------------+-------------------+------------+-------------+---------------+-------------+----------+----------------+----------+------------------------------------------------+
* Logic Loads column represents load cell count of all cell types other than IO, GT and clock resources
** IO Loads column represents load cell count of IO types
*** Clocking Loads column represents load cell count that are clock resources (global clock buffer, MMCM, PLL, etc)
**** GT Loads column represents load cell count of GT types


+----+-------+-------+
|    | X0    | X1    |
+----+-------+-------+
| Y2 |     1 |     0 |
| Y1 |    29 |     0 |
| Y0 |  4040 |  1213 |
+----+-------+-------+


7. Device Cell Placement Summary for Global Clock g1
----------------------------------------------------

+-----------+-----------------+-------------------+------------+-------------+---------------+-------------+----------+----------------+----------+------------------------------------------------+
| Global Id | Driver Type/Pin | Driver Region (D) | Clock      | Period (ns) | Waveform (ns) | Slice Loads | IO Loads | Clocking Loads | GT Loads | Net                                            |
+-----------+-----------------+-------------------+------------+-------------+---------------+-------------+----------+----------------+----------+------------------------------------------------+
| g1        | BUFG/O          | n/a               | clk_fpga_0 |      12.999 | {0.000 6.499} |        4032 |        0 |              0 |        0 | design_1_i/processing_system7_0/inst/FCLK_CLK0 |
+-----------+-----------------+-------------------+------------+-------------+---------------+-------------+----------+----------------+----------+------------------------------------------------+
* Logic Loads column represents load cell count of all cell types other than IO, GT and clock resources
** IO Loads column represents load cell count of IO types
*** Clocking Loads column represents load cell count that are clock resources (global clock buffer, MMCM, PLL, etc)
**** GT Loads column represents load cell count of GT types


+----+-------+------+
|    | X0    | X1   |
+----+-------+------+
| Y2 |   374 |  186 |
| Y1 |  2286 |  967 |
| Y0 |    76 |  143 |
+----+-------+------+


8. Device Cell Placement Summary for Global Clock g2
----------------------------------------------------

+-----------+-----------------+-------------------+---------------------------------+-------------+---------------+-------------+----------+----------------+----------+------------------------------------+
| Global Id | Driver Type/Pin | Driver Region (D) | Clock                           | Period (ns) | Waveform (ns) | Slice Loads | IO Loads | Clocking Loads | GT Loads | Net                                |
+-----------+-----------------+-------------------+---------------------------------+-------------+---------------+-------------+----------+----------------+----------+------------------------------------+
| g2        | BUFG/O          | n/a               | clk_out1_design_1_clk_wiz_0_0_1 |       6.734 | {0.000 3.367} |        2843 |        0 |              1 |        0 | design_1_i/clk_wiz_0/inst/clk_out1 |
+-----------+-----------------+-------------------+---------------------------------+-------------+---------------+-------------+----------+----------------+----------+------------------------------------+
* Logic Loads column represents load cell count of all cell types other than IO, GT and clock resources
** IO Loads column represents load cell count of IO types
*** Clocking Loads column represents load cell count that are clock resources (global clock buffer, MMCM, PLL, etc)
**** GT Loads column represents load cell count of GT types


+----+-------+------+
|    | X0    | X1   |
+----+-------+------+
| Y2 |  1042 |  826 |
| Y1 |   419 |   24 |
| Y0 |   186 |  347 |
+----+-------+------+


9. Device Cell Placement Summary for Global Clock g3
----------------------------------------------------

+-----------+-----------------+-------------------+------------+-------------+----------------+-------------+----------+----------------+----------+----------------------------------------------------------------------------+
| Global Id | Driver Type/Pin | Driver Region (D) | Clock      | Period (ns) | Waveform (ns)  | Slice Loads | IO Loads | Clocking Loads | GT Loads | Net                                                                        |
+-----------+-----------------+-------------------+------------+-------------+----------------+-------------+----------+----------------+----------+----------------------------------------------------------------------------+
| g3        | BUFR/O          | X1Y1              | vita_clk_1 |      26.936 | {0.000 13.468} |        1951 |        0 |              0 |        0 | design_1_i/onsemi_vita_cam_0/U0/onsemi_vita_cam_v3_1_S00_AXI_inst/vita_clk |
+-----------+-----------------+-------------------+------------+-------------+----------------+-------------+----------+----------------+----------+----------------------------------------------------------------------------+
* Logic Loads column represents load cell count of all cell types other than IO, GT and clock resources
** IO Loads column represents load cell count of IO types
*** Clocking Loads column represents load cell count that are clock resources (global clock buffer, MMCM, PLL, etc)
**** GT Loads column represents load cell count of GT types


+----+----+-----------+
|    | X0 | X1        |
+----+----+-----------+
| Y2 |  0 |         0 |
| Y1 |  0 |  (D) 1951 |
| Y0 |  0 |         0 |
+----+----+-----------+


10. Device Cell Placement Summary for Global Clock g4
-----------------------------------------------------

+-----------+-----------------+-------------------+------------+-------------+---------------+-------------+----------+----------------+----------+------------------------------------------------------------------------------------------------------------------------------------------------------+
| Global Id | Driver Type/Pin | Driver Region (D) | Clock      | Period (ns) | Waveform (ns) | Slice Loads | IO Loads | Clocking Loads | GT Loads | Net                                                                                                                                                  |
+-----------+-----------------+-------------------+------------+-------------+---------------+-------------+----------+----------------+----------+------------------------------------------------------------------------------------------------------------------------------------------------------+
| g4        | BUFR/O          | X1Y1              | CLKDIV_c_0 |      13.460 | {0.000 5.384} |         160 |       10 |              0 |        0 | design_1_i/onsemi_vita_cam_0/U0/onsemi_vita_cam_v3_1_S00_AXI_inst/onsemi_vita_cam_core_inst/vita_iserdes_v5.vita_iserdes/serdesclockgen[0].ic/CLKDIV |
+-----------+-----------------+-------------------+------------+-------------+---------------+-------------+----------+----------------+----------+------------------------------------------------------------------------------------------------------------------------------------------------------+
* Logic Loads column represents load cell count of all cell types other than IO, GT and clock resources
** IO Loads column represents load cell count of IO types
*** Clocking Loads column represents load cell count that are clock resources (global clock buffer, MMCM, PLL, etc)
**** GT Loads column represents load cell count of GT types


+----+----+----------+
|    | X0 | X1       |
+----+----+----------+
| Y2 |  0 |        0 |
| Y1 |  0 |  (D) 170 |
| Y0 |  0 |        0 |
+----+----+----------+


11. Device Cell Placement Summary for Global Clock g5
-----------------------------------------------------

+-----------+-----------------+-------------------+---------------------------------+-------------+---------------+-------------+----------+----------------+----------+-------------------------------------------------------------+
| Global Id | Driver Type/Pin | Driver Region (D) | Clock                           | Period (ns) | Waveform (ns) | Slice Loads | IO Loads | Clocking Loads | GT Loads | Net                                                         |
+-----------+-----------------+-------------------+---------------------------------+-------------+---------------+-------------+----------+----------------+----------+-------------------------------------------------------------+
| g5        | BUFG/O          | n/a               | clkfbout_design_1_clk_wiz_0_0_1 |       6.734 | {0.000 3.367} |           0 |        0 |              1 |        0 | design_1_i/clk_wiz_0/inst/clkfbout_buf_design_1_clk_wiz_0_0 |
+-----------+-----------------+-------------------+---------------------------------+-------------+---------------+-------------+----------+----------------+----------+-------------------------------------------------------------+
* Logic Loads column represents load cell count of all cell types other than IO, GT and clock resources
** IO Loads column represents load cell count of IO types
*** Clocking Loads column represents load cell count that are clock resources (global clock buffer, MMCM, PLL, etc)
**** GT Loads column represents load cell count of GT types


+----+----+----+
|    | X0 | X1 |
+----+----+----+
| Y2 |  0 |  0 |
| Y1 |  0 |  1 |
| Y0 |  0 |  0 |
+----+----+----+


12. Device Cell Placement Summary for Global Clock g6
-----------------------------------------------------

+-----------+-----------------+-------------------+------------+-------------+---------------+-------------+----------+----------------+----------+-----------------------------------------------------+
| Global Id | Driver Type/Pin | Driver Region (D) | Clock      | Period (ns) | Waveform (ns) | Slice Loads | IO Loads | Clocking Loads | GT Loads | Net                                                 |
+-----------+-----------------+-------------------+------------+-------------+---------------+-------------+----------+----------------+----------+-----------------------------------------------------+
| g6        | BUFG/O          | n/a               | clk_fpga_2 |       5.000 | {0.000 2.500} |           1 |        0 |              0 |        0 | design_1_i/processing_system7_0/inst/FCLK_CLK2_BUFG |
+-----------+-----------------+-------------------+------------+-------------+---------------+-------------+----------+----------------+----------+-----------------------------------------------------+
* Logic Loads column represents load cell count of all cell types other than IO, GT and clock resources
** IO Loads column represents load cell count of IO types
*** Clocking Loads column represents load cell count that are clock resources (global clock buffer, MMCM, PLL, etc)
**** GT Loads column represents load cell count of GT types


+----+----+----+
|    | X0 | X1 |
+----+----+----+
| Y2 |  0 |  0 |
| Y1 |  0 |  1 |
| Y0 |  0 |  0 |
+----+----+----+


13. Clock Region Cell Placement per Global Clock: Region X0Y0
-------------------------------------------------------------

+-----------+-------+-----------------+------------+-------------+-----------------+------+--------+------+-----+----+------+-----+---------+------------------------------------------------+
| Global Id | Track | Driver Type/Pin | Constraint | Clock Loads | Non-Clock Loads | FF   | LUTRAM | RAMB | DSP | GT | MMCM | PLL | Hard IP | Net                                            |
+-----------+-------+-----------------+------------+-------------+-----------------+------+--------+------+-----+----+------+-----+---------+------------------------------------------------+
| g0        | n/a   | BUFG/O          | None       |        4040 |               0 | 3751 |    285 |    4 |   0 |  0 |    0 |   0 |       0 | design_1_i/processing_system7_0/inst/FCLK_CLK1 |
| g1        | n/a   | BUFG/O          | None       |          76 |               0 |   76 |      0 |    0 |   0 |  0 |    0 |   0 |       0 | design_1_i/processing_system7_0/inst/FCLK_CLK0 |
| g2        | n/a   | BUFG/O          | None       |         186 |               0 |  182 |      1 |    3 |   0 |  0 |    0 |   0 |       0 | design_1_i/clk_wiz_0/inst/clk_out1             |
+-----------+-------+-----------------+------------+-------------+-----------------+------+--------+------+-----+----+------+-----+---------+------------------------------------------------+
* Clock Loads column represents the clock pin loads (pin count)
** Non-Clock Loads column represents the non-clock pin loads (pin count)
*** Columns FF, LUTRAM, RAMB through 'Hard IP' represents load cell counts


14. Clock Region Cell Placement per Global Clock: Region X1Y0
-------------------------------------------------------------

+-----------+-------+-----------------+------------+-------------+-----------------+------+--------+------+-----+----+------+-----+---------+------------------------------------------------+
| Global Id | Track | Driver Type/Pin | Constraint | Clock Loads | Non-Clock Loads | FF   | LUTRAM | RAMB | DSP | GT | MMCM | PLL | Hard IP | Net                                            |
+-----------+-------+-----------------+------------+-------------+-----------------+------+--------+------+-----+----+------+-----+---------+------------------------------------------------+
| g0        | n/a   | BUFG/O          | None       |        1213 |               0 | 1211 |      0 |    2 |   0 |  0 |    0 |   0 |       0 | design_1_i/processing_system7_0/inst/FCLK_CLK1 |
| g1        | n/a   | BUFG/O          | None       |         143 |               0 |  143 |      0 |    0 |   0 |  0 |    0 |   0 |       0 | design_1_i/processing_system7_0/inst/FCLK_CLK0 |
| g2        | n/a   | BUFG/O          | None       |         347 |               0 |  339 |      4 |    3 |   0 |  0 |    0 |   0 |       0 | design_1_i/clk_wiz_0/inst/clk_out1             |
+-----------+-------+-----------------+------------+-------------+-----------------+------+--------+------+-----+----+------+-----+---------+------------------------------------------------+
* Clock Loads column represents the clock pin loads (pin count)
** Non-Clock Loads column represents the non-clock pin loads (pin count)
*** Columns FF, LUTRAM, RAMB through 'Hard IP' represents load cell counts


15. Clock Region Cell Placement per Global Clock: Region X0Y1
-------------------------------------------------------------

+-----------+-------+-----------------+------------+-------------+-----------------+------+--------+------+-----+----+------+-----+---------+------------------------------------------------+
| Global Id | Track | Driver Type/Pin | Constraint | Clock Loads | Non-Clock Loads | FF   | LUTRAM | RAMB | DSP | GT | MMCM | PLL | Hard IP | Net                                            |
+-----------+-------+-----------------+------------+-------------+-----------------+------+--------+------+-----+----+------+-----+---------+------------------------------------------------+
| g0        | n/a   | BUFG/O          | None       |          29 |               0 |   29 |      0 |    0 |   0 |  0 |    0 |   0 |       0 | design_1_i/processing_system7_0/inst/FCLK_CLK1 |
| g1        | n/a   | BUFG/O          | None       |        2286 |               0 | 2220 |     66 |    0 |   0 |  0 |    0 |   0 |       0 | design_1_i/processing_system7_0/inst/FCLK_CLK0 |
| g2        | n/a   | BUFG/O          | None       |         419 |               0 |  417 |      0 |    1 |   0 |  0 |    0 |   0 |       0 | design_1_i/clk_wiz_0/inst/clk_out1             |
+-----------+-------+-----------------+------------+-------------+-----------------+------+--------+------+-----+----+------+-----+---------+------------------------------------------------+
* Clock Loads column represents the clock pin loads (pin count)
** Non-Clock Loads column represents the non-clock pin loads (pin count)
*** Columns FF, LUTRAM, RAMB through 'Hard IP' represents load cell counts


16. Clock Region Cell Placement per Global Clock: Region X1Y1
-------------------------------------------------------------

+-----------+-------+-----------------+------------+-------------+-----------------+------+--------+------+-----+----+------+-----+---------+------------------------------------------------------------------------------------------------------------------------------------------------------+
| Global Id | Track | Driver Type/Pin | Constraint | Clock Loads | Non-Clock Loads | FF   | LUTRAM | RAMB | DSP | GT | MMCM | PLL | Hard IP | Net                                                                                                                                                  |
+-----------+-------+-----------------+------------+-------------+-----------------+------+--------+------+-----+----+------+-----+---------+------------------------------------------------------------------------------------------------------------------------------------------------------+
| g1        | n/a   | BUFG/O          | None       |         967 |               0 |  965 |      2 |    0 |   0 |  0 |    0 |   0 |       0 | design_1_i/processing_system7_0/inst/FCLK_CLK0                                                                                                       |
| g2        | n/a   | BUFG/O          | None       |          23 |               1 |   19 |      0 |    4 |   0 |  0 |    0 |   0 |       0 | design_1_i/clk_wiz_0/inst/clk_out1                                                                                                                   |
| g3        | n/a   | BUFR/O          | None       |        1951 |               0 | 1898 |     42 |    4 |   0 |  0 |    0 |   0 |       0 | design_1_i/onsemi_vita_cam_0/U0/onsemi_vita_cam_v3_1_S00_AXI_inst/vita_clk                                                                           |
| g4        | n/a   | BUFR/O          | None       |         170 |               0 |  150 |      0 |    0 |   0 |  0 |    0 |   0 |       0 | design_1_i/onsemi_vita_cam_0/U0/onsemi_vita_cam_v3_1_S00_AXI_inst/onsemi_vita_cam_core_inst/vita_iserdes_v5.vita_iserdes/serdesclockgen[0].ic/CLKDIV |
| g5        | n/a   | BUFG/O          | None       |           1 |               0 |    0 |      0 |    0 |   0 |  0 |    1 |   0 |       0 | design_1_i/clk_wiz_0/inst/clkfbout_buf_design_1_clk_wiz_0_0                                                                                          |
| g6        | n/a   | BUFG/O          | None       |           1 |               0 |    0 |      0 |    0 |   0 |  0 |    0 |   0 |       0 | design_1_i/processing_system7_0/inst/FCLK_CLK2_BUFG                                                                                                  |
+-----------+-------+-----------------+------------+-------------+-----------------+------+--------+------+-----+----+------+-----+---------+------------------------------------------------------------------------------------------------------------------------------------------------------+
* Clock Loads column represents the clock pin loads (pin count)
** Non-Clock Loads column represents the non-clock pin loads (pin count)
*** Columns FF, LUTRAM, RAMB through 'Hard IP' represents load cell counts


17. Clock Region Cell Placement per Global Clock: Region X0Y2
-------------------------------------------------------------

+-----------+-------+-----------------+------------+-------------+-----------------+------+--------+------+-----+----+------+-----+---------+------------------------------------------------+
| Global Id | Track | Driver Type/Pin | Constraint | Clock Loads | Non-Clock Loads | FF   | LUTRAM | RAMB | DSP | GT | MMCM | PLL | Hard IP | Net                                            |
+-----------+-------+-----------------+------------+-------------+-----------------+------+--------+------+-----+----+------+-----+---------+------------------------------------------------+
| g0        | n/a   | BUFG/O          | None       |           1 |               0 |    0 |      0 |    0 |   0 |  0 |    0 |   0 |       0 | design_1_i/processing_system7_0/inst/FCLK_CLK1 |
| g1        | n/a   | BUFG/O          | None       |         374 |               0 |  353 |     20 |    0 |   0 |  0 |    0 |   0 |       0 | design_1_i/processing_system7_0/inst/FCLK_CLK0 |
| g2        | n/a   | BUFG/O          | None       |        1042 |               0 | 1036 |      6 |    0 |   0 |  0 |    0 |   0 |       0 | design_1_i/clk_wiz_0/inst/clk_out1             |
+-----------+-------+-----------------+------------+-------------+-----------------+------+--------+------+-----+----+------+-----+---------+------------------------------------------------+
* Clock Loads column represents the clock pin loads (pin count)
** Non-Clock Loads column represents the non-clock pin loads (pin count)
*** Columns FF, LUTRAM, RAMB through 'Hard IP' represents load cell counts


18. Clock Region Cell Placement per Global Clock: Region X1Y2
-------------------------------------------------------------

+-----------+-------+-----------------+------------+-------------+-----------------+-----+--------+------+-----+----+------+-----+---------+------------------------------------------------+
| Global Id | Track | Driver Type/Pin | Constraint | Clock Loads | Non-Clock Loads | FF  | LUTRAM | RAMB | DSP | GT | MMCM | PLL | Hard IP | Net                                            |
+-----------+-------+-----------------+------------+-------------+-----------------+-----+--------+------+-----+----+------+-----+---------+------------------------------------------------+
| g1        | n/a   | BUFG/O          | None       |         186 |               0 | 168 |     18 |    0 |   0 |  0 |    0 |   0 |       0 | design_1_i/processing_system7_0/inst/FCLK_CLK0 |
| g2        | n/a   | BUFG/O          | None       |         826 |               0 | 806 |     18 |    0 |   0 |  0 |    0 |   0 |       0 | design_1_i/clk_wiz_0/inst/clk_out1             |
+-----------+-------+-----------------+------------+-------------+-----------------+-----+--------+------+-----+----+------+-----+---------+------------------------------------------------+
* Clock Loads column represents the clock pin loads (pin count)
** Non-Clock Loads column represents the non-clock pin loads (pin count)
*** Columns FF, LUTRAM, RAMB through 'Hard IP' represents load cell counts



# Location of BUFG Primitives 
set_property LOC BUFGCTRL_X0Y19 [get_cells design_1_i/processing_system7_0/inst/FCLK_CLK2_BUFG_inst]
set_property LOC BUFGCTRL_X0Y16 [get_cells design_1_i/processing_system7_0/inst/buffer_fclk_clk_1.FCLK_CLK_1_BUFG]
set_property LOC BUFGCTRL_X0Y17 [get_cells design_1_i/processing_system7_0/inst/buffer_fclk_clk_0.FCLK_CLK_0_BUFG]
set_property LOC BUFGCTRL_X0Y20 [get_cells design_1_i/clk_wiz_0/inst/clkf_buf]
set_property LOC BUFGCTRL_X0Y18 [get_cells design_1_i/clk_wiz_0/inst/clkout1_buf]

# Location of BUFIO Primitives 
set_property LOC BUFIO_X1Y5 [get_cells design_1_i/onsemi_vita_cam_0/U0/onsemi_vita_cam_v3_1_S00_AXI_inst/onsemi_vita_cam_core_inst/vita_iserdes_v5.vita_iserdes/serdesclockgen[0].ic/gen_hs_clk_in.gen_regional_hs_clk_in.BUFIO_regional_hs_clk_in]

# Location of BUFR Primitives 
set_property LOC BUFR_X1Y5 [get_cells design_1_i/onsemi_vita_cam_0/U0/onsemi_vita_cam_v3_1_S00_AXI_inst/vita_clk_div4_l]
set_property LOC BUFR_X1Y4 [get_cells design_1_i/onsemi_vita_cam_0/U0/onsemi_vita_cam_v3_1_S00_AXI_inst/onsemi_vita_cam_core_inst/vita_iserdes_v5.vita_iserdes/serdesclockgen[0].ic/gen_no_ls_clk_in.gen_regional_hs_clk_in.gen_multiplier_5.BUFR_regional_hs_clk_in]

# Location of IO Primitives which is load of clock spine

# Location of clock ports
set_property LOC IOB_X1Y73 [get_ports IO_VITA_CAM_clk_out_n]
set_property LOC IOB_X1Y74 [get_ports IO_VITA_CAM_clk_out_p]
set_property LOC IOB_X1Y76 [get_ports fmc_imageon_vclk]

# Clock net "design_1_i/processing_system7_0/inst/FCLK_CLK2_BUFG" driven by instance "design_1_i/processing_system7_0/inst/FCLK_CLK2_BUFG_inst" located at site "BUFGCTRL_X0Y19"
#startgroup
create_pblock {CLKAG_design_1_i/processing_system7_0/inst/FCLK_CLK2_BUFG}
add_cells_to_pblock [get_pblocks  {CLKAG_design_1_i/processing_system7_0/inst/FCLK_CLK2_BUFG}] [get_cells -filter { PRIMITIVE_GROUP != I/O && IS_PRIMITIVE==1 && PRIMITIVE_LEVEL !=INTERNAL } -of_object [get_pins -filter {DIRECTION==IN} -of_objects [get_nets -hierarchical -filter {PARENT=="design_1_i/processing_system7_0/inst/FCLK_CLK2_BUFG"}]]]
resize_pblock [get_pblocks {CLKAG_design_1_i/processing_system7_0/inst/FCLK_CLK2_BUFG}] -add {CLOCKREGION_X1Y1:CLOCKREGION_X1Y1}
#endgroup

# Clock net "design_1_i/processing_system7_0/inst/FCLK_CLK1" driven by instance "design_1_i/processing_system7_0/inst/buffer_fclk_clk_1.FCLK_CLK_1_BUFG" located at site "BUFGCTRL_X0Y16"
#startgroup
create_pblock {CLKAG_design_1_i/processing_system7_0/inst/FCLK_CLK1}
add_cells_to_pblock [get_pblocks  {CLKAG_design_1_i/processing_system7_0/inst/FCLK_CLK1}] [get_cells -filter { PRIMITIVE_GROUP != I/O && IS_PRIMITIVE==1 && PRIMITIVE_LEVEL !=INTERNAL } -of_object [get_pins -filter {DIRECTION==IN} -of_objects [get_nets -hierarchical -filter {PARENT=="design_1_i/processing_system7_0/inst/FCLK_CLK1"}]]]
resize_pblock [get_pblocks {CLKAG_design_1_i/processing_system7_0/inst/FCLK_CLK1}] -add {CLOCKREGION_X0Y0:CLOCKREGION_X0Y0 CLOCKREGION_X0Y1:CLOCKREGION_X0Y1 CLOCKREGION_X0Y2:CLOCKREGION_X0Y2 CLOCKREGION_X1Y0:CLOCKREGION_X1Y0}
#endgroup

# Clock net "design_1_i/processing_system7_0/inst/FCLK_CLK0" driven by instance "design_1_i/processing_system7_0/inst/buffer_fclk_clk_0.FCLK_CLK_0_BUFG" located at site "BUFGCTRL_X0Y17"
#startgroup
create_pblock {CLKAG_design_1_i/processing_system7_0/inst/FCLK_CLK0}
add_cells_to_pblock [get_pblocks  {CLKAG_design_1_i/processing_system7_0/inst/FCLK_CLK0}] [get_cells -filter { PRIMITIVE_GROUP != I/O && IS_PRIMITIVE==1 && PRIMITIVE_LEVEL !=INTERNAL } -of_object [get_pins -filter {DIRECTION==IN} -of_objects [get_nets -hierarchical -filter {PARENT=="design_1_i/processing_system7_0/inst/FCLK_CLK0"}]]]
resize_pblock [get_pblocks {CLKAG_design_1_i/processing_system7_0/inst/FCLK_CLK0}] -add {CLOCKREGION_X0Y0:CLOCKREGION_X0Y0 CLOCKREGION_X0Y1:CLOCKREGION_X0Y1 CLOCKREGION_X0Y2:CLOCKREGION_X0Y2 CLOCKREGION_X1Y0:CLOCKREGION_X1Y0 CLOCKREGION_X1Y1:CLOCKREGION_X1Y1 CLOCKREGION_X1Y2:CLOCKREGION_X1Y2}
#endgroup

# Clock net "design_1_i/onsemi_vita_cam_0/U0/onsemi_vita_cam_v3_1_S00_AXI_inst/vita_clk" driven by instance "design_1_i/onsemi_vita_cam_0/U0/onsemi_vita_cam_v3_1_S00_AXI_inst/vita_clk_div4_l" located at site "BUFR_X1Y5"
#startgroup
create_pblock {CLKAG_design_1_i/onsemi_vita_cam_0/U0/onsemi_vita_cam_v3_1_S00_AXI_inst/vita_clk}
add_cells_to_pblock [get_pblocks  {CLKAG_design_1_i/onsemi_vita_cam_0/U0/onsemi_vita_cam_v3_1_S00_AXI_inst/vita_clk}] [get_cells -filter { PRIMITIVE_GROUP != I/O && IS_PRIMITIVE==1 && PRIMITIVE_LEVEL !=INTERNAL } -of_object [get_pins -filter {DIRECTION==IN} -of_objects [get_nets -hierarchical -filter {PARENT=="design_1_i/onsemi_vita_cam_0/U0/onsemi_vita_cam_v3_1_S00_AXI_inst/vita_clk"}]]]
resize_pblock [get_pblocks {CLKAG_design_1_i/onsemi_vita_cam_0/U0/onsemi_vita_cam_v3_1_S00_AXI_inst/vita_clk}] -add {CLOCKREGION_X1Y1:CLOCKREGION_X1Y1}
#endgroup

# Clock net "design_1_i/onsemi_vita_cam_0/U0/onsemi_vita_cam_v3_1_S00_AXI_inst/onsemi_vita_cam_core_inst/vita_iserdes_v5.vita_iserdes/serdesclockgen[0].ic/CLKDIV" driven by instance "design_1_i/onsemi_vita_cam_0/U0/onsemi_vita_cam_v3_1_S00_AXI_inst/onsemi_vita_cam_core_inst/vita_iserdes_v5.vita_iserdes/serdesclockgen[0].ic/gen_no_ls_clk_in.gen_regional_hs_clk_in.gen_multiplier_5.BUFR_regional_hs_clk_in" located at site "BUFR_X1Y4"
#startgroup
create_pblock {CLKAG_design_1_i/onsemi_vita_cam_0/U0/onsemi_vita_cam_v3_1_S00_AXI_inst/onsemi_vita_cam_core_inst/vita_iserdes_v5.vita_iserdes/serdesclockgen[0].ic/CLKDIV}
add_cells_to_pblock [get_pblocks  {CLKAG_design_1_i/onsemi_vita_cam_0/U0/onsemi_vita_cam_v3_1_S00_AXI_inst/onsemi_vita_cam_core_inst/vita_iserdes_v5.vita_iserdes/serdesclockgen[0].ic/CLKDIV}] [get_cells -filter { PRIMITIVE_GROUP != I/O && IS_PRIMITIVE==1 && PRIMITIVE_LEVEL !=INTERNAL } -of_object [get_pins -filter {DIRECTION==IN} -of_objects [get_nets -hierarchical -filter {PARENT=="design_1_i/onsemi_vita_cam_0/U0/onsemi_vita_cam_v3_1_S00_AXI_inst/onsemi_vita_cam_core_inst/vita_iserdes_v5.vita_iserdes/serdesclockgen[0].ic/CLKDIV"}]]]
resize_pblock [get_pblocks {CLKAG_design_1_i/onsemi_vita_cam_0/U0/onsemi_vita_cam_v3_1_S00_AXI_inst/onsemi_vita_cam_core_inst/vita_iserdes_v5.vita_iserdes/serdesclockgen[0].ic/CLKDIV}] -add {CLOCKREGION_X1Y1:CLOCKREGION_X1Y1}
#endgroup

# Clock net "design_1_i/clk_wiz_0/inst/clk_out1" driven by instance "design_1_i/clk_wiz_0/inst/clkout1_buf" located at site "BUFGCTRL_X0Y18"
#startgroup
create_pblock {CLKAG_design_1_i/clk_wiz_0/inst/clk_out1}
add_cells_to_pblock [get_pblocks  {CLKAG_design_1_i/clk_wiz_0/inst/clk_out1}] [get_cells -filter { PRIMITIVE_GROUP != I/O && IS_PRIMITIVE==1 && PRIMITIVE_LEVEL !=INTERNAL && NAME!=design_1_i/onsemi_vita_cam_0/U0/onsemi_vita_cam_v3_1_S00_AXI_inst/vita_clk_div4_l} -of_object [get_pins -filter {DIRECTION==IN} -of_objects [get_nets -hierarchical -filter {PARENT=="design_1_i/clk_wiz_0/inst/clk_out1"}]]]
resize_pblock [get_pblocks {CLKAG_design_1_i/clk_wiz_0/inst/clk_out1}] -add {CLOCKREGION_X0Y0:CLOCKREGION_X0Y0 CLOCKREGION_X0Y1:CLOCKREGION_X0Y1 CLOCKREGION_X0Y2:CLOCKREGION_X0Y2 CLOCKREGION_X1Y0:CLOCKREGION_X1Y0 CLOCKREGION_X1Y1:CLOCKREGION_X1Y1 CLOCKREGION_X1Y2:CLOCKREGION_X1Y2}
#endgroup
