09:20:59 **** Build of project p3_UART0_bsp ****
make -k all 
'\\MY.FILES.IASTATE.EDU\Users\njknuth\Desktop\MP-4\Cpre488\MP-4\MP-4.sdk\p3_UART0_bsp'
"Running Make include in ps7_cortexa9_0/libsrc/bram_v4_1/src"
CMD.EXE was started with the above path as the current directory.
make -C ps7_cortexa9_0/libsrc/bram_v4_1/src -s include  "SHELL=CMD" "COMPILER=arm-none-eabi-gcc" "ARCHIVER=arm-none-eabi-ar" "COMPILER_FLAGS=  -O2 -c" "EXTRA_COMPILER_FLAGS=-mcpu=cortex-a9 -mfpu=vfpv3 -mfloat-abi=hard -nostartfiles -Wall -Wextra"
UNC paths are not supported.  Defaulting to Windows directory.
'\\MY.FILES.IASTATE.EDU\Users\njknuth\Desktop\MP-4\Cpre488\MP-4\MP-4.sdk\p3_UART0_bsp'
CMD.EXE was started with the above path as the current directory.
UNC paths are not supported.  Defaulting to Windows directory.
make: *** ps7_cortexa9_0/libsrc/bram_v4_1/src: No such file or directory.  Stop.
make: *** [ps7_cortexa9_0/libsrc/bram_v4_1/src/make.include] Error 2
'\\MY.FILES.IASTATE.EDU\Users\njknuth\Desktop\MP-4\Cpre488\MP-4\MP-4.sdk\p3_UART0_bsp'
CMD.EXE was started with the above path as the current directory.
"Running Make include in ps7_cortexa9_0/libsrc/coresightps_dcc_v1_4/src"
UNC paths are not supported.  Defaulting to Windows directory.
make -C ps7_cortexa9_0/libsrc/coresightps_dcc_v1_4/src -s include  "SHELL=CMD" "COMPILER=arm-none-eabi-gcc" "ARCHIVER=arm-none-eabi-ar" "COMPILER_FLAGS=  -O2 -c" "EXTRA_COMPILER_FLAGS=-mcpu=cortex-a9 -mfpu=vfpv3 -mfloat-abi=hard -nostartfiles -Wall -Wextra"
'\\MY.FILES.IASTATE.EDU\Users\njknuth\Desktop\MP-4\Cpre488\MP-4\MP-4.sdk\p3_UART0_bsp'
CMD.EXE was started with the above path as the current directory.
UNC paths are not supported.  Defaulting to Windows directory.
make: *** ps7_cortexa9_0/libsrc/coresightps_dcc_v1_4/src: No such file or directory.  Stop.
make: *** [ps7_cortexa9_0/libsrc/coresightps_dcc_v1_4/src/make.include] Error 2
'\\MY.FILES.IASTATE.EDU\Users\njknuth\Desktop\MP-4\Cpre488\MP-4\MP-4.sdk\p3_UART0_bsp'
"Running Make include in ps7_cortexa9_0/libsrc/cpu_cortexa9_v2_4/src"
CMD.EXE was started with the above path as the current directory.
make -C ps7_cortexa9_0/libsrc/cpu_cortexa9_v2_4/src -s include  "SHELL=CMD" "COMPILER=arm-none-eabi-gcc" "ARCHIVER=arm-none-eabi-ar" "COMPILER_FLAGS=  -O2 -c" "EXTRA_COMPILER_FLAGS=-mcpu=cortex-a9 -mfpu=vfpv3 -mfloat-abi=hard -nostartfiles -Wall -Wextra"
UNC paths are not supported.  Defaulting to Windows directory.
'\\MY.FILES.IASTATE.EDU\Users\njknuth\Desktop\MP-4\Cpre488\MP-4\MP-4.sdk\p3_UART0_bsp'
CMD.EXE was started with the above path as the current directory.
UNC paths are not supported.  Defaulting to Windows directory.
make: *** ps7_cortexa9_0/libsrc/cpu_cortexa9_v2_4/src: No such file or directory.  Stop.
make: *** [ps7_cortexa9_0/libsrc/cpu_cortexa9_v2_4/src/make.include] Error 2
'\\MY.FILES.IASTATE.EDU\Users\njknuth\Desktop\MP-4\Cpre488\MP-4\MP-4.sdk\p3_UART0_bsp'
"Running Make include in ps7_cortexa9_0/libsrc/ddrps_v1_0/src"
CMD.EXE was started with the above path as the current directory.
UNC paths are not supported.  Defaulting to Windows directory.
make -C ps7_cortexa9_0/libsrc/ddrps_v1_0/src -s include  "SHELL=CMD" "COMPILER=arm-none-eabi-gcc" "ARCHIVER=arm-none-eabi-ar" "COMPILER_FLAGS=  -O2 -c" "EXTRA_COMPILER_FLAGS=-mcpu=cortex-a9 -mfpu=vfpv3 -mfloat-abi=hard -nostartfiles -Wall -Wextra"
'\\MY.FILES.IASTATE.EDU\Users\njknuth\Desktop\MP-4\Cpre488\MP-4\MP-4.sdk\p3_UART0_bsp'
CMD.EXE was started with the above path as the current directory.
UNC paths are not supported.  Defaulting to Windows directory.
make: *** ps7_cortexa9_0/libsrc/ddrps_v1_0/src: No such file or directory.  Stop.
make: *** [ps7_cortexa9_0/libsrc/ddrps_v1_0/src/make.include] Error 2
'\\MY.FILES.IASTATE.EDU\Users\njknuth\Desktop\MP-4\Cpre488\MP-4\MP-4.sdk\p3_UART0_bsp'
"Running Make include in ps7_cortexa9_0/libsrc/devcfg_v3_4/src"
CMD.EXE was started with the above path as the current directory.
make -C ps7_cortexa9_0/libsrc/devcfg_v3_4/src -s include  "SHELL=CMD" "COMPILER=arm-none-eabi-gcc" "ARCHIVER=arm-none-eabi-ar" "COMPILER_FLAGS=  -O2 -c" "EXTRA_COMPILER_FLAGS=-mcpu=cortex-a9 -mfpu=vfpv3 -mfloat-abi=hard -nostartfiles -Wall -Wextra"
UNC paths are not supported.  Defaulting to Windows directory.
'\\MY.FILES.IASTATE.EDU\Users\njknuth\Desktop\MP-4\Cpre488\MP-4\MP-4.sdk\p3_UART0_bsp'
CMD.EXE was started with the above path as the current directory.
UNC paths are not supported.  Defaulting to Windows directory.
make: *** ps7_cortexa9_0/libsrc/devcfg_v3_4/src: No such file or directory.  Stop.
make: *** [ps7_cortexa9_0/libsrc/devcfg_v3_4/src/make.include] Error 2
'\\MY.FILES.IASTATE.EDU\Users\njknuth\Desktop\MP-4\Cpre488\MP-4\MP-4.sdk\p3_UART0_bsp'
CMD.EXE was started with the above path as the current directory.
UNC paths are not supported.  Defaulting to Windows directory.
"Running Make include in ps7_cortexa9_0/libsrc/dmaps_v2_3/src"
make -C ps7_cortexa9_0/libsrc/dmaps_v2_3/src -s include  "SHELL=CMD" "COMPILER=arm-none-eabi-gcc" "ARCHIVER=arm-none-eabi-ar" "COMPILER_FLAGS=  -O2 -c" "EXTRA_COMPILER_FLAGS=-mcpu=cortex-a9 -mfpu=vfpv3 -mfloat-abi=hard -nostartfiles -Wall -Wextra"
'\\MY.FILES.IASTATE.EDU\Users\njknuth\Desktop\MP-4\Cpre488\MP-4\MP-4.sdk\p3_UART0_bsp'
CMD.EXE was started with the above path as the current directory.
UNC paths are not supported.  Defaulting to Windows directory.
make: *** ps7_cortexa9_0/libsrc/dmaps_v2_3/src: No such file or directory.  Stop.
make: *** [ps7_cortexa9_0/libsrc/dmaps_v2_3/src/make.include] Error 2
'\\MY.FILES.IASTATE.EDU\Users\njknuth\Desktop\MP-4\Cpre488\MP-4\MP-4.sdk\p3_UART0_bsp'
CMD.EXE was started with the above path as the current directory.
"Running Make include in ps7_cortexa9_0/libsrc/emacps_v3_4/src"
UNC paths are not supported.  Defaulting to Windows directory.
make -C ps7_cortexa9_0/libsrc/emacps_v3_4/src -s include  "SHELL=CMD" "COMPILER=arm-none-eabi-gcc" "ARCHIVER=arm-none-eabi-ar" "COMPILER_FLAGS=  -O2 -c" "EXTRA_COMPILER_FLAGS=-mcpu=cortex-a9 -mfpu=vfpv3 -mfloat-abi=hard -nostartfiles -Wall -Wextra"
'\\MY.FILES.IASTATE.EDU\Users\njknuth\Desktop\MP-4\Cpre488\MP-4\MP-4.sdk\p3_UART0_bsp'
CMD.EXE was started with the above path as the current directory.
UNC paths are not supported.  Defaulting to Windows directory.
make: *** ps7_cortexa9_0/libsrc/emacps_v3_4/src: No such file or directory.  Stop.
make: *** [ps7_cortexa9_0/libsrc/emacps_v3_4/src/make.include] Error 2
'\\MY.FILES.IASTATE.EDU\Users\njknuth\Desktop\MP-4\Cpre488\MP-4\MP-4.sdk\p3_UART0_bsp'
CMD.EXE was started with the above path as the current directory.
UNC paths are not supported.  Defaulting to Windows directory.
"Running Make include in ps7_cortexa9_0/libsrc/gpio_v4_3/src"
make -C ps7_cortexa9_0/libsrc/gpio_v4_3/src -s include  "SHELL=CMD" "COMPILER=arm-none-eabi-gcc" "ARCHIVER=arm-none-eabi-ar" "COMPILER_FLAGS=  -O2 -c" "EXTRA_COMPILER_FLAGS=-mcpu=cortex-a9 -mfpu=vfpv3 -mfloat-abi=hard -nostartfiles -Wall -Wextra"
'\\MY.FILES.IASTATE.EDU\Users\njknuth\Desktop\MP-4\Cpre488\MP-4\MP-4.sdk\p3_UART0_bsp'
CMD.EXE was started with the above path as the current directory.
UNC paths are not supported.  Defaulting to Windows directory.
make: *** ps7_cortexa9_0/libsrc/gpio_v4_3/src: No such file or directory.  Stop.
make: *** [ps7_cortexa9_0/libsrc/gpio_v4_3/src/make.include] Error 2
'\\MY.FILES.IASTATE.EDU\Users\njknuth\Desktop\MP-4\Cpre488\MP-4\MP-4.sdk\p3_UART0_bsp'
"Running Make include in ps7_cortexa9_0/libsrc/gpiops_v3_2/src"
CMD.EXE was started with the above path as the current directory.
UNC paths are not supported.  Defaulting to Windows directory.
make -C ps7_cortexa9_0/libsrc/gpiops_v3_2/src -s include  "SHELL=CMD" "COMPILER=arm-none-eabi-gcc" "ARCHIVER=arm-none-eabi-ar" "COMPILER_FLAGS=  -O2 -c" "EXTRA_COMPILER_FLAGS=-mcpu=cortex-a9 -mfpu=vfpv3 -mfloat-abi=hard -nostartfiles -Wall -Wextra"
'\\MY.FILES.IASTATE.EDU\Users\njknuth\Desktop\MP-4\Cpre488\MP-4\MP-4.sdk\p3_UART0_bsp'
CMD.EXE was started with the above path as the current directory.
UNC paths are not supported.  Defaulting to Windows directory.
make: *** ps7_cortexa9_0/libsrc/gpiops_v3_2/src: No such file or directory.  Stop.
make: *** [ps7_cortexa9_0/libsrc/gpiops_v3_2/src/make.include] Error 2
'\\MY.FILES.IASTATE.EDU\Users\njknuth\Desktop\MP-4\Cpre488\MP-4\MP-4.sdk\p3_UART0_bsp'
"Running Make include in ps7_cortexa9_0/libsrc/qspips_v3_3/src"
CMD.EXE was started with the above path as the current directory.
UNC paths are not supported.  Defaulting to Windows directory.
make -C ps7_cortexa9_0/libsrc/qspips_v3_3/src -s include  "SHELL=CMD" "COMPILER=arm-none-eabi-gcc" "ARCHIVER=arm-none-eabi-ar" "COMPILER_FLAGS=  -O2 -c" "EXTRA_COMPILER_FLAGS=-mcpu=cortex-a9 -mfpu=vfpv3 -mfloat-abi=hard -nostartfiles -Wall -Wextra"
'\\MY.FILES.IASTATE.EDU\Users\njknuth\Desktop\MP-4\Cpre488\MP-4\MP-4.sdk\p3_UART0_bsp'
CMD.EXE was started with the above path as the current directory.
UNC paths are not supported.  Defaulting to Windows directory.
make: *** ps7_cortexa9_0/libsrc/qspips_v3_3/src: No such file or directory.  Stop.
make: *** [ps7_cortexa9_0/libsrc/qspips_v3_3/src/make.include] Error 2
'\\MY.FILES.IASTATE.EDU\Users\njknuth\Desktop\MP-4\Cpre488\MP-4\MP-4.sdk\p3_UART0_bsp'
"Running Make include in ps7_cortexa9_0/libsrc/scugic_v3_6/src"
CMD.EXE was started with the above path as the current directory.
make -C ps7_cortexa9_0/libsrc/scugic_v3_6/src -s include  "SHELL=CMD" "COMPILER=arm-none-eabi-gcc" "ARCHIVER=arm-none-eabi-ar" "COMPILER_FLAGS=  -O2 -c" "EXTRA_COMPILER_FLAGS=-mcpu=cortex-a9 -mfpu=vfpv3 -mfloat-abi=hard -nostartfiles -Wall -Wextra"
UNC paths are not supported.  Defaulting to Windows directory.
'\\MY.FILES.IASTATE.EDU\Users\njknuth\Desktop\MP-4\Cpre488\MP-4\MP-4.sdk\p3_UART0_bsp'
CMD.EXE was started with the above path as the current directory.
UNC paths are not supported.  Defaulting to Windows directory.
make: *** ps7_cortexa9_0/libsrc/scugic_v3_6/src: No such file or directory.  Stop.
make: *** [ps7_cortexa9_0/libsrc/scugic_v3_6/src/make.include] Error 2
'\\MY.FILES.IASTATE.EDU\Users\njknuth\Desktop\MP-4\Cpre488\MP-4\MP-4.sdk\p3_UART0_bsp'
"Running Make include in ps7_cortexa9_0/libsrc/scutimer_v2_1/src"
CMD.EXE was started with the above path as the current directory.
make -C ps7_cortexa9_0/libsrc/scutimer_v2_1/src -s include  "SHELL=CMD" "COMPILER=arm-none-eabi-gcc" "ARCHIVER=arm-none-eabi-ar" "COMPILER_FLAGS=  -O2 -c" "EXTRA_COMPILER_FLAGS=-mcpu=cortex-a9 -mfpu=vfpv3 -mfloat-abi=hard -nostartfiles -Wall -Wextra"
UNC paths are not supported.  Defaulting to Windows directory.
'\\MY.FILES.IASTATE.EDU\Users\njknuth\Desktop\MP-4\Cpre488\MP-4\MP-4.sdk\p3_UART0_bsp'
CMD.EXE was started with the above path as the current directory.
UNC paths are not supported.  Defaulting to Windows directory.
make: *** ps7_cortexa9_0/libsrc/scutimer_v2_1/src: No such file or directory.  Stop.
make: *** [ps7_cortexa9_0/libsrc/scutimer_v2_1/src/make.include] Error 2
'\\MY.FILES.IASTATE.EDU\Users\njknuth\Desktop\MP-4\Cpre488\MP-4\MP-4.sdk\p3_UART0_bsp'
"Running Make include in ps7_cortexa9_0/libsrc/scuwdt_v2_1/src"
CMD.EXE was started with the above path as the current directory.
make -C ps7_cortexa9_0/libsrc/scuwdt_v2_1/src -s include  "SHELL=CMD" "COMPILER=arm-none-eabi-gcc" "ARCHIVER=arm-none-eabi-ar" "COMPILER_FLAGS=  -O2 -c" "EXTRA_COMPILER_FLAGS=-mcpu=cortex-a9 -mfpu=vfpv3 -mfloat-abi=hard -nostartfiles -Wall -Wextra"
UNC paths are not supported.  Defaulting to Windows directory.
'\\MY.FILES.IASTATE.EDU\Users\njknuth\Desktop\MP-4\Cpre488\MP-4\MP-4.sdk\p3_UART0_bsp'
CMD.EXE was started with the above path as the current directory.
UNC paths are not supported.  Defaulting to Windows directory.
make: *** ps7_cortexa9_0/libsrc/scuwdt_v2_1/src: No such file or directory.  Stop.
make: *** [ps7_cortexa9_0/libsrc/scuwdt_v2_1/src/make.include] Error 2
'\\MY.FILES.IASTATE.EDU\Users\njknuth\Desktop\MP-4\Cpre488\MP-4\MP-4.sdk\p3_UART0_bsp'
"Running Make include in ps7_cortexa9_0/libsrc/sdps_v3_2/src"
CMD.EXE was started with the above path as the current directory.
UNC paths are not supported.  Defaulting to Windows directory.
make -C ps7_cortexa9_0/libsrc/sdps_v3_2/src -s include  "SHELL=CMD" "COMPILER=arm-none-eabi-gcc" "ARCHIVER=arm-none-eabi-ar" "COMPILER_FLAGS=  -O2 -c" "EXTRA_COMPILER_FLAGS=-mcpu=cortex-a9 -mfpu=vfpv3 -mfloat-abi=hard -nostartfiles -Wall -Wextra"
'\\MY.FILES.IASTATE.EDU\Users\njknuth\Desktop\MP-4\Cpre488\MP-4\MP-4.sdk\p3_UART0_bsp'
CMD.EXE was started with the above path as the current directory.
UNC paths are not supported.  Defaulting to Windows directory.
make: *** ps7_cortexa9_0/libsrc/sdps_v3_2/src: No such file or directory.  Stop.
make: *** [ps7_cortexa9_0/libsrc/sdps_v3_2/src/make.include] Error 2
'\\MY.FILES.IASTATE.EDU\Users\njknuth\Desktop\MP-4\Cpre488\MP-4\MP-4.sdk\p3_UART0_bsp'
"Running Make include in ps7_cortexa9_0/libsrc/standalone_v6_2/src"
CMD.EXE was started with the above path as the current directory.
make -C ps7_cortexa9_0/libsrc/standalone_v6_2/src -s include  "SHELL=CMD" "COMPILER=arm-none-eabi-gcc" "ARCHIVER=arm-none-eabi-ar" "COMPILER_FLAGS=  -O2 -c" "EXTRA_COMPILER_FLAGS=-mcpu=cortex-a9 -mfpu=vfpv3 -mfloat-abi=hard -nostartfiles -Wall -Wextra"
UNC paths are not supported.  Defaulting to Windows directory.
'\\MY.FILES.IASTATE.EDU\Users\njknuth\Desktop\MP-4\Cpre488\MP-4\MP-4.sdk\p3_UART0_bsp'
CMD.EXE was started with the above path as the current directory.
UNC paths are not supported.  Defaulting to Windows directory.
make: *** ps7_cortexa9_0/libsrc/standalone_v6_2/src: No such file or directory.  Stop.
make: *** [ps7_cortexa9_0/libsrc/standalone_v6_2/src/make.include] Error 2
'\\MY.FILES.IASTATE.EDU\Users\njknuth\Desktop\MP-4\Cpre488\MP-4\MP-4.sdk\p3_UART0_bsp'
"Running Make include in ps7_cortexa9_0/libsrc/ttcps_v3_3/src"
CMD.EXE was started with the above path as the current directory.
UNC paths are not supported.  Defaulting to Windows directory.
make -C ps7_cortexa9_0/libsrc/ttcps_v3_3/src -s include  "SHELL=CMD" "COMPILER=arm-none-eabi-gcc" "ARCHIVER=arm-none-eabi-ar" "COMPILER_FLAGS=  -O2 -c" "EXTRA_COMPILER_FLAGS=-mcpu=cortex-a9 -mfpu=vfpv3 -mfloat-abi=hard -nostartfiles -Wall -Wextra"
'\\MY.FILES.IASTATE.EDU\Users\njknuth\Desktop\MP-4\Cpre488\MP-4\MP-4.sdk\p3_UART0_bsp'
CMD.EXE was started with the above path as the current directory.
UNC paths are not supported.  Defaulting to Windows directory.
make: *** ps7_cortexa9_0/libsrc/ttcps_v3_3/src: No such file or directory.  Stop.
make: *** [ps7_cortexa9_0/libsrc/ttcps_v3_3/src/make.include] Error 2
'\\MY.FILES.IASTATE.EDU\Users\njknuth\Desktop\MP-4\Cpre488\MP-4\MP-4.sdk\p3_UART0_bsp'
"Running Make include in ps7_cortexa9_0/libsrc/uartps_v3_4/src"
CMD.EXE was started with the above path as the current directory.
make -C ps7_cortexa9_0/libsrc/uartps_v3_4/src -s include  "SHELL=CMD" "COMPILER=arm-none-eabi-gcc" "ARCHIVER=arm-none-eabi-ar" "COMPILER_FLAGS=  -O2 -c" "EXTRA_COMPILER_FLAGS=-mcpu=cortex-a9 -mfpu=vfpv3 -mfloat-abi=hard -nostartfiles -Wall -Wextra"
UNC paths are not supported.  Defaulting to Windows directory.
'\\MY.FILES.IASTATE.EDU\Users\njknuth\Desktop\MP-4\Cpre488\MP-4\MP-4.sdk\p3_UART0_bsp'
CMD.EXE was started with the above path as the current directory.
UNC paths are not supported.  Defaulting to Windows directory.
make: *** ps7_cortexa9_0/libsrc/uartps_v3_4/src: No such file or directory.  Stop.
make: *** [ps7_cortexa9_0/libsrc/uartps_v3_4/src/make.include] Error 2
'\\MY.FILES.IASTATE.EDU\Users\njknuth\Desktop\MP-4\Cpre488\MP-4\MP-4.sdk\p3_UART0_bsp'
CMD.EXE was started with the above path as the current directory.
UNC paths are not supported.  Defaulting to Windows directory.
"Running Make include in ps7_cortexa9_0/libsrc/usbps_v2_4/src"
make -C ps7_cortexa9_0/libsrc/usbps_v2_4/src -s include  "SHELL=CMD" "COMPILER=arm-none-eabi-gcc" "ARCHIVER=arm-none-eabi-ar" "COMPILER_FLAGS=  -O2 -c" "EXTRA_COMPILER_FLAGS=-mcpu=cortex-a9 -mfpu=vfpv3 -mfloat-abi=hard -nostartfiles -Wall -Wextra"
'\\MY.FILES.IASTATE.EDU\Users\njknuth\Desktop\MP-4\Cpre488\MP-4\MP-4.sdk\p3_UART0_bsp'
CMD.EXE was started with the above path as the current directory.
UNC paths are not supported.  Defaulting to Windows directory.
make: *** ps7_cortexa9_0/libsrc/usbps_v2_4/src: No such file or directory.  Stop.
make: *** [ps7_cortexa9_0/libsrc/usbps_v2_4/src/make.include] Error 2
'\\MY.FILES.IASTATE.EDU\Users\njknuth\Desktop\MP-4\Cpre488\MP-4\MP-4.sdk\p3_UART0_bsp'
"Running Make include in ps7_cortexa9_0/libsrc/xadcps_v2_2/src"
CMD.EXE was started with the above path as the current directory.
make -C ps7_cortexa9_0/libsrc/xadcps_v2_2/src -s include  "SHELL=CMD" "COMPILER=arm-none-eabi-gcc" "ARCHIVER=arm-none-eabi-ar" "COMPILER_FLAGS=  -O2 -c" "EXTRA_COMPILER_FLAGS=-mcpu=cortex-a9 -mfpu=vfpv3 -mfloat-abi=hard -nostartfiles -Wall -Wextra"
UNC paths are not supported.  Defaulting to Windows directory.
'\\MY.FILES.IASTATE.EDU\Users\njknuth\Desktop\MP-4\Cpre488\MP-4\MP-4.sdk\p3_UART0_bsp'
CMD.EXE was started with the above path as the current directory.
UNC paths are not supported.  Defaulting to Windows directory.
make: *** ps7_cortexa9_0/libsrc/xadcps_v2_2/src: No such file or directory.  Stop.
make: *** [ps7_cortexa9_0/libsrc/xadcps_v2_2/src/make.include] Error 2
make: Target `all' not remade because of errors.

09:21:00 Build Finished (took 1s.164ms)

