
*** Running vivado
    with args -log design_1_sha256_hasher_0_1.vds -m64 -product Vivado -mode batch -messageDb vivado.pb -notrace -source design_1_sha256_hasher_0_1.tcl



****** Vivado v2017.1_sdx (64-bit)
  **** SW Build 1915620 on Thu Jun 22 17:54:58 MDT 2017
  **** IP Build 1908669 on Thu Jun 22 19:20:41 MDT 2017
    ** Copyright 1986-2017 Xilinx, Inc. All Rights Reserved.

INFO: [Common 17-1460] Use of init.tcl in C:/Xilinx/SDx/2017.1/Vivado/scripts/init.tcl is deprecated. Please use Vivado_init.tcl 
Sourcing tcl script 'C:/Xilinx/SDx/2017.1/Vivado/scripts/init.tcl'
16 Beta devices matching pattern found, 0 enabled.
Loaded SDSoC Platform Tcl Library
source design_1_sha256_hasher_0_1.tcl -notrace
Command: synth_design -top design_1_sha256_hasher_0_1 -part xc7z020clg484-1 -mode out_of_context
Starting synth_design
Attempting to get a license for feature 'Synthesis' and/or device 'xc7z020-clg484'
INFO: [Common 17-349] Got license for feature 'Synthesis' and/or device 'xc7z020-clg484'
INFO: Launching helper process for spawning children vivado processes
INFO: Helper process launched with PID 9140 
---------------------------------------------------------------------------------
Starting RTL Elaboration : Time (s): cpu = 00:00:04 ; elapsed = 00:00:05 . Memory (MB): peak = 322.191 ; gain = 74.094
---------------------------------------------------------------------------------
INFO: [Synth 8-638] synthesizing module 'design_1_sha256_hasher_0_1' [u:/Desktop/MP-4/Cpre488/Final Project/Xilinx/premade_sha256.srcs/sources_1/bd/design_1/ip/design_1_sha256_hasher_0_1/synth/design_1_sha256_hasher_0_1.vhd:82]
	Parameter C_S00_AXI_DATA_WIDTH bound to: 32 - type: integer 
	Parameter C_S00_AXI_ADDR_WIDTH bound to: 8 - type: integer 
INFO: [Synth 8-3491] module 'sha256_hasher_v1_0' declared at 'u:/Desktop/MP-4/Cpre488/Final Project/Xilinx/premade_sha256.srcs/sources_1/bd/design_1/ipshared/ebd9/hdl/sha256_hasher_v1_0.vhd:5' bound to instance 'U0' of component 'sha256_hasher_v1_0' [u:/Desktop/MP-4/Cpre488/Final Project/Xilinx/premade_sha256.srcs/sources_1/bd/design_1/ip/design_1_sha256_hasher_0_1/synth/design_1_sha256_hasher_0_1.vhd:141]
INFO: [Synth 8-638] synthesizing module 'sha256_hasher_v1_0' [u:/Desktop/MP-4/Cpre488/Final Project/Xilinx/premade_sha256.srcs/sources_1/bd/design_1/ipshared/ebd9/hdl/sha256_hasher_v1_0.vhd:49]
	Parameter C_S00_AXI_DATA_WIDTH bound to: 32 - type: integer 
	Parameter C_S00_AXI_ADDR_WIDTH bound to: 8 - type: integer 
	Parameter C_S_AXI_DATA_WIDTH bound to: 32 - type: integer 
	Parameter C_S_AXI_ADDR_WIDTH bound to: 8 - type: integer 
INFO: [Synth 8-3491] module 'sha256_hasher_v1_0_S00_AXI' declared at 'u:/Desktop/MP-4/Cpre488/Final Project/Xilinx/premade_sha256.srcs/sources_1/bd/design_1/ipshared/ebd9/hdl/sha256_hasher_v1_0_S00_AXI.vhd:11' bound to instance 'sha256_hasher_v1_0_S00_AXI_inst' of component 'sha256_hasher_v1_0_S00_AXI' [u:/Desktop/MP-4/Cpre488/Final Project/Xilinx/premade_sha256.srcs/sources_1/bd/design_1/ipshared/ebd9/hdl/sha256_hasher_v1_0.vhd:85]
INFO: [Synth 8-638] synthesizing module 'sha256_hasher_v1_0_S00_AXI' [u:/Desktop/MP-4/Cpre488/Final Project/Xilinx/premade_sha256.srcs/sources_1/bd/design_1/ipshared/ebd9/hdl/sha256_hasher_v1_0_S00_AXI.vhd:92]
	Parameter C_S_AXI_DATA_WIDTH bound to: 32 - type: integer 
	Parameter C_S_AXI_ADDR_WIDTH bound to: 8 - type: integer 
INFO: [Synth 8-638] synthesizing module 'sha256' [u:/Desktop/MP-4/Cpre488/Final Project/Xilinx/premade_sha256.srcs/sources_1/bd/design_1/ipshared/ebd9/src/sha256.vhd:37]
INFO: [Synth 8-256] done synthesizing module 'sha256' (1#1) [u:/Desktop/MP-4/Cpre488/Final Project/Xilinx/premade_sha256.srcs/sources_1/bd/design_1/ipshared/ebd9/src/sha256.vhd:37]
INFO: [Synth 8-226] default block is never used [u:/Desktop/MP-4/Cpre488/Final Project/Xilinx/premade_sha256.srcs/sources_1/bd/design_1/ipshared/ebd9/hdl/sha256_hasher_v1_0_S00_AXI.vhd:371]
WARNING: [Synth 8-6014] Unused sequential element axi_awaddr_reg was removed.  [u:/Desktop/MP-4/Cpre488/Final Project/Xilinx/premade_sha256.srcs/sources_1/bd/design_1/ipshared/ebd9/hdl/sha256_hasher_v1_0_S00_AXI.vhd:256]
WARNING: [Synth 8-6014] Unused sequential element slv_reg1_reg was removed.  [u:/Desktop/MP-4/Cpre488/Final Project/Xilinx/premade_sha256.srcs/sources_1/bd/design_1/ipshared/ebd9/hdl/sha256_hasher_v1_0_S00_AXI.vhd:305]
WARNING: [Synth 8-6014] Unused sequential element slv_reg2_reg was removed.  [u:/Desktop/MP-4/Cpre488/Final Project/Xilinx/premade_sha256.srcs/sources_1/bd/design_1/ipshared/ebd9/hdl/sha256_hasher_v1_0_S00_AXI.vhd:306]
WARNING: [Synth 8-6014] Unused sequential element slv_reg3_reg was removed.  [u:/Desktop/MP-4/Cpre488/Final Project/Xilinx/premade_sha256.srcs/sources_1/bd/design_1/ipshared/ebd9/hdl/sha256_hasher_v1_0_S00_AXI.vhd:307]
WARNING: [Synth 8-6014] Unused sequential element slv_reg4_reg was removed.  [u:/Desktop/MP-4/Cpre488/Final Project/Xilinx/premade_sha256.srcs/sources_1/bd/design_1/ipshared/ebd9/hdl/sha256_hasher_v1_0_S00_AXI.vhd:308]
WARNING: [Synth 8-6014] Unused sequential element slv_reg5_reg was removed.  [u:/Desktop/MP-4/Cpre488/Final Project/Xilinx/premade_sha256.srcs/sources_1/bd/design_1/ipshared/ebd9/hdl/sha256_hasher_v1_0_S00_AXI.vhd:309]
WARNING: [Synth 8-6014] Unused sequential element slv_reg6_reg was removed.  [u:/Desktop/MP-4/Cpre488/Final Project/Xilinx/premade_sha256.srcs/sources_1/bd/design_1/ipshared/ebd9/hdl/sha256_hasher_v1_0_S00_AXI.vhd:310]
WARNING: [Synth 8-6014] Unused sequential element slv_reg7_reg was removed.  [u:/Desktop/MP-4/Cpre488/Final Project/Xilinx/premade_sha256.srcs/sources_1/bd/design_1/ipshared/ebd9/hdl/sha256_hasher_v1_0_S00_AXI.vhd:311]
WARNING: [Synth 8-6014] Unused sequential element slv_reg8_reg was removed.  [u:/Desktop/MP-4/Cpre488/Final Project/Xilinx/premade_sha256.srcs/sources_1/bd/design_1/ipshared/ebd9/hdl/sha256_hasher_v1_0_S00_AXI.vhd:312]
WARNING: [Synth 8-6014] Unused sequential element slv_reg9_reg was removed.  [u:/Desktop/MP-4/Cpre488/Final Project/Xilinx/premade_sha256.srcs/sources_1/bd/design_1/ipshared/ebd9/hdl/sha256_hasher_v1_0_S00_AXI.vhd:313]
WARNING: [Synth 8-6014] Unused sequential element slv_reg10_reg was removed.  [u:/Desktop/MP-4/Cpre488/Final Project/Xilinx/premade_sha256.srcs/sources_1/bd/design_1/ipshared/ebd9/hdl/sha256_hasher_v1_0_S00_AXI.vhd:314]
WARNING: [Synth 8-6014] Unused sequential element slv_reg11_reg was removed.  [u:/Desktop/MP-4/Cpre488/Final Project/Xilinx/premade_sha256.srcs/sources_1/bd/design_1/ipshared/ebd9/hdl/sha256_hasher_v1_0_S00_AXI.vhd:315]
WARNING: [Synth 8-6014] Unused sequential element slv_reg12_reg was removed.  [u:/Desktop/MP-4/Cpre488/Final Project/Xilinx/premade_sha256.srcs/sources_1/bd/design_1/ipshared/ebd9/hdl/sha256_hasher_v1_0_S00_AXI.vhd:316]
WARNING: [Synth 8-6014] Unused sequential element slv_reg13_reg was removed.  [u:/Desktop/MP-4/Cpre488/Final Project/Xilinx/premade_sha256.srcs/sources_1/bd/design_1/ipshared/ebd9/hdl/sha256_hasher_v1_0_S00_AXI.vhd:317]
WARNING: [Synth 8-6014] Unused sequential element slv_reg14_reg was removed.  [u:/Desktop/MP-4/Cpre488/Final Project/Xilinx/premade_sha256.srcs/sources_1/bd/design_1/ipshared/ebd9/hdl/sha256_hasher_v1_0_S00_AXI.vhd:318]
WARNING: [Synth 8-6014] Unused sequential element slv_reg15_reg was removed.  [u:/Desktop/MP-4/Cpre488/Final Project/Xilinx/premade_sha256.srcs/sources_1/bd/design_1/ipshared/ebd9/hdl/sha256_hasher_v1_0_S00_AXI.vhd:319]
WARNING: [Synth 8-6014] Unused sequential element slv_reg16_reg was removed.  [u:/Desktop/MP-4/Cpre488/Final Project/Xilinx/premade_sha256.srcs/sources_1/bd/design_1/ipshared/ebd9/hdl/sha256_hasher_v1_0_S00_AXI.vhd:320]
WARNING: [Synth 8-6014] Unused sequential element slv_reg17_reg was removed.  [u:/Desktop/MP-4/Cpre488/Final Project/Xilinx/premade_sha256.srcs/sources_1/bd/design_1/ipshared/ebd9/hdl/sha256_hasher_v1_0_S00_AXI.vhd:321]
WARNING: [Synth 8-6014] Unused sequential element slv_reg18_reg was removed.  [u:/Desktop/MP-4/Cpre488/Final Project/Xilinx/premade_sha256.srcs/sources_1/bd/design_1/ipshared/ebd9/hdl/sha256_hasher_v1_0_S00_AXI.vhd:322]
WARNING: [Synth 8-6014] Unused sequential element slv_reg19_reg was removed.  [u:/Desktop/MP-4/Cpre488/Final Project/Xilinx/premade_sha256.srcs/sources_1/bd/design_1/ipshared/ebd9/hdl/sha256_hasher_v1_0_S00_AXI.vhd:323]
WARNING: [Synth 8-6014] Unused sequential element slv_reg20_reg was removed.  [u:/Desktop/MP-4/Cpre488/Final Project/Xilinx/premade_sha256.srcs/sources_1/bd/design_1/ipshared/ebd9/hdl/sha256_hasher_v1_0_S00_AXI.vhd:324]
WARNING: [Synth 8-6014] Unused sequential element slv_reg21_reg was removed.  [u:/Desktop/MP-4/Cpre488/Final Project/Xilinx/premade_sha256.srcs/sources_1/bd/design_1/ipshared/ebd9/hdl/sha256_hasher_v1_0_S00_AXI.vhd:325]
WARNING: [Synth 8-6014] Unused sequential element slv_reg22_reg was removed.  [u:/Desktop/MP-4/Cpre488/Final Project/Xilinx/premade_sha256.srcs/sources_1/bd/design_1/ipshared/ebd9/hdl/sha256_hasher_v1_0_S00_AXI.vhd:326]
WARNING: [Synth 8-6014] Unused sequential element slv_reg23_reg was removed.  [u:/Desktop/MP-4/Cpre488/Final Project/Xilinx/premade_sha256.srcs/sources_1/bd/design_1/ipshared/ebd9/hdl/sha256_hasher_v1_0_S00_AXI.vhd:327]
WARNING: [Synth 8-6014] Unused sequential element slv_reg24_reg was removed.  [u:/Desktop/MP-4/Cpre488/Final Project/Xilinx/premade_sha256.srcs/sources_1/bd/design_1/ipshared/ebd9/hdl/sha256_hasher_v1_0_S00_AXI.vhd:328]
WARNING: [Synth 8-6014] Unused sequential element slv_reg25_reg was removed.  [u:/Desktop/MP-4/Cpre488/Final Project/Xilinx/premade_sha256.srcs/sources_1/bd/design_1/ipshared/ebd9/hdl/sha256_hasher_v1_0_S00_AXI.vhd:329]
WARNING: [Synth 8-6014] Unused sequential element slv_reg26_reg was removed.  [u:/Desktop/MP-4/Cpre488/Final Project/Xilinx/premade_sha256.srcs/sources_1/bd/design_1/ipshared/ebd9/hdl/sha256_hasher_v1_0_S00_AXI.vhd:330]
WARNING: [Synth 8-6014] Unused sequential element slv_reg27_reg was removed.  [u:/Desktop/MP-4/Cpre488/Final Project/Xilinx/premade_sha256.srcs/sources_1/bd/design_1/ipshared/ebd9/hdl/sha256_hasher_v1_0_S00_AXI.vhd:331]
WARNING: [Synth 8-6014] Unused sequential element slv_reg28_reg was removed.  [u:/Desktop/MP-4/Cpre488/Final Project/Xilinx/premade_sha256.srcs/sources_1/bd/design_1/ipshared/ebd9/hdl/sha256_hasher_v1_0_S00_AXI.vhd:332]
WARNING: [Synth 8-6014] Unused sequential element slv_reg29_reg was removed.  [u:/Desktop/MP-4/Cpre488/Final Project/Xilinx/premade_sha256.srcs/sources_1/bd/design_1/ipshared/ebd9/hdl/sha256_hasher_v1_0_S00_AXI.vhd:333]
WARNING: [Synth 8-6014] Unused sequential element slv_reg30_reg was removed.  [u:/Desktop/MP-4/Cpre488/Final Project/Xilinx/premade_sha256.srcs/sources_1/bd/design_1/ipshared/ebd9/hdl/sha256_hasher_v1_0_S00_AXI.vhd:334]
WARNING: [Synth 8-6014] Unused sequential element slv_reg31_reg was removed.  [u:/Desktop/MP-4/Cpre488/Final Project/Xilinx/premade_sha256.srcs/sources_1/bd/design_1/ipshared/ebd9/hdl/sha256_hasher_v1_0_S00_AXI.vhd:335]
WARNING: [Synth 8-6014] Unused sequential element slv_reg32_reg was removed.  [u:/Desktop/MP-4/Cpre488/Final Project/Xilinx/premade_sha256.srcs/sources_1/bd/design_1/ipshared/ebd9/hdl/sha256_hasher_v1_0_S00_AXI.vhd:336]
WARNING: [Synth 8-6014] Unused sequential element slv_reg33_reg was removed.  [u:/Desktop/MP-4/Cpre488/Final Project/Xilinx/premade_sha256.srcs/sources_1/bd/design_1/ipshared/ebd9/hdl/sha256_hasher_v1_0_S00_AXI.vhd:337]
WARNING: [Synth 8-6014] Unused sequential element slv_reg34_reg was removed.  [u:/Desktop/MP-4/Cpre488/Final Project/Xilinx/premade_sha256.srcs/sources_1/bd/design_1/ipshared/ebd9/hdl/sha256_hasher_v1_0_S00_AXI.vhd:338]
WARNING: [Synth 8-6014] Unused sequential element slv_reg35_reg was removed.  [u:/Desktop/MP-4/Cpre488/Final Project/Xilinx/premade_sha256.srcs/sources_1/bd/design_1/ipshared/ebd9/hdl/sha256_hasher_v1_0_S00_AXI.vhd:339]
WARNING: [Synth 8-6014] Unused sequential element slv_reg36_reg was removed.  [u:/Desktop/MP-4/Cpre488/Final Project/Xilinx/premade_sha256.srcs/sources_1/bd/design_1/ipshared/ebd9/hdl/sha256_hasher_v1_0_S00_AXI.vhd:340]
WARNING: [Synth 8-6014] Unused sequential element slv_reg37_reg was removed.  [u:/Desktop/MP-4/Cpre488/Final Project/Xilinx/premade_sha256.srcs/sources_1/bd/design_1/ipshared/ebd9/hdl/sha256_hasher_v1_0_S00_AXI.vhd:341]
WARNING: [Synth 8-6014] Unused sequential element slv_reg38_reg was removed.  [u:/Desktop/MP-4/Cpre488/Final Project/Xilinx/premade_sha256.srcs/sources_1/bd/design_1/ipshared/ebd9/hdl/sha256_hasher_v1_0_S00_AXI.vhd:342]
WARNING: [Synth 8-6014] Unused sequential element slv_reg39_reg was removed.  [u:/Desktop/MP-4/Cpre488/Final Project/Xilinx/premade_sha256.srcs/sources_1/bd/design_1/ipshared/ebd9/hdl/sha256_hasher_v1_0_S00_AXI.vhd:343]
WARNING: [Synth 8-6014] Unused sequential element slv_reg40_reg was removed.  [u:/Desktop/MP-4/Cpre488/Final Project/Xilinx/premade_sha256.srcs/sources_1/bd/design_1/ipshared/ebd9/hdl/sha256_hasher_v1_0_S00_AXI.vhd:344]
WARNING: [Synth 8-6014] Unused sequential element slv_reg41_reg was removed.  [u:/Desktop/MP-4/Cpre488/Final Project/Xilinx/premade_sha256.srcs/sources_1/bd/design_1/ipshared/ebd9/hdl/sha256_hasher_v1_0_S00_AXI.vhd:345]
WARNING: [Synth 8-6014] Unused sequential element slv_reg42_reg was removed.  [u:/Desktop/MP-4/Cpre488/Final Project/Xilinx/premade_sha256.srcs/sources_1/bd/design_1/ipshared/ebd9/hdl/sha256_hasher_v1_0_S00_AXI.vhd:346]
WARNING: [Synth 8-6014] Unused sequential element slv_reg43_reg was removed.  [u:/Desktop/MP-4/Cpre488/Final Project/Xilinx/premade_sha256.srcs/sources_1/bd/design_1/ipshared/ebd9/hdl/sha256_hasher_v1_0_S00_AXI.vhd:347]
WARNING: [Synth 8-6014] Unused sequential element slv_reg44_reg was removed.  [u:/Desktop/MP-4/Cpre488/Final Project/Xilinx/premade_sha256.srcs/sources_1/bd/design_1/ipshared/ebd9/hdl/sha256_hasher_v1_0_S00_AXI.vhd:348]
WARNING: [Synth 8-6014] Unused sequential element slv_reg45_reg was removed.  [u:/Desktop/MP-4/Cpre488/Final Project/Xilinx/premade_sha256.srcs/sources_1/bd/design_1/ipshared/ebd9/hdl/sha256_hasher_v1_0_S00_AXI.vhd:349]
WARNING: [Synth 8-6014] Unused sequential element slv_reg46_reg was removed.  [u:/Desktop/MP-4/Cpre488/Final Project/Xilinx/premade_sha256.srcs/sources_1/bd/design_1/ipshared/ebd9/hdl/sha256_hasher_v1_0_S00_AXI.vhd:350]
WARNING: [Synth 8-6014] Unused sequential element slv_reg47_reg was removed.  [u:/Desktop/MP-4/Cpre488/Final Project/Xilinx/premade_sha256.srcs/sources_1/bd/design_1/ipshared/ebd9/hdl/sha256_hasher_v1_0_S00_AXI.vhd:351]
WARNING: [Synth 8-6014] Unused sequential element slv_reg48_reg was removed.  [u:/Desktop/MP-4/Cpre488/Final Project/Xilinx/premade_sha256.srcs/sources_1/bd/design_1/ipshared/ebd9/hdl/sha256_hasher_v1_0_S00_AXI.vhd:352]
WARNING: [Synth 8-6014] Unused sequential element slv_reg49_reg was removed.  [u:/Desktop/MP-4/Cpre488/Final Project/Xilinx/premade_sha256.srcs/sources_1/bd/design_1/ipshared/ebd9/hdl/sha256_hasher_v1_0_S00_AXI.vhd:353]
WARNING: [Synth 8-6014] Unused sequential element slv_reg50_reg was removed.  [u:/Desktop/MP-4/Cpre488/Final Project/Xilinx/premade_sha256.srcs/sources_1/bd/design_1/ipshared/ebd9/hdl/sha256_hasher_v1_0_S00_AXI.vhd:354]
WARNING: [Synth 8-6014] Unused sequential element slv_reg51_reg was removed.  [u:/Desktop/MP-4/Cpre488/Final Project/Xilinx/premade_sha256.srcs/sources_1/bd/design_1/ipshared/ebd9/hdl/sha256_hasher_v1_0_S00_AXI.vhd:355]
WARNING: [Synth 8-6014] Unused sequential element slv_reg52_reg was removed.  [u:/Desktop/MP-4/Cpre488/Final Project/Xilinx/premade_sha256.srcs/sources_1/bd/design_1/ipshared/ebd9/hdl/sha256_hasher_v1_0_S00_AXI.vhd:356]
WARNING: [Synth 8-6014] Unused sequential element slv_reg53_reg was removed.  [u:/Desktop/MP-4/Cpre488/Final Project/Xilinx/premade_sha256.srcs/sources_1/bd/design_1/ipshared/ebd9/hdl/sha256_hasher_v1_0_S00_AXI.vhd:357]
WARNING: [Synth 8-6014] Unused sequential element slv_reg54_reg was removed.  [u:/Desktop/MP-4/Cpre488/Final Project/Xilinx/premade_sha256.srcs/sources_1/bd/design_1/ipshared/ebd9/hdl/sha256_hasher_v1_0_S00_AXI.vhd:358]
WARNING: [Synth 8-6014] Unused sequential element slv_reg55_reg was removed.  [u:/Desktop/MP-4/Cpre488/Final Project/Xilinx/premade_sha256.srcs/sources_1/bd/design_1/ipshared/ebd9/hdl/sha256_hasher_v1_0_S00_AXI.vhd:359]
WARNING: [Synth 8-6014] Unused sequential element slv_reg56_reg was removed.  [u:/Desktop/MP-4/Cpre488/Final Project/Xilinx/premade_sha256.srcs/sources_1/bd/design_1/ipshared/ebd9/hdl/sha256_hasher_v1_0_S00_AXI.vhd:360]
WARNING: [Synth 8-6014] Unused sequential element slv_reg57_reg was removed.  [u:/Desktop/MP-4/Cpre488/Final Project/Xilinx/premade_sha256.srcs/sources_1/bd/design_1/ipshared/ebd9/hdl/sha256_hasher_v1_0_S00_AXI.vhd:361]
WARNING: [Synth 8-6014] Unused sequential element slv_reg58_reg was removed.  [u:/Desktop/MP-4/Cpre488/Final Project/Xilinx/premade_sha256.srcs/sources_1/bd/design_1/ipshared/ebd9/hdl/sha256_hasher_v1_0_S00_AXI.vhd:362]
WARNING: [Synth 8-6014] Unused sequential element slv_reg59_reg was removed.  [u:/Desktop/MP-4/Cpre488/Final Project/Xilinx/premade_sha256.srcs/sources_1/bd/design_1/ipshared/ebd9/hdl/sha256_hasher_v1_0_S00_AXI.vhd:363]
WARNING: [Synth 8-6014] Unused sequential element slv_reg60_reg was removed.  [u:/Desktop/MP-4/Cpre488/Final Project/Xilinx/premade_sha256.srcs/sources_1/bd/design_1/ipshared/ebd9/hdl/sha256_hasher_v1_0_S00_AXI.vhd:364]
WARNING: [Synth 8-6014] Unused sequential element slv_reg61_reg was removed.  [u:/Desktop/MP-4/Cpre488/Final Project/Xilinx/premade_sha256.srcs/sources_1/bd/design_1/ipshared/ebd9/hdl/sha256_hasher_v1_0_S00_AXI.vhd:365]
WARNING: [Synth 8-6014] Unused sequential element slv_reg62_reg was removed.  [u:/Desktop/MP-4/Cpre488/Final Project/Xilinx/premade_sha256.srcs/sources_1/bd/design_1/ipshared/ebd9/hdl/sha256_hasher_v1_0_S00_AXI.vhd:366]
WARNING: [Synth 8-6014] Unused sequential element slv_reg63_reg was removed.  [u:/Desktop/MP-4/Cpre488/Final Project/Xilinx/premade_sha256.srcs/sources_1/bd/design_1/ipshared/ebd9/hdl/sha256_hasher_v1_0_S00_AXI.vhd:367]
WARNING: [Synth 8-6014] Unused sequential element loc_addr_reg was removed.  [u:/Desktop/MP-4/Cpre488/Final Project/Xilinx/premade_sha256.srcs/sources_1/bd/design_1/ipshared/ebd9/hdl/sha256_hasher_v1_0_S00_AXI.vhd:369]
WARNING: [Synth 8-6014] Unused sequential element loc_addr_reg was removed.  [u:/Desktop/MP-4/Cpre488/Final Project/Xilinx/premade_sha256.srcs/sources_1/bd/design_1/ipshared/ebd9/hdl/sha256_hasher_v1_0_S00_AXI.vhd:1040]
WARNING: [Synth 8-3848] Net slv_reg0 in module/entity sha256_hasher_v1_0_S00_AXI does not have driver. [u:/Desktop/MP-4/Cpre488/Final Project/Xilinx/premade_sha256.srcs/sources_1/bd/design_1/ipshared/ebd9/hdl/sha256_hasher_v1_0_S00_AXI.vhd:117]
WARNING: [Synth 8-3848] Net update in module/entity sha256_hasher_v1_0_S00_AXI does not have driver. [u:/Desktop/MP-4/Cpre488/Final Project/Xilinx/premade_sha256.srcs/sources_1/bd/design_1/ipshared/ebd9/hdl/sha256_hasher_v1_0_S00_AXI.vhd:187]
WARNING: [Synth 8-3848] Net enable in module/entity sha256_hasher_v1_0_S00_AXI does not have driver. [u:/Desktop/MP-4/Cpre488/Final Project/Xilinx/premade_sha256.srcs/sources_1/bd/design_1/ipshared/ebd9/hdl/sha256_hasher_v1_0_S00_AXI.vhd:187]
WARNING: [Synth 8-3848] Net word_input in module/entity sha256_hasher_v1_0_S00_AXI does not have driver. [u:/Desktop/MP-4/Cpre488/Final Project/Xilinx/premade_sha256.srcs/sources_1/bd/design_1/ipshared/ebd9/hdl/sha256_hasher_v1_0_S00_AXI.vhd:188]
INFO: [Synth 8-256] done synthesizing module 'sha256_hasher_v1_0_S00_AXI' (2#1) [u:/Desktop/MP-4/Cpre488/Final Project/Xilinx/premade_sha256.srcs/sources_1/bd/design_1/ipshared/ebd9/hdl/sha256_hasher_v1_0_S00_AXI.vhd:92]
INFO: [Synth 8-256] done synthesizing module 'sha256_hasher_v1_0' (3#1) [u:/Desktop/MP-4/Cpre488/Final Project/Xilinx/premade_sha256.srcs/sources_1/bd/design_1/ipshared/ebd9/hdl/sha256_hasher_v1_0.vhd:49]
INFO: [Synth 8-256] done synthesizing module 'design_1_sha256_hasher_0_1' (4#1) [u:/Desktop/MP-4/Cpre488/Final Project/Xilinx/premade_sha256.srcs/sources_1/bd/design_1/ip/design_1_sha256_hasher_0_1/synth/design_1_sha256_hasher_0_1.vhd:82]
WARNING: [Synth 8-3331] design sha256_hasher_v1_0_S00_AXI has unconnected port S_AXI_AWADDR[7]
WARNING: [Synth 8-3331] design sha256_hasher_v1_0_S00_AXI has unconnected port S_AXI_AWADDR[6]
WARNING: [Synth 8-3331] design sha256_hasher_v1_0_S00_AXI has unconnected port S_AXI_AWADDR[5]
WARNING: [Synth 8-3331] design sha256_hasher_v1_0_S00_AXI has unconnected port S_AXI_AWADDR[4]
WARNING: [Synth 8-3331] design sha256_hasher_v1_0_S00_AXI has unconnected port S_AXI_AWADDR[3]
WARNING: [Synth 8-3331] design sha256_hasher_v1_0_S00_AXI has unconnected port S_AXI_AWADDR[2]
WARNING: [Synth 8-3331] design sha256_hasher_v1_0_S00_AXI has unconnected port S_AXI_AWADDR[1]
WARNING: [Synth 8-3331] design sha256_hasher_v1_0_S00_AXI has unconnected port S_AXI_AWADDR[0]
WARNING: [Synth 8-3331] design sha256_hasher_v1_0_S00_AXI has unconnected port S_AXI_AWPROT[2]
WARNING: [Synth 8-3331] design sha256_hasher_v1_0_S00_AXI has unconnected port S_AXI_AWPROT[1]
WARNING: [Synth 8-3331] design sha256_hasher_v1_0_S00_AXI has unconnected port S_AXI_AWPROT[0]
WARNING: [Synth 8-3331] design sha256_hasher_v1_0_S00_AXI has unconnected port S_AXI_WDATA[31]
WARNING: [Synth 8-3331] design sha256_hasher_v1_0_S00_AXI has unconnected port S_AXI_WDATA[30]
WARNING: [Synth 8-3331] design sha256_hasher_v1_0_S00_AXI has unconnected port S_AXI_WDATA[29]
WARNING: [Synth 8-3331] design sha256_hasher_v1_0_S00_AXI has unconnected port S_AXI_WDATA[28]
WARNING: [Synth 8-3331] design sha256_hasher_v1_0_S00_AXI has unconnected port S_AXI_WDATA[27]
WARNING: [Synth 8-3331] design sha256_hasher_v1_0_S00_AXI has unconnected port S_AXI_WDATA[26]
WARNING: [Synth 8-3331] design sha256_hasher_v1_0_S00_AXI has unconnected port S_AXI_WDATA[25]
WARNING: [Synth 8-3331] design sha256_hasher_v1_0_S00_AXI has unconnected port S_AXI_WDATA[24]
WARNING: [Synth 8-3331] design sha256_hasher_v1_0_S00_AXI has unconnected port S_AXI_WDATA[23]
WARNING: [Synth 8-3331] design sha256_hasher_v1_0_S00_AXI has unconnected port S_AXI_WDATA[22]
WARNING: [Synth 8-3331] design sha256_hasher_v1_0_S00_AXI has unconnected port S_AXI_WDATA[21]
WARNING: [Synth 8-3331] design sha256_hasher_v1_0_S00_AXI has unconnected port S_AXI_WDATA[20]
WARNING: [Synth 8-3331] design sha256_hasher_v1_0_S00_AXI has unconnected port S_AXI_WDATA[19]
WARNING: [Synth 8-3331] design sha256_hasher_v1_0_S00_AXI has unconnected port S_AXI_WDATA[18]
WARNING: [Synth 8-3331] design sha256_hasher_v1_0_S00_AXI has unconnected port S_AXI_WDATA[17]
WARNING: [Synth 8-3331] design sha256_hasher_v1_0_S00_AXI has unconnected port S_AXI_WDATA[16]
WARNING: [Synth 8-3331] design sha256_hasher_v1_0_S00_AXI has unconnected port S_AXI_WDATA[15]
WARNING: [Synth 8-3331] design sha256_hasher_v1_0_S00_AXI has unconnected port S_AXI_WDATA[14]
WARNING: [Synth 8-3331] design sha256_hasher_v1_0_S00_AXI has unconnected port S_AXI_WDATA[13]
WARNING: [Synth 8-3331] design sha256_hasher_v1_0_S00_AXI has unconnected port S_AXI_WDATA[12]
WARNING: [Synth 8-3331] design sha256_hasher_v1_0_S00_AXI has unconnected port S_AXI_WDATA[11]
WARNING: [Synth 8-3331] design sha256_hasher_v1_0_S00_AXI has unconnected port S_AXI_WDATA[10]
WARNING: [Synth 8-3331] design sha256_hasher_v1_0_S00_AXI has unconnected port S_AXI_WDATA[9]
WARNING: [Synth 8-3331] design sha256_hasher_v1_0_S00_AXI has unconnected port S_AXI_WDATA[8]
WARNING: [Synth 8-3331] design sha256_hasher_v1_0_S00_AXI has unconnected port S_AXI_WDATA[7]
WARNING: [Synth 8-3331] design sha256_hasher_v1_0_S00_AXI has unconnected port S_AXI_WDATA[6]
WARNING: [Synth 8-3331] design sha256_hasher_v1_0_S00_AXI has unconnected port S_AXI_WDATA[5]
WARNING: [Synth 8-3331] design sha256_hasher_v1_0_S00_AXI has unconnected port S_AXI_WDATA[4]
WARNING: [Synth 8-3331] design sha256_hasher_v1_0_S00_AXI has unconnected port S_AXI_WDATA[3]
WARNING: [Synth 8-3331] design sha256_hasher_v1_0_S00_AXI has unconnected port S_AXI_WDATA[2]
WARNING: [Synth 8-3331] design sha256_hasher_v1_0_S00_AXI has unconnected port S_AXI_WDATA[1]
WARNING: [Synth 8-3331] design sha256_hasher_v1_0_S00_AXI has unconnected port S_AXI_WDATA[0]
WARNING: [Synth 8-3331] design sha256_hasher_v1_0_S00_AXI has unconnected port S_AXI_WSTRB[3]
WARNING: [Synth 8-3331] design sha256_hasher_v1_0_S00_AXI has unconnected port S_AXI_WSTRB[2]
WARNING: [Synth 8-3331] design sha256_hasher_v1_0_S00_AXI has unconnected port S_AXI_WSTRB[1]
WARNING: [Synth 8-3331] design sha256_hasher_v1_0_S00_AXI has unconnected port S_AXI_WSTRB[0]
WARNING: [Synth 8-3331] design sha256_hasher_v1_0_S00_AXI has unconnected port S_AXI_ARPROT[2]
WARNING: [Synth 8-3331] design sha256_hasher_v1_0_S00_AXI has unconnected port S_AXI_ARPROT[1]
WARNING: [Synth 8-3331] design sha256_hasher_v1_0_S00_AXI has unconnected port S_AXI_ARPROT[0]
---------------------------------------------------------------------------------
Finished RTL Elaboration : Time (s): cpu = 00:00:06 ; elapsed = 00:00:08 . Memory (MB): peak = 368.281 ; gain = 120.184
---------------------------------------------------------------------------------

Report Check Netlist: 
+------+------------------+-------+---------+-------+------------------+
|      |Item              |Errors |Warnings |Status |Description       |
+------+------------------+-------+---------+-------+------------------+
|1     |multi_driven_nets |      0|        0|Passed |Multi driven nets |
+------+------------------+-------+---------+-------+------------------+
WARNING: [Synth 8-3295] tying undriven pin hasher0:enable to constant 0 [u:/Desktop/MP-4/Cpre488/Final Project/Xilinx/premade_sha256.srcs/sources_1/bd/design_1/ipshared/ebd9/hdl/sha256_hasher_v1_0_S00_AXI.vhd:197]
WARNING: [Synth 8-3295] tying undriven pin hasher0:update to constant 0 [u:/Desktop/MP-4/Cpre488/Final Project/Xilinx/premade_sha256.srcs/sources_1/bd/design_1/ipshared/ebd9/hdl/sha256_hasher_v1_0_S00_AXI.vhd:197]
WARNING: [Synth 8-3295] tying undriven pin hasher0:word_input[31] to constant 0 [u:/Desktop/MP-4/Cpre488/Final Project/Xilinx/premade_sha256.srcs/sources_1/bd/design_1/ipshared/ebd9/hdl/sha256_hasher_v1_0_S00_AXI.vhd:197]
WARNING: [Synth 8-3295] tying undriven pin hasher0:word_input[30] to constant 0 [u:/Desktop/MP-4/Cpre488/Final Project/Xilinx/premade_sha256.srcs/sources_1/bd/design_1/ipshared/ebd9/hdl/sha256_hasher_v1_0_S00_AXI.vhd:197]
WARNING: [Synth 8-3295] tying undriven pin hasher0:word_input[29] to constant 0 [u:/Desktop/MP-4/Cpre488/Final Project/Xilinx/premade_sha256.srcs/sources_1/bd/design_1/ipshared/ebd9/hdl/sha256_hasher_v1_0_S00_AXI.vhd:197]
WARNING: [Synth 8-3295] tying undriven pin hasher0:word_input[28] to constant 0 [u:/Desktop/MP-4/Cpre488/Final Project/Xilinx/premade_sha256.srcs/sources_1/bd/design_1/ipshared/ebd9/hdl/sha256_hasher_v1_0_S00_AXI.vhd:197]
WARNING: [Synth 8-3295] tying undriven pin hasher0:word_input[27] to constant 0 [u:/Desktop/MP-4/Cpre488/Final Project/Xilinx/premade_sha256.srcs/sources_1/bd/design_1/ipshared/ebd9/hdl/sha256_hasher_v1_0_S00_AXI.vhd:197]
WARNING: [Synth 8-3295] tying undriven pin hasher0:word_input[26] to constant 0 [u:/Desktop/MP-4/Cpre488/Final Project/Xilinx/premade_sha256.srcs/sources_1/bd/design_1/ipshared/ebd9/hdl/sha256_hasher_v1_0_S00_AXI.vhd:197]
WARNING: [Synth 8-3295] tying undriven pin hasher0:word_input[25] to constant 0 [u:/Desktop/MP-4/Cpre488/Final Project/Xilinx/premade_sha256.srcs/sources_1/bd/design_1/ipshared/ebd9/hdl/sha256_hasher_v1_0_S00_AXI.vhd:197]
WARNING: [Synth 8-3295] tying undriven pin hasher0:word_input[24] to constant 0 [u:/Desktop/MP-4/Cpre488/Final Project/Xilinx/premade_sha256.srcs/sources_1/bd/design_1/ipshared/ebd9/hdl/sha256_hasher_v1_0_S00_AXI.vhd:197]
WARNING: [Synth 8-3295] tying undriven pin hasher0:word_input[23] to constant 0 [u:/Desktop/MP-4/Cpre488/Final Project/Xilinx/premade_sha256.srcs/sources_1/bd/design_1/ipshared/ebd9/hdl/sha256_hasher_v1_0_S00_AXI.vhd:197]
WARNING: [Synth 8-3295] tying undriven pin hasher0:word_input[22] to constant 0 [u:/Desktop/MP-4/Cpre488/Final Project/Xilinx/premade_sha256.srcs/sources_1/bd/design_1/ipshared/ebd9/hdl/sha256_hasher_v1_0_S00_AXI.vhd:197]
WARNING: [Synth 8-3295] tying undriven pin hasher0:word_input[21] to constant 0 [u:/Desktop/MP-4/Cpre488/Final Project/Xilinx/premade_sha256.srcs/sources_1/bd/design_1/ipshared/ebd9/hdl/sha256_hasher_v1_0_S00_AXI.vhd:197]
WARNING: [Synth 8-3295] tying undriven pin hasher0:word_input[20] to constant 0 [u:/Desktop/MP-4/Cpre488/Final Project/Xilinx/premade_sha256.srcs/sources_1/bd/design_1/ipshared/ebd9/hdl/sha256_hasher_v1_0_S00_AXI.vhd:197]
WARNING: [Synth 8-3295] tying undriven pin hasher0:word_input[19] to constant 0 [u:/Desktop/MP-4/Cpre488/Final Project/Xilinx/premade_sha256.srcs/sources_1/bd/design_1/ipshared/ebd9/hdl/sha256_hasher_v1_0_S00_AXI.vhd:197]
WARNING: [Synth 8-3295] tying undriven pin hasher0:word_input[18] to constant 0 [u:/Desktop/MP-4/Cpre488/Final Project/Xilinx/premade_sha256.srcs/sources_1/bd/design_1/ipshared/ebd9/hdl/sha256_hasher_v1_0_S00_AXI.vhd:197]
WARNING: [Synth 8-3295] tying undriven pin hasher0:word_input[17] to constant 0 [u:/Desktop/MP-4/Cpre488/Final Project/Xilinx/premade_sha256.srcs/sources_1/bd/design_1/ipshared/ebd9/hdl/sha256_hasher_v1_0_S00_AXI.vhd:197]
WARNING: [Synth 8-3295] tying undriven pin hasher0:word_input[16] to constant 0 [u:/Desktop/MP-4/Cpre488/Final Project/Xilinx/premade_sha256.srcs/sources_1/bd/design_1/ipshared/ebd9/hdl/sha256_hasher_v1_0_S00_AXI.vhd:197]
WARNING: [Synth 8-3295] tying undriven pin hasher0:word_input[15] to constant 0 [u:/Desktop/MP-4/Cpre488/Final Project/Xilinx/premade_sha256.srcs/sources_1/bd/design_1/ipshared/ebd9/hdl/sha256_hasher_v1_0_S00_AXI.vhd:197]
WARNING: [Synth 8-3295] tying undriven pin hasher0:word_input[14] to constant 0 [u:/Desktop/MP-4/Cpre488/Final Project/Xilinx/premade_sha256.srcs/sources_1/bd/design_1/ipshared/ebd9/hdl/sha256_hasher_v1_0_S00_AXI.vhd:197]
WARNING: [Synth 8-3295] tying undriven pin hasher0:word_input[13] to constant 0 [u:/Desktop/MP-4/Cpre488/Final Project/Xilinx/premade_sha256.srcs/sources_1/bd/design_1/ipshared/ebd9/hdl/sha256_hasher_v1_0_S00_AXI.vhd:197]
WARNING: [Synth 8-3295] tying undriven pin hasher0:word_input[12] to constant 0 [u:/Desktop/MP-4/Cpre488/Final Project/Xilinx/premade_sha256.srcs/sources_1/bd/design_1/ipshared/ebd9/hdl/sha256_hasher_v1_0_S00_AXI.vhd:197]
WARNING: [Synth 8-3295] tying undriven pin hasher0:word_input[11] to constant 0 [u:/Desktop/MP-4/Cpre488/Final Project/Xilinx/premade_sha256.srcs/sources_1/bd/design_1/ipshared/ebd9/hdl/sha256_hasher_v1_0_S00_AXI.vhd:197]
WARNING: [Synth 8-3295] tying undriven pin hasher0:word_input[10] to constant 0 [u:/Desktop/MP-4/Cpre488/Final Project/Xilinx/premade_sha256.srcs/sources_1/bd/design_1/ipshared/ebd9/hdl/sha256_hasher_v1_0_S00_AXI.vhd:197]
WARNING: [Synth 8-3295] tying undriven pin hasher0:word_input[9] to constant 0 [u:/Desktop/MP-4/Cpre488/Final Project/Xilinx/premade_sha256.srcs/sources_1/bd/design_1/ipshared/ebd9/hdl/sha256_hasher_v1_0_S00_AXI.vhd:197]
WARNING: [Synth 8-3295] tying undriven pin hasher0:word_input[8] to constant 0 [u:/Desktop/MP-4/Cpre488/Final Project/Xilinx/premade_sha256.srcs/sources_1/bd/design_1/ipshared/ebd9/hdl/sha256_hasher_v1_0_S00_AXI.vhd:197]
WARNING: [Synth 8-3295] tying undriven pin hasher0:word_input[7] to constant 0 [u:/Desktop/MP-4/Cpre488/Final Project/Xilinx/premade_sha256.srcs/sources_1/bd/design_1/ipshared/ebd9/hdl/sha256_hasher_v1_0_S00_AXI.vhd:197]
WARNING: [Synth 8-3295] tying undriven pin hasher0:word_input[6] to constant 0 [u:/Desktop/MP-4/Cpre488/Final Project/Xilinx/premade_sha256.srcs/sources_1/bd/design_1/ipshared/ebd9/hdl/sha256_hasher_v1_0_S00_AXI.vhd:197]
WARNING: [Synth 8-3295] tying undriven pin hasher0:word_input[5] to constant 0 [u:/Desktop/MP-4/Cpre488/Final Project/Xilinx/premade_sha256.srcs/sources_1/bd/design_1/ipshared/ebd9/hdl/sha256_hasher_v1_0_S00_AXI.vhd:197]
WARNING: [Synth 8-3295] tying undriven pin hasher0:word_input[4] to constant 0 [u:/Desktop/MP-4/Cpre488/Final Project/Xilinx/premade_sha256.srcs/sources_1/bd/design_1/ipshared/ebd9/hdl/sha256_hasher_v1_0_S00_AXI.vhd:197]
WARNING: [Synth 8-3295] tying undriven pin hasher0:word_input[3] to constant 0 [u:/Desktop/MP-4/Cpre488/Final Project/Xilinx/premade_sha256.srcs/sources_1/bd/design_1/ipshared/ebd9/hdl/sha256_hasher_v1_0_S00_AXI.vhd:197]
WARNING: [Synth 8-3295] tying undriven pin hasher0:word_input[2] to constant 0 [u:/Desktop/MP-4/Cpre488/Final Project/Xilinx/premade_sha256.srcs/sources_1/bd/design_1/ipshared/ebd9/hdl/sha256_hasher_v1_0_S00_AXI.vhd:197]
WARNING: [Synth 8-3295] tying undriven pin hasher0:word_input[1] to constant 0 [u:/Desktop/MP-4/Cpre488/Final Project/Xilinx/premade_sha256.srcs/sources_1/bd/design_1/ipshared/ebd9/hdl/sha256_hasher_v1_0_S00_AXI.vhd:197]
WARNING: [Synth 8-3295] tying undriven pin hasher0:word_input[0] to constant 0 [u:/Desktop/MP-4/Cpre488/Final Project/Xilinx/premade_sha256.srcs/sources_1/bd/design_1/ipshared/ebd9/hdl/sha256_hasher_v1_0_S00_AXI.vhd:197]
---------------------------------------------------------------------------------
Finished RTL Optimization Phase 1 : Time (s): cpu = 00:00:07 ; elapsed = 00:00:09 . Memory (MB): peak = 368.281 ; gain = 120.184
---------------------------------------------------------------------------------
INFO: [Device 21-403] Loading part xc7z020clg484-1
INFO: [Project 1-570] Preparing netlist for logic optimization

Processing XDC Constraints
Initializing timing engine
Completed Processing XDC Constraints

INFO: [Project 1-111] Unisim Transformation Summary:
No Unisim elements were transformed.

Constraint Validation Runtime : Time (s): cpu = 00:00:00 ; elapsed = 00:00:00.094 . Memory (MB): peak = 686.711 ; gain = 0.000
---------------------------------------------------------------------------------
Finished Constraint Validation : Time (s): cpu = 00:00:18 ; elapsed = 00:00:23 . Memory (MB): peak = 686.711 ; gain = 438.613
---------------------------------------------------------------------------------
---------------------------------------------------------------------------------
Start Loading Part and Timing Information
---------------------------------------------------------------------------------
Loading part: xc7z020clg484-1
---------------------------------------------------------------------------------
Finished Loading Part and Timing Information : Time (s): cpu = 00:00:18 ; elapsed = 00:00:23 . Memory (MB): peak = 686.711 ; gain = 438.613
---------------------------------------------------------------------------------
---------------------------------------------------------------------------------
Start Applying 'set_property' XDC Constraints
---------------------------------------------------------------------------------
---------------------------------------------------------------------------------
Finished applying 'set_property' XDC Constraints : Time (s): cpu = 00:00:18 ; elapsed = 00:00:23 . Memory (MB): peak = 686.711 ; gain = 438.613
---------------------------------------------------------------------------------
INFO: [Synth 8-5544] ROM "ready" won't be mapped to Block RAM because address size (2) smaller than threshold (5)
INFO: [Synth 8-5546] ROM "current_iteration" won't be mapped to RAM because it is too sparse
INFO: [Synth 8-5546] ROM "state" won't be mapped to RAM because it is too sparse
INFO: [Synth 8-5546] ROM "W_reg[0]" won't be mapped to RAM because it is too sparse
INFO: [Synth 8-5546] ROM "W_reg[1]" won't be mapped to RAM because it is too sparse
INFO: [Synth 8-5546] ROM "W_reg[2]" won't be mapped to RAM because it is too sparse
INFO: [Synth 8-5546] ROM "W_reg[3]" won't be mapped to RAM because it is too sparse
INFO: [Synth 8-5546] ROM "W_reg[4]" won't be mapped to RAM because it is too sparse
INFO: [Synth 8-5546] ROM "W_reg[5]" won't be mapped to RAM because it is too sparse
INFO: [Synth 8-5546] ROM "W_reg[6]" won't be mapped to RAM because it is too sparse
INFO: [Synth 8-5546] ROM "W_reg[7]" won't be mapped to RAM because it is too sparse
INFO: [Synth 8-5546] ROM "W_reg[8]" won't be mapped to RAM because it is too sparse
INFO: [Synth 8-5546] ROM "W_reg[9]" won't be mapped to RAM because it is too sparse
INFO: [Synth 8-5546] ROM "W_reg[10]" won't be mapped to RAM because it is too sparse
INFO: [Synth 8-5546] ROM "W_reg[11]" won't be mapped to RAM because it is too sparse
INFO: [Synth 8-5546] ROM "W_reg[12]" won't be mapped to RAM because it is too sparse
INFO: [Synth 8-5546] ROM "W_reg[13]" won't be mapped to RAM because it is too sparse
INFO: [Synth 8-5546] ROM "W_reg[14]" won't be mapped to RAM because it is too sparse
INFO: [Synth 8-5546] ROM "W_reg[15]" won't be mapped to RAM because it is too sparse
INFO: [Synth 8-5546] ROM "W_reg[16]" won't be mapped to RAM because it is too sparse
INFO: [Synth 8-5546] ROM "W_reg[17]" won't be mapped to RAM because it is too sparse
INFO: [Synth 8-5546] ROM "W_reg[18]" won't be mapped to RAM because it is too sparse
INFO: [Synth 8-5546] ROM "W_reg[19]" won't be mapped to RAM because it is too sparse
INFO: [Synth 8-5546] ROM "W_reg[20]" won't be mapped to RAM because it is too sparse
INFO: [Synth 8-5546] ROM "W_reg[21]" won't be mapped to RAM because it is too sparse
INFO: [Synth 8-5546] ROM "W_reg[22]" won't be mapped to RAM because it is too sparse
INFO: [Synth 8-5546] ROM "W_reg[23]" won't be mapped to RAM because it is too sparse
INFO: [Synth 8-5546] ROM "W_reg[24]" won't be mapped to RAM because it is too sparse
INFO: [Synth 8-5546] ROM "W_reg[25]" won't be mapped to RAM because it is too sparse
INFO: [Synth 8-5546] ROM "W_reg[26]" won't be mapped to RAM because it is too sparse
INFO: [Synth 8-5546] ROM "W_reg[27]" won't be mapped to RAM because it is too sparse
INFO: [Synth 8-5546] ROM "W_reg[28]" won't be mapped to RAM because it is too sparse
INFO: [Synth 8-5546] ROM "W_reg[29]" won't be mapped to RAM because it is too sparse
INFO: [Synth 8-5546] ROM "W_reg[30]" won't be mapped to RAM because it is too sparse
INFO: [Synth 8-5546] ROM "W_reg[31]" won't be mapped to RAM because it is too sparse
INFO: [Synth 8-5546] ROM "W_reg[32]" won't be mapped to RAM because it is too sparse
INFO: [Synth 8-5546] ROM "W_reg[33]" won't be mapped to RAM because it is too sparse
INFO: [Synth 8-5546] ROM "W_reg[34]" won't be mapped to RAM because it is too sparse
INFO: [Synth 8-5546] ROM "W_reg[35]" won't be mapped to RAM because it is too sparse
INFO: [Synth 8-5546] ROM "W_reg[36]" won't be mapped to RAM because it is too sparse
INFO: [Synth 8-5546] ROM "W_reg[37]" won't be mapped to RAM because it is too sparse
INFO: [Synth 8-5546] ROM "W_reg[38]" won't be mapped to RAM because it is too sparse
INFO: [Synth 8-5546] ROM "W_reg[39]" won't be mapped to RAM because it is too sparse
INFO: [Synth 8-5546] ROM "W_reg[40]" won't be mapped to RAM because it is too sparse
INFO: [Synth 8-5546] ROM "W_reg[41]" won't be mapped to RAM because it is too sparse
INFO: [Synth 8-5546] ROM "W_reg[42]" won't be mapped to RAM because it is too sparse
INFO: [Synth 8-5546] ROM "W_reg[43]" won't be mapped to RAM because it is too sparse
INFO: [Synth 8-5546] ROM "W_reg[44]" won't be mapped to RAM because it is too sparse
INFO: [Synth 8-5546] ROM "W_reg[45]" won't be mapped to RAM because it is too sparse
INFO: [Synth 8-5546] ROM "W_reg[46]" won't be mapped to RAM because it is too sparse
INFO: [Synth 8-5546] ROM "W_reg[47]" won't be mapped to RAM because it is too sparse
INFO: [Synth 8-5546] ROM "W_reg[48]" won't be mapped to RAM because it is too sparse
INFO: [Synth 8-5546] ROM "W_reg[49]" won't be mapped to RAM because it is too sparse
INFO: [Synth 8-5546] ROM "W_reg[50]" won't be mapped to RAM because it is too sparse
INFO: [Synth 8-5546] ROM "W_reg[51]" won't be mapped to RAM because it is too sparse
INFO: [Synth 8-5546] ROM "W_reg[52]" won't be mapped to RAM because it is too sparse
INFO: [Synth 8-5546] ROM "W_reg[53]" won't be mapped to RAM because it is too sparse
INFO: [Synth 8-5546] ROM "W_reg[54]" won't be mapped to RAM because it is too sparse
INFO: [Synth 8-5546] ROM "W_reg[55]" won't be mapped to RAM because it is too sparse
INFO: [Synth 8-5546] ROM "W_reg[56]" won't be mapped to RAM because it is too sparse
INFO: [Synth 8-5546] ROM "W_reg[57]" won't be mapped to RAM because it is too sparse
INFO: [Synth 8-5546] ROM "W_reg[58]" won't be mapped to RAM because it is too sparse
INFO: [Synth 8-5546] ROM "W_reg[59]" won't be mapped to RAM because it is too sparse
INFO: [Synth 8-5546] ROM "W_reg[60]" won't be mapped to RAM because it is too sparse
INFO: [Synth 8-5546] ROM "W_reg[61]" won't be mapped to RAM because it is too sparse
INFO: [Synth 8-5546] ROM "W_reg[62]" won't be mapped to RAM because it is too sparse
WARNING: [Synth 8-6014] Unused sequential element h0_reg was removed.  [u:/Desktop/MP-4/Cpre488/Final Project/Xilinx/premade_sha256.srcs/sources_1/bd/design_1/ipshared/ebd9/src/sha256.vhd:61]
WARNING: [Synth 8-6014] Unused sequential element h1_reg was removed.  [u:/Desktop/MP-4/Cpre488/Final Project/Xilinx/premade_sha256.srcs/sources_1/bd/design_1/ipshared/ebd9/src/sha256.vhd:61]
WARNING: [Synth 8-6014] Unused sequential element h2_reg was removed.  [u:/Desktop/MP-4/Cpre488/Final Project/Xilinx/premade_sha256.srcs/sources_1/bd/design_1/ipshared/ebd9/src/sha256.vhd:61]
WARNING: [Synth 8-6014] Unused sequential element h3_reg was removed.  [u:/Desktop/MP-4/Cpre488/Final Project/Xilinx/premade_sha256.srcs/sources_1/bd/design_1/ipshared/ebd9/src/sha256.vhd:61]
WARNING: [Synth 8-6014] Unused sequential element h4_reg was removed.  [u:/Desktop/MP-4/Cpre488/Final Project/Xilinx/premade_sha256.srcs/sources_1/bd/design_1/ipshared/ebd9/src/sha256.vhd:61]
WARNING: [Synth 8-6014] Unused sequential element h5_reg was removed.  [u:/Desktop/MP-4/Cpre488/Final Project/Xilinx/premade_sha256.srcs/sources_1/bd/design_1/ipshared/ebd9/src/sha256.vhd:61]
WARNING: [Synth 8-6014] Unused sequential element h6_reg was removed.  [u:/Desktop/MP-4/Cpre488/Final Project/Xilinx/premade_sha256.srcs/sources_1/bd/design_1/ipshared/ebd9/src/sha256.vhd:61]
WARNING: [Synth 8-6014] Unused sequential element h7_reg was removed.  [u:/Desktop/MP-4/Cpre488/Final Project/Xilinx/premade_sha256.srcs/sources_1/bd/design_1/ipshared/ebd9/src/sha256.vhd:61]
---------------------------------------------------------------------------------
Finished RTL Optimization Phase 2 : Time (s): cpu = 00:00:19 ; elapsed = 00:00:24 . Memory (MB): peak = 686.711 ; gain = 438.613
---------------------------------------------------------------------------------

Report RTL Partitions: 
+-+--------------+------------+----------+
| |RTL Partition |Replication |Instances |
+-+--------------+------------+----------+
+-+--------------+------------+----------+
---------------------------------------------------------------------------------
Start RTL Component Statistics 
---------------------------------------------------------------------------------
Detailed RTL Component Info : 
+---Adders : 
	   4 Input     32 Bit       Adders := 1     
	   5 Input     32 Bit       Adders := 1     
	   3 Input     32 Bit       Adders := 1     
	   2 Input     32 Bit       Adders := 1     
	   2 Input      6 Bit       Adders := 1     
+---XORs : 
	   3 Input     32 Bit         XORs := 5     
	   2 Input     32 Bit         XORs := 1     
+---Registers : 
	               32 Bit    Registers := 73    
	                8 Bit    Registers := 1     
	                6 Bit    Registers := 1     
	                2 Bit    Registers := 3     
	                1 Bit    Registers := 6     
+---Muxes : 
	   2 Input     32 Bit        Muxes := 2     
	   4 Input     32 Bit        Muxes := 8     
	   4 Input      6 Bit        Muxes := 1     
	   2 Input      4 Bit        Muxes := 1     
	   4 Input      2 Bit        Muxes := 1     
	   5 Input      1 Bit        Muxes := 64    
	   2 Input      1 Bit        Muxes := 8     
	   4 Input      1 Bit        Muxes := 3     
---------------------------------------------------------------------------------
Finished RTL Component Statistics 
---------------------------------------------------------------------------------
---------------------------------------------------------------------------------
Start RTL Hierarchical Component Statistics 
---------------------------------------------------------------------------------
Hierarchical RTL Component report 
Module sha256 
Detailed RTL Component Info : 
+---Adders : 
	   4 Input     32 Bit       Adders := 1     
	   5 Input     32 Bit       Adders := 1     
	   3 Input     32 Bit       Adders := 1     
	   2 Input     32 Bit       Adders := 1     
	   2 Input      6 Bit       Adders := 1     
+---XORs : 
	   3 Input     32 Bit         XORs := 5     
	   2 Input     32 Bit         XORs := 1     
+---Registers : 
	               32 Bit    Registers := 72    
	                6 Bit    Registers := 1     
	                2 Bit    Registers := 1     
+---Muxes : 
	   2 Input     32 Bit        Muxes := 1     
	   4 Input     32 Bit        Muxes := 8     
	   4 Input      6 Bit        Muxes := 1     
	   2 Input      4 Bit        Muxes := 1     
	   4 Input      2 Bit        Muxes := 1     
	   5 Input      1 Bit        Muxes := 64    
	   2 Input      1 Bit        Muxes := 2     
	   4 Input      1 Bit        Muxes := 3     
Module sha256_hasher_v1_0_S00_AXI 
Detailed RTL Component Info : 
+---Registers : 
	               32 Bit    Registers := 1     
	                8 Bit    Registers := 1     
	                2 Bit    Registers := 2     
	                1 Bit    Registers := 6     
+---Muxes : 
	   2 Input     32 Bit        Muxes := 1     
	   2 Input      1 Bit        Muxes := 6     
---------------------------------------------------------------------------------
Finished RTL Hierarchical Component Statistics
---------------------------------------------------------------------------------
---------------------------------------------------------------------------------
Start Part Resource Summary
---------------------------------------------------------------------------------
Part Resources:
DSPs: 220 (col length:60)
BRAMs: 280 (col length: RAMB18 60 RAMB36 30)
---------------------------------------------------------------------------------
Finished Part Resource Summary
---------------------------------------------------------------------------------
---------------------------------------------------------------------------------
Start Cross Boundary and Area Optimization
---------------------------------------------------------------------------------
WARNING: [Synth 8-6014] Unused sequential element h0_reg was removed.  [u:/Desktop/MP-4/Cpre488/Final Project/Xilinx/premade_sha256.srcs/sources_1/bd/design_1/ipshared/ebd9/src/sha256.vhd:61]
WARNING: [Synth 8-6014] Unused sequential element h1_reg was removed.  [u:/Desktop/MP-4/Cpre488/Final Project/Xilinx/premade_sha256.srcs/sources_1/bd/design_1/ipshared/ebd9/src/sha256.vhd:61]
WARNING: [Synth 8-6014] Unused sequential element h2_reg was removed.  [u:/Desktop/MP-4/Cpre488/Final Project/Xilinx/premade_sha256.srcs/sources_1/bd/design_1/ipshared/ebd9/src/sha256.vhd:61]
WARNING: [Synth 8-6014] Unused sequential element h3_reg was removed.  [u:/Desktop/MP-4/Cpre488/Final Project/Xilinx/premade_sha256.srcs/sources_1/bd/design_1/ipshared/ebd9/src/sha256.vhd:61]
WARNING: [Synth 8-6014] Unused sequential element h4_reg was removed.  [u:/Desktop/MP-4/Cpre488/Final Project/Xilinx/premade_sha256.srcs/sources_1/bd/design_1/ipshared/ebd9/src/sha256.vhd:61]
WARNING: [Synth 8-6014] Unused sequential element h5_reg was removed.  [u:/Desktop/MP-4/Cpre488/Final Project/Xilinx/premade_sha256.srcs/sources_1/bd/design_1/ipshared/ebd9/src/sha256.vhd:61]
WARNING: [Synth 8-6014] Unused sequential element h6_reg was removed.  [u:/Desktop/MP-4/Cpre488/Final Project/Xilinx/premade_sha256.srcs/sources_1/bd/design_1/ipshared/ebd9/src/sha256.vhd:61]
WARNING: [Synth 8-6014] Unused sequential element h7_reg was removed.  [u:/Desktop/MP-4/Cpre488/Final Project/Xilinx/premade_sha256.srcs/sources_1/bd/design_1/ipshared/ebd9/src/sha256.vhd:61]
WARNING: [Synth 8-3331] design design_1_sha256_hasher_0_1 has unconnected port s00_axi_awaddr[7]
WARNING: [Synth 8-3331] design design_1_sha256_hasher_0_1 has unconnected port s00_axi_awaddr[6]
WARNING: [Synth 8-3331] design design_1_sha256_hasher_0_1 has unconnected port s00_axi_awaddr[5]
WARNING: [Synth 8-3331] design design_1_sha256_hasher_0_1 has unconnected port s00_axi_awaddr[4]
WARNING: [Synth 8-3331] design design_1_sha256_hasher_0_1 has unconnected port s00_axi_awaddr[3]
WARNING: [Synth 8-3331] design design_1_sha256_hasher_0_1 has unconnected port s00_axi_awaddr[2]
WARNING: [Synth 8-3331] design design_1_sha256_hasher_0_1 has unconnected port s00_axi_awaddr[1]
WARNING: [Synth 8-3331] design design_1_sha256_hasher_0_1 has unconnected port s00_axi_awaddr[0]
WARNING: [Synth 8-3331] design design_1_sha256_hasher_0_1 has unconnected port s00_axi_awprot[2]
WARNING: [Synth 8-3331] design design_1_sha256_hasher_0_1 has unconnected port s00_axi_awprot[1]
WARNING: [Synth 8-3331] design design_1_sha256_hasher_0_1 has unconnected port s00_axi_awprot[0]
WARNING: [Synth 8-3331] design design_1_sha256_hasher_0_1 has unconnected port s00_axi_wdata[31]
WARNING: [Synth 8-3331] design design_1_sha256_hasher_0_1 has unconnected port s00_axi_wdata[30]
WARNING: [Synth 8-3331] design design_1_sha256_hasher_0_1 has unconnected port s00_axi_wdata[29]
WARNING: [Synth 8-3331] design design_1_sha256_hasher_0_1 has unconnected port s00_axi_wdata[28]
WARNING: [Synth 8-3331] design design_1_sha256_hasher_0_1 has unconnected port s00_axi_wdata[27]
WARNING: [Synth 8-3331] design design_1_sha256_hasher_0_1 has unconnected port s00_axi_wdata[26]
WARNING: [Synth 8-3331] design design_1_sha256_hasher_0_1 has unconnected port s00_axi_wdata[25]
WARNING: [Synth 8-3331] design design_1_sha256_hasher_0_1 has unconnected port s00_axi_wdata[24]
WARNING: [Synth 8-3331] design design_1_sha256_hasher_0_1 has unconnected port s00_axi_wdata[23]
WARNING: [Synth 8-3331] design design_1_sha256_hasher_0_1 has unconnected port s00_axi_wdata[22]
WARNING: [Synth 8-3331] design design_1_sha256_hasher_0_1 has unconnected port s00_axi_wdata[21]
WARNING: [Synth 8-3331] design design_1_sha256_hasher_0_1 has unconnected port s00_axi_wdata[20]
WARNING: [Synth 8-3331] design design_1_sha256_hasher_0_1 has unconnected port s00_axi_wdata[19]
WARNING: [Synth 8-3331] design design_1_sha256_hasher_0_1 has unconnected port s00_axi_wdata[18]
WARNING: [Synth 8-3331] design design_1_sha256_hasher_0_1 has unconnected port s00_axi_wdata[17]
WARNING: [Synth 8-3331] design design_1_sha256_hasher_0_1 has unconnected port s00_axi_wdata[16]
WARNING: [Synth 8-3331] design design_1_sha256_hasher_0_1 has unconnected port s00_axi_wdata[15]
WARNING: [Synth 8-3331] design design_1_sha256_hasher_0_1 has unconnected port s00_axi_wdata[14]
WARNING: [Synth 8-3331] design design_1_sha256_hasher_0_1 has unconnected port s00_axi_wdata[13]
WARNING: [Synth 8-3331] design design_1_sha256_hasher_0_1 has unconnected port s00_axi_wdata[12]
WARNING: [Synth 8-3331] design design_1_sha256_hasher_0_1 has unconnected port s00_axi_wdata[11]
WARNING: [Synth 8-3331] design design_1_sha256_hasher_0_1 has unconnected port s00_axi_wdata[10]
WARNING: [Synth 8-3331] design design_1_sha256_hasher_0_1 has unconnected port s00_axi_wdata[9]
WARNING: [Synth 8-3331] design design_1_sha256_hasher_0_1 has unconnected port s00_axi_wdata[8]
WARNING: [Synth 8-3331] design design_1_sha256_hasher_0_1 has unconnected port s00_axi_wdata[7]
WARNING: [Synth 8-3331] design design_1_sha256_hasher_0_1 has unconnected port s00_axi_wdata[6]
WARNING: [Synth 8-3331] design design_1_sha256_hasher_0_1 has unconnected port s00_axi_wdata[5]
WARNING: [Synth 8-3331] design design_1_sha256_hasher_0_1 has unconnected port s00_axi_wdata[4]
WARNING: [Synth 8-3331] design design_1_sha256_hasher_0_1 has unconnected port s00_axi_wdata[3]
WARNING: [Synth 8-3331] design design_1_sha256_hasher_0_1 has unconnected port s00_axi_wdata[2]
WARNING: [Synth 8-3331] design design_1_sha256_hasher_0_1 has unconnected port s00_axi_wdata[1]
WARNING: [Synth 8-3331] design design_1_sha256_hasher_0_1 has unconnected port s00_axi_wdata[0]
WARNING: [Synth 8-3331] design design_1_sha256_hasher_0_1 has unconnected port s00_axi_wstrb[3]
WARNING: [Synth 8-3331] design design_1_sha256_hasher_0_1 has unconnected port s00_axi_wstrb[2]
WARNING: [Synth 8-3331] design design_1_sha256_hasher_0_1 has unconnected port s00_axi_wstrb[1]
WARNING: [Synth 8-3331] design design_1_sha256_hasher_0_1 has unconnected port s00_axi_wstrb[0]
WARNING: [Synth 8-3331] design design_1_sha256_hasher_0_1 has unconnected port s00_axi_arprot[2]
WARNING: [Synth 8-3331] design design_1_sha256_hasher_0_1 has unconnected port s00_axi_arprot[1]
WARNING: [Synth 8-3331] design design_1_sha256_hasher_0_1 has unconnected port s00_axi_arprot[0]
INFO: [Common 17-14] Message 'Synth 8-3331' appears 100 times and further instances of the messages will be disabled. Use the Tcl command set_msg_config to change the current settings.
INFO: [Synth 8-3333] propagating constant 1 across sequential element (\U0/sha256_hasher_v1_0_S00_AXI_inst/aw_en_reg )
INFO: [Synth 8-3886] merging instance 'U0/sha256_hasher_v1_0_S00_AXI_inst/axi_rresp_reg[0]' (FDRE) to 'U0/sha256_hasher_v1_0_S00_AXI_inst/axi_rresp_reg[1]'
INFO: [Synth 8-3333] propagating constant 0 across sequential element (\U0/sha256_hasher_v1_0_S00_AXI_inst/axi_rresp_reg[1] )
INFO: [Synth 8-3886] merging instance 'U0/sha256_hasher_v1_0_S00_AXI_inst/axi_rdata_reg[0]' (FDE) to 'U0/sha256_hasher_v1_0_S00_AXI_inst/axi_rdata_reg[31]'
INFO: [Synth 8-3886] merging instance 'U0/sha256_hasher_v1_0_S00_AXI_inst/axi_rdata_reg[1]' (FDE) to 'U0/sha256_hasher_v1_0_S00_AXI_inst/axi_rdata_reg[31]'
INFO: [Synth 8-3886] merging instance 'U0/sha256_hasher_v1_0_S00_AXI_inst/axi_rdata_reg[2]' (FDE) to 'U0/sha256_hasher_v1_0_S00_AXI_inst/axi_rdata_reg[31]'
INFO: [Synth 8-3886] merging instance 'U0/sha256_hasher_v1_0_S00_AXI_inst/axi_rdata_reg[3]' (FDE) to 'U0/sha256_hasher_v1_0_S00_AXI_inst/axi_rdata_reg[31]'
INFO: [Synth 8-3886] merging instance 'U0/sha256_hasher_v1_0_S00_AXI_inst/axi_rdata_reg[4]' (FDE) to 'U0/sha256_hasher_v1_0_S00_AXI_inst/axi_rdata_reg[31]'
INFO: [Synth 8-3886] merging instance 'U0/sha256_hasher_v1_0_S00_AXI_inst/axi_rdata_reg[5]' (FDE) to 'U0/sha256_hasher_v1_0_S00_AXI_inst/axi_rdata_reg[31]'
INFO: [Synth 8-3886] merging instance 'U0/sha256_hasher_v1_0_S00_AXI_inst/axi_rdata_reg[6]' (FDE) to 'U0/sha256_hasher_v1_0_S00_AXI_inst/axi_rdata_reg[31]'
INFO: [Synth 8-3886] merging instance 'U0/sha256_hasher_v1_0_S00_AXI_inst/axi_rdata_reg[7]' (FDE) to 'U0/sha256_hasher_v1_0_S00_AXI_inst/axi_rdata_reg[31]'
INFO: [Synth 8-3886] merging instance 'U0/sha256_hasher_v1_0_S00_AXI_inst/axi_rdata_reg[8]' (FDE) to 'U0/sha256_hasher_v1_0_S00_AXI_inst/axi_rdata_reg[31]'
INFO: [Synth 8-3886] merging instance 'U0/sha256_hasher_v1_0_S00_AXI_inst/axi_rdata_reg[9]' (FDE) to 'U0/sha256_hasher_v1_0_S00_AXI_inst/axi_rdata_reg[31]'
INFO: [Synth 8-3886] merging instance 'U0/sha256_hasher_v1_0_S00_AXI_inst/axi_rdata_reg[10]' (FDE) to 'U0/sha256_hasher_v1_0_S00_AXI_inst/axi_rdata_reg[31]'
INFO: [Synth 8-3886] merging instance 'U0/sha256_hasher_v1_0_S00_AXI_inst/axi_rdata_reg[11]' (FDE) to 'U0/sha256_hasher_v1_0_S00_AXI_inst/axi_rdata_reg[31]'
INFO: [Synth 8-3886] merging instance 'U0/sha256_hasher_v1_0_S00_AXI_inst/axi_rdata_reg[12]' (FDE) to 'U0/sha256_hasher_v1_0_S00_AXI_inst/axi_rdata_reg[31]'
INFO: [Synth 8-3886] merging instance 'U0/sha256_hasher_v1_0_S00_AXI_inst/axi_rdata_reg[13]' (FDE) to 'U0/sha256_hasher_v1_0_S00_AXI_inst/axi_rdata_reg[31]'
INFO: [Synth 8-3886] merging instance 'U0/sha256_hasher_v1_0_S00_AXI_inst/axi_rdata_reg[14]' (FDE) to 'U0/sha256_hasher_v1_0_S00_AXI_inst/axi_rdata_reg[31]'
INFO: [Synth 8-3886] merging instance 'U0/sha256_hasher_v1_0_S00_AXI_inst/axi_rdata_reg[15]' (FDE) to 'U0/sha256_hasher_v1_0_S00_AXI_inst/axi_rdata_reg[31]'
INFO: [Synth 8-3886] merging instance 'U0/sha256_hasher_v1_0_S00_AXI_inst/axi_rdata_reg[16]' (FDE) to 'U0/sha256_hasher_v1_0_S00_AXI_inst/axi_rdata_reg[31]'
INFO: [Synth 8-3886] merging instance 'U0/sha256_hasher_v1_0_S00_AXI_inst/axi_rdata_reg[17]' (FDE) to 'U0/sha256_hasher_v1_0_S00_AXI_inst/axi_rdata_reg[31]'
INFO: [Synth 8-3886] merging instance 'U0/sha256_hasher_v1_0_S00_AXI_inst/axi_rdata_reg[18]' (FDE) to 'U0/sha256_hasher_v1_0_S00_AXI_inst/axi_rdata_reg[31]'
INFO: [Synth 8-3886] merging instance 'U0/sha256_hasher_v1_0_S00_AXI_inst/axi_rdata_reg[19]' (FDE) to 'U0/sha256_hasher_v1_0_S00_AXI_inst/axi_rdata_reg[31]'
INFO: [Synth 8-3886] merging instance 'U0/sha256_hasher_v1_0_S00_AXI_inst/axi_rdata_reg[20]' (FDE) to 'U0/sha256_hasher_v1_0_S00_AXI_inst/axi_rdata_reg[31]'
INFO: [Synth 8-3886] merging instance 'U0/sha256_hasher_v1_0_S00_AXI_inst/axi_rdata_reg[21]' (FDE) to 'U0/sha256_hasher_v1_0_S00_AXI_inst/axi_rdata_reg[31]'
INFO: [Synth 8-3886] merging instance 'U0/sha256_hasher_v1_0_S00_AXI_inst/axi_rdata_reg[22]' (FDE) to 'U0/sha256_hasher_v1_0_S00_AXI_inst/axi_rdata_reg[31]'
INFO: [Synth 8-3886] merging instance 'U0/sha256_hasher_v1_0_S00_AXI_inst/axi_rdata_reg[23]' (FDE) to 'U0/sha256_hasher_v1_0_S00_AXI_inst/axi_rdata_reg[31]'
INFO: [Synth 8-3886] merging instance 'U0/sha256_hasher_v1_0_S00_AXI_inst/axi_rdata_reg[24]' (FDE) to 'U0/sha256_hasher_v1_0_S00_AXI_inst/axi_rdata_reg[31]'
INFO: [Synth 8-3886] merging instance 'U0/sha256_hasher_v1_0_S00_AXI_inst/axi_rdata_reg[25]' (FDE) to 'U0/sha256_hasher_v1_0_S00_AXI_inst/axi_rdata_reg[31]'
INFO: [Synth 8-3886] merging instance 'U0/sha256_hasher_v1_0_S00_AXI_inst/axi_rdata_reg[26]' (FDE) to 'U0/sha256_hasher_v1_0_S00_AXI_inst/axi_rdata_reg[31]'
INFO: [Synth 8-3886] merging instance 'U0/sha256_hasher_v1_0_S00_AXI_inst/axi_rdata_reg[27]' (FDE) to 'U0/sha256_hasher_v1_0_S00_AXI_inst/axi_rdata_reg[31]'
INFO: [Synth 8-3886] merging instance 'U0/sha256_hasher_v1_0_S00_AXI_inst/axi_rdata_reg[28]' (FDE) to 'U0/sha256_hasher_v1_0_S00_AXI_inst/axi_rdata_reg[31]'
INFO: [Synth 8-3886] merging instance 'U0/sha256_hasher_v1_0_S00_AXI_inst/axi_rdata_reg[29]' (FDE) to 'U0/sha256_hasher_v1_0_S00_AXI_inst/axi_rdata_reg[31]'
INFO: [Synth 8-3886] merging instance 'U0/sha256_hasher_v1_0_S00_AXI_inst/axi_rdata_reg[30]' (FDE) to 'U0/sha256_hasher_v1_0_S00_AXI_inst/axi_rdata_reg[31]'
INFO: [Synth 8-3333] propagating constant 0 across sequential element (\U0/sha256_hasher_v1_0_S00_AXI_inst/axi_rdata_reg[31] )
INFO: [Synth 8-3886] merging instance 'U0/sha256_hasher_v1_0_S00_AXI_inst/axi_bresp_reg[0]' (FDRE) to 'U0/sha256_hasher_v1_0_S00_AXI_inst/axi_bresp_reg[1]'
INFO: [Synth 8-3333] propagating constant 0 across sequential element (\U0/sha256_hasher_v1_0_S00_AXI_inst/axi_bresp_reg[1] )
WARNING: [Synth 8-3332] Sequential element (current_iteration_reg[5]) is unused and will be removed from module sha256.
WARNING: [Synth 8-3332] Sequential element (current_iteration_reg[4]) is unused and will be removed from module sha256.
WARNING: [Synth 8-3332] Sequential element (current_iteration_reg[3]) is unused and will be removed from module sha256.
WARNING: [Synth 8-3332] Sequential element (current_iteration_reg[2]) is unused and will be removed from module sha256.
WARNING: [Synth 8-3332] Sequential element (current_iteration_reg[1]) is unused and will be removed from module sha256.
WARNING: [Synth 8-3332] Sequential element (current_iteration_reg[0]) is unused and will be removed from module sha256.
WARNING: [Synth 8-3332] Sequential element (state_reg[1]) is unused and will be removed from module sha256.
WARNING: [Synth 8-3332] Sequential element (state_reg[0]) is unused and will be removed from module sha256.
WARNING: [Synth 8-3332] Sequential element (W_reg[1][31]) is unused and will be removed from module sha256.
WARNING: [Synth 8-3332] Sequential element (W_reg[1][30]) is unused and will be removed from module sha256.
WARNING: [Synth 8-3332] Sequential element (W_reg[1][29]) is unused and will be removed from module sha256.
WARNING: [Synth 8-3332] Sequential element (W_reg[1][28]) is unused and will be removed from module sha256.
WARNING: [Synth 8-3332] Sequential element (W_reg[1][27]) is unused and will be removed from module sha256.
WARNING: [Synth 8-3332] Sequential element (W_reg[1][26]) is unused and will be removed from module sha256.
WARNING: [Synth 8-3332] Sequential element (W_reg[1][25]) is unused and will be removed from module sha256.
WARNING: [Synth 8-3332] Sequential element (W_reg[1][24]) is unused and will be removed from module sha256.
WARNING: [Synth 8-3332] Sequential element (W_reg[1][23]) is unused and will be removed from module sha256.
WARNING: [Synth 8-3332] Sequential element (W_reg[1][22]) is unused and will be removed from module sha256.
WARNING: [Synth 8-3332] Sequential element (W_reg[1][21]) is unused and will be removed from module sha256.
WARNING: [Synth 8-3332] Sequential element (W_reg[1][20]) is unused and will be removed from module sha256.
WARNING: [Synth 8-3332] Sequential element (W_reg[1][19]) is unused and will be removed from module sha256.
WARNING: [Synth 8-3332] Sequential element (W_reg[1][18]) is unused and will be removed from module sha256.
WARNING: [Synth 8-3332] Sequential element (W_reg[1][17]) is unused and will be removed from module sha256.
WARNING: [Synth 8-3332] Sequential element (W_reg[1][16]) is unused and will be removed from module sha256.
WARNING: [Synth 8-3332] Sequential element (W_reg[1][15]) is unused and will be removed from module sha256.
WARNING: [Synth 8-3332] Sequential element (W_reg[1][14]) is unused and will be removed from module sha256.
WARNING: [Synth 8-3332] Sequential element (W_reg[1][13]) is unused and will be removed from module sha256.
WARNING: [Synth 8-3332] Sequential element (W_reg[1][12]) is unused and will be removed from module sha256.
WARNING: [Synth 8-3332] Sequential element (W_reg[1][11]) is unused and will be removed from module sha256.
WARNING: [Synth 8-3332] Sequential element (W_reg[1][10]) is unused and will be removed from module sha256.
WARNING: [Synth 8-3332] Sequential element (W_reg[1][9]) is unused and will be removed from module sha256.
WARNING: [Synth 8-3332] Sequential element (W_reg[1][8]) is unused and will be removed from module sha256.
WARNING: [Synth 8-3332] Sequential element (W_reg[1][7]) is unused and will be removed from module sha256.
WARNING: [Synth 8-3332] Sequential element (W_reg[1][6]) is unused and will be removed from module sha256.
WARNING: [Synth 8-3332] Sequential element (W_reg[1][5]) is unused and will be removed from module sha256.
WARNING: [Synth 8-3332] Sequential element (W_reg[1][4]) is unused and will be removed from module sha256.
WARNING: [Synth 8-3332] Sequential element (W_reg[1][3]) is unused and will be removed from module sha256.
WARNING: [Synth 8-3332] Sequential element (W_reg[1][2]) is unused and will be removed from module sha256.
WARNING: [Synth 8-3332] Sequential element (W_reg[1][1]) is unused and will be removed from module sha256.
WARNING: [Synth 8-3332] Sequential element (W_reg[1][0]) is unused and will be removed from module sha256.
WARNING: [Synth 8-3332] Sequential element (W_reg[2][31]) is unused and will be removed from module sha256.
WARNING: [Synth 8-3332] Sequential element (W_reg[2][30]) is unused and will be removed from module sha256.
WARNING: [Synth 8-3332] Sequential element (W_reg[2][29]) is unused and will be removed from module sha256.
WARNING: [Synth 8-3332] Sequential element (W_reg[2][28]) is unused and will be removed from module sha256.
WARNING: [Synth 8-3332] Sequential element (W_reg[2][27]) is unused and will be removed from module sha256.
WARNING: [Synth 8-3332] Sequential element (W_reg[2][26]) is unused and will be removed from module sha256.
WARNING: [Synth 8-3332] Sequential element (W_reg[2][25]) is unused and will be removed from module sha256.
WARNING: [Synth 8-3332] Sequential element (W_reg[2][24]) is unused and will be removed from module sha256.
WARNING: [Synth 8-3332] Sequential element (W_reg[2][23]) is unused and will be removed from module sha256.
WARNING: [Synth 8-3332] Sequential element (W_reg[2][22]) is unused and will be removed from module sha256.
WARNING: [Synth 8-3332] Sequential element (W_reg[2][21]) is unused and will be removed from module sha256.
WARNING: [Synth 8-3332] Sequential element (W_reg[2][20]) is unused and will be removed from module sha256.
WARNING: [Synth 8-3332] Sequential element (W_reg[2][19]) is unused and will be removed from module sha256.
WARNING: [Synth 8-3332] Sequential element (W_reg[2][18]) is unused and will be removed from module sha256.
WARNING: [Synth 8-3332] Sequential element (W_reg[2][17]) is unused and will be removed from module sha256.
WARNING: [Synth 8-3332] Sequential element (W_reg[2][16]) is unused and will be removed from module sha256.
WARNING: [Synth 8-3332] Sequential element (W_reg[2][15]) is unused and will be removed from module sha256.
WARNING: [Synth 8-3332] Sequential element (W_reg[2][14]) is unused and will be removed from module sha256.
WARNING: [Synth 8-3332] Sequential element (W_reg[2][13]) is unused and will be removed from module sha256.
WARNING: [Synth 8-3332] Sequential element (W_reg[2][12]) is unused and will be removed from module sha256.
WARNING: [Synth 8-3332] Sequential element (W_reg[2][11]) is unused and will be removed from module sha256.
WARNING: [Synth 8-3332] Sequential element (W_reg[2][10]) is unused and will be removed from module sha256.
WARNING: [Synth 8-3332] Sequential element (W_reg[2][9]) is unused and will be removed from module sha256.
WARNING: [Synth 8-3332] Sequential element (W_reg[2][8]) is unused and will be removed from module sha256.
WARNING: [Synth 8-3332] Sequential element (W_reg[2][7]) is unused and will be removed from module sha256.
WARNING: [Synth 8-3332] Sequential element (W_reg[2][6]) is unused and will be removed from module sha256.
WARNING: [Synth 8-3332] Sequential element (W_reg[2][5]) is unused and will be removed from module sha256.
WARNING: [Synth 8-3332] Sequential element (W_reg[2][4]) is unused and will be removed from module sha256.
WARNING: [Synth 8-3332] Sequential element (W_reg[2][3]) is unused and will be removed from module sha256.
WARNING: [Synth 8-3332] Sequential element (W_reg[2][2]) is unused and will be removed from module sha256.
WARNING: [Synth 8-3332] Sequential element (W_reg[2][1]) is unused and will be removed from module sha256.
WARNING: [Synth 8-3332] Sequential element (W_reg[2][0]) is unused and will be removed from module sha256.
WARNING: [Synth 8-3332] Sequential element (W_reg[3][31]) is unused and will be removed from module sha256.
WARNING: [Synth 8-3332] Sequential element (W_reg[3][30]) is unused and will be removed from module sha256.
WARNING: [Synth 8-3332] Sequential element (W_reg[3][29]) is unused and will be removed from module sha256.
WARNING: [Synth 8-3332] Sequential element (W_reg[3][28]) is unused and will be removed from module sha256.
WARNING: [Synth 8-3332] Sequential element (W_reg[3][27]) is unused and will be removed from module sha256.
WARNING: [Synth 8-3332] Sequential element (W_reg[3][26]) is unused and will be removed from module sha256.
WARNING: [Synth 8-3332] Sequential element (W_reg[3][25]) is unused and will be removed from module sha256.
WARNING: [Synth 8-3332] Sequential element (W_reg[3][24]) is unused and will be removed from module sha256.
WARNING: [Synth 8-3332] Sequential element (W_reg[3][23]) is unused and will be removed from module sha256.
WARNING: [Synth 8-3332] Sequential element (W_reg[3][22]) is unused and will be removed from module sha256.
WARNING: [Synth 8-3332] Sequential element (W_reg[3][21]) is unused and will be removed from module sha256.
WARNING: [Synth 8-3332] Sequential element (W_reg[3][20]) is unused and will be removed from module sha256.
WARNING: [Synth 8-3332] Sequential element (W_reg[3][19]) is unused and will be removed from module sha256.
WARNING: [Synth 8-3332] Sequential element (W_reg[3][18]) is unused and will be removed from module sha256.
WARNING: [Synth 8-3332] Sequential element (W_reg[3][17]) is unused and will be removed from module sha256.
WARNING: [Synth 8-3332] Sequential element (W_reg[3][16]) is unused and will be removed from module sha256.
WARNING: [Synth 8-3332] Sequential element (W_reg[3][15]) is unused and will be removed from module sha256.
WARNING: [Synth 8-3332] Sequential element (W_reg[3][14]) is unused and will be removed from module sha256.
WARNING: [Synth 8-3332] Sequential element (W_reg[3][13]) is unused and will be removed from module sha256.
WARNING: [Synth 8-3332] Sequential element (W_reg[3][12]) is unused and will be removed from module sha256.
WARNING: [Synth 8-3332] Sequential element (W_reg[3][11]) is unused and will be removed from module sha256.
WARNING: [Synth 8-3332] Sequential element (W_reg[3][10]) is unused and will be removed from module sha256.
WARNING: [Synth 8-3332] Sequential element (W_reg[3][9]) is unused and will be removed from module sha256.
WARNING: [Synth 8-3332] Sequential element (W_reg[3][8]) is unused and will be removed from module sha256.
WARNING: [Synth 8-3332] Sequential element (W_reg[3][7]) is unused and will be removed from module sha256.
WARNING: [Synth 8-3332] Sequential element (W_reg[3][6]) is unused and will be removed from module sha256.
WARNING: [Synth 8-3332] Sequential element (W_reg[3][5]) is unused and will be removed from module sha256.
WARNING: [Synth 8-3332] Sequential element (W_reg[3][4]) is unused and will be removed from module sha256.
INFO: [Common 17-14] Message 'Synth 8-3332' appears 100 times and further instances of the messages will be disabled. Use the Tcl command set_msg_config to change the current settings.
---------------------------------------------------------------------------------
Finished Cross Boundary and Area Optimization : Time (s): cpu = 00:00:21 ; elapsed = 00:00:26 . Memory (MB): peak = 686.711 ; gain = 438.613
---------------------------------------------------------------------------------
---------------------------------------------------------------------------------
Start ROM, RAM, DSP and Shift Register Reporting
---------------------------------------------------------------------------------

ROM:
+------------+--------------+---------------+----------------+
|Module Name | RTL Object   | Depth x Width | Implemented As | 
+------------+--------------+---------------+----------------+
|sha256      | constants[0] | 64x32         | LUT            | 
|sha256      | constants[0] | 64x32         | LUT            | 
+------------+--------------+---------------+----------------+

---------------------------------------------------------------------------------
Finished ROM, RAM, DSP and Shift Register Reporting
---------------------------------------------------------------------------------

Report RTL Partitions: 
+-+--------------+------------+----------+
| |RTL Partition |Replication |Instances |
+-+--------------+------------+----------+
+-+--------------+------------+----------+
---------------------------------------------------------------------------------
Start Applying XDC Timing Constraints
---------------------------------------------------------------------------------
---------------------------------------------------------------------------------
Finished Applying XDC Timing Constraints : Time (s): cpu = 00:00:37 ; elapsed = 00:00:43 . Memory (MB): peak = 686.711 ; gain = 438.613
---------------------------------------------------------------------------------
---------------------------------------------------------------------------------
Start Timing Optimization
---------------------------------------------------------------------------------
---------------------------------------------------------------------------------
Finished Timing Optimization : Time (s): cpu = 00:00:37 ; elapsed = 00:00:43 . Memory (MB): peak = 686.711 ; gain = 438.613
---------------------------------------------------------------------------------

Report RTL Partitions: 
+-+--------------+------------+----------+
| |RTL Partition |Replication |Instances |
+-+--------------+------------+----------+
+-+--------------+------------+----------+
---------------------------------------------------------------------------------
Start Technology Mapping
---------------------------------------------------------------------------------
---------------------------------------------------------------------------------
Finished Technology Mapping : Time (s): cpu = 00:00:37 ; elapsed = 00:00:43 . Memory (MB): peak = 686.711 ; gain = 438.613
---------------------------------------------------------------------------------

Report RTL Partitions: 
+-+--------------+------------+----------+
| |RTL Partition |Replication |Instances |
+-+--------------+------------+----------+
+-+--------------+------------+----------+
---------------------------------------------------------------------------------
Start IO Insertion
---------------------------------------------------------------------------------
---------------------------------------------------------------------------------
Start Flattening Before IO Insertion
---------------------------------------------------------------------------------
---------------------------------------------------------------------------------
Finished Flattening Before IO Insertion
---------------------------------------------------------------------------------
---------------------------------------------------------------------------------
Start Final Netlist Cleanup
---------------------------------------------------------------------------------
---------------------------------------------------------------------------------
Finished Final Netlist Cleanup
---------------------------------------------------------------------------------
---------------------------------------------------------------------------------
Finished IO Insertion : Time (s): cpu = 00:00:38 ; elapsed = 00:00:43 . Memory (MB): peak = 686.711 ; gain = 438.613
---------------------------------------------------------------------------------

Report Check Netlist: 
+------+------------------+-------+---------+-------+------------------+
|      |Item              |Errors |Warnings |Status |Description       |
+------+------------------+-------+---------+-------+------------------+
|1     |multi_driven_nets |      0|        0|Passed |Multi driven nets |
+------+------------------+-------+---------+-------+------------------+
---------------------------------------------------------------------------------
Start Renaming Generated Instances
---------------------------------------------------------------------------------
---------------------------------------------------------------------------------
Finished Renaming Generated Instances : Time (s): cpu = 00:00:38 ; elapsed = 00:00:43 . Memory (MB): peak = 686.711 ; gain = 438.613
---------------------------------------------------------------------------------

Report RTL Partitions: 
+-+--------------+------------+----------+
| |RTL Partition |Replication |Instances |
+-+--------------+------------+----------+
+-+--------------+------------+----------+
---------------------------------------------------------------------------------
Start Rebuilding User Hierarchy
---------------------------------------------------------------------------------
---------------------------------------------------------------------------------
Finished Rebuilding User Hierarchy : Time (s): cpu = 00:00:38 ; elapsed = 00:00:43 . Memory (MB): peak = 686.711 ; gain = 438.613
---------------------------------------------------------------------------------
---------------------------------------------------------------------------------
Start Renaming Generated Ports
---------------------------------------------------------------------------------
---------------------------------------------------------------------------------
Finished Renaming Generated Ports : Time (s): cpu = 00:00:38 ; elapsed = 00:00:43 . Memory (MB): peak = 686.711 ; gain = 438.613
---------------------------------------------------------------------------------
---------------------------------------------------------------------------------
Start Handling Custom Attributes
---------------------------------------------------------------------------------
---------------------------------------------------------------------------------
Finished Handling Custom Attributes : Time (s): cpu = 00:00:38 ; elapsed = 00:00:43 . Memory (MB): peak = 686.711 ; gain = 438.613
---------------------------------------------------------------------------------
---------------------------------------------------------------------------------
Start Renaming Generated Nets
---------------------------------------------------------------------------------
---------------------------------------------------------------------------------
Finished Renaming Generated Nets : Time (s): cpu = 00:00:38 ; elapsed = 00:00:43 . Memory (MB): peak = 686.711 ; gain = 438.613
---------------------------------------------------------------------------------
---------------------------------------------------------------------------------
Start Writing Synthesis Report
---------------------------------------------------------------------------------

Report BlackBoxes: 
+-+--------------+----------+
| |BlackBox name |Instances |
+-+--------------+----------+
+-+--------------+----------+

Report Cell Usage: 
+------+-----+------+
|      |Cell |Count |
+------+-----+------+
|1     |LUT1 |     1|
|2     |LUT2 |     1|
|3     |LUT3 |     2|
|4     |LUT4 |     1|
|5     |LUT6 |     1|
|6     |FDRE |     5|
+------+-----+------+

Report Instance Areas: 
+------+------------------------------------+---------------------------+------+
|      |Instance                            |Module                     |Cells |
+------+------------------------------------+---------------------------+------+
|1     |top                                 |                           |    11|
|2     |  U0                                |sha256_hasher_v1_0         |    11|
|3     |    sha256_hasher_v1_0_S00_AXI_inst |sha256_hasher_v1_0_S00_AXI |    11|
+------+------------------------------------+---------------------------+------+
---------------------------------------------------------------------------------
Finished Writing Synthesis Report : Time (s): cpu = 00:00:38 ; elapsed = 00:00:43 . Memory (MB): peak = 686.711 ; gain = 438.613
---------------------------------------------------------------------------------
Synthesis finished with 0 errors, 0 critical warnings and 2634 warnings.
Synthesis Optimization Runtime : Time (s): cpu = 00:00:24 ; elapsed = 00:00:35 . Memory (MB): peak = 686.711 ; gain = 120.184
Synthesis Optimization Complete : Time (s): cpu = 00:00:38 ; elapsed = 00:00:44 . Memory (MB): peak = 686.711 ; gain = 438.613
INFO: [Project 1-571] Translating synthesized netlist
INFO: [Project 1-570] Preparing netlist for logic optimization
INFO: [Opt 31-138] Pushed 0 inverter(s) to 0 load pin(s).
INFO: [Project 1-111] Unisim Transformation Summary:
No Unisim elements were transformed.

124 Infos, 320 Warnings, 0 Critical Warnings and 0 Errors encountered.
synth_design completed successfully
synth_design: Time (s): cpu = 00:00:39 ; elapsed = 00:00:45 . Memory (MB): peak = 686.711 ; gain = 438.613
INFO: [Common 17-1381] The checkpoint 'U:/Desktop/MP-4/Cpre488/Final Project/Xilinx/premade_sha256.runs/design_1_sha256_hasher_0_1_synth_1/design_1_sha256_hasher_0_1.dcp' has been generated.
